total 99024
drwx--x--x  4 scott users    4096 Jan 18 20:32 .
drwxrwx--x 17 scott users    4096 Jan 18 19:11 ..
-rw-rw-r--  1 scott users 3826791 Jan 18 20:30 004.000.jpg
-rw-rw-r--  1 scott users 3238035 Jan 18 20:30 004.001.jpg
-rw-rw-r--  1 scott users 2368922 Jan 18 20:30 004.002.jpg
-rw-rw-r--  1 scott users 3110960 Jan 18 20:30 004.003.jpg
-rw-rw-r--  1 scott users 3289224 Jan 18 20:30 004.004.jpg
-rw-rw-r--  1 scott users 3104146 Jan 18 20:30 004.005.jpg
-rw-rw-r--  1 scott users 3165314 Jan 18 20:30 004.006.jpg
-rw-rw-r--  1 scott users 4138213 Jan 18 20:30 004.007.jpg
-rw-rw-r--  1 scott users 2849116 Jan 18 20:30 004.008.jpg
-rw-rw-r--  1 scott users 5539385 Jan 18 20:30 006.000.jpg
-rw-rw-r--  1 scott users 3910204 Jan 18 20:31 006.001.jpg
-rw-rw-r--  1 scott users 4592836 Jan 18 20:31 006.002.jpg
-rw-rw-r--  1 scott users 4934640 Jan 18 20:31 006.003.jpg
-rw-rw-r--  1 scott users 4994319 Jan 18 20:31 006.004.jpg
-rw-rw-r--  1 scott users 5193855 Jan 18 20:31 006.005.jpg
-rw-rw-r--  1 scott users 7437838 Jan 18 20:31 009.000.jpg
-rw-rw-r--  1 scott users 6605778 Jan 18 20:31 009.001.jpg
-rw-rw-r--  1 scott users 7049008 Jan 18 20:31 009.002.jpg
-rw-rw-r--  1 scott users 8106094 Jan 18 20:31 009.003.jpg
-rw-rw-r--  1 scott users 1945907 Jan 18 20:31 012.000.jpg
-rw-rw-r--  1 scott users 2069815 Jan 18 20:31 012.001.jpg
-rw-rw-r--  1 scott users 2329622 Jan 18 20:31 012.002.jpg
-rw-rw-r--  1 scott users 1744578 Jan 18 20:32 018.000.jpg
-rw-rw-r--  1 scott users 2015265 Jan 18 20:32 018.001.jpg
-rw-rw-r--  1 scott users 3759296 Jan 18 20:32 036.000.jpg
-rw-rw-r--  1 scott users     725 Jan 18 20:32 aspects.out
-rw-rw-r--  1 scott users     929 Jan 18 20:32 error
-rw-rw-r--  1 scott users       0 Jan 18 20:32 files.out
-rw-rw-r--  1 scott users      34 Nov 24 00:14 meta.ini
drwxrwxr-x  2 scott users    4096 Jan 18 20:30 orig
drwxrwxr-x  2 scott users    4096 Jan 18 20:31 tmp
