total 178268
drwxr-xr-x  4 scott users    4096 Jan 17 15:26 .
drwxrwxr-x 27 scott users    4096 Jan 16 21:35 ..
-rw-rw-r--  1 scott users 1829638 Jan 17 14:01 004.000.jpg
-rw-rw-r--  1 scott users 1689954 Jan 17 14:01 004.001.jpg
-rw-rw-r--  1 scott users 1892496 Jan 17 14:01 004.002.jpg
-rw-rw-r--  1 scott users 2218790 Jan 17 14:01 004.003.jpg
-rw-rw-r--  1 scott users 2393414 Jan 17 14:01 004.004.jpg
-rw-rw-r--  1 scott users 1640132 Jan 17 14:01 004.005.jpg
-rw-rw-r--  1 scott users 1850754 Jan 17 14:01 004.006.jpg
-rw-rw-r--  1 scott users 2144140 Jan 17 14:01 004.007.jpg
-rw-rw-r--  1 scott users 2268317 Jan 17 14:01 004.008.jpg
-rw-rw-r--  1 scott users 1965047 Jan 17 14:01 004.009.jpg
-rw-rw-r--  1 scott users 1620883 Jan 17 14:01 004.010.jpg
-rw-rw-r--  1 scott users 2118528 Jan 17 14:02 004.011.jpg
-rw-rw-r--  1 scott users 1964660 Jan 17 14:02 004.012.jpg
-rw-rw-r--  1 scott users 1990759 Jan 17 14:02 004.013.jpg
-rw-rw-r--  1 scott users 2116894 Jan 17 14:02 004.014.jpg
-rw-rw-r--  1 scott users 1609252 Jan 17 14:02 004.015.jpg
-rw-rw-r--  1 scott users 1475636 Jan 17 14:02 004.016.jpg
-rw-rw-r--  1 scott users 1665738 Jan 17 14:02 004.017.jpg
-rw-rw-r--  1 scott users 2559018 Jan 17 14:02 006.000.jpg
-rw-rw-r--  1 scott users 2850418 Jan 17 14:02 006.001.jpg
-rw-rw-r--  1 scott users 3885712 Jan 17 14:02 006.002.jpg
-rw-rw-r--  1 scott users 2365339 Jan 17 14:02 006.003.jpg
-rw-rw-r--  1 scott users 3016683 Jan 17 14:02 006.004.jpg
-rw-rw-r--  1 scott users 3250003 Jan 17 14:02 006.005.jpg
-rw-rw-r--  1 scott users 2865734 Jan 17 14:02 006.006.jpg
-rw-rw-r--  1 scott users 2841638 Jan 17 14:02 006.007.jpg
-rw-rw-r--  1 scott users 2902226 Jan 17 14:02 006.008.jpg
-rw-rw-r--  1 scott users 3168476 Jan 17 14:02 006.009.jpg
-rw-rw-r--  1 scott users 2217985 Jan 17 14:02 006.010.jpg
-rw-rw-r--  1 scott users 2540284 Jan 17 14:02 006.011.jpg
-rw-rw-r--  1 scott users 3520514 Jan 17 14:02 008.000.jpg
-rw-rw-r--  1 scott users 4114757 Jan 17 14:02 008.001.jpg
-rw-rw-r--  1 scott users 4049576 Jan 17 14:02 008.002.jpg
-rw-rw-r--  1 scott users 3994272 Jan 17 14:02 008.003.jpg
-rw-rw-r--  1 scott users 4239141 Jan 17 14:02 008.004.jpg
-rw-rw-r--  1 scott users 3743327 Jan 17 14:02 008.005.jpg
-rw-rw-r--  1 scott users 3954991 Jan 17 14:02 008.006.jpg
-rw-rw-r--  1 scott users 3733518 Jan 17 14:02 008.007.jpg
-rw-rw-r--  1 scott users 3143701 Jan 17 14:02 008.008.jpg
-rw-rw-r--  1 scott users 4063543 Jan 17 14:02 009.000.jpg
-rw-rw-r--  1 scott users 5243463 Jan 17 14:02 009.001.jpg
-rw-rw-r--  1 scott users 3710937 Jan 17 14:02 009.002.jpg
-rw-rw-r--  1 scott users 4927314 Jan 17 14:03 009.003.jpg
-rw-rw-r--  1 scott users 3860516 Jan 17 14:03 009.004.jpg
-rw-rw-r--  1 scott users 4751548 Jan 17 14:03 009.005.jpg
-rw-rw-r--  1 scott users 4440288 Jan 17 14:03 009.006.jpg
-rw-rw-r--  1 scott users 3486904 Jan 17 14:03 009.007.jpg
-rw-rw-r--  1 scott users 1547875 Jan 17 14:04 012.000.jpg
-rw-rw-r--  1 scott users 1691333 Jan 17 14:04 012.001.jpg
-rw-rw-r--  1 scott users 1810295 Jan 17 14:04 012.002.jpg
-rw-rw-r--  1 scott users 1633314 Jan 17 14:04 012.003.jpg
-rw-rw-r--  1 scott users 1785387 Jan 17 14:04 012.004.jpg
-rw-rw-r--  1 scott users 1351692 Jan 17 14:04 012.005.jpg
-rw-rw-r--  1 scott users 2179238 Jan 17 14:03 016.000.jpg
-rw-rw-r--  1 scott users 2202309 Jan 17 14:03 016.001.jpg
-rw-rw-r--  1 scott users 2301851 Jan 17 14:03 016.002.jpg
-rw-rw-r--  1 scott users 2235286 Jan 17 14:03 016.003.jpg
-rw-rw-r--  1 scott users 1539367 Jan 17 14:04 018.000.jpg
-rw-rw-r--  1 scott users 1443064 Jan 17 14:04 018.001.jpg
-rw-rw-r--  1 scott users 1456532 Jan 17 14:04 018.002.jpg
-rw-rw-r--  1 scott users 1368154 Jan 17 14:04 018.003.jpg
-rw-rw-r--  1 scott users 3239902 Jan 17 14:03 024.000.jpg
-rw-rw-r--  1 scott users 3444881 Jan 17 14:03 024.001.jpg
-rw-rw-r--  1 scott users 3140378 Jan 17 14:03 024.002.jpg
-rw-rw-r--  1 scott users 1308790 Jan 17 14:05 024.003.000.jpg
-rw-rw-r--  1 scott users 2980396 Jan 17 14:05 036.000.jpg
-rw-rw-r--  1 scott users 2824169 Jan 17 14:05 036.001.jpg
-rw-rw-r--  1 scott users  788408 Jan 17 14:05 036.002.000.jpg
-rw-rw-r--  1 scott users 2208795 Jan 17 15:26 072.000.jpg
-rw-rw-r--  1 scott users    2032 Jan 17 15:26 aspects.out
-rwxrwxr-x  1 scott users    5720 Jan 17 14:05 describe.txt
-rw-rw-r--  1 scott users     929 Jan 17 15:26 error
-rw-rw-r--  1 scott users       0 Jan 17 15:26 files.out
-rw-rw-r--  1 scott users      41 Nov 24 14:44 meta.ini
drwxr-xr-x  3 scott users    4096 Nov  6 14:19 orig
-rw-rw-r--  1 scott users      22 Nov 13 16:28 title
drwxrwxr-x  2 scott users    4096 Jan 17 15:26 tmp
