total 22244
drwx--x--x  4 scott users    4096 Feb  6 18:30 .
drwx--x--x 21 scott users    4096 Feb  6 17:50 ..
-rw-rw-r--  1 scott users 1311273 Jan 17 19:10 003.000.jpg
-rw-rw-r--  1 scott users 1311216 Jan 17 19:10 003.001.jpg
-rw-rw-r--  1 scott users 1879120 Jan 17 19:10 003.002.jpg
-rw-rw-r--  1 scott users 1573650 Jan 17 19:10 003.003.jpg
-rw-rw-r--  1 scott users 1249085 Jan 17 19:10 003.004.jpg
-rw-rw-r--  1 scott users 1702264 Jan 17 19:10 003.005.jpg
-rw-rw-r--  1 scott users 2624077 Jan 17 19:10 006.000.jpg
-rw-rw-r--  1 scott users 3452991 Jan 17 19:10 006.001.jpg
-rw-rw-r--  1 scott users 2961835 Jan 17 19:10 006.002.jpg
-rw-rw-r--  1 scott users 1072983 Feb  6 18:30 009.000.jpg
-rw-rw-r--  1 scott users 1080209 Feb  6 18:30 009.001.jpg
lrwxrwxrwx  1 scott users      11 Feb  5 19:20 012.000.jpg -> 006.000.jpg
lrwxrwxrwx  1 scott users      11 Feb  5 19:20 012.001.jpg -> 006.001.jpg
lrwxrwxrwx  1 scott users      11 Feb  5 19:20 012.002.jpg -> 006.002.jpg
lrwxrwxrwx  1 scott users      11 Feb  5 19:20 012.003.jpg -> 006.003.jpg
lrwxrwxrwx  1 scott users      11 Feb  5 19:20 012.004.jpg -> 006.004.jpg
lrwxrwxrwx  1 scott users      11 Feb  5 19:20 012.005.jpg -> 006.005.jpg
-rw-rw-r--  1 scott users  989940 Jan 26 11:04 240.240.gif
-rw-rw-r--  1 scott users 1505100 Jan 26 11:04 420.240.gif
-rw-rw-r--  1 scott users    1262 Feb  6 18:30 aspects.out
-rw-rw-r--  1 scott users    1416 Jan 17 19:10 describe.txt
-rw-rw-r--  1 scott users    1488 Feb  6 17:58 div.out
-rw-rw-r--  1 scott users    1050 Feb  6 18:30 error
-rw-rw-r--  1 scott users       0 Feb  6 18:30 files.out
-rw-rw-r--  1 scott users      39 Dec 26 22:22 meta.ini
drwxrwxr-x  2 scott users    4096 Jan 17 19:10 orig
drwxrwxr-x  2 scott users    4096 Feb  6 18:30 tmp
