total 95908
drwx--x--x  4 scott users    4096 Jan 18 20:29 .
drwxrwx--x 17 scott users    4096 Jan 18 19:11 ..
-rw-rw-r--  1 scott users 3312018 Jan 18 20:28 004.000.jpg
-rw-rw-r--  1 scott users 3105361 Jan 18 20:28 004.001.jpg
-rw-rw-r--  1 scott users 3296926 Jan 18 20:28 004.002.jpg
-rw-rw-r--  1 scott users 3304645 Jan 18 20:28 004.003.jpg
-rw-rw-r--  1 scott users 1964553 Jan 18 20:28 004.004.jpg
-rw-rw-r--  1 scott users 3452410 Jan 18 20:28 004.005.jpg
-rw-rw-r--  1 scott users 2903848 Jan 18 20:28 004.006.jpg
-rw-rw-r--  1 scott users 2833127 Jan 18 20:28 004.007.jpg
-rw-rw-r--  1 scott users 2310904 Jan 18 20:28 004.008.jpg
-rw-rw-r--  1 scott users 4892140 Jan 18 20:28 006.000.jpg
-rw-rw-r--  1 scott users 4827188 Jan 18 20:28 006.001.jpg
-rw-rw-r--  1 scott users 4220835 Jan 18 20:28 006.002.jpg
-rw-rw-r--  1 scott users 4510721 Jan 18 20:28 006.003.jpg
-rw-rw-r--  1 scott users 4369778 Jan 18 20:28 006.004.jpg
-rw-rw-r--  1 scott users 3718282 Jan 18 20:28 006.005.jpg
-rw-rw-r--  1 scott users 7245661 Jan 18 20:28 009.000.jpg
-rw-rw-r--  1 scott users 6705951 Jan 18 20:28 009.001.jpg
-rw-rw-r--  1 scott users 6679693 Jan 18 20:28 009.002.jpg
-rw-rw-r--  1 scott users 5944418 Jan 18 20:28 009.003.jpg
-rw-rw-r--  1 scott users 3182892 Jan 18 20:29 012.000.jpg
-rw-rw-r--  1 scott users 2728749 Jan 18 20:29 012.001.jpg
-rw-rw-r--  1 scott users 2311055 Jan 18 20:29 012.002.jpg
-rw-rw-r--  1 scott users 2858297 Jan 18 20:29 018.000.jpg
-rw-rw-r--  1 scott users 2295159 Jan 18 20:29 018.001.jpg
-rw-rw-r--  1 scott users 5158391 Jan 18 20:29 036.000.jpg
-rw-rw-r--  1 scott users     725 Jan 18 20:29 aspects.out
-rw-rw-r--  1 scott users     929 Jan 18 20:29 error
-rw-rw-r--  1 scott users       0 Jan 18 20:29 files.out
-rw-rw-r--  1 scott users      36 Nov 24 00:14 meta.ini
drwxrwxr-x  2 scott users    4096 Jan 18 20:28 orig
drwxrwxr-x  2 scott users    4096 Jan 18 20:28 tmp
