total 247808
drwxr-xr-x  4 scott users    4096 Jan 17 15:10 .
drwxrwxr-x 27 scott users    4096 Jan 16 21:35 ..
-rw-rw-r--  1 scott users 1696188 Jan 17 12:09 004.000.jpg
-rw-rw-r--  1 scott users 2712312 Jan 17 12:09 004.001.jpg
-rw-rw-r--  1 scott users 3354130 Jan 17 12:09 004.002.jpg
-rw-rw-r--  1 scott users 3517367 Jan 17 12:09 004.003.jpg
-rw-rw-r--  1 scott users 2543122 Jan 17 12:09 004.004.jpg
-rw-rw-r--  1 scott users 1832001 Jan 17 12:09 004.005.jpg
-rw-rw-r--  1 scott users 3378398 Jan 17 12:09 004.006.jpg
-rw-rw-r--  1 scott users 2156056 Jan 17 12:09 004.007.jpg
-rw-rw-r--  1 scott users 2634696 Jan 17 12:09 004.008.jpg
-rw-rw-r--  1 scott users 2511519 Jan 17 12:09 004.009.jpg
-rw-rw-r--  1 scott users 1520772 Jan 17 12:09 004.010.jpg
-rw-rw-r--  1 scott users 4150799 Jan 17 12:09 004.011.jpg
-rw-rw-r--  1 scott users 4140390 Jan 17 12:09 004.012.jpg
-rw-rw-r--  1 scott users 3423071 Jan 17 12:09 004.013.jpg
-rw-rw-r--  1 scott users 2757209 Jan 17 12:09 004.014.jpg
-rw-rw-r--  1 scott users 2802863 Jan 17 12:09 004.015.jpg
-rw-rw-r--  1 scott users 3080901 Jan 17 12:09 004.016.jpg
-rw-rw-r--  1 scott users 3780498 Jan 17 12:09 004.017.jpg
-rw-rw-r--  1 scott users 2615386 Jan 17 12:09 006.000.jpg
-rw-rw-r--  1 scott users 5140674 Jan 17 12:09 006.001.jpg
-rw-rw-r--  1 scott users 4819369 Jan 17 12:09 006.002.jpg
-rw-rw-r--  1 scott users 3087759 Jan 17 12:09 006.003.jpg
-rw-rw-r--  1 scott users 4384771 Jan 17 12:09 006.004.jpg
-rw-rw-r--  1 scott users 3806308 Jan 17 12:09 006.005.jpg
-rw-rw-r--  1 scott users 3401802 Jan 17 12:10 006.006.jpg
-rw-rw-r--  1 scott users 4825403 Jan 17 12:10 006.007.jpg
-rw-rw-r--  1 scott users 5582872 Jan 17 12:10 006.008.jpg
-rw-rw-r--  1 scott users 4757346 Jan 17 12:10 006.009.jpg
-rw-rw-r--  1 scott users 4292301 Jan 17 12:10 006.010.jpg
-rw-rw-r--  1 scott users 5368664 Jan 17 12:10 006.011.jpg
-rw-rw-r--  1 scott users 4451104 Jan 17 12:10 008.000.jpg
-rw-rw-r--  1 scott users 6878539 Jan 17 12:10 008.001.jpg
-rw-rw-r--  1 scott users 4380671 Jan 17 12:10 008.002.jpg
-rw-rw-r--  1 scott users 5554018 Jan 17 12:10 008.003.jpg
-rw-rw-r--  1 scott users 5156546 Jan 17 12:10 008.004.jpg
-rw-rw-r--  1 scott users 5725359 Jan 17 12:10 008.005.jpg
-rw-rw-r--  1 scott users 7573547 Jan 17 12:10 008.006.jpg
-rw-rw-r--  1 scott users 5575205 Jan 17 12:10 008.007.jpg
-rw-rw-r--  1 scott users 6860387 Jan 17 12:10 008.008.jpg
-rw-rw-r--  1 scott users 5492954 Jan 17 12:10 009.000.jpg
-rw-rw-r--  1 scott users 7152043 Jan 17 12:10 009.001.jpg
-rw-rw-r--  1 scott users 5451535 Jan 17 12:10 009.002.jpg
-rw-rw-r--  1 scott users 5834411 Jan 17 12:10 009.003.jpg
-rw-rw-r--  1 scott users 5685339 Jan 17 12:10 009.004.jpg
-rw-rw-r--  1 scott users 8132852 Jan 17 12:10 009.005.jpg
-rw-rw-r--  1 scott users 7006317 Jan 17 12:10 009.006.jpg
-rw-rw-r--  1 scott users 7438371 Jan 17 12:10 009.007.jpg
-rw-rw-r--  1 scott users 1639966 Jan 17 12:11 012.000.jpg
-rw-rw-r--  1 scott users 1511073 Jan 17 12:11 012.001.jpg
-rw-rw-r--  1 scott users 1493243 Jan 17 12:11 012.002.jpg
-rw-rw-r--  1 scott users 1492964 Jan 17 12:11 012.003.jpg
-rw-rw-r--  1 scott users 2097001 Jan 17 12:12 012.004.jpg
-rw-rw-r--  1 scott users 1807830 Jan 17 12:12 012.005.jpg
-rw-rw-r--  1 scott users 2335362 Jan 17 12:11 016.000.jpg
-rw-rw-r--  1 scott users 1839525 Jan 17 12:11 016.001.jpg
-rw-rw-r--  1 scott users 1963903 Jan 17 12:11 016.002.jpg
-rw-rw-r--  1 scott users 2607389 Jan 17 12:11 016.003.jpg
-rw-rw-r--  1 scott users 1518645 Jan 17 12:12 018.000.jpg
-rw-rw-r--  1 scott users 1255015 Jan 17 12:12 018.001.jpg
-rw-rw-r--  1 scott users 1509465 Jan 17 12:12 018.002.jpg
-rw-rw-r--  1 scott users 1662617 Jan 17 12:12 018.003.jpg
-rw-rw-r--  1 scott users 3152674 Jan 17 12:11 024.000.jpg
-rw-rw-r--  1 scott users 2989635 Jan 17 12:11 024.001.jpg
-rw-rw-r--  1 scott users 3904385 Jan 17 12:11 024.002.jpg
-rw-rw-r--  1 scott users 1345321 Jan 17 12:13 024.003.000.jpg
-rw-rw-r--  1 scott users 2772928 Jan 17 12:12 036.000.jpg
-rw-rw-r--  1 scott users 3173352 Jan 17 12:12 036.001.jpg
-rw-rw-r--  1 scott users  806698 Jan 17 12:12 036.002.000.jpg
-rw-rw-r--  1 scott users 2273562 Jan 17 15:10 072.000.jpg
-rw-rw-r--  1 scott users    2032 Jan 17 15:10 aspects.out
-rwxrwxr-x  1 scott users    5722 Jan 17 12:13 describe.txt
-rw-rw-r--  1 scott users     929 Jan 17 15:10 error
-rw-rw-r--  1 scott users       0 Jan 17 15:10 files.out
-rw-rw-r--  1 scott users      42 Nov 24 14:41 meta.ini
drwxr-xr-x  3 scott users    4096 Nov  6 12:18 orig
drwxrwxr-x  2 scott users    4096 Jan 17 15:10 tmp
