total 203796
drwxr-xr-x  4 scott users    4096 Jan 17 09:31 .
drwxrwxr-x 11 scott users    4096 Jan 17 08:58 ..
-rw-rw-r--  1 scott users 2408449 Jan 17 09:28 004.000.jpg
-rw-rw-r--  1 scott users 1868283 Jan 17 09:28 004.001.jpg
-rw-rw-r--  1 scott users 1845192 Jan 17 09:28 004.002.jpg
-rw-rw-r--  1 scott users 2118879 Jan 17 09:28 004.003.jpg
-rw-rw-r--  1 scott users 2316635 Jan 17 09:28 004.004.jpg
-rw-rw-r--  1 scott users 2464738 Jan 17 09:28 004.005.jpg
-rw-rw-r--  1 scott users 2733714 Jan 17 09:28 004.006.jpg
-rw-rw-r--  1 scott users 2278614 Jan 17 09:28 004.007.jpg
-rw-rw-r--  1 scott users 2889954 Jan 17 09:28 004.008.jpg
-rw-rw-r--  1 scott users 3501622 Jan 17 09:28 004.009.jpg
-rw-rw-r--  1 scott users 2319685 Jan 17 09:28 004.010.jpg
-rw-rw-r--  1 scott users 2201917 Jan 17 09:28 004.011.jpg
-rw-rw-r--  1 scott users 2073941 Jan 17 09:28 004.012.jpg
-rw-rw-r--  1 scott users 1958737 Jan 17 09:28 004.013.jpg
-rw-rw-r--  1 scott users 2044293 Jan 17 09:28 004.014.jpg
-rw-rw-r--  1 scott users 1524533 Jan 17 09:28 004.015.jpg
-rw-rw-r--  1 scott users 1743387 Jan 17 09:28 004.016.jpg
-rw-rw-r--  1 scott users 1574691 Jan 17 09:28 004.017.jpg
-rw-rw-r--  1 scott users 3430405 Jan 17 09:28 006.000.jpg
-rw-rw-r--  1 scott users 2695133 Jan 17 09:28 006.001.jpg
-rw-rw-r--  1 scott users 3245698 Jan 17 09:28 006.002.jpg
-rw-rw-r--  1 scott users 3654893 Jan 17 09:28 006.003.jpg
-rw-rw-r--  1 scott users 3859555 Jan 17 09:28 006.004.jpg
-rw-rw-r--  1 scott users 4042994 Jan 17 09:28 006.005.jpg
-rw-rw-r--  1 scott users 4837376 Jan 17 09:28 006.006.jpg
-rw-rw-r--  1 scott users 3182510 Jan 17 09:28 006.007.jpg
-rw-rw-r--  1 scott users 3135138 Jan 17 09:28 006.008.jpg
-rw-rw-r--  1 scott users 2947718 Jan 17 09:28 006.009.jpg
-rw-rw-r--  1 scott users 2412820 Jan 17 09:28 006.010.jpg
-rw-rw-r--  1 scott users 2430463 Jan 17 09:28 006.011.jpg
-rw-rw-r--  1 scott users 4281636 Jan 17 09:28 008.000.jpg
-rw-rw-r--  1 scott users 3965945 Jan 17 09:28 008.001.jpg
-rw-rw-r--  1 scott users 4780664 Jan 17 09:29 008.002.jpg
-rw-rw-r--  1 scott users 5013633 Jan 17 09:29 008.003.jpg
-rw-rw-r--  1 scott users 6390979 Jan 17 09:29 008.004.jpg
-rw-rw-r--  1 scott users 4521620 Jan 17 09:29 008.005.jpg
-rw-rw-r--  1 scott users 4036851 Jan 17 09:29 008.006.jpg
-rw-rw-r--  1 scott users 3571943 Jan 17 09:29 008.007.jpg
-rw-rw-r--  1 scott users 3317307 Jan 17 09:29 008.008.jpg
-rw-rw-r--  1 scott users 4624946 Jan 17 09:29 009.000.jpg
-rw-rw-r--  1 scott users 4745219 Jan 17 09:29 009.001.jpg
-rw-rw-r--  1 scott users 5794360 Jan 17 09:29 009.002.jpg
-rw-rw-r--  1 scott users 5764124 Jan 17 09:29 009.003.jpg
-rw-rw-r--  1 scott users 6478189 Jan 17 09:29 009.004.jpg
-rw-rw-r--  1 scott users 4679614 Jan 17 09:29 009.005.jpg
-rw-rw-r--  1 scott users 4053465 Jan 17 09:29 009.006.jpg
-rw-rw-r--  1 scott users 3736011 Jan 17 09:29 009.007.jpg
-rw-rw-r--  1 scott users 1663487 Jan 17 09:30 012.000.jpg
-rw-rw-r--  1 scott users 1958806 Jan 17 09:30 012.001.jpg
-rw-rw-r--  1 scott users 2200262 Jan 17 09:30 012.002.jpg
-rw-rw-r--  1 scott users 2162362 Jan 17 09:30 012.003.jpg
-rw-rw-r--  1 scott users 1672415 Jan 17 09:30 012.004.jpg
-rw-rw-r--  1 scott users 1358073 Jan 17 09:30 012.005.jpg
-rw-rw-r--  1 scott users 2289624 Jan 17 09:30 016.000.jpg
-rw-rw-r--  1 scott users 2770045 Jan 17 09:30 016.001.jpg
-rw-rw-r--  1 scott users 2964211 Jan 17 09:30 016.002.jpg
-rw-rw-r--  1 scott users 2107666 Jan 17 09:30 016.003.jpg
-rw-rw-r--  1 scott users 1457190 Jan 17 09:30 018.000.jpg
-rw-rw-r--  1 scott users 1845134 Jan 17 09:30 018.001.jpg
-rw-rw-r--  1 scott users 1640249 Jan 17 09:30 018.002.jpg
-rw-rw-r--  1 scott users 1263797 Jan 17 09:30 018.003.jpg
-rw-rw-r--  1 scott users 3648710 Jan 17 09:30 024.000.jpg
-rw-rw-r--  1 scott users 4405962 Jan 17 09:30 024.001.jpg
-rw-rw-r--  1 scott users 3043555 Jan 17 09:30 024.002.jpg
-rw-rw-r--  1 scott users 1318104 Jan 17 09:31 024.003.000.jpg
-rw-rw-r--  1 scott users 3300349 Jan 17 09:31 036.000.jpg
-rw-rw-r--  1 scott users 2902045 Jan 17 09:31 036.001.jpg
-rw-rw-r--  1 scott users  777976 Jan 17 09:31 036.002.000.jpg
-rw-rw-r--  1 scott users 2260487 Jan 17 09:31 072.000.jpg
-rw-rw-r--  1 scott users    2093 Jan 17 09:31 aspects.out
-rw-rw-r--  1 scott users     929 Jan 17 09:31 error
-rw-rw-r--  1 scott users       0 Jan 17 09:31 files.out
-rw-rw-r--  1 scott users      43 Nov 24 16:34 meta.ini
drwxr-xr-x  2 scott users    4096 Jan 17 08:54 orig
drwxrwxr-x  2 scott users    4096 Jan 17 09:31 tmp
