total 190816
drwxr-xr-x  4 scott users    4096 Jan 17 16:21 .
drwxrwxr-x 27 scott users    4096 Jan 16 21:35 ..
-rw-rw-r--  1 scott users 1898522 Jan 17 14:07 004.000.jpg
-rw-rw-r--  1 scott users 2644525 Jan 17 14:07 004.001.jpg
-rw-rw-r--  1 scott users 1994489 Jan 17 14:07 004.002.jpg
-rw-rw-r--  1 scott users 2464515 Jan 17 14:07 004.003.jpg
-rw-rw-r--  1 scott users 1533795 Jan 17 14:07 004.004.jpg
-rw-rw-r--  1 scott users 2295196 Jan 17 14:07 004.005.jpg
-rw-rw-r--  1 scott users 1090125 Jan 17 14:07 004.006.jpg
-rw-rw-r--  1 scott users 1785103 Jan 17 14:07 004.007.jpg
-rw-rw-r--  1 scott users 2142655 Jan 17 14:07 004.008.jpg
-rw-rw-r--  1 scott users 2024924 Jan 17 14:07 004.009.jpg
-rw-rw-r--  1 scott users  978409 Jan 17 14:07 004.010.jpg
-rw-rw-r--  1 scott users 2503449 Jan 17 14:07 004.011.jpg
-rw-rw-r--  1 scott users 1789537 Jan 17 14:07 004.012.jpg
-rw-rw-r--  1 scott users 3564924 Jan 17 14:07 004.013.jpg
-rw-rw-r--  1 scott users 2187000 Jan 17 14:07 004.014.jpg
-rw-rw-r--  1 scott users 1657424 Jan 17 14:07 004.015.jpg
-rw-rw-r--  1 scott users 2738165 Jan 17 14:07 004.016.jpg
-rw-rw-r--  1 scott users 1716505 Jan 17 14:07 004.017.jpg
-rw-rw-r--  1 scott users 3453924 Jan 17 14:07 006.000.jpg
-rw-rw-r--  1 scott users 3093062 Jan 17 14:07 006.001.jpg
-rw-rw-r--  1 scott users 3456605 Jan 17 14:07 006.002.jpg
-rw-rw-r--  1 scott users 2853854 Jan 17 14:07 006.003.jpg
-rw-rw-r--  1 scott users 2189794 Jan 17 14:07 006.004.jpg
-rw-rw-r--  1 scott users 2839554 Jan 17 14:07 006.005.jpg
-rw-rw-r--  1 scott users 2495198 Jan 17 14:07 006.006.jpg
-rw-rw-r--  1 scott users 3054593 Jan 17 14:07 006.007.jpg
-rw-rw-r--  1 scott users 3628303 Jan 17 14:07 006.008.jpg
-rw-rw-r--  1 scott users 3937208 Jan 17 14:07 006.009.jpg
-rw-rw-r--  1 scott users 2269809 Jan 17 14:08 006.010.jpg
-rw-rw-r--  1 scott users 3848528 Jan 17 14:08 006.011.jpg
-rw-rw-r--  1 scott users 4550567 Jan 17 14:08 008.000.jpg
-rw-rw-r--  1 scott users 4467902 Jan 17 14:08 008.001.jpg
-rw-rw-r--  1 scott users 3842513 Jan 17 14:08 008.002.jpg
-rw-rw-r--  1 scott users 2882532 Jan 17 14:08 008.003.jpg
-rw-rw-r--  1 scott users 4169603 Jan 17 14:08 008.004.jpg
-rw-rw-r--  1 scott users 3524251 Jan 17 14:08 008.005.jpg
-rw-rw-r--  1 scott users 5377269 Jan 17 14:08 008.006.jpg
-rw-rw-r--  1 scott users 3850060 Jan 17 14:08 008.007.jpg
-rw-rw-r--  1 scott users 4472458 Jan 17 14:08 008.008.jpg
-rw-rw-r--  1 scott users 5048828 Jan 17 14:08 009.000.jpg
-rw-rw-r--  1 scott users 4951276 Jan 17 14:08 009.001.jpg
-rw-rw-r--  1 scott users 3730597 Jan 17 14:08 009.002.jpg
-rw-rw-r--  1 scott users 4156409 Jan 17 14:08 009.003.jpg
-rw-rw-r--  1 scott users 3556281 Jan 17 14:08 009.004.jpg
-rw-rw-r--  1 scott users 5619019 Jan 17 14:08 009.005.jpg
-rw-rw-r--  1 scott users 5171773 Jan 17 14:08 009.006.jpg
-rw-rw-r--  1 scott users 4910692 Jan 17 14:08 009.007.jpg
-rw-rw-r--  1 scott users 1890632 Jan 17 14:09 012.000.jpg
-rw-rw-r--  1 scott users 1833484 Jan 17 14:09 012.001.jpg
-rw-rw-r--  1 scott users 1395039 Jan 17 14:09 012.002.jpg
-rw-rw-r--  1 scott users 1515604 Jan 17 14:09 012.003.jpg
-rw-rw-r--  1 scott users 2191343 Jan 17 14:09 012.004.jpg
-rw-rw-r--  1 scott users 1652248 Jan 17 14:09 012.005.jpg
-rw-rw-r--  1 scott users 2619548 Jan 17 14:09 016.000.jpg
-rw-rw-r--  1 scott users 1910936 Jan 17 14:09 016.001.jpg
-rw-rw-r--  1 scott users 2107888 Jan 17 14:09 016.002.jpg
-rw-rw-r--  1 scott users 2645329 Jan 17 14:09 016.003.jpg
-rw-rw-r--  1 scott users 1696407 Jan 17 14:10 018.000.jpg
-rw-rw-r--  1 scott users 1293844 Jan 17 14:10 018.001.jpg
-rw-rw-r--  1 scott users 1451308 Jan 17 14:10 018.002.jpg
-rw-rw-r--  1 scott users 1655908 Jan 17 14:10 018.003.jpg
-rw-rw-r--  1 scott users 3727060 Jan 17 14:09 024.000.jpg
-rw-rw-r--  1 scott users 2912023 Jan 17 14:09 024.001.jpg
-rw-rw-r--  1 scott users 3845211 Jan 17 14:09 024.002.jpg
-rw-rw-r--  1 scott users 1326462 Jan 17 14:11 024.003.000.jpg
-rw-rw-r--  1 scott users 2990463 Jan 17 14:10 036.000.jpg
-rw-rw-r--  1 scott users 3107554 Jan 17 14:10 036.001.jpg
-rw-rw-r--  1 scott users  790955 Jan 17 14:11 036.002.000.jpg
-rw-rw-r--  1 scott users 2263166 Jan 17 16:21 072.000.jpg
-rw-rw-r--  1 scott users    2032 Jan 17 16:21 aspects.out
-rwxrwxr-x  1 scott users    5721 Jan 17 14:11 describe.txt
-rw-rw-r--  1 scott users     929 Jan 17 16:21 error
-rw-rw-r--  1 scott users       0 Jan 17 16:21 files.out
-rw-rw-r--  1 scott users      42 Nov 24 14:44 meta.ini
drwxr-xr-x  3 scott users    4096 Nov  6 14:22 orig
-rw-rw-r--  1 scott users      22 Nov 13 16:28 title
drwxrwxr-x  2 scott users    4096 Jan 17 16:21 tmp
