total 122980
drwxr-xr-x 4 scott users    4096 Jan 17 00:37 .
drwxrwxr-x 9 scott users   12288 Jan 16 19:38 ..
-rw-rw-r-- 1 scott users    1120 Dec  9 21:53 000.html
-rw-rw-r-- 1 scott users 1258212 Jan 16 12:41 004.000.jpg
-rw-rw-r-- 1 scott users 1329433 Jan 16 12:41 004.001.jpg
-rw-rw-r-- 1 scott users 1658400 Jan 16 12:41 004.002.jpg
-rw-rw-r-- 1 scott users 1437116 Jan 16 12:41 004.003.jpg
-rw-rw-r-- 1 scott users 1284607 Jan 16 12:41 004.004.jpg
-rw-rw-r-- 1 scott users 1209936 Jan 16 12:41 004.005.jpg
-rw-rw-r-- 1 scott users 1275068 Jan 16 12:41 004.006.jpg
-rw-rw-r-- 1 scott users 1114801 Jan 16 12:42 004.007.jpg
-rw-rw-r-- 1 scott users 1406287 Jan 16 12:42 004.008.jpg
-rw-rw-r-- 1 scott users 1273467 Jan 16 12:42 004.009.jpg
-rw-rw-r-- 1 scott users 1113959 Jan 16 12:42 004.010.jpg
-rw-rw-r-- 1 scott users 1467016 Jan 16 12:42 004.011.jpg
-rw-rw-r-- 1 scott users 1161178 Jan 16 12:42 004.012.jpg
-rw-rw-r-- 1 scott users 1313827 Jan 16 12:42 004.013.jpg
-rw-rw-r-- 1 scott users 1102295 Jan 16 12:42 004.014.jpg
-rw-rw-r-- 1 scott users 1061154 Jan 16 12:42 004.015.jpg
-rw-rw-r-- 1 scott users 1229012 Jan 16 12:42 004.016.jpg
-rw-rw-r-- 1 scott users 1122870 Jan 16 12:42 004.017.jpg
-rw-rw-r-- 1 scott users 1879821 Jan 16 12:42 006.000.jpg
-rw-rw-r-- 1 scott users 2369657 Jan 16 12:42 006.001.jpg
-rw-rw-r-- 1 scott users 2271077 Jan 16 12:42 006.002.jpg
-rw-rw-r-- 1 scott users 1663082 Jan 16 12:42 006.003.jpg
-rw-rw-r-- 1 scott users 1843686 Jan 16 12:42 006.004.jpg
-rw-rw-r-- 1 scott users 1952900 Jan 16 12:42 006.005.jpg
-rw-rw-r-- 1 scott users 1698152 Jan 16 12:42 006.006.jpg
-rw-rw-r-- 1 scott users 2156339 Jan 16 12:42 006.007.jpg
-rw-rw-r-- 1 scott users 1661391 Jan 16 12:42 006.008.jpg
-rw-rw-r-- 1 scott users 1922639 Jan 16 12:42 006.009.jpg
-rw-rw-r-- 1 scott users 1692907 Jan 16 12:42 006.010.jpg
-rw-rw-r-- 1 scott users 1720202 Jan 16 12:42 006.011.jpg
-rw-rw-r-- 1 scott users 2587861 Jan 16 12:42 008.000.jpg
-rw-rw-r-- 1 scott users 3099140 Jan 16 12:42 008.001.jpg
-rw-rw-r-- 1 scott users 2496400 Jan 16 12:42 008.002.jpg
-rw-rw-r-- 1 scott users 2389207 Jan 16 12:42 008.003.jpg
-rw-rw-r-- 1 scott users 2678826 Jan 16 12:42 008.004.jpg
-rw-rw-r-- 1 scott users 2581858 Jan 16 12:42 008.005.jpg
-rw-rw-r-- 1 scott users 2476910 Jan 16 12:42 008.006.jpg
-rw-rw-r-- 1 scott users 2165606 Jan 16 12:42 008.007.jpg
-rw-rw-r-- 1 scott users 2352676 Jan 16 12:42 008.008.jpg
-rw-rw-r-- 1 scott users 2961755 Jan 16 12:42 009.000.jpg
-rw-rw-r-- 1 scott users 3556682 Jan 16 12:42 009.001.jpg
-rw-rw-r-- 1 scott users 2684047 Jan 16 12:42 009.002.jpg
-rw-rw-r-- 1 scott users 2775369 Jan 16 12:42 009.003.jpg
-rw-rw-r-- 1 scott users 2643649 Jan 16 12:42 009.004.jpg
-rw-rw-r-- 1 scott users 2872299 Jan 16 12:42 009.005.jpg
-rw-rw-r-- 1 scott users 2641572 Jan 16 12:42 009.006.jpg
-rw-rw-r-- 1 scott users 2695956 Jan 16 12:42 009.007.jpg
-rw-rw-r-- 1 scott users 1438673 Jan 16 12:43 012.000.jpg
-rw-rw-r-- 1 scott users 1265187 Jan 16 12:43 012.001.jpg
-rw-rw-r-- 1 scott users 1242619 Jan 16 12:43 012.002.jpg
-rw-rw-r-- 1 scott users 1259757 Jan 16 12:43 012.003.jpg
-rw-rw-r-- 1 scott users 1171365 Jan 16 12:43 012.004.jpg
-rw-rw-r-- 1 scott users 1102100 Jan 16 12:43 012.005.jpg
-rw-rw-r-- 1 scott users 1892904 Jan 16 12:43 016.000.jpg
-rw-rw-r-- 1 scott users 1596236 Jan 16 12:43 016.001.jpg
-rw-rw-r-- 1 scott users 1715851 Jan 16 12:43 016.002.jpg
-rw-rw-r-- 1 scott users 1521497 Jan 16 12:43 016.003.jpg
-rw-rw-r-- 1 scott users 1310255 Jan 16 12:44 018.000.jpg
-rw-rw-r-- 1 scott users 1077369 Jan 16 12:44 018.001.jpg
-rw-rw-r-- 1 scott users 1108055 Jan 16 12:44 018.002.jpg
-rw-rw-r-- 1 scott users 1041215 Jan 16 12:44 018.003.jpg
-rw-rw-r-- 1 scott users 2703596 Jan 16 12:43 024.000.jpg
-rw-rw-r-- 1 scott users 2501583 Jan 16 12:43 024.001.jpg
-rw-rw-r-- 1 scott users 2273514 Jan 16 12:43 024.002.jpg
-rw-rw-r-- 1 scott users 1120649 Jan 16 12:44 024.003.000.jpg
-rw-rw-r-- 1 scott users 2388805 Jan 16 12:44 036.000.jpg
-rw-rw-r-- 1 scott users 2148186 Jan 16 12:44 036.001.jpg
-rw-rw-r-- 1 scott users  710595 Jan 16 12:44 036.002.000.jpg
-rw-rw-r-- 1 scott users 1823059 Jan 17 00:37 072.000.jpg
-rw-rw-r-- 1 scott users    1870 Jan 17 00:37 aspects.out
-rwxrwxr-x 1 scott users    5863 Jan 16 17:43 describe.txt
-rw-rw-r-- 1 scott users     929 Jan 17 00:37 error
-rw-rw-r-- 1 scott users       0 Jan 17 00:37 files.out
-rw-rw-r-- 1 scott users      42 Nov 24 16:31 meta.ini
drwxr-xr-x 2 scott users    4096 Jan 16 12:21 orig
-rw-rw-r-- 1 scott users      22 Nov 13 16:50 title
drwxrwxr-x 2 scott users    4096 Jan 17 00:37 tmp
