total 23844
drwx--x--x  4 scott users    4096 Feb  6 18:49 .
drwxrwxr-x 22 scott users    4096 Feb  5 14:09 ..
-rw-rw-r--  1 scott users 1634046 Feb  6 18:49 003.000.jpg
-rw-rw-r--  1 scott users 1686532 Feb  6 18:49 003.001.jpg
-rw-rw-r--  1 scott users 1813181 Feb  6 18:49 003.002.jpg
-rw-rw-r--  1 scott users 1564955 Feb  6 18:49 003.003.jpg
-rw-rw-r--  1 scott users 1588222 Feb  6 18:49 003.004.jpg
-rw-rw-r--  1 scott users 1732552 Feb  6 18:49 003.005.jpg
-rw-rw-r--  1 scott users 3321433 Feb  6 18:49 006.000.jpg
-rw-rw-r--  1 scott users 3387257 Feb  6 18:49 006.001.jpg
-rw-rw-r--  1 scott users 3325173 Feb  6 18:49 006.002.jpg
-rw-rw-r--  1 scott users 1085086 Feb  6 18:49 009.000.jpg
-rw-rw-r--  1 scott users 1056068 Feb  6 18:49 009.001.jpg
lrwxrwxrwx  1 scott users      11 Feb  5 19:35 012.000.jpg -> 006.000.jpg
lrwxrwxrwx  1 scott users      11 Feb  5 19:35 012.001.jpg -> 006.001.jpg
lrwxrwxrwx  1 scott users      11 Feb  5 19:35 012.002.jpg -> 006.002.jpg
-rw-rw-r--  1 scott users  843592 Feb  5 14:38 240.240.gif
-rw-rw-r--  1 scott users 1328289 Feb  5 14:38 420.240.gif
-rw-rw-r--  1 scott users    1262 Feb  6 18:49 aspects.out
-rw-rw-r--  1 scott users    1330 Jan 18 22:48 describe.txt
-rw-rw-r--  1 scott users    1486 Feb  6 18:48 div.out
-rw-rw-r--  1 scott users     744 Feb  6 18:49 error
-rw-rw-r--  1 scott users       0 Feb  6 18:49 files.out
-rw-rw-r--  1 scott users      36 Nov 24 00:19 meta.ini
drwxrwxr-x  2 scott users    4096 Jan 18 22:23 orig
drwxrwxr-x  2 scott users    4096 Feb  6 18:49 tmp
