total 273900
drwxr-xr-x  4 scott users    4096 Jan 23 20:27 .
drwxrwxr-x 10 scott users    4096 Jan 23 19:55 ..
-rw-rw-r--  1 scott users 3161145 Jan 23 20:21 004.000.jpg
-rw-rw-r--  1 scott users 2996009 Jan 23 20:21 004.001.jpg
-rw-rw-r--  1 scott users 3244498 Jan 23 20:21 004.002.jpg
-rw-rw-r--  1 scott users 2559138 Jan 23 20:21 004.003.jpg
-rw-rw-r--  1 scott users 2178050 Jan 23 20:21 004.004.jpg
-rw-rw-r--  1 scott users 3099266 Jan 23 20:21 004.005.jpg
-rw-rw-r--  1 scott users 3469032 Jan 23 20:21 004.006.jpg
-rw-rw-r--  1 scott users 2648281 Jan 23 20:21 004.007.jpg
-rw-rw-r--  1 scott users 2152466 Jan 23 20:21 004.008.jpg
-rw-rw-r--  1 scott users 2846787 Jan 23 20:21 004.009.jpg
-rw-rw-r--  1 scott users 4484541 Jan 23 20:21 004.010.jpg
-rw-rw-r--  1 scott users 3222463 Jan 23 20:21 004.011.jpg
-rw-rw-r--  1 scott users 4081354 Jan 23 20:21 004.012.jpg
-rw-rw-r--  1 scott users 3524314 Jan 23 20:21 004.013.jpg
-rw-rw-r--  1 scott users 4811165 Jan 23 20:21 004.014.jpg
-rw-rw-r--  1 scott users 3078918 Jan 23 20:21 004.015.jpg
-rw-rw-r--  1 scott users 3500268 Jan 23 20:21 004.016.jpg
-rw-rw-r--  1 scott users 2918043 Jan 23 20:21 004.017.jpg
-rw-rw-r--  1 scott users 4421213 Jan 23 20:21 006.000.jpg
-rw-rw-r--  1 scott users 4984742 Jan 23 20:21 006.001.jpg
-rw-rw-r--  1 scott users 3789730 Jan 23 20:21 006.002.jpg
-rw-rw-r--  1 scott users 4048482 Jan 23 20:21 006.003.jpg
-rw-rw-r--  1 scott users 4600939 Jan 23 20:21 006.004.jpg
-rw-rw-r--  1 scott users 3692431 Jan 23 20:21 006.005.jpg
-rw-rw-r--  1 scott users 4542311 Jan 23 20:22 006.006.jpg
-rw-rw-r--  1 scott users 6013122 Jan 23 20:22 006.007.jpg
-rw-rw-r--  1 scott users 5777846 Jan 23 20:22 006.008.jpg
-rw-rw-r--  1 scott users 6650210 Jan 23 20:22 006.009.jpg
-rw-rw-r--  1 scott users 4899113 Jan 23 20:22 006.010.jpg
-rw-rw-r--  1 scott users 4605003 Jan 23 20:22 006.011.jpg
-rw-rw-r--  1 scott users 6161881 Jan 23 20:22 008.000.jpg
-rw-rw-r--  1 scott users 5819778 Jan 23 20:22 008.001.jpg
-rw-rw-r--  1 scott users 5281315 Jan 23 20:22 008.002.jpg
-rw-rw-r--  1 scott users 6126224 Jan 23 20:22 008.003.jpg
-rw-rw-r--  1 scott users 5031836 Jan 23 20:22 008.004.jpg
-rw-rw-r--  1 scott users 7709695 Jan 23 20:22 008.005.jpg
-rw-rw-r--  1 scott users 7617887 Jan 23 20:22 008.006.jpg
-rw-rw-r--  1 scott users 7910720 Jan 23 20:22 008.007.jpg
-rw-rw-r--  1 scott users 6420486 Jan 23 20:23 008.008.jpg
-rw-rw-r--  1 scott users 7030878 Jan 23 20:23 009.000.jpg
-rw-rw-r--  1 scott users 6184218 Jan 23 20:23 009.001.jpg
-rw-rw-r--  1 scott users 6178774 Jan 23 20:23 009.002.jpg
-rw-rw-r--  1 scott users 6180120 Jan 23 20:23 009.003.jpg
-rw-rw-r--  1 scott users 8034270 Jan 23 20:23 009.004.jpg
-rw-rw-r--  1 scott users 8312237 Jan 23 20:23 009.005.jpg
-rw-rw-r--  1 scott users 9118966 Jan 23 20:23 009.006.jpg
-rw-rw-r--  1 scott users 7049228 Jan 23 20:23 009.007.jpg
-rw-rw-r--  1 scott users 1637270 Jan 23 20:25 012.000.jpg
-rw-rw-r--  1 scott users 1446573 Jan 23 20:25 012.001.jpg
-rw-rw-r--  1 scott users 1530264 Jan 23 20:25 012.002.jpg
-rw-rw-r--  1 scott users 1935799 Jan 23 20:25 012.003.jpg
-rw-rw-r--  1 scott users 2166724 Jan 23 20:26 012.004.jpg
-rw-rw-r--  1 scott users 1715753 Jan 23 20:26 012.005.jpg
-rw-rw-r--  1 scott users 2100492 Jan 23 20:25 016.000.jpg
-rw-rw-r--  1 scott users 2179414 Jan 23 20:25 016.001.jpg
-rw-rw-r--  1 scott users 2272929 Jan 23 20:25 016.002.jpg
-rw-rw-r--  1 scott users 2731507 Jan 23 20:25 016.003.jpg
-rw-rw-r--  1 scott users 1438384 Jan 23 20:26 018.000.jpg
-rw-rw-r--  1 scott users 1415548 Jan 23 20:26 018.001.jpg
-rw-rw-r--  1 scott users 1828403 Jan 23 20:26 018.002.jpg
-rw-rw-r--  1 scott users 1745884 Jan 23 20:26 018.003.jpg
-rw-rw-r--  1 scott users 3083638 Jan 23 20:25 024.000.jpg
-rw-rw-r--  1 scott users 3468816 Jan 23 20:25 024.001.jpg
-rw-rw-r--  1 scott users 3886738 Jan 23 20:25 024.002.jpg
-rw-rw-r--  1 scott users 1574420 Jan 23 20:27 024.003.000.jpg
-rw-rw-r--  1 scott users 2854901 Jan 23 20:26 036.000.jpg
-rw-rw-r--  1 scott users 3574598 Jan 23 20:27 036.001.jpg
-rw-rw-r--  1 scott users  951489 Jan 23 20:27 036.002.000.jpg
-rw-rw-r--  1 scott users 2608116 Jan 23 20:27 072.000.jpg
-rw-rw-r--  1 scott users    2050 Jan 23 20:27 aspects.out
-rw-rw-r--  1 scott users     929 Jan 23 20:27 error
-rw-rw-r--  1 scott users       0 Jan 23 20:27 files.out
-rw-rw-r--  1 scott users      29 Jan 23 19:53 meta.ini
drwxr-xr-x  3 scott users    4096 Nov 16 07:43 orig
drwxrwxr-x  2 scott users    4096 Jan 23 20:27 tmp
