total 187392
drwxr-xr-x  4 scott users    4096 Jan 17 15:26 .
drwxrwxr-x 27 scott users    4096 Jan 16 21:35 ..
-rw-rw-r--  1 scott users 2148281 Jan 17 13:57 004.000.jpg
-rw-rw-r--  1 scott users 2197601 Jan 17 13:57 004.001.jpg
-rw-rw-r--  1 scott users 1990116 Jan 17 13:57 004.002.jpg
-rw-rw-r--  1 scott users 1801497 Jan 17 13:57 004.003.jpg
-rw-rw-r--  1 scott users 2646687 Jan 17 13:57 004.004.jpg
-rw-rw-r--  1 scott users 2367776 Jan 17 13:57 004.005.jpg
-rw-rw-r--  1 scott users 1756987 Jan 17 13:57 004.006.jpg
-rw-rw-r--  1 scott users 1555931 Jan 17 13:57 004.007.jpg
-rw-rw-r--  1 scott users 1499612 Jan 17 13:57 004.008.jpg
-rw-rw-r--  1 scott users 1904514 Jan 17 13:57 004.009.jpg
-rw-rw-r--  1 scott users 2208820 Jan 17 13:57 004.010.jpg
-rw-rw-r--  1 scott users 1993986 Jan 17 13:57 004.011.jpg
-rw-rw-r--  1 scott users 2314741 Jan 17 13:57 004.012.jpg
-rw-rw-r--  1 scott users 2092600 Jan 17 13:57 004.013.jpg
-rw-rw-r--  1 scott users 2024297 Jan 17 13:57 004.014.jpg
-rw-rw-r--  1 scott users 2514549 Jan 17 13:57 004.015.jpg
-rw-rw-r--  1 scott users 1427429 Jan 17 13:57 004.016.jpg
-rw-rw-r--  1 scott users 1690468 Jan 17 13:57 004.017.jpg
-rw-rw-r--  1 scott users 3301937 Jan 17 13:57 006.000.jpg
-rw-rw-r--  1 scott users 3035848 Jan 17 13:57 006.001.jpg
-rw-rw-r--  1 scott users 2884155 Jan 17 13:57 006.002.jpg
-rw-rw-r--  1 scott users 3927947 Jan 17 13:58 006.003.jpg
-rw-rw-r--  1 scott users 2271590 Jan 17 13:58 006.004.jpg
-rw-rw-r--  1 scott users 2544136 Jan 17 13:58 006.005.jpg
-rw-rw-r--  1 scott users 2891553 Jan 17 13:58 006.006.jpg
-rw-rw-r--  1 scott users 3221932 Jan 17 13:58 006.007.jpg
-rw-rw-r--  1 scott users 3450426 Jan 17 13:58 006.008.jpg
-rw-rw-r--  1 scott users 2986375 Jan 17 13:58 006.009.jpg
-rw-rw-r--  1 scott users 3441432 Jan 17 13:58 006.010.jpg
-rw-rw-r--  1 scott users 2197766 Jan 17 13:58 006.011.jpg
-rw-rw-r--  1 scott users 4345807 Jan 17 13:58 008.000.jpg
-rw-rw-r--  1 scott users 3794738 Jan 17 13:58 008.001.jpg
-rw-rw-r--  1 scott users 5012871 Jan 17 13:58 008.002.jpg
-rw-rw-r--  1 scott users 3313198 Jan 17 13:58 008.003.jpg
-rw-rw-r--  1 scott users 3407123 Jan 17 13:58 008.004.jpg
-rw-rw-r--  1 scott users 4213386 Jan 17 13:58 008.005.jpg
-rw-rw-r--  1 scott users 4410740 Jan 17 13:58 008.006.jpg
-rw-rw-r--  1 scott users 4542998 Jan 17 13:58 008.007.jpg
-rw-rw-r--  1 scott users 3119452 Jan 17 13:58 008.008.jpg
-rw-rw-r--  1 scott users 4637919 Jan 17 13:58 009.000.jpg
-rw-rw-r--  1 scott users 4592716 Jan 17 13:58 009.001.jpg
-rw-rw-r--  1 scott users 5296518 Jan 17 13:58 009.002.jpg
-rw-rw-r--  1 scott users 3465308 Jan 17 13:58 009.003.jpg
-rw-rw-r--  1 scott users 4610397 Jan 17 13:58 009.004.jpg
-rw-rw-r--  1 scott users 4962613 Jan 17 13:58 009.005.jpg
-rw-rw-r--  1 scott users 4982055 Jan 17 13:58 009.006.jpg
-rw-rw-r--  1 scott users 3649687 Jan 17 13:59 009.007.jpg
-rw-rw-r--  1 scott users 1867975 Jan 17 14:00 012.000.jpg
-rw-rw-r--  1 scott users 2028598 Jan 17 14:00 012.001.jpg
-rw-rw-r--  1 scott users 1340444 Jan 17 14:00 012.002.jpg
-rw-rw-r--  1 scott users 1807158 Jan 17 14:00 012.003.jpg
-rw-rw-r--  1 scott users 1773425 Jan 17 14:00 012.004.jpg
-rw-rw-r--  1 scott users 1613448 Jan 17 14:00 012.005.jpg
-rw-rw-r--  1 scott users 2386281 Jan 17 13:59 016.000.jpg
-rw-rw-r--  1 scott users 2450464 Jan 17 13:59 016.001.jpg
-rw-rw-r--  1 scott users 2215475 Jan 17 13:59 016.002.jpg
-rw-rw-r--  1 scott users 2477775 Jan 17 13:59 016.003.jpg
-rw-rw-r--  1 scott users 1619752 Jan 17 14:00 018.000.jpg
-rw-rw-r--  1 scott users 1466367 Jan 17 14:00 018.001.jpg
-rw-rw-r--  1 scott users 1591145 Jan 17 14:00 018.002.jpg
-rw-rw-r--  1 scott users 1440528 Jan 17 14:00 018.003.jpg
-rw-rw-r--  1 scott users 3897801 Jan 17 13:59 024.000.jpg
-rw-rw-r--  1 scott users 3151393 Jan 17 13:59 024.001.jpg
-rw-rw-r--  1 scott users 3388368 Jan 17 13:59 024.002.jpg
-rw-rw-r--  1 scott users 1340538 Jan 17 14:01 024.003.000.jpg
-rw-rw-r--  1 scott users 3086624 Jan 17 14:00 036.000.jpg
-rw-rw-r--  1 scott users 3032895 Jan 17 14:01 036.001.jpg
-rw-rw-r--  1 scott users  796717 Jan 17 14:01 036.002.000.jpg
-rw-rw-r--  1 scott users 2288311 Jan 17 15:26 072.000.jpg
-rw-rw-r--  1 scott users    2032 Jan 17 15:26 aspects.out
-rwxrwxr-x  1 scott users    5721 Jan 17 14:01 describe.txt
-rw-rw-r--  1 scott users     929 Jan 17 15:26 error
-rw-rw-r--  1 scott users       0 Jan 17 15:26 files.out
-rw-rw-r--  1 scott users      42 Nov 24 14:44 meta.ini
drwxr-xr-x  3 scott users    4096 Nov  6 14:17 orig
-rw-rw-r--  1 scott users      22 Nov 13 16:28 title
drwxrwxr-x  2 scott users    4096 Jan 17 15:25 tmp
