total 135028
drwxr-xr-x 4 scott users    4096 Jan 17 17:06 .
drwxrwxr-x 9 scott users   16384 Jan 17 16:46 ..
-rw-rw-r-- 1 scott users 1316915 Jan 17 17:03 004.000.jpg
-rw-rw-r-- 1 scott users 1190818 Jan 17 17:03 004.001.jpg
-rw-rw-r-- 1 scott users 1872173 Jan 17 17:04 004.002.jpg
-rw-rw-r-- 1 scott users 1391494 Jan 17 17:04 004.003.jpg
-rw-rw-r-- 1 scott users 1116476 Jan 17 17:04 004.004.jpg
-rw-rw-r-- 1 scott users 1588898 Jan 17 17:04 004.005.jpg
-rw-rw-r-- 1 scott users 1366501 Jan 17 17:04 004.006.jpg
-rw-rw-r-- 1 scott users 1223963 Jan 17 17:04 004.007.jpg
-rw-rw-r-- 1 scott users 1693370 Jan 17 17:04 004.008.jpg
-rw-rw-r-- 1 scott users 1561045 Jan 17 17:04 004.009.jpg
-rw-rw-r-- 1 scott users 1453096 Jan 17 17:04 004.010.jpg
-rw-rw-r-- 1 scott users 1353145 Jan 17 17:04 004.011.jpg
-rw-rw-r-- 1 scott users  955977 Jan 17 17:04 004.012.jpg
-rw-rw-r-- 1 scott users 1442354 Jan 17 17:04 004.013.jpg
-rw-rw-r-- 1 scott users 1363469 Jan 17 17:04 004.014.jpg
-rw-rw-r-- 1 scott users 1507168 Jan 17 17:04 004.015.jpg
-rw-rw-r-- 1 scott users 1524814 Jan 17 17:04 004.016.jpg
-rw-rw-r-- 1 scott users 1422396 Jan 17 17:04 004.017.jpg
-rw-rw-r-- 1 scott users 1920916 Jan 17 17:04 006.000.jpg
-rw-rw-r-- 1 scott users 2467385 Jan 17 17:04 006.001.jpg
-rw-rw-r-- 1 scott users 1948863 Jan 17 17:04 006.002.jpg
-rw-rw-r-- 1 scott users 2149699 Jan 17 17:04 006.003.jpg
-rw-rw-r-- 1 scott users 1952858 Jan 17 17:04 006.004.jpg
-rw-rw-r-- 1 scott users 2333396 Jan 17 17:04 006.005.jpg
-rw-rw-r-- 1 scott users 2148180 Jan 17 17:04 006.006.jpg
-rw-rw-r-- 1 scott users 2223790 Jan 17 17:04 006.007.jpg
-rw-rw-r-- 1 scott users 1312946 Jan 17 17:04 006.008.jpg
-rw-rw-r-- 1 scott users 2439782 Jan 17 17:04 006.009.jpg
-rw-rw-r-- 1 scott users 2102411 Jan 17 17:04 006.010.jpg
-rw-rw-r-- 1 scott users 2353846 Jan 17 17:04 006.011.jpg
-rw-rw-r-- 1 scott users 2515857 Jan 17 17:04 008.000.jpg
-rw-rw-r-- 1 scott users 3269242 Jan 17 17:04 008.001.jpg
-rw-rw-r-- 1 scott users 2708519 Jan 17 17:04 008.002.jpg
-rw-rw-r-- 1 scott users 2592036 Jan 17 17:04 008.003.jpg
-rw-rw-r-- 1 scott users 3254454 Jan 17 17:04 008.004.jpg
-rw-rw-r-- 1 scott users 2810600 Jan 17 17:04 008.005.jpg
-rw-rw-r-- 1 scott users 2405267 Jan 17 17:04 008.006.jpg
-rw-rw-r-- 1 scott users 2871277 Jan 17 17:04 008.007.jpg
-rw-rw-r-- 1 scott users 2948093 Jan 17 17:04 008.008.jpg
-rw-rw-r-- 1 scott users 2896416 Jan 17 17:04 009.000.jpg
-rw-rw-r-- 1 scott users 3450044 Jan 17 17:04 009.001.jpg
-rw-rw-r-- 1 scott users 3088595 Jan 17 17:04 009.002.jpg
-rw-rw-r-- 1 scott users 3358334 Jan 17 17:04 009.003.jpg
-rw-rw-r-- 1 scott users 3369957 Jan 17 17:04 009.004.jpg
-rw-rw-r-- 1 scott users 2317422 Jan 17 17:04 009.005.jpg
-rw-rw-r-- 1 scott users 3657150 Jan 17 17:04 009.006.jpg
-rw-rw-r-- 1 scott users 3239712 Jan 17 17:04 009.007.jpg
-rw-rw-r-- 1 scott users 1400824 Jan 17 17:05 012.000.jpg
-rw-rw-r-- 1 scott users 1271114 Jan 17 17:05 012.001.jpg
-rw-rw-r-- 1 scott users 1350343 Jan 17 17:05 012.002.jpg
-rw-rw-r-- 1 scott users 1321756 Jan 17 17:06 012.003.jpg
-rw-rw-r-- 1 scott users 1117619 Jan 17 17:06 012.004.jpg
-rw-rw-r-- 1 scott users 1366037 Jan 17 17:06 012.005.jpg
-rw-rw-r-- 1 scott users 1826171 Jan 17 17:05 016.000.jpg
-rw-rw-r-- 1 scott users 1690050 Jan 17 17:05 016.001.jpg
-rw-rw-r-- 1 scott users 1829030 Jan 17 17:05 016.002.jpg
-rw-rw-r-- 1 scott users 1574120 Jan 17 17:05 016.003.jpg
-rw-rw-r-- 1 scott users 1273951 Jan 17 17:06 018.000.jpg
-rw-rw-r-- 1 scott users 1283121 Jan 17 17:06 018.001.jpg
-rw-rw-r-- 1 scott users 1101248 Jan 17 17:06 018.002.jpg
-rw-rw-r-- 1 scott users 1295474 Jan 17 17:06 018.003.jpg
-rw-rw-r-- 1 scott users 2672581 Jan 17 17:05 024.000.jpg
-rw-rw-r-- 1 scott users 2670895 Jan 17 17:05 024.001.jpg
-rw-rw-r-- 1 scott users 2483335 Jan 17 17:05 024.002.jpg
-rw-rw-r-- 1 scott users 1279964 Jan 17 17:06 024.003.000.jpg
-rw-rw-r-- 1 scott users 2556951 Jan 17 17:06 036.000.jpg
-rw-rw-r-- 1 scott users 2396947 Jan 17 17:06 036.001.jpg
-rw-rw-r-- 1 scott users  797629 Jan 17 17:06 036.002.000.jpg
-rw-rw-r-- 1 scott users 2085746 Jan 17 17:06 072.000.jpg
-rw-rw-r-- 1 scott users    1896 Jan 17 17:06 aspects.out
-rw-rw-r-- 1 scott users     929 Jan 17 17:06 error
-rw-rw-r-- 1 scott users       0 Jan 17 17:06 files.out
-rw-rw-r-- 1 scott users      38 Nov 23 16:16 meta.ini
drwxr-xr-x 2 scott users    4096 Jan 17 16:47 orig
drwxrwxr-x 2 scott users    4096 Jan 17 17:06 tmp
