total 171856
drwxr-xr-x  4 scott users    4096 Feb  5 18:15 .
drwxrwxr-x 10 scott users    4096 Feb  5 18:00 ..
-rw-rw-r--  1 scott users 3250447 Feb  5 18:13 006.000.jpg
-rw-rw-r--  1 scott users 2820198 Feb  5 18:13 006.001.jpg
-rw-rw-r--  1 scott users 3206005 Feb  5 18:13 006.002.jpg
-rw-rw-r--  1 scott users 2789508 Feb  5 18:13 006.003.jpg
-rw-rw-r--  1 scott users 2836047 Feb  5 18:13 006.004.jpg
-rw-rw-r--  1 scott users 3058496 Feb  5 18:13 006.005.jpg
-rw-rw-r--  1 scott users 4334933 Feb  5 18:13 006.006.jpg
-rw-rw-r--  1 scott users 4636739 Feb  5 18:13 006.007.jpg
-rw-rw-r--  1 scott users 4514795 Feb  5 18:13 006.008.jpg
-rw-rw-r--  1 scott users 4599504 Feb  5 18:13 006.009.jpg
-rw-rw-r--  1 scott users 4669646 Feb  5 18:13 006.010.jpg
-rw-rw-r--  1 scott users 4959386 Feb  5 18:13 006.011.jpg
-rw-rw-r--  1 scott users 4215655 Feb  5 18:13 008.000.jpg
-rw-rw-r--  1 scott users 3957490 Feb  5 18:13 008.001.jpg
-rw-rw-r--  1 scott users 3898373 Feb  5 18:13 008.002.jpg
-rw-rw-r--  1 scott users 3849278 Feb  5 18:14 008.003.jpg
-rw-rw-r--  1 scott users 4730806 Feb  5 18:14 008.004.jpg
-rw-rw-r--  1 scott users 6293641 Feb  5 18:14 008.005.jpg
-rw-rw-r--  1 scott users 5807805 Feb  5 18:14 008.006.jpg
-rw-rw-r--  1 scott users 6521078 Feb  5 18:14 008.007.jpg
-rw-rw-r--  1 scott users 6410805 Feb  5 18:14 008.008.jpg
-rw-rw-r--  1 scott users 4688544 Feb  5 18:14 009.000.jpg
-rw-rw-r--  1 scott users 4522279 Feb  5 18:14 009.001.jpg
-rw-rw-r--  1 scott users 4131932 Feb  5 18:14 009.002.jpg
-rw-rw-r--  1 scott users 4419874 Feb  5 18:14 009.003.jpg
-rw-rw-r--  1 scott users 6580884 Feb  5 18:14 009.004.jpg
-rw-rw-r--  1 scott users 6762299 Feb  5 18:14 009.005.jpg
-rw-rw-r--  1 scott users 6896016 Feb  5 18:14 009.006.jpg
-rw-rw-r--  1 scott users 7226432 Feb  5 18:14 009.007.jpg
-rw-rw-r--  1 scott users 1575811 Feb  5 18:15 012.000.jpg
-rw-rw-r--  1 scott users 1605945 Feb  5 18:15 012.001.jpg
-rw-rw-r--  1 scott users 1573030 Feb  5 18:15 012.002.jpg
-rw-rw-r--  1 scott users 2443751 Feb  5 18:15 012.003.jpg
-rw-rw-r--  1 scott users 2424254 Feb  5 18:15 012.004.jpg
-rw-rw-r--  1 scott users 2666963 Feb  5 18:15 012.005.jpg
-rw-rw-r--  1 scott users 3181714 Feb  5 18:14 024.000.jpg
-rw-rw-r--  1 scott users 4018978 Feb  5 18:14 024.001.jpg
-rw-rw-r--  1 scott users 5091937 Feb  5 18:14 024.002.jpg
-rw-rw-r--  1 scott users 2941627 Feb  5 18:15 036.000.jpg
-rw-rw-r--  1 scott users 4504759 Feb  5 18:15 036.001.jpg
-rw-rw-r--  1 scott users 2831528 Feb  5 18:15 072.000.jpg
-rw-rw-r--  1 scott users 1856765 Jan 26 08:54 240.240.gif
-rw-rw-r--  1 scott users 2533951 Jan 26 08:53 420.240.gif
-rw-rw-r--  1 scott users    3185 Feb  5 18:15 aspects.out
-rw-rw-r--  1 scott users    5792 Jan 17 09:44 describe.txt
-rw-rw-r--  1 scott users    5546 Jan 31 01:07 div.out
-rw-rw-r--  1 scott users     744 Feb  5 18:15 error
-rw-rw-r--  1 scott users       0 Feb  5 18:15 files.out
-rw-rw-r--  1 scott users      42 Nov 24 16:36 meta.ini
drwxr-xr-x  2 scott users    4096 Jan 17 08:56 orig
drwxrwxr-x  2 scott users    4096 Feb  5 18:14 tmp
