total 233384
drwxr-xr-x  4 scott users    4096 Jan 17 15:18 .
drwxrwxr-x 27 scott users    4096 Jan 16 21:35 ..
-rw-rw-r--  1 scott users 2699851 Jan 17 13:33 004.000.jpg
-rw-rw-r--  1 scott users 2267765 Jan 17 13:33 004.001.jpg
-rw-rw-r--  1 scott users 2978734 Jan 17 13:33 004.002.jpg
-rw-rw-r--  1 scott users 2597159 Jan 17 13:33 004.003.jpg
-rw-rw-r--  1 scott users 2352911 Jan 17 13:33 004.004.jpg
-rw-rw-r--  1 scott users 2651402 Jan 17 13:33 004.005.jpg
-rw-rw-r--  1 scott users 3926696 Jan 17 13:33 004.006.jpg
-rw-rw-r--  1 scott users 2527631 Jan 17 13:33 004.007.jpg
-rw-rw-r--  1 scott users 2982579 Jan 17 13:33 004.008.jpg
-rw-rw-r--  1 scott users 2927435 Jan 17 13:33 004.009.jpg
-rw-rw-r--  1 scott users 2818364 Jan 17 13:33 004.010.jpg
-rw-rw-r--  1 scott users 2337352 Jan 17 13:33 004.011.jpg
-rw-rw-r--  1 scott users 2782391 Jan 17 13:33 004.012.jpg
-rw-rw-r--  1 scott users 2178866 Jan 17 13:33 004.013.jpg
-rw-rw-r--  1 scott users 2471906 Jan 17 13:34 004.014.jpg
-rw-rw-r--  1 scott users 2296546 Jan 17 13:34 004.015.jpg
-rw-rw-r--  1 scott users 2386146 Jan 17 13:34 004.016.jpg
-rw-rw-r--  1 scott users 2761940 Jan 17 13:34 004.017.jpg
-rw-rw-r--  1 scott users 3780995 Jan 17 13:34 006.000.jpg
-rw-rw-r--  1 scott users 4295087 Jan 17 13:34 006.001.jpg
-rw-rw-r--  1 scott users 3451220 Jan 17 13:34 006.002.jpg
-rw-rw-r--  1 scott users 4156448 Jan 17 13:34 006.003.jpg
-rw-rw-r--  1 scott users 4991637 Jan 17 13:34 006.004.jpg
-rw-rw-r--  1 scott users 4498467 Jan 17 13:34 006.005.jpg
-rw-rw-r--  1 scott users 4248832 Jan 17 13:34 006.006.jpg
-rw-rw-r--  1 scott users 3838271 Jan 17 13:34 006.007.jpg
-rw-rw-r--  1 scott users 4006581 Jan 17 13:34 006.008.jpg
-rw-rw-r--  1 scott users 3434496 Jan 17 13:34 006.009.jpg
-rw-rw-r--  1 scott users 3055477 Jan 17 13:34 006.010.jpg
-rw-rw-r--  1 scott users 4384203 Jan 17 13:34 006.011.jpg
-rw-rw-r--  1 scott users 5053209 Jan 17 13:34 008.000.jpg
-rw-rw-r--  1 scott users 5581451 Jan 17 13:34 008.001.jpg
-rw-rw-r--  1 scott users 5004198 Jan 17 13:34 008.002.jpg
-rw-rw-r--  1 scott users 6525582 Jan 17 13:34 008.003.jpg
-rw-rw-r--  1 scott users 5918517 Jan 17 13:34 008.004.jpg
-rw-rw-r--  1 scott users 5161423 Jan 17 13:34 008.005.jpg
-rw-rw-r--  1 scott users 4964447 Jan 17 13:34 008.006.jpg
-rw-rw-r--  1 scott users 4778161 Jan 17 13:34 008.007.jpg
-rw-rw-r--  1 scott users 5152855 Jan 17 13:34 008.008.jpg
-rw-rw-r--  1 scott users 5806395 Jan 17 13:34 009.000.jpg
-rw-rw-r--  1 scott users 5725111 Jan 17 13:34 009.001.jpg
-rw-rw-r--  1 scott users 6670531 Jan 17 13:34 009.002.jpg
-rw-rw-r--  1 scott users 7010163 Jan 17 13:35 009.003.jpg
-rw-rw-r--  1 scott users 6418151 Jan 17 13:35 009.004.jpg
-rw-rw-r--  1 scott users 5688305 Jan 17 13:35 009.005.jpg
-rw-rw-r--  1 scott users 5202225 Jan 17 13:35 009.006.jpg
-rw-rw-r--  1 scott users 5682634 Jan 17 13:35 009.007.jpg
-rw-rw-r--  1 scott users 1980447 Jan 17 13:36 012.000.jpg
-rw-rw-r--  1 scott users 1454129 Jan 17 13:36 012.001.jpg
-rw-rw-r--  1 scott users 1946782 Jan 17 13:36 012.002.jpg
-rw-rw-r--  1 scott users 1756780 Jan 17 13:36 012.003.jpg
-rw-rw-r--  1 scott users 1547325 Jan 17 13:36 012.004.jpg
-rw-rw-r--  1 scott users 1491844 Jan 17 13:36 012.005.jpg
-rw-rw-r--  1 scott users 2513756 Jan 17 13:35 016.000.jpg
-rw-rw-r--  1 scott users 2257702 Jan 17 13:35 016.001.jpg
-rw-rw-r--  1 scott users 2368341 Jan 17 13:35 016.002.jpg
-rw-rw-r--  1 scott users 1977979 Jan 17 13:35 016.003.jpg
-rw-rw-r--  1 scott users 1593191 Jan 17 13:36 018.000.jpg
-rw-rw-r--  1 scott users 1627744 Jan 17 13:36 018.001.jpg
-rw-rw-r--  1 scott users 1544540 Jan 17 13:36 018.002.jpg
-rw-rw-r--  1 scott users 1351816 Jan 17 13:36 018.003.jpg
-rw-rw-r--  1 scott users 3436273 Jan 17 13:35 024.000.jpg
-rw-rw-r--  1 scott users 3704026 Jan 17 13:35 024.001.jpg
-rw-rw-r--  1 scott users 3044523 Jan 17 13:35 024.002.jpg
-rw-rw-r--  1 scott users 1416475 Jan 17 13:37 024.003.000.jpg
-rw-rw-r--  1 scott users 3220996 Jan 17 13:36 036.000.jpg
-rw-rw-r--  1 scott users 2896861 Jan 17 13:37 036.001.jpg
-rw-rw-r--  1 scott users  848621 Jan 17 13:37 036.002.000.jpg
-rw-rw-r--  1 scott users 2379345 Jan 17 15:18 072.000.jpg
-rw-rw-r--  1 scott users    2032 Jan 17 15:18 aspects.out
-rwxrwxr-x  1 scott users    5720 Jan 17 13:37 describe.txt
-rw-rw-r--  1 scott users     929 Jan 17 15:18 error
-rw-rw-r--  1 scott users       0 Jan 17 15:18 files.out
-rw-rw-r--  1 scott users      41 Nov 24 14:43 meta.ini
drwxr-xr-x  3 scott users    4096 Nov  6 14:08 orig
-rw-rw-r--  1 scott users      22 Nov 13 16:28 title
drwxrwxr-x  2 scott users    4096 Jan 17 15:18 tmp
