total 133424
drwxr-xr-x 4 scott users    4096 Jan 17 00:36 .
drwxrwxr-x 9 scott users   12288 Jan 16 19:38 ..
-rw-rw-r-- 1 scott users    1121 Dec  9 21:53 000.html
-rw-rw-r-- 1 scott users  949915 Jan 16 12:31 004.000.jpg
-rw-rw-r-- 1 scott users 1477720 Jan 16 12:31 004.001.jpg
-rw-rw-r-- 1 scott users 1394900 Jan 16 12:31 004.002.jpg
-rw-rw-r-- 1 scott users 1378657 Jan 16 12:31 004.003.jpg
-rw-rw-r-- 1 scott users 1599398 Jan 16 12:31 004.004.jpg
-rw-rw-r-- 1 scott users 1405698 Jan 16 12:31 004.005.jpg
-rw-rw-r-- 1 scott users 1625754 Jan 16 12:31 004.006.jpg
-rw-rw-r-- 1 scott users 1609143 Jan 16 12:31 004.007.jpg
-rw-rw-r-- 1 scott users 1471822 Jan 16 12:31 004.008.jpg
-rw-rw-r-- 1 scott users 1502593 Jan 16 12:31 004.009.jpg
-rw-rw-r-- 1 scott users 1436912 Jan 16 12:31 004.010.jpg
-rw-rw-r-- 1 scott users 1607761 Jan 16 12:31 004.011.jpg
-rw-rw-r-- 1 scott users 1870074 Jan 16 12:31 004.012.jpg
-rw-rw-r-- 1 scott users 1778022 Jan 16 12:31 004.013.jpg
-rw-rw-r-- 1 scott users 1014131 Jan 16 12:31 004.014.jpg
-rw-rw-r-- 1 scott users 1111262 Jan 16 12:31 004.015.jpg
-rw-rw-r-- 1 scott users  612997 Jan 16 12:31 004.016.jpg
-rw-rw-r-- 1 scott users  886886 Jan 16 12:31 004.017.jpg
-rw-rw-r-- 1 scott users 1646786 Jan 16 12:31 006.000.jpg
-rw-rw-r-- 1 scott users 2175319 Jan 16 12:31 006.001.jpg
-rw-rw-r-- 1 scott users 2121856 Jan 16 12:31 006.002.jpg
-rw-rw-r-- 1 scott users 2264079 Jan 16 12:31 006.003.jpg
-rw-rw-r-- 1 scott users 2391988 Jan 16 12:31 006.004.jpg
-rw-rw-r-- 1 scott users 2316750 Jan 16 12:31 006.005.jpg
-rw-rw-r-- 1 scott users 2246659 Jan 16 12:31 006.006.jpg
-rw-rw-r-- 1 scott users 2306421 Jan 16 12:31 006.007.jpg
-rw-rw-r-- 1 scott users 2805239 Jan 16 12:31 006.008.jpg
-rw-rw-r-- 1 scott users 1892735 Jan 16 12:31 006.009.jpg
-rw-rw-r-- 1 scott users 1432615 Jan 16 12:31 006.010.jpg
-rw-rw-r-- 1 scott users 1182167 Jan 16 12:31 006.011.jpg
-rw-rw-r-- 1 scott users 2430140 Jan 16 12:31 008.000.jpg
-rw-rw-r-- 1 scott users 2774199 Jan 16 12:31 008.001.jpg
-rw-rw-r-- 1 scott users 3010455 Jan 16 12:31 008.002.jpg
-rw-rw-r-- 1 scott users 3234750 Jan 16 12:31 008.003.jpg
-rw-rw-r-- 1 scott users 2974646 Jan 16 12:31 008.004.jpg
-rw-rw-r-- 1 scott users 3052348 Jan 16 12:31 008.005.jpg
-rw-rw-r-- 1 scott users 3670489 Jan 16 12:31 008.006.jpg
-rw-rw-r-- 1 scott users 2126427 Jan 16 12:31 008.007.jpg
-rw-rw-r-- 1 scott users 1504378 Jan 16 12:31 008.008.jpg
-rw-rw-r-- 1 scott users 2746161 Jan 16 12:31 009.000.jpg
-rw-rw-r-- 1 scott users 3203216 Jan 16 12:31 009.001.jpg
-rw-rw-r-- 1 scott users 3300562 Jan 16 12:32 009.002.jpg
-rw-rw-r-- 1 scott users 3676911 Jan 16 12:32 009.003.jpg
-rw-rw-r-- 1 scott users 3410684 Jan 16 12:32 009.004.jpg
-rw-rw-r-- 1 scott users 3963586 Jan 16 12:32 009.005.jpg
-rw-rw-r-- 1 scott users 2740112 Jan 16 12:32 009.006.jpg
-rw-rw-r-- 1 scott users 1775024 Jan 16 12:32 009.007.jpg
-rw-rw-r-- 1 scott users 1278459 Jan 16 12:33 012.000.jpg
-rw-rw-r-- 1 scott users 1390666 Jan 16 12:33 012.001.jpg
-rw-rw-r-- 1 scott users 1495082 Jan 16 12:33 012.002.jpg
-rw-rw-r-- 1 scott users 1440171 Jan 16 12:33 012.003.jpg
-rw-rw-r-- 1 scott users 1495468 Jan 16 12:33 012.004.jpg
-rw-rw-r-- 1 scott users  894392 Jan 16 12:33 012.005.jpg
-rw-rw-r-- 1 scott users 1727254 Jan 16 12:32 016.000.jpg
-rw-rw-r-- 1 scott users 1959850 Jan 16 12:32 016.001.jpg
-rw-rw-r-- 1 scott users 1918655 Jan 16 12:32 016.002.jpg
-rw-rw-r-- 1 scott users 1865461 Jan 16 12:32 016.003.jpg
-rw-rw-r-- 1 scott users 1195136 Jan 16 12:33 018.000.jpg
-rw-rw-r-- 1 scott users 1360957 Jan 16 12:33 018.001.jpg
-rw-rw-r-- 1 scott users 1419127 Jan 16 12:33 018.002.jpg
-rw-rw-r-- 1 scott users  934976 Jan 16 12:33 018.003.jpg
-rw-rw-r-- 1 scott users 2671523 Jan 16 12:32 024.000.jpg
-rw-rw-r-- 1 scott users 2934934 Jan 16 12:32 024.001.jpg
-rw-rw-r-- 1 scott users 2394397 Jan 16 12:32 024.002.jpg
-rw-rw-r-- 1 scott users 1237214 Jan 16 12:33 024.003.000.jpg
-rw-rw-r-- 1 scott users 2557278 Jan 16 12:33 036.000.jpg
-rw-rw-r-- 1 scott users 2357777 Jan 16 12:33 036.001.jpg
-rw-rw-r-- 1 scott users  777919 Jan 16 12:33 036.002.000.jpg
-rw-rw-r-- 1 scott users 2009212 Jan 17 00:36 072.000.jpg
-rw-rw-r-- 1 scott users    1870 Jan 17 00:36 aspects.out
-rwxrwxr-x 1 scott users    5864 Jan 16 17:43 describe.txt
-rw-rw-r-- 1 scott users     929 Jan 17 00:36 error
-rw-rw-r-- 1 scott users       0 Jan 17 00:36 files.out
-rw-rw-r-- 1 scott users      43 Nov 24 16:30 meta.ini
drwxr-xr-x 2 scott users    4096 Jan 16 12:20 orig
-rw-rw-r-- 1 scott users      22 Nov 13 16:50 title
drwxrwxr-x 2 scott users    4096 Jan 17 00:36 tmp
