total 220540
drwxr-xr-x  4 scott users    4096 Jan 17 15:25 .
drwxrwxr-x 27 scott users    4096 Jan 16 21:35 ..
-rw-rw-r--  1 scott users 2374239 Jan 17 13:41 004.000.jpg
-rw-rw-r--  1 scott users 3236087 Jan 17 13:41 004.001.jpg
-rw-rw-r--  1 scott users 2521771 Jan 17 13:41 004.002.jpg
-rw-rw-r--  1 scott users 2510863 Jan 17 13:41 004.003.jpg
-rw-rw-r--  1 scott users 3283740 Jan 17 13:41 004.004.jpg
-rw-rw-r--  1 scott users 3062377 Jan 17 13:41 004.005.jpg
-rw-rw-r--  1 scott users 2567668 Jan 17 13:41 004.006.jpg
-rw-rw-r--  1 scott users 2628248 Jan 17 13:41 004.007.jpg
-rw-rw-r--  1 scott users 2890730 Jan 17 13:41 004.008.jpg
-rw-rw-r--  1 scott users 3216157 Jan 17 13:41 004.009.jpg
-rw-rw-r--  1 scott users 2751314 Jan 17 13:41 004.010.jpg
-rw-rw-r--  1 scott users 2018182 Jan 17 13:41 004.011.jpg
-rw-rw-r--  1 scott users 2255835 Jan 17 13:41 004.012.jpg
-rw-rw-r--  1 scott users 2806529 Jan 17 13:41 004.013.jpg
-rw-rw-r--  1 scott users 1822248 Jan 17 13:41 004.014.jpg
-rw-rw-r--  1 scott users 1808683 Jan 17 13:41 004.015.jpg
-rw-rw-r--  1 scott users 2052482 Jan 17 13:41 004.016.jpg
-rw-rw-r--  1 scott users 1744529 Jan 17 13:41 004.017.jpg
-rw-rw-r--  1 scott users 3883006 Jan 17 13:41 006.000.jpg
-rw-rw-r--  1 scott users 4254570 Jan 17 13:41 006.001.jpg
-rw-rw-r--  1 scott users 4256217 Jan 17 13:42 006.002.jpg
-rw-rw-r--  1 scott users 4609565 Jan 17 13:42 006.003.jpg
-rw-rw-r--  1 scott users 4157597 Jan 17 13:42 006.004.jpg
-rw-rw-r--  1 scott users 3936003 Jan 17 13:42 006.005.jpg
-rw-rw-r--  1 scott users 4653130 Jan 17 13:42 006.006.jpg
-rw-rw-r--  1 scott users 3350294 Jan 17 13:42 006.007.jpg
-rw-rw-r--  1 scott users 3895243 Jan 17 13:42 006.008.jpg
-rw-rw-r--  1 scott users 3015307 Jan 17 13:42 006.009.jpg
-rw-rw-r--  1 scott users 2881649 Jan 17 13:42 006.010.jpg
-rw-rw-r--  1 scott users 2769005 Jan 17 13:42 006.011.jpg
-rw-rw-r--  1 scott users 5619066 Jan 17 13:42 008.000.jpg
-rw-rw-r--  1 scott users 5031934 Jan 17 13:42 008.001.jpg
-rw-rw-r--  1 scott users 6352682 Jan 17 13:42 008.002.jpg
-rw-rw-r--  1 scott users 5200866 Jan 17 13:42 008.003.jpg
-rw-rw-r--  1 scott users 6122445 Jan 17 13:42 008.004.jpg
-rw-rw-r--  1 scott users 4782306 Jan 17 13:42 008.005.jpg
-rw-rw-r--  1 scott users 5121656 Jan 17 13:42 008.006.jpg
-rw-rw-r--  1 scott users 3637110 Jan 17 13:42 008.007.jpg
-rw-rw-r--  1 scott users 3886596 Jan 17 13:42 008.008.jpg
-rw-rw-r--  1 scott users 6139559 Jan 17 13:42 009.000.jpg
-rw-rw-r--  1 scott users 6259315 Jan 17 13:42 009.001.jpg
-rw-rw-r--  1 scott users 6703277 Jan 17 13:42 009.002.jpg
-rw-rw-r--  1 scott users 6012963 Jan 17 13:42 009.003.jpg
-rw-rw-r--  1 scott users 6528487 Jan 17 13:42 009.004.jpg
-rw-rw-r--  1 scott users 5364842 Jan 17 13:42 009.005.jpg
-rw-rw-r--  1 scott users 4500719 Jan 17 13:42 009.006.jpg
-rw-rw-r--  1 scott users 4238280 Jan 17 13:43 009.007.jpg
-rw-rw-r--  1 scott users 1508562 Jan 17 13:43 012.000.jpg
-rw-rw-r--  1 scott users 1895139 Jan 17 13:44 012.001.jpg
-rw-rw-r--  1 scott users 1703459 Jan 17 13:44 012.002.jpg
-rw-rw-r--  1 scott users 1634510 Jan 17 13:44 012.003.jpg
-rw-rw-r--  1 scott users 1417911 Jan 17 13:44 012.004.jpg
-rw-rw-r--  1 scott users 1226309 Jan 17 13:44 012.005.jpg
-rw-rw-r--  1 scott users 2047907 Jan 17 13:43 016.000.jpg
-rw-rw-r--  1 scott users 2496267 Jan 17 13:43 016.001.jpg
-rw-rw-r--  1 scott users 2197145 Jan 17 13:43 016.002.jpg
-rw-rw-r--  1 scott users 1719024 Jan 17 13:43 016.003.jpg
-rw-rw-r--  1 scott users 1447704 Jan 17 13:44 018.000.jpg
-rw-rw-r--  1 scott users 1648353 Jan 17 13:44 018.001.jpg
-rw-rw-r--  1 scott users 1517221 Jan 17 13:44 018.002.jpg
-rw-rw-r--  1 scott users 1059621 Jan 17 13:44 018.003.jpg
-rw-rw-r--  1 scott users 3403408 Jan 17 13:43 024.000.jpg
-rw-rw-r--  1 scott users 3337772 Jan 17 13:43 024.001.jpg
-rw-rw-r--  1 scott users 2644895 Jan 17 13:43 024.002.jpg
-rw-rw-r--  1 scott users 1335265 Jan 17 13:45 024.003.000.jpg
-rw-rw-r--  1 scott users 3095119 Jan 17 13:44 036.000.jpg
-rw-rw-r--  1 scott users 2581714 Jan 17 13:44 036.001.jpg
-rw-rw-r--  1 scott users  803288 Jan 17 13:45 036.002.000.jpg
-rw-rw-r--  1 scott users 2233785 Jan 17 15:25 072.000.jpg
-rw-rw-r--  1 scott users    2032 Jan 17 15:25 aspects.out
-rwxrwxr-x  1 scott users    5721 Jan 17 13:45 describe.txt
-rw-rw-r--  1 scott users     929 Jan 17 15:25 error
-rw-rw-r--  1 scott users       0 Jan 17 15:25 files.out
-rw-rw-r--  1 scott users      42 Nov 24 14:43 meta.ini
drwxr-xr-x  3 scott users    4096 Nov  6 14:11 orig
-rw-rw-r--  1 scott users      22 Nov 13 16:28 title
drwxrwxr-x  2 scott users    4096 Jan 17 15:25 tmp
