total 193972
drwxr-xr-x  4 scott users    4096 Jan 17 15:18 .
drwxrwxr-x 27 scott users    4096 Jan 16 21:35 ..
-rw-rw-r--  1 scott users 1892499 Jan 17 13:25 004.000.jpg
-rw-rw-r--  1 scott users 2157292 Jan 17 13:25 004.001.jpg
-rw-rw-r--  1 scott users 1986904 Jan 17 13:25 004.002.jpg
-rw-rw-r--  1 scott users 2124244 Jan 17 13:25 004.003.jpg
-rw-rw-r--  1 scott users 2046545 Jan 17 13:25 004.004.jpg
-rw-rw-r--  1 scott users 2109305 Jan 17 13:25 004.005.jpg
-rw-rw-r--  1 scott users 1961019 Jan 17 13:25 004.006.jpg
-rw-rw-r--  1 scott users 2075281 Jan 17 13:25 004.007.jpg
-rw-rw-r--  1 scott users 2065471 Jan 17 13:25 004.008.jpg
-rw-rw-r--  1 scott users 2138852 Jan 17 13:25 004.009.jpg
-rw-rw-r--  1 scott users 2217642 Jan 17 13:25 004.010.jpg
-rw-rw-r--  1 scott users 1901080 Jan 17 13:25 004.011.jpg
-rw-rw-r--  1 scott users 2297137 Jan 17 13:25 004.012.jpg
-rw-rw-r--  1 scott users 2418556 Jan 17 13:25 004.013.jpg
-rw-rw-r--  1 scott users 2177272 Jan 17 13:25 004.014.jpg
-rw-rw-r--  1 scott users 2430859 Jan 17 13:25 004.015.jpg
-rw-rw-r--  1 scott users 2538461 Jan 17 13:25 004.016.jpg
-rw-rw-r--  1 scott users 2937231 Jan 17 13:25 004.017.jpg
-rw-rw-r--  1 scott users 2856746 Jan 17 13:25 006.000.jpg
-rw-rw-r--  1 scott users 3188932 Jan 17 13:25 006.001.jpg
-rw-rw-r--  1 scott users 3112317 Jan 17 13:25 006.002.jpg
-rw-rw-r--  1 scott users 3179809 Jan 17 13:25 006.003.jpg
-rw-rw-r--  1 scott users 2864707 Jan 17 13:25 006.004.jpg
-rw-rw-r--  1 scott users 3245608 Jan 17 13:25 006.005.jpg
-rw-rw-r--  1 scott users 3253456 Jan 17 13:25 006.006.jpg
-rw-rw-r--  1 scott users 3009180 Jan 17 13:25 006.007.jpg
-rw-rw-r--  1 scott users 3480744 Jan 17 13:25 006.008.jpg
-rw-rw-r--  1 scott users 3418016 Jan 17 13:25 006.009.jpg
-rw-rw-r--  1 scott users 3754516 Jan 17 13:25 006.010.jpg
-rw-rw-r--  1 scott users 4154118 Jan 17 13:25 006.011.jpg
-rw-rw-r--  1 scott users 4059402 Jan 17 13:25 008.000.jpg
-rw-rw-r--  1 scott users 4124479 Jan 17 13:25 008.001.jpg
-rw-rw-r--  1 scott users 4158034 Jan 17 13:25 008.002.jpg
-rw-rw-r--  1 scott users 4039693 Jan 17 13:26 008.003.jpg
-rw-rw-r--  1 scott users 4210545 Jan 17 13:26 008.004.jpg
-rw-rw-r--  1 scott users 4121950 Jan 17 13:26 008.005.jpg
-rw-rw-r--  1 scott users 4718900 Jan 17 13:26 008.006.jpg
-rw-rw-r--  1 scott users 4624208 Jan 17 13:26 008.007.jpg
-rw-rw-r--  1 scott users 5483609 Jan 17 13:26 008.008.jpg
-rw-rw-r--  1 scott users 4589291 Jan 17 13:26 009.000.jpg
-rw-rw-r--  1 scott users 4577127 Jan 17 13:26 009.001.jpg
-rw-rw-r--  1 scott users 4663228 Jan 17 13:26 009.002.jpg
-rw-rw-r--  1 scott users 4625280 Jan 17 13:26 009.003.jpg
-rw-rw-r--  1 scott users 4929237 Jan 17 13:26 009.004.jpg
-rw-rw-r--  1 scott users 4813088 Jan 17 13:26 009.005.jpg
-rw-rw-r--  1 scott users 5300804 Jan 17 13:26 009.006.jpg
-rw-rw-r--  1 scott users 6043661 Jan 17 13:26 009.007.jpg
-rw-rw-r--  1 scott users 1360189 Jan 17 13:27 012.000.jpg
-rw-rw-r--  1 scott users 1444627 Jan 17 13:27 012.001.jpg
-rw-rw-r--  1 scott users 1352346 Jan 17 13:27 012.002.jpg
-rw-rw-r--  1 scott users 1387770 Jan 17 13:27 012.003.jpg
-rw-rw-r--  1 scott users 1502979 Jan 17 13:27 012.004.jpg
-rw-rw-r--  1 scott users 1819832 Jan 17 13:27 012.005.jpg
-rw-rw-r--  1 scott users 1825182 Jan 17 13:27 016.000.jpg
-rw-rw-r--  1 scott users 1902975 Jan 17 13:27 016.001.jpg
-rw-rw-r--  1 scott users 1815789 Jan 17 13:27 016.002.jpg
-rw-rw-r--  1 scott users 2040135 Jan 17 13:27 016.003.jpg
-rw-rw-r--  1 scott users 1242502 Jan 17 13:28 018.000.jpg
-rw-rw-r--  1 scott users 1289614 Jan 17 13:28 018.001.jpg
-rw-rw-r--  1 scott users 1325128 Jan 17 13:28 018.002.jpg
-rw-rw-r--  1 scott users 1539444 Jan 17 13:28 018.003.jpg
-rw-rw-r--  1 scott users 2805509 Jan 17 13:27 024.000.jpg
-rw-rw-r--  1 scott users 2740405 Jan 17 13:27 024.001.jpg
-rw-rw-r--  1 scott users 3324895 Jan 17 13:27 024.002.jpg
-rw-rw-r--  1 scott users 1296374 Jan 17 13:28 024.003.000.jpg
-rw-rw-r--  1 scott users 2534206 Jan 17 13:28 036.000.jpg
-rw-rw-r--  1 scott users 2866046 Jan 17 13:28 036.001.jpg
-rw-rw-r--  1 scott users  790905 Jan 17 13:28 036.002.000.jpg
-rw-rw-r--  1 scott users 2158289 Jan 17 15:18 072.000.jpg
-rw-rw-r--  1 scott users    2032 Jan 17 15:18 aspects.out
-rwxrwxr-x  1 scott users    5719 Jan 17 13:28 describe.txt
-rw-rw-r--  1 scott users     929 Jan 17 15:18 error
-rw-rw-r--  1 scott users       0 Jan 17 15:18 files.out
-rw-rw-r--  1 scott users      40 Nov 24 14:42 meta.ini
drwxr-xr-x  3 scott users    4096 Nov  6 14:05 orig
-rw-rw-r--  1 scott users      22 Nov 13 16:28 title
drwxrwxr-x  2 scott users    4096 Jan 17 15:17 tmp
