total 189536
drwxr-xr-x  4 scott users    4096 Jan 17 00:41 .
drwxrwxr-x 27 scott users    4096 Jan 16 21:35 ..
-rw-rw-r--  1 scott users 1532355 Jan 16 20:13 004.000.jpg
-rw-rw-r--  1 scott users 1867505 Jan 16 20:13 004.001.jpg
-rw-rw-r--  1 scott users 2794493 Jan 16 20:13 004.002.jpg
-rw-rw-r--  1 scott users 1743515 Jan 16 20:13 004.003.jpg
-rw-rw-r--  1 scott users 2112155 Jan 16 20:13 004.004.jpg
-rw-rw-r--  1 scott users 2498260 Jan 16 20:13 004.005.jpg
-rw-rw-r--  1 scott users 1946674 Jan 16 20:13 004.006.jpg
-rw-rw-r--  1 scott users 1312269 Jan 16 20:13 004.007.jpg
-rw-rw-r--  1 scott users 1433023 Jan 16 20:13 004.008.jpg
-rw-rw-r--  1 scott users 1986582 Jan 16 20:13 004.009.jpg
-rw-rw-r--  1 scott users 2823502 Jan 16 20:13 004.010.jpg
-rw-rw-r--  1 scott users 1684968 Jan 16 20:13 004.011.jpg
-rw-rw-r--  1 scott users 2374246 Jan 16 20:13 004.012.jpg
-rw-rw-r--  1 scott users 1719189 Jan 16 20:13 004.013.jpg
-rw-rw-r--  1 scott users 2750389 Jan 16 20:13 004.014.jpg
-rw-rw-r--  1 scott users 2285843 Jan 16 20:13 004.015.jpg
-rw-rw-r--  1 scott users 1594574 Jan 16 20:13 004.016.jpg
-rw-rw-r--  1 scott users 2218768 Jan 16 20:13 004.017.jpg
-rw-rw-r--  1 scott users 2489912 Jan 16 20:13 006.000.jpg
-rw-rw-r--  1 scott users 3721786 Jan 16 20:13 006.001.jpg
-rw-rw-r--  1 scott users 3074464 Jan 16 20:13 006.002.jpg
-rw-rw-r--  1 scott users 3287129 Jan 16 20:13 006.003.jpg
-rw-rw-r--  1 scott users 2528301 Jan 16 20:13 006.004.jpg
-rw-rw-r--  1 scott users 2176780 Jan 16 20:13 006.005.jpg
-rw-rw-r--  1 scott users 3406978 Jan 16 20:13 006.006.jpg
-rw-rw-r--  1 scott users 3103792 Jan 16 20:13 006.007.jpg
-rw-rw-r--  1 scott users 3231965 Jan 16 20:13 006.008.jpg
-rw-rw-r--  1 scott users 3621285 Jan 16 20:13 006.009.jpg
-rw-rw-r--  1 scott users 2995445 Jan 16 20:13 006.010.jpg
-rw-rw-r--  1 scott users 3112135 Jan 16 20:13 006.011.jpg
-rw-rw-r--  1 scott users 3413967 Jan 16 20:13 008.000.jpg
-rw-rw-r--  1 scott users 4562710 Jan 16 20:13 008.001.jpg
-rw-rw-r--  1 scott users 4615298 Jan 16 20:13 008.002.jpg
-rw-rw-r--  1 scott users 3271682 Jan 16 20:13 008.003.jpg
-rw-rw-r--  1 scott users 3425277 Jan 16 20:13 008.004.jpg
-rw-rw-r--  1 scott users 4517896 Jan 16 20:14 008.005.jpg
-rw-rw-r--  1 scott users 4098343 Jan 16 20:14 008.006.jpg
-rw-rw-r--  1 scott users 5042570 Jan 16 20:14 008.007.jpg
-rw-rw-r--  1 scott users 3815296 Jan 16 20:14 008.008.jpg
-rw-rw-r--  1 scott users 4042918 Jan 16 20:14 009.000.jpg
-rw-rw-r--  1 scott users 5260700 Jan 16 20:14 009.001.jpg
-rw-rw-r--  1 scott users 5010209 Jan 16 20:14 009.002.jpg
-rw-rw-r--  1 scott users 2966350 Jan 16 20:14 009.003.jpg
-rw-rw-r--  1 scott users 5191784 Jan 16 20:14 009.004.jpg
-rw-rw-r--  1 scott users 4558898 Jan 16 20:14 009.005.jpg
-rw-rw-r--  1 scott users 5402207 Jan 16 20:14 009.006.jpg
-rw-rw-r--  1 scott users 4329632 Jan 16 20:14 009.007.jpg
-rw-rw-r--  1 scott users 1758053 Jan 16 20:15 012.000.jpg
-rw-rw-r--  1 scott users 1761402 Jan 16 20:15 012.001.jpg
-rw-rw-r--  1 scott users 1350916 Jan 16 20:15 012.002.jpg
-rw-rw-r--  1 scott users 1876404 Jan 16 20:15 012.003.jpg
-rw-rw-r--  1 scott users 1997180 Jan 16 20:15 012.004.jpg
-rw-rw-r--  1 scott users 1744395 Jan 16 20:15 012.005.jpg
-rw-rw-r--  1 scott users 2262647 Jan 16 20:15 016.000.jpg
-rw-rw-r--  1 scott users 2181541 Jan 16 20:15 016.001.jpg
-rw-rw-r--  1 scott users 2308296 Jan 16 20:15 016.002.jpg
-rw-rw-r--  1 scott users 2617138 Jan 16 20:15 016.003.jpg
-rw-rw-r--  1 scott users 1534026 Jan 16 20:15 018.000.jpg
-rw-rw-r--  1 scott users 1305921 Jan 16 20:15 018.001.jpg
-rw-rw-r--  1 scott users 1647320 Jan 16 20:15 018.002.jpg
-rw-rw-r--  1 scott users 1617474 Jan 16 20:15 018.003.jpg
-rw-rw-r--  1 scott users 3520518 Jan 16 20:14 024.000.jpg
-rw-rw-r--  1 scott users 3233053 Jan 16 20:14 024.001.jpg
-rw-rw-r--  1 scott users 3743225 Jan 16 20:14 024.002.jpg
-rw-rw-r--  1 scott users 1325898 Jan 16 20:16 024.003.000.jpg
-rw-rw-r--  1 scott users 2839145 Jan 16 20:16 036.000.jpg
-rw-rw-r--  1 scott users 3265508 Jan 16 20:16 036.001.jpg
-rw-rw-r--  1 scott users  789385 Jan 16 20:16 036.002.000.jpg
-rw-rw-r--  1 scott users 2265673 Jan 17 00:41 072.000.jpg
-rw-rw-r--  1 scott users    2032 Jan 17 00:41 aspects.out
-rwxrwxr-x  1 scott users    5719 Jan 16 20:16 describe.txt
-rw-rw-r--  1 scott users     929 Jan 17 00:41 error
-rw-rw-r--  1 scott users       0 Jan 17 00:41 files.out
-rw-rw-r--  1 scott users      39 Nov 24 10:58 meta.ini
drwxr-xr-x  2 scott users    4096 Jan 16 20:12 orig
drwxrwxr-x  2 scott users    4096 Jan 17 00:41 tmp
