total 117172
drwxr-xr-x 4 scott users    4096 Feb  5 17:34 .
drwxrwxr-x 9 scott users   16384 Feb  5 17:07 ..
-rw-rw-r-- 1 scott users 2065495 Feb  5 17:24 006.000.jpg
-rw-rw-r-- 1 scott users 2533158 Feb  5 17:24 006.001.jpg
-rw-rw-r-- 1 scott users 2172104 Feb  5 17:24 006.002.jpg
-rw-rw-r-- 1 scott users 2617470 Feb  5 17:24 006.003.jpg
-rw-rw-r-- 1 scott users 2459798 Feb  5 17:24 006.004.jpg
-rw-rw-r-- 1 scott users 2740566 Feb  5 17:24 006.005.jpg
-rw-rw-r-- 1 scott users 2484002 Feb  5 17:24 006.006.jpg
-rw-rw-r-- 1 scott users 2589375 Feb  5 17:24 006.007.jpg
-rw-rw-r-- 1 scott users 2437583 Feb  5 17:24 006.008.jpg
-rw-rw-r-- 1 scott users 2406273 Feb  5 17:24 006.009.jpg
-rw-rw-r-- 1 scott users 2434200 Feb  5 17:24 006.010.jpg
-rw-rw-r-- 1 scott users 2686978 Feb  5 17:24 006.011.jpg
-rw-rw-r-- 1 scott users 2831529 Feb  5 17:24 008.000.jpg
-rw-rw-r-- 1 scott users 3238049 Feb  5 17:24 008.001.jpg
-rw-rw-r-- 1 scott users 3319662 Feb  5 17:24 008.002.jpg
-rw-rw-r-- 1 scott users 3113455 Feb  5 17:24 008.003.jpg
-rw-rw-r-- 1 scott users 3639831 Feb  5 17:24 008.004.jpg
-rw-rw-r-- 1 scott users 3524926 Feb  5 17:24 008.005.jpg
-rw-rw-r-- 1 scott users 3227022 Feb  5 17:24 008.006.jpg
-rw-rw-r-- 1 scott users 3143694 Feb  5 17:24 008.007.jpg
-rw-rw-r-- 1 scott users 3594700 Feb  5 17:24 008.008.jpg
-rw-rw-r-- 1 scott users 3288508 Feb  5 17:24 009.000.jpg
-rw-rw-r-- 1 scott users 3486409 Feb  5 17:24 009.001.jpg
-rw-rw-r-- 1 scott users 3564513 Feb  5 17:24 009.002.jpg
-rw-rw-r-- 1 scott users 4238047 Feb  5 17:24 009.003.jpg
-rw-rw-r-- 1 scott users 3553515 Feb  5 17:24 009.004.jpg
-rw-rw-r-- 1 scott users 3956064 Feb  5 17:24 009.005.jpg
-rw-rw-r-- 1 scott users 3561971 Feb  5 17:24 009.006.jpg
-rw-rw-r-- 1 scott users 3968806 Feb  5 17:24 009.007.jpg
-rw-rw-r-- 1 scott users 1414101 Feb  5 17:34 012.000.jpg
-rw-rw-r-- 1 scott users 1489654 Feb  5 17:34 012.001.jpg
-rw-rw-r-- 1 scott users 1616243 Feb  5 17:34 012.002.jpg
-rw-rw-r-- 1 scott users 1596708 Feb  5 17:34 012.003.jpg
-rw-rw-r-- 1 scott users 1527589 Feb  5 17:34 012.004.jpg
-rw-rw-r-- 1 scott users 1579545 Feb  5 17:34 012.005.jpg
-rw-rw-r-- 1 scott users 2903729 Feb  5 17:34 024.000.jpg
-rw-rw-r-- 1 scott users 3214950 Feb  5 17:34 024.001.jpg
-rw-rw-r-- 1 scott users 3107027 Feb  5 17:34 024.002.jpg
-rw-rw-r-- 1 scott users 2867669 Feb  5 17:34 036.000.jpg
-rw-rw-r-- 1 scott users 2996035 Feb  5 17:34 036.001.jpg
-rw-rw-r-- 1 scott users 2444411 Feb  5 17:34 072.000.jpg
-rw-rw-r-- 1 scott users 1826388 Jan 26 08:48 240.240.gif
-rw-rw-r-- 1 scott users 2379500 Jan 26 08:48 420.240.gif
-rw-rw-r-- 1 scott users    3083 Feb  5 17:34 aspects.out
-rw-rw-r-- 1 scott users    5722 Jan 17 17:47 describe.txt
-rw-rw-r-- 1 scott users    5474 Jan 31 01:06 div.out
-rw-rw-r-- 1 scott users     744 Feb  5 17:34 error
-rw-rw-r-- 1 scott users       0 Feb  5 17:34 files.out
-rw-rw-r-- 1 scott users      46 Nov 23 16:17 meta.ini
drwxr-xr-x 2 scott users    4096 Jan 17 16:49 orig
drwxrwxr-x 2 scott users    4096 Feb  5 17:34 tmp
