total 77616
drwx--x--x 4 scott users    4096 Jan 19 20:39 .
drwxrwx--x 9 scott users    4096 Jan 19 20:29 ..
-rw-rw-r-- 1 scott users 2988949 Jan 19 20:36 003.000.jpg
-rw-rw-r-- 1 scott users 2494941 Jan 19 20:36 003.001.jpg
-rw-rw-r-- 1 scott users 2435306 Jan 19 20:36 003.002.jpg
-rw-rw-r-- 1 scott users 2544740 Jan 19 20:36 003.003.jpg
-rw-rw-r-- 1 scott users 2353365 Jan 19 20:36 003.004.jpg
-rw-rw-r-- 1 scott users 1683384 Jan 19 20:37 003.005.jpg
-rw-rw-r-- 1 scott users 1741710 Jan 19 20:37 003.006.jpg
-rw-rw-r-- 1 scott users 1563973 Jan 19 20:37 003.007.jpg
-rw-rw-r-- 1 scott users 3997663 Jan 19 20:37 004.000.jpg
-rw-rw-r-- 1 scott users 3064660 Jan 19 20:37 004.001.jpg
-rw-rw-r-- 1 scott users 3406418 Jan 19 20:37 004.002.jpg
-rw-rw-r-- 1 scott users 2976621 Jan 19 20:37 004.003.jpg
-rw-rw-r-- 1 scott users 2027719 Jan 19 20:37 004.004.jpg
-rw-rw-r-- 1 scott users 2347876 Jan 19 20:37 004.005.jpg
-rw-rw-r-- 1 scott users 5485864 Jan 19 20:37 006.000.jpg
-rw-rw-r-- 1 scott users 4979668 Jan 19 20:37 006.001.jpg
-rw-rw-r-- 1 scott users 4049393 Jan 19 20:37 006.002.jpg
-rw-rw-r-- 1 scott users 3313001 Jan 19 20:37 006.003.jpg
-rw-rw-r-- 1 scott users 7066372 Jan 19 20:37 008.000.jpg
-rw-rw-r-- 1 scott users 6383391 Jan 19 20:37 008.001.jpg
-rw-rw-r-- 1 scott users 4376638 Jan 19 20:38 008.002.jpg
-rw-rw-r-- 1 scott users 1325308 Jan 19 20:39 012.000.jpg
-rw-rw-r-- 1 scott users  951881 Jan 19 20:39 012.001.jpg
-rw-rw-r-- 1 scott users 3561075 Jan 19 20:38 012.002.jpg
-rw-rw-r-- 1 scott users 2277831 Jan 19 20:38 024.000.jpg
-rw-rw-r-- 1 scott users     671 Jan 19 20:39 aspects.out
-rw-rw-r-- 1 scott users     929 Jan 19 20:39 error
-rw-rw-r-- 1 scott users       0 Jan 19 20:39 files.out
-rw-rw-r-- 1 scott users      32 Nov 24 00:29 meta.ini
drwxrwxr-x 2 scott users    4096 Jan 19 20:16 orig
drwxrwxr-x 2 scott users    4096 Jan 19 20:38 tmp
