total 200300
drwx--x--x 4 scott users    4096 Jan 17 00:35 .
drwxrwxr-x 9 scott users    4096 Jan 16 19:38 ..
-rw-rw-r-- 1 scott users 2073122 Jan 16 12:11 004.000.jpg
-rw-rw-r-- 1 scott users 2331559 Jan 16 12:11 004.001.jpg
-rw-rw-r-- 1 scott users 2061283 Jan 16 12:11 004.002.jpg
-rw-rw-r-- 1 scott users 2149881 Jan 16 12:11 004.003.jpg
-rw-rw-r-- 1 scott users 2506394 Jan 16 12:11 004.004.jpg
-rw-rw-r-- 1 scott users 2098332 Jan 16 12:11 004.005.jpg
-rw-rw-r-- 1 scott users 2717823 Jan 16 12:11 004.006.jpg
-rw-rw-r-- 1 scott users 1910903 Jan 16 12:11 004.007.jpg
-rw-rw-r-- 1 scott users 1817058 Jan 16 12:11 004.008.jpg
-rw-rw-r-- 1 scott users 1683194 Jan 16 12:11 004.009.jpg
-rw-rw-r-- 1 scott users 2164929 Jan 16 12:11 004.010.jpg
-rw-rw-r-- 1 scott users 2263383 Jan 16 12:11 004.011.jpg
-rw-rw-r-- 1 scott users 2615612 Jan 16 12:11 004.012.jpg
-rw-rw-r-- 1 scott users 2462612 Jan 16 12:11 004.013.jpg
-rw-rw-r-- 1 scott users 2557051 Jan 16 12:11 004.014.jpg
-rw-rw-r-- 1 scott users 2359248 Jan 16 12:11 004.015.jpg
-rw-rw-r-- 1 scott users 2054985 Jan 16 12:11 004.016.jpg
-rw-rw-r-- 1 scott users 1516176 Jan 16 12:11 004.017.jpg
-rw-rw-r-- 1 scott users 3075649 Jan 16 12:11 006.000.jpg
-rw-rw-r-- 1 scott users 3425301 Jan 16 12:11 006.001.jpg
-rw-rw-r-- 1 scott users 3028564 Jan 16 12:11 006.002.jpg
-rw-rw-r-- 1 scott users 3679880 Jan 16 12:11 006.003.jpg
-rw-rw-r-- 1 scott users 3580958 Jan 16 12:11 006.004.jpg
-rw-rw-r-- 1 scott users 2931084 Jan 16 12:11 006.005.jpg
-rw-rw-r-- 1 scott users 2696118 Jan 16 12:11 006.006.jpg
-rw-rw-r-- 1 scott users 3411157 Jan 16 12:11 006.007.jpg
-rw-rw-r-- 1 scott users 3528617 Jan 16 12:11 006.008.jpg
-rw-rw-r-- 1 scott users 4109358 Jan 16 12:11 006.009.jpg
-rw-rw-r-- 1 scott users 3622690 Jan 16 12:11 006.010.jpg
-rw-rw-r-- 1 scott users 2282894 Jan 16 12:11 006.011.jpg
-rw-rw-r-- 1 scott users 4442648 Jan 16 12:11 008.000.jpg
-rw-rw-r-- 1 scott users 4233138 Jan 16 12:11 008.001.jpg
-rw-rw-r-- 1 scott users 4607969 Jan 16 12:11 008.002.jpg
-rw-rw-r-- 1 scott users 4729529 Jan 16 12:11 008.003.jpg
-rw-rw-r-- 1 scott users 3511985 Jan 16 12:11 008.004.jpg
-rw-rw-r-- 1 scott users 4450076 Jan 16 12:11 008.005.jpg
-rw-rw-r-- 1 scott users 5080203 Jan 16 12:12 008.006.jpg
-rw-rw-r-- 1 scott users 4922978 Jan 16 12:12 008.007.jpg
-rw-rw-r-- 1 scott users 3604397 Jan 16 12:12 008.008.jpg
-rw-rw-r-- 1 scott users 4743981 Jan 16 12:12 009.000.jpg
-rw-rw-r-- 1 scott users 4830477 Jan 16 12:12 009.001.jpg
-rw-rw-r-- 1 scott users 5819252 Jan 16 12:12 009.002.jpg
-rw-rw-r-- 1 scott users 4382402 Jan 16 12:12 009.003.jpg
-rw-rw-r-- 1 scott users 4414827 Jan 16 12:12 009.004.jpg
-rw-rw-r-- 1 scott users 5254396 Jan 16 12:12 009.005.jpg
-rw-rw-r-- 1 scott users 5779966 Jan 16 12:12 009.006.jpg
-rw-rw-r-- 1 scott users 4292237 Jan 16 12:12 009.007.jpg
-rw-rw-r-- 1 scott users 1541535 Jan 16 12:13 012.000.jpg
-rw-rw-r-- 1 scott users 1699820 Jan 16 12:13 012.001.jpg
-rw-rw-r-- 1 scott users 1913970 Jan 16 12:13 012.002.jpg
-rw-rw-r-- 1 scott users 1699750 Jan 16 12:13 012.003.jpg
-rw-rw-r-- 1 scott users 1712849 Jan 16 12:13 012.004.jpg
-rw-rw-r-- 1 scott users 1572186 Jan 16 12:13 012.005.jpg
-rw-rw-r-- 1 scott users 2145490 Jan 16 12:12 016.000.jpg
-rw-rw-r-- 1 scott users 2413431 Jan 16 12:12 016.001.jpg
-rw-rw-r-- 1 scott users 2297832 Jan 16 12:12 016.002.jpg
-rw-rw-r-- 1 scott users 2281763 Jan 16 12:13 016.003.jpg
-rw-rw-r-- 1 scott users 1495977 Jan 16 12:13 018.000.jpg
-rw-rw-r-- 1 scott users 1714070 Jan 16 12:13 018.001.jpg
-rw-rw-r-- 1 scott users 1558205 Jan 16 12:13 018.002.jpg
-rw-rw-r-- 1 scott users 1529225 Jan 16 12:13 018.003.jpg
-rw-rw-r-- 1 scott users 3240911 Jan 16 12:12 024.000.jpg
-rw-rw-r-- 1 scott users 3615866 Jan 16 12:12 024.001.jpg
-rw-rw-r-- 1 scott users 3286453 Jan 16 12:12 024.002.jpg
-rw-rw-r-- 1 scott users 1568124 Jan 16 12:14 024.003.000.jpg
-rw-rw-r-- 1 scott users 3207624 Jan 16 12:14 036.000.jpg
-rw-rw-r-- 1 scott users 3086989 Jan 16 12:14 036.001.jpg
-rw-rw-r-- 1 scott users  951788 Jan 16 12:14 036.002.000.jpg
-rw-rw-r-- 1 scott users 2586565 Jan 17 00:35 072.000.jpg
-rw-rw-r-- 1 scott users    2032 Jan 17 00:35 aspects.out
-rwxrwxr-x 1 scott users    5720 Jan 16 17:39 describe.txt
-rw-rw-r-- 1 scott users     929 Jan 17 00:35 error
-rw-rw-r-- 1 scott users       0 Jan 17 00:35 files.out
-rw-rw-r-- 1 scott users      40 Nov 24 14:28 meta.ini
drwxrwxr-x 2 scott users    4096 Jan 16 11:58 orig
drwxrwxr-x 2 scott users    4096 Jan 17 00:35 tmp
