006.000.jpg 12798 1200 10.665
006.001.jpg 12798 1200 10.665
006.002.jpg 12798 1200 10.665
012.000.jpg 12798 1200 10.665
012.001.jpg 12798 1200 10.665
012.002.jpg 12798 1200 10.665
009.000.jpg 10239 640 15.9984
009.001.jpg 10239 640 15.9984
003.000.jpg 6399 1200 5.3325
003.001.jpg 6399 1200 5.3325
003.002.jpg 6399 1200 5.3325
003.003.jpg 6399 1200 5.3325
003.004.jpg 6399 1200 5.3325
003.005.jpg 6399 1200 5.3325
420.240.gif[10] 420 240 1.75
420.240.gif[11] 420 240 1.75
420.240.gif[12] 420 240 1.75
420.240.gif[13] 420 240 1.75
420.240.gif[14] 420 240 1.75
420.240.gif[15] 420 240 1.75
420.240.gif[16] 420 240 1.75
420.240.gif[17] 420 240 1.75
420.240.gif 420 240 1.75
420.240.gif 420 240 1.75
420.240.gif 420 240 1.75
420.240.gif 420 240 1.75
420.240.gif 420 240 1.75
420.240.gif 420 240 1.75
420.240.gif 420 240 1.75
420.240.gif 420 240 1.75
420.240.gif 420 240 1.75
420.240.gif 420 240 1.75
240.240.gif[10] 240 240 1
240.240.gif[11] 240 240 1
240.240.gif[12] 240 240 1
240.240.gif[13] 240 240 1
240.240.gif[14] 240 240 1
240.240.gif[15] 240 240 1
240.240.gif[16] 240 240 1
240.240.gif[17] 240 240 1
240.240.gif 240 240 1
240.240.gif 240 240 1
240.240.gif 240 240 1
240.240.gif 240 240 1
240.240.gif 240 240 1
240.240.gif 240 240 1
240.240.gif 240 240 1
240.240.gif 240 240 1
240.240.gif 240 240 1
240.240.gif 240 240 1
