total 22428
drwx--x--x  4 scott users    4096 Feb  6 18:31 .
drwx--x--x 21 scott users    4096 Feb  6 17:50 ..
-rw-rw-r--  1 scott users 1220629 Jan 17 19:23 003.000.jpg
-rw-rw-r--  1 scott users 1385168 Jan 17 19:23 003.001.jpg
-rw-rw-r--  1 scott users 2011505 Jan 17 19:23 003.002.jpg
-rw-rw-r--  1 scott users 1936954 Jan 17 19:23 003.003.jpg
-rw-rw-r--  1 scott users 1166275 Jan 17 19:23 003.004.jpg
-rw-rw-r--  1 scott users 1549590 Jan 17 19:23 003.005.jpg
-rw-rw-r--  1 scott users 2678184 Jan 17 19:24 006.000.jpg
-rw-rw-r--  1 scott users 4110158 Jan 17 19:24 006.001.jpg
-rw-rw-r--  1 scott users 2830899 Jan 17 19:24 006.002.jpg
-rw-rw-r--  1 scott users  850815 Feb  6 18:31 009.000.jpg
-rw-rw-r--  1 scott users  890615 Feb  6 18:31 009.001.jpg
lrwxrwxrwx  1 scott users      11 Feb  5 19:20 012.000.jpg -> 006.000.jpg
lrwxrwxrwx  1 scott users      11 Feb  5 19:20 012.001.jpg -> 006.001.jpg
lrwxrwxrwx  1 scott users      11 Feb  5 19:20 012.002.jpg -> 006.002.jpg
lrwxrwxrwx  1 scott users      11 Feb  5 19:20 012.003.jpg -> 006.003.jpg
lrwxrwxrwx  1 scott users      11 Feb  5 19:20 012.004.jpg -> 006.004.jpg
lrwxrwxrwx  1 scott users      11 Feb  5 19:20 012.005.jpg -> 006.005.jpg
-rw-rw-r--  1 scott users  846033 Jan 26 11:05 240.240.gif
-rw-rw-r--  1 scott users 1423738 Jan 26 11:05 420.240.gif
-rw-rw-r--  1 scott users    1324 Feb  6 18:31 aspects.out
-rw-rw-r--  1 scott users    1414 Jan 17 19:24 describe.txt
-rw-rw-r--  1 scott users    1486 Feb  6 17:58 div.out
-rw-rw-r--  1 scott users    1050 Feb  6 18:31 error
-rw-rw-r--  1 scott users       0 Feb  6 18:31 files.out
-rw-rw-r--  1 scott users      36 Dec 26 16:51 meta.ini
drwxrwxr-x  2 scott users    4096 Jan 17 19:23 orig
drwxrwxr-x  2 scott users    4096 Feb  6 18:31 tmp
