total 89908
drwx--x--x 4 scott users    4096 Jan 19 20:36 .
drwxrwx--x 9 scott users    4096 Jan 19 20:29 ..
-rw-rw-r-- 1 scott users 2739860 Jan 19 20:34 003.000.jpg
-rw-rw-r-- 1 scott users 2987722 Jan 19 20:34 003.001.jpg
-rw-rw-r-- 1 scott users 2698672 Jan 19 20:34 003.002.jpg
-rw-rw-r-- 1 scott users 2902343 Jan 19 20:34 003.003.jpg
-rw-rw-r-- 1 scott users 2763003 Jan 19 20:34 003.004.jpg
-rw-rw-r-- 1 scott users 2357116 Jan 19 20:34 003.005.jpg
-rw-rw-r-- 1 scott users 2132539 Jan 19 20:34 003.006.jpg
-rw-rw-r-- 1 scott users 3191906 Jan 19 20:34 003.007.jpg
-rw-rw-r-- 1 scott users 3758625 Jan 19 20:34 004.000.jpg
-rw-rw-r-- 1 scott users 3711212 Jan 19 20:34 004.001.jpg
-rw-rw-r-- 1 scott users 3891951 Jan 19 20:34 004.002.jpg
-rw-rw-r-- 1 scott users 3484285 Jan 19 20:34 004.003.jpg
-rw-rw-r-- 1 scott users 3172790 Jan 19 20:34 004.004.jpg
-rw-rw-r-- 1 scott users 3811657 Jan 19 20:35 004.005.jpg
-rw-rw-r-- 1 scott users 5727288 Jan 19 20:35 006.000.jpg
-rw-rw-r-- 1 scott users 5636439 Jan 19 20:35 006.001.jpg
-rw-rw-r-- 1 scott users 5131142 Jan 19 20:35 006.002.jpg
-rw-rw-r-- 1 scott users 5344198 Jan 19 20:35 006.003.jpg
-rw-rw-r-- 1 scott users 7476692 Jan 19 20:35 008.000.jpg
-rw-rw-r-- 1 scott users 7392408 Jan 19 20:35 008.001.jpg
-rw-rw-r-- 1 scott users 6989437 Jan 19 20:35 008.002.jpg
-rw-rw-r-- 1 scott users 1199936 Jan 19 20:36 012.000.jpg
-rw-rw-r-- 1 scott users 1144232 Jan 19 20:36 012.001.jpg
-rw-rw-r-- 1 scott users 2344013 Jan 19 20:36 024.000.jpg
-rw-rw-r-- 1 scott users     643 Jan 19 20:36 aspects.out
-rw-rw-r-- 1 scott users     929 Jan 19 20:36 error
-rw-rw-r-- 1 scott users       0 Jan 19 20:36 files.out
-rw-rw-r-- 1 scott users      36 Nov 24 00:22 meta.ini
drwxrwxr-x 2 scott users    4096 Jan 19 20:15 orig
drwxrwxr-x 2 scott users    4096 Jan 19 20:36 tmp
