072.000.jpg 26304 320 82.2
036.000.jpg 22194 540 41.1
036.001.jpg 22194 540 41.1
024.000.jpg 19728 720 27.4
024.001.jpg 19728 720 27.4
024.002.jpg 19728 720 27.4
016.000.jpg 13152 720 18.2667
016.001.jpg 13152 720 18.2667
016.002.jpg 13152 720 18.2667
016.003.jpg 13152 720 18.2667
009.000.jpg 11097 1080 10.275
009.001.jpg 11097 1080 10.275
009.002.jpg 11097 1080 10.275
009.003.jpg 11097 1080 10.275
009.004.jpg 11097 1080 10.275
009.005.jpg 11097 1080 10.275
009.006.jpg 11097 1080 10.275
009.007.jpg 11097 1080 10.275
018.000.jpg 11097 540 20.55
018.001.jpg 11097 540 20.55
018.002.jpg 11097 540 20.55
018.003.jpg 11097 540 20.55
008.000.jpg 9864 1080 9.13333
008.001.jpg 9864 1080 9.13333
008.002.jpg 9864 1080 9.13333
008.003.jpg 9864 1080 9.13333
008.004.jpg 9864 1080 9.13333
008.005.jpg 9864 1080 9.13333
008.006.jpg 9864 1080 9.13333
008.007.jpg 9864 1080 9.13333
008.008.jpg 9864 1080 9.13333
012.000.jpg 9864 720 13.7
012.001.jpg 9864 720 13.7
012.002.jpg 9864 720 13.7
012.003.jpg 9864 720 13.7
012.004.jpg 9864 720 13.7
012.005.jpg 9864 720 13.7
006.000.jpg 7398 1080 6.85
006.001.jpg 7398 1080 6.85
006.002.jpg 7398 1080 6.85
006.003.jpg 7398 1080 6.85
006.004.jpg 7398 1080 6.85
006.005.jpg 7398 1080 6.85
006.006.jpg 7398 1080 6.85
006.007.jpg 7398 1080 6.85
006.008.jpg 7398 1080 6.85
006.009.jpg 7398 1080 6.85
006.010.jpg 7398 1080 6.85
006.011.jpg 7398 1080 6.85
036.002.000.jpg 7398 360 20.55
024.003.000.jpg 6576 720 9.13333
004.000.jpg 4932 1080 4.56667
004.001.jpg 4932 1080 4.56667
004.002.jpg 4932 1080 4.56667
004.003.jpg 4932 1080 4.56667
004.004.jpg 4932 1080 4.56667
004.005.jpg 4932 1080 4.56667
004.006.jpg 4932 1080 4.56667
004.007.jpg 4932 1080 4.56667
004.008.jpg 4932 1080 4.56667
004.009.jpg 4932 1080 4.56667
004.010.jpg 4932 1080 4.56667
004.011.jpg 4932 1080 4.56667
004.012.jpg 4932 1080 4.56667
004.013.jpg 4932 1080 4.56667
004.014.jpg 4932 1080 4.56667
004.015.jpg 4932 1080 4.56667
004.016.jpg 4932 1080 4.56667
004.017.jpg 4932 1080 4.56667
