total 215716
drwxr-xr-x 4 scott users    4096 Jan 17 00:25 .
drwxrwxr-x 9 scott users    4096 Jan 16 21:58 ..
-rw-rw-r-- 1 scott users 2360446 Jan 16 23:21 004.000.jpg
-rw-rw-r-- 1 scott users 2520724 Jan 16 23:21 004.001.jpg
-rw-rw-r-- 1 scott users 2314687 Jan 16 23:21 004.002.jpg
-rw-rw-r-- 1 scott users 2734202 Jan 16 23:21 004.003.jpg
-rw-rw-r-- 1 scott users 1695591 Jan 16 23:21 004.004.jpg
-rw-rw-r-- 1 scott users 2166503 Jan 16 23:21 004.005.jpg
-rw-rw-r-- 1 scott users 2429042 Jan 16 23:21 004.006.jpg
-rw-rw-r-- 1 scott users 2078895 Jan 16 23:21 004.007.jpg
-rw-rw-r-- 1 scott users 2160094 Jan 16 23:21 004.008.jpg
-rw-rw-r-- 1 scott users 1684267 Jan 16 23:21 004.009.jpg
-rw-rw-r-- 1 scott users 1972380 Jan 16 23:21 004.010.jpg
-rw-rw-r-- 1 scott users 1840866 Jan 16 23:21 004.011.jpg
-rw-rw-r-- 1 scott users 2865643 Jan 16 23:21 004.012.jpg
-rw-rw-r-- 1 scott users 2968917 Jan 16 23:21 004.013.jpg
-rw-rw-r-- 1 scott users 2700255 Jan 16 23:21 004.014.jpg
-rw-rw-r-- 1 scott users 2498921 Jan 16 23:21 004.015.jpg
-rw-rw-r-- 1 scott users 2515686 Jan 16 23:21 004.016.jpg
-rw-rw-r-- 1 scott users 3078143 Jan 16 23:21 004.017.jpg
-rw-rw-r-- 1 scott users 3564334 Jan 16 23:21 006.000.jpg
-rw-rw-r-- 1 scott users 3701889 Jan 16 23:22 006.001.jpg
-rw-rw-r-- 1 scott users 3564793 Jan 16 23:22 006.002.jpg
-rw-rw-r-- 1 scott users 3134062 Jan 16 23:22 006.003.jpg
-rw-rw-r-- 1 scott users 3572496 Jan 16 23:22 006.004.jpg
-rw-rw-r-- 1 scott users 3224778 Jan 16 23:22 006.005.jpg
-rw-rw-r-- 1 scott users 2771121 Jan 16 23:22 006.006.jpg
-rw-rw-r-- 1 scott users 2856407 Jan 16 23:22 006.007.jpg
-rw-rw-r-- 1 scott users 4602407 Jan 16 23:22 006.008.jpg
-rw-rw-r-- 1 scott users 4047866 Jan 16 23:22 006.009.jpg
-rw-rw-r-- 1 scott users 3646519 Jan 16 23:22 006.010.jpg
-rw-rw-r-- 1 scott users 4580858 Jan 16 23:22 006.011.jpg
-rw-rw-r-- 1 scott users 4963229 Jan 16 23:22 008.000.jpg
-rw-rw-r-- 1 scott users 5151511 Jan 16 23:22 008.001.jpg
-rw-rw-r-- 1 scott users 3923515 Jan 16 23:22 008.002.jpg
-rw-rw-r-- 1 scott users 4600715 Jan 16 23:22 008.003.jpg
-rw-rw-r-- 1 scott users 3944309 Jan 16 23:22 008.004.jpg
-rw-rw-r-- 1 scott users 3905935 Jan 16 23:22 008.005.jpg
-rw-rw-r-- 1 scott users 5928710 Jan 16 23:22 008.006.jpg
-rw-rw-r-- 1 scott users 5316242 Jan 16 23:22 008.007.jpg
-rw-rw-r-- 1 scott users 5718618 Jan 16 23:22 008.008.jpg
-rw-rw-r-- 1 scott users 5401077 Jan 16 23:22 009.000.jpg
-rw-rw-r-- 1 scott users 5397259 Jan 16 23:22 009.001.jpg
-rw-rw-r-- 1 scott users 5038290 Jan 16 23:22 009.002.jpg
-rw-rw-r-- 1 scott users 4779736 Jan 16 23:22 009.003.jpg
-rw-rw-r-- 1 scott users 4191031 Jan 16 23:22 009.004.jpg
-rw-rw-r-- 1 scott users 5983850 Jan 16 23:22 009.005.jpg
-rw-rw-r-- 1 scott users 5860053 Jan 16 23:22 009.006.jpg
-rw-rw-r-- 1 scott users 6339918 Jan 16 23:22 009.007.jpg
-rw-rw-r-- 1 scott users 1834000 Jan 16 23:23 012.000.jpg
-rw-rw-r-- 1 scott users 1675260 Jan 16 23:23 012.001.jpg
-rw-rw-r-- 1 scott users 1734493 Jan 16 23:23 012.002.jpg
-rw-rw-r-- 1 scott users 1409252 Jan 16 23:23 012.003.jpg
-rw-rw-r-- 1 scott users 2117707 Jan 16 23:23 012.004.jpg
-rw-rw-r-- 1 scott users 2123857 Jan 16 23:23 012.005.jpg
-rw-rw-r-- 1 scott users 2506207 Jan 16 23:23 016.000.jpg
-rw-rw-r-- 1 scott users 2134978 Jan 16 23:23 016.001.jpg
-rw-rw-r-- 1 scott users 1973917 Jan 16 23:23 016.002.jpg
-rw-rw-r-- 1 scott users 2746429 Jan 16 23:23 016.003.jpg
-rw-rw-r-- 1 scott users 1598933 Jan 16 23:23 018.000.jpg
-rw-rw-r-- 1 scott users 1508456 Jan 16 23:23 018.001.jpg
-rw-rw-r-- 1 scott users 1452973 Jan 16 23:23 018.002.jpg
-rw-rw-r-- 1 scott users 1814790 Jan 16 23:23 018.003.jpg
-rw-rw-r-- 1 scott users 3491236 Jan 16 23:23 024.000.jpg
-rw-rw-r-- 1 scott users 3124537 Jan 16 23:23 024.001.jpg
-rw-rw-r-- 1 scott users 4212757 Jan 16 23:23 024.002.jpg
-rw-rw-r-- 1 scott users 1388047 Jan 16 23:24 024.003.000.jpg
-rw-rw-r-- 1 scott users 3107600 Jan 16 23:24 036.000.jpg
-rw-rw-r-- 1 scott users 3271441 Jan 16 23:24 036.001.jpg
-rw-rw-r-- 1 scott users  841202 Jan 16 23:24 036.002.000.jpg
-rw-rw-r-- 1 scott users 2348511 Jan 17 00:25 072.000.jpg
-rw-rw-r-- 1 scott users    1988 Jan 17 00:25 aspects.out
-rw-rw-r-- 1 scott users    5864 Jan 16 23:24 describe.txt
-rw-rw-r-- 1 scott users     929 Jan 17 00:25 error
-rw-rw-r-- 1 scott users       0 Jan 17 00:25 files.out
-rw-rw-r-- 1 scott users      42 Dec 12 19:28 meta.ini
drwxr-xr-x 2 scott users    4096 Jan 16 23:17 orig
drwxrwxr-x 2 scott users    4096 Jan 17 00:25 tmp
