total 68108
drwx--x--x  4 scott users    4096 Feb  6 19:40 .
drwxrwx--x 18 scott users    4096 Feb  5 13:04 ..
-rw-rw-r--  1 scott users 2720733 Jan 18 20:06 004.000.jpg
-rw-rw-r--  1 scott users 2334503 Jan 18 20:06 004.001.jpg
-rw-rw-r--  1 scott users 2869140 Jan 18 20:06 004.002.jpg
-rw-rw-r--  1 scott users 2655875 Jan 18 20:07 004.003.jpg
-rw-rw-r--  1 scott users 2283556 Jan 18 20:07 004.004.jpg
-rw-rw-r--  1 scott users 2137730 Jan 18 20:07 004.005.jpg
-rw-rw-r--  1 scott users 2236641 Jan 18 20:07 004.006.jpg
-rw-rw-r--  1 scott users 2408321 Jan 18 20:07 004.007.jpg
-rw-rw-r--  1 scott users 2710130 Jan 18 20:07 004.008.jpg
-rw-rw-r--  1 scott users 3930006 Jan 18 20:07 006.000.jpg
-rw-rw-r--  1 scott users 4006587 Jan 18 20:07 006.001.jpg
-rw-rw-r--  1 scott users 3989912 Jan 18 20:07 006.002.jpg
-rw-rw-r--  1 scott users 3095266 Jan 18 20:07 006.003.jpg
-rw-rw-r--  1 scott users 3304865 Jan 18 20:07 006.004.jpg
-rw-rw-r--  1 scott users 4054027 Jan 18 20:07 006.005.jpg
lrwxrwxrwx  1 scott users      11 Feb  5 13:48 008.000.jpg -> 004.000.jpg
lrwxrwxrwx  1 scott users      11 Feb  5 13:48 008.001.jpg -> 004.001.jpg
lrwxrwxrwx  1 scott users      11 Feb  5 13:48 008.002.jpg -> 004.002.jpg
lrwxrwxrwx  1 scott users      11 Feb  5 13:48 008.003.jpg -> 004.003.jpg
lrwxrwxrwx  1 scott users      11 Feb  5 13:48 008.004.jpg -> 004.004.jpg
lrwxrwxrwx  1 scott users      11 Feb  5 13:48 008.005.jpg -> 004.005.jpg
lrwxrwxrwx  1 scott users      11 Feb  5 13:48 008.006.jpg -> 004.006.jpg
lrwxrwxrwx  1 scott users      11 Feb  5 13:48 008.007.jpg -> 004.007.jpg
lrwxrwxrwx  1 scott users      11 Feb  5 13:48 008.008.jpg -> 004.008.jpg
-rw-rw-r--  1 scott users 5758271 Jan 18 20:07 009.000.jpg
-rw-rw-r--  1 scott users 6215943 Jan 18 20:07 009.001.jpg
-rw-rw-r--  1 scott users 4815637 Jan 18 20:07 009.002.jpg
-rw-rw-r--  1 scott users 5639464 Jan 18 20:07 009.003.jpg
lrwxrwxrwx  1 scott users      11 Feb  5 19:29 012.000.jpg -> 006.000.jpg
lrwxrwxrwx  1 scott users      11 Feb  5 19:29 012.001.jpg -> 006.001.jpg
lrwxrwxrwx  1 scott users      11 Feb  5 19:29 012.002.jpg -> 006.002.jpg
lrwxrwxrwx  1 scott users      11 Feb  5 19:29 012.003.jpg -> 006.003.jpg
lrwxrwxrwx  1 scott users      11 Feb  5 19:29 012.004.jpg -> 006.004.jpg
lrwxrwxrwx  1 scott users      11 Feb  5 19:29 012.005.jpg -> 006.005.jpg
lrwxrwxrwx  1 scott users      11 Feb  5 19:29 018.000.jpg -> 006.000.jpg
lrwxrwxrwx  1 scott users      11 Feb  5 19:29 018.001.jpg -> 006.001.jpg
lrwxrwxrwx  1 scott users      11 Feb  5 19:29 018.002.jpg -> 006.002.jpg
lrwxrwxrwx  1 scott users      11 Feb  5 19:29 018.003.jpg -> 006.003.jpg
lrwxrwxrwx  1 scott users      11 Feb  5 19:29 018.004.jpg -> 006.004.jpg
lrwxrwxrwx  1 scott users      11 Feb  5 19:29 018.005.jpg -> 006.005.jpg
-rw-rw-r--  1 scott users  923717 Jan 26 05:53 240.240.gif
-rw-rw-r--  1 scott users 1577161 Jan 26 05:53 420.240.gif
-rw-rw-r--  1 scott users    2112 Feb  6 19:40 aspects.out
-rw-rw-r--  1 scott users    2643 Jan 18 20:44 describe.txt
-rw-rw-r--  1 scott users    2763 Feb  6 19:40 div.out
-rw-rw-r--  1 scott users     744 Feb  6 19:40 error
-rw-rw-r--  1 scott users       0 Feb  6 19:40 files.out
-rw-rw-r--  1 scott users      34 Nov 24 10:55 meta.ini
drwxrwxr-x  2 scott users    4096 Jan 18 20:06 orig
drwxrwxr-x  2 scott users    4096 Feb  6 19:40 tmp
