total 60616
drwx--x--x  4 scott users    4096 Jan 18 20:24 .
drwxrwx--x 17 scott users    4096 Jan 18 19:11 ..
-rw-rw-r--  1 scott users 2603075 Jan 18 20:23 004.000.jpg
-rw-rw-r--  1 scott users 1883317 Jan 18 20:23 004.001.jpg
-rw-rw-r--  1 scott users 1575579 Jan 18 20:23 004.002.jpg
-rw-rw-r--  1 scott users 1510667 Jan 18 20:23 004.003.jpg
-rw-rw-r--  1 scott users 1803436 Jan 18 20:23 004.004.jpg
-rw-rw-r--  1 scott users 2382752 Jan 18 20:23 004.005.jpg
-rw-rw-r--  1 scott users 1889727 Jan 18 20:23 004.006.jpg
-rw-rw-r--  1 scott users 1686457 Jan 18 20:23 004.007.jpg
-rw-rw-r--  1 scott users 2022197 Jan 18 20:23 004.008.jpg
-rw-rw-r--  1 scott users 3693312 Jan 18 20:23 006.000.jpg
-rw-rw-r--  1 scott users 2380141 Jan 18 20:23 006.001.jpg
-rw-rw-r--  1 scott users 2448591 Jan 18 20:23 006.002.jpg
-rw-rw-r--  1 scott users 3272113 Jan 18 20:23 006.003.jpg
-rw-rw-r--  1 scott users 2674206 Jan 18 20:23 006.004.jpg
-rw-rw-r--  1 scott users 2952973 Jan 18 20:23 006.005.jpg
-rw-rw-r--  1 scott users 4976327 Jan 18 20:23 009.000.jpg
-rw-rw-r--  1 scott users 3544184 Jan 18 20:23 009.001.jpg
-rw-rw-r--  1 scott users 4648745 Jan 18 20:23 009.002.jpg
-rw-rw-r--  1 scott users 4292515 Jan 18 20:23 009.003.jpg
-rw-rw-r--  1 scott users 1434598 Jan 18 20:24 012.000.jpg
-rw-rw-r--  1 scott users 1393838 Jan 18 20:24 012.001.jpg
-rw-rw-r--  1 scott users 1446032 Jan 18 20:24 012.002.jpg
-rw-rw-r--  1 scott users 1340872 Jan 18 20:24 018.000.jpg
-rw-rw-r--  1 scott users 1403607 Jan 18 20:24 018.001.jpg
-rw-rw-r--  1 scott users 2744074 Jan 18 20:24 036.000.jpg
-rw-rw-r--  1 scott users     725 Jan 18 20:24 aspects.out
-rw-rw-r--  1 scott users     929 Jan 18 20:24 error
-rw-rw-r--  1 scott users       0 Jan 18 20:24 files.out
-rw-rw-r--  1 scott users      42 Nov 24 00:13 meta.ini
drwxrwxr-x  2 scott users    4096 Jan 18 20:23 orig
drwxrwxr-x  2 scott users    4096 Jan 18 20:23 tmp
