total 21084
drwx--x--x  4 scott users    4096 Feb  6 18:30 .
drwx--x--x 21 scott users    4096 Feb  6 17:50 ..
-rw-rw-r--  1 scott users 1342108 Jan 17 19:18 003.000.jpg
-rw-rw-r--  1 scott users 1596333 Jan 17 19:18 003.001.jpg
-rw-rw-r--  1 scott users 1292655 Jan 17 19:18 003.002.jpg
-rw-rw-r--  1 scott users 1154964 Jan 17 19:18 003.003.jpg
-rw-rw-r--  1 scott users 1524227 Jan 17 19:18 003.004.jpg
-rw-rw-r--  1 scott users 1732304 Jan 17 19:18 003.005.jpg
-rw-rw-r--  1 scott users 2939778 Jan 17 19:18 006.000.jpg
-rw-rw-r--  1 scott users 2448373 Jan 17 19:18 006.001.jpg
-rw-rw-r--  1 scott users 3258915 Jan 17 19:18 006.002.jpg
-rw-rw-r--  1 scott users  961656 Feb  6 18:30 009.000.jpg
-rw-rw-r--  1 scott users 1008957 Feb  6 18:30 009.001.jpg
lrwxrwxrwx  1 scott users      11 Feb  5 19:20 012.000.jpg -> 006.000.jpg
lrwxrwxrwx  1 scott users      11 Feb  5 19:20 012.001.jpg -> 006.001.jpg
lrwxrwxrwx  1 scott users      11 Feb  5 19:20 012.002.jpg -> 006.002.jpg
lrwxrwxrwx  1 scott users      11 Feb  5 19:20 012.003.jpg -> 006.003.jpg
lrwxrwxrwx  1 scott users      11 Feb  5 19:20 012.004.jpg -> 006.004.jpg
lrwxrwxrwx  1 scott users      11 Feb  5 19:20 012.005.jpg -> 006.005.jpg
-rw-rw-r--  1 scott users  903916 Jan 26 11:04 240.240.gif
-rw-rw-r--  1 scott users 1368243 Jan 26 11:04 420.240.gif
-rw-rw-r--  1 scott users    1262 Feb  6 18:30 aspects.out
-rw-rw-r--  1 scott users    1415 Jan 17 19:18 describe.txt
-rw-rw-r--  1 scott users    1487 Feb  6 17:58 div.out
-rw-rw-r--  1 scott users    1050 Feb  6 18:30 error
-rw-rw-r--  1 scott users       0 Feb  6 18:30 files.out
-rw-rw-r--  1 scott users      37 Dec 26 22:23 meta.ini
drwxrwxr-x  2 scott users    4096 Jan 17 19:17 orig
drwxrwxr-x  2 scott users    4096 Feb  6 18:30 tmp
