072.000.jpg 29868 320 93.3375
036.000.jpg 25200 540 46.6667
036.001.jpg 25200 540 46.6667
024.000.jpg 22401 720 31.1125
024.001.jpg 22401 720 31.1125
024.002.jpg 22401 720 31.1125
009.000.jpg 12600 1080 11.6667
009.001.jpg 12600 1080 11.6667
009.002.jpg 12600 1080 11.6667
009.003.jpg 12600 1080 11.6667
009.004.jpg 12600 1080 11.6667
009.005.jpg 12600 1080 11.6667
009.006.jpg 12600 1080 11.6667
009.007.jpg 12600 1080 11.6667
008.000.jpg 11200 1080 10.3704
008.001.jpg 11200 1080 10.3704
008.002.jpg 11200 1080 10.3704
008.003.jpg 11200 1080 10.3704
008.004.jpg 11200 1080 10.3704
008.005.jpg 11200 1080 10.3704
008.006.jpg 11200 1080 10.3704
008.007.jpg 11200 1080 10.3704
008.008.jpg 11200 1080 10.3704
012.000.jpg 11200 720 15.5556
012.001.jpg 11200 720 15.5556
012.002.jpg 11200 720 15.5556
012.003.jpg 11200 720 15.5556
012.004.jpg 11200 720 15.5556
012.005.jpg 11200 720 15.5556
006.000.jpg 8400 1080 7.77778
006.001.jpg 8400 1080 7.77778
006.002.jpg 8400 1080 7.77778
006.003.jpg 8400 1080 7.77778
006.004.jpg 8400 1080 7.77778
006.005.jpg 8400 1080 7.77778
006.006.jpg 8400 1080 7.77778
006.007.jpg 8400 1080 7.77778
006.008.jpg 8400 1080 7.77778
006.009.jpg 8400 1080 7.77778
006.010.jpg 8400 1080 7.77778
006.011.jpg 8400 1080 7.77778
420.240.gif[10] 311 240 1.29583
420.240.gif[11] 311 240 1.29583
420.240.gif[12] 311 240 1.29583
420.240.gif[13] 311 240 1.29583
420.240.gif[14] 311 240 1.29583
420.240.gif[15] 311 240 1.29583
420.240.gif[16] 311 240 1.29583
420.240.gif[17] 311 240 1.29583
420.240.gif[18] 311 240 1.29583
420.240.gif[19] 311 240 1.29583
420.240.gif[20] 311 240 1.29583
420.240.gif[21] 311 240 1.29583
420.240.gif[22] 311 240 1.29583
420.240.gif[23] 311 240 1.29583
420.240.gif[24] 311 240 1.29583
420.240.gif[25] 311 240 1.29583
420.240.gif[26] 311 240 1.29583
420.240.gif[27] 311 240 1.29583
420.240.gif[28] 311 240 1.29583
420.240.gif[29] 311 240 1.29583
420.240.gif[30] 311 240 1.29583
420.240.gif 311 240 1.29583
420.240.gif 311 240 1.29583
420.240.gif 311 240 1.29583
420.240.gif 311 240 1.29583
420.240.gif 311 240 1.29583
420.240.gif 311 240 1.29583
420.240.gif 311 240 1.29583
420.240.gif 311 240 1.29583
420.240.gif 311 240 1.29583
420.240.gif 311 240 1.29583
420.240.gif[31] 311 240 1.29583
420.240.gif[32] 311 240 1.29583
420.240.gif[33] 311 240 1.29583
420.240.gif[34] 311 240 1.29583
420.240.gif[35] 311 240 1.29583
240.240.gif[10] 240 240 1
240.240.gif[11] 240 240 1
240.240.gif[12] 240 240 1
240.240.gif[13] 240 240 1
240.240.gif[14] 240 240 1
240.240.gif[15] 240 240 1
240.240.gif[16] 240 240 1
240.240.gif[17] 240 240 1
240.240.gif[18] 240 240 1
240.240.gif[19] 240 240 1
240.240.gif[20] 240 240 1
240.240.gif[21] 240 240 1
240.240.gif[22] 240 240 1
240.240.gif[23] 240 240 1
240.240.gif 240 240 1
240.240.gif 240 240 1
240.240.gif 240 240 1
240.240.gif 240 240 1
240.240.gif 240 240 1
240.240.gif 240 240 1
240.240.gif 240 240 1
240.240.gif 240 240 1
240.240.gif 240 240 1
240.240.gif 240 240 1
240.240.gif[24] 240 240 1
240.240.gif[25] 240 240 1
240.240.gif[26] 240 240 1
240.240.gif[27] 240 240 1
240.240.gif[28] 240 240 1
240.240.gif[29] 240 240 1
240.240.gif[30] 240 240 1
240.240.gif[31] 240 240 1
240.240.gif[32] 240 240 1
240.240.gif[33] 240 240 1
240.240.gif[34] 240 240 1
240.240.gif[35] 240 240 1
