total 169824
drwxr-xr-x  4 scott users    4096 Feb  5 18:03 .
drwxrwxr-x 10 scott users    4096 Feb  5 18:00 ..
-rw-rw-r--  1 scott users 3656059 Feb  5 18:01 006.000.jpg
-rw-rw-r--  1 scott users 3217904 Feb  5 18:01 006.001.jpg
-rw-rw-r--  1 scott users 3389136 Feb  5 18:01 006.002.jpg
-rw-rw-r--  1 scott users 3627201 Feb  5 18:01 006.003.jpg
-rw-rw-r--  1 scott users 4101543 Feb  5 18:01 006.004.jpg
-rw-rw-r--  1 scott users 4416395 Feb  5 18:01 006.005.jpg
-rw-rw-r--  1 scott users 3775939 Feb  5 18:01 006.006.jpg
-rw-rw-r--  1 scott users 3340485 Feb  5 18:01 006.007.jpg
-rw-rw-r--  1 scott users 3218858 Feb  5 18:01 006.008.jpg
-rw-rw-r--  1 scott users 3830017 Feb  5 18:01 006.009.jpg
-rw-rw-r--  1 scott users 3552760 Feb  5 18:01 006.010.jpg
-rw-rw-r--  1 scott users 4212138 Feb  5 18:01 006.011.jpg
-rw-rw-r--  1 scott users 4706248 Feb  5 18:01 008.000.jpg
-rw-rw-r--  1 scott users 4406813 Feb  5 18:01 008.001.jpg
-rw-rw-r--  1 scott users 4780935 Feb  5 18:01 008.002.jpg
-rw-rw-r--  1 scott users 5677280 Feb  5 18:01 008.003.jpg
-rw-rw-r--  1 scott users 5442994 Feb  5 18:01 008.004.jpg
-rw-rw-r--  1 scott users 4515222 Feb  5 18:01 008.005.jpg
-rw-rw-r--  1 scott users 4300006 Feb  5 18:02 008.006.jpg
-rw-rw-r--  1 scott users 5264606 Feb  5 18:02 008.007.jpg
-rw-rw-r--  1 scott users 5251472 Feb  5 18:02 008.008.jpg
-rw-rw-r--  1 scott users 5333832 Feb  5 18:02 009.000.jpg
-rw-rw-r--  1 scott users 4927380 Feb  5 18:02 009.001.jpg
-rw-rw-r--  1 scott users 5447057 Feb  5 18:02 009.002.jpg
-rw-rw-r--  1 scott users 6691056 Feb  5 18:02 009.003.jpg
-rw-rw-r--  1 scott users 5398674 Feb  5 18:02 009.004.jpg
-rw-rw-r--  1 scott users 4936544 Feb  5 18:02 009.005.jpg
-rw-rw-r--  1 scott users 5672378 Feb  5 18:02 009.006.jpg
-rw-rw-r--  1 scott users 5924189 Feb  5 18:02 009.007.jpg
-rw-rw-r--  1 scott users 2009690 Feb  5 18:03 012.000.jpg
-rw-rw-r--  1 scott users 2065567 Feb  5 18:03 012.001.jpg
-rw-rw-r--  1 scott users 2509210 Feb  5 18:03 012.002.jpg
-rw-rw-r--  1 scott users 2102017 Feb  5 18:03 012.003.jpg
-rw-rw-r--  1 scott users 2084294 Feb  5 18:03 012.004.jpg
-rw-rw-r--  1 scott users 2185071 Feb  5 18:03 012.005.jpg
-rw-rw-r--  1 scott users 4095386 Feb  5 18:02 024.000.jpg
-rw-rw-r--  1 scott users 4645490 Feb  5 18:02 024.001.jpg
-rw-rw-r--  1 scott users 4312655 Feb  5 18:02 024.002.jpg
-rw-rw-r--  1 scott users 3812661 Feb  5 18:03 036.000.jpg
-rw-rw-r--  1 scott users 3624328 Feb  5 18:03 036.001.jpg
-rw-rw-r--  1 scott users 2684415 Feb  5 18:03 072.000.jpg
-rw-rw-r--  1 scott users 2023347 Jan 26 08:51 240.240.gif
-rw-rw-r--  1 scott users 2604157 Jan 26 08:51 420.240.gif
-rw-rw-r--  1 scott users    3255 Feb  5 18:03 aspects.out
-rw-rw-r--  1 scott users    5791 Jan 17 09:03 describe.txt
-rw-rw-r--  1 scott users    5545 Jan 31 01:07 div.out
-rw-rw-r--  1 scott users     744 Feb  5 18:03 error
-rw-rw-r--  1 scott users       0 Feb  5 18:03 files.out
-rw-rw-r--  1 scott users      41 Nov 24 16:33 meta.ini
drwxr-xr-x  2 scott users    4096 Feb  5 17:58 orig
drwxrwxr-x  2 scott users    4096 Feb  5 18:02 tmp
