total 241428
drwxr-xr-x 4 scott users    4096 Jan 17 00:32 .
drwxrwxr-x 8 scott users    4096 Jan 16 17:29 ..
-rw-rw-r-- 1 scott users 2949952 Jan 15 21:00 004.000.jpg
-rw-rw-r-- 1 scott users 3443790 Jan 15 21:00 004.001.jpg
-rw-rw-r-- 1 scott users 3047585 Jan 15 21:00 004.002.jpg
-rw-rw-r-- 1 scott users 2385855 Jan 15 21:00 004.003.jpg
-rw-rw-r-- 1 scott users 2673737 Jan 15 21:00 004.004.jpg
-rw-rw-r-- 1 scott users 3181466 Jan 15 21:00 004.005.jpg
-rw-rw-r-- 1 scott users 2991009 Jan 15 21:00 004.006.jpg
-rw-rw-r-- 1 scott users 3223362 Jan 15 21:00 004.007.jpg
-rw-rw-r-- 1 scott users 2938108 Jan 15 21:00 004.008.jpg
-rw-rw-r-- 1 scott users 2687250 Jan 15 21:00 004.009.jpg
-rw-rw-r-- 1 scott users 2083217 Jan 15 21:00 004.010.jpg
-rw-rw-r-- 1 scott users 2415002 Jan 15 21:00 004.011.jpg
-rw-rw-r-- 1 scott users 2208183 Jan 15 21:00 004.012.jpg
-rw-rw-r-- 1 scott users 2820682 Jan 15 21:00 004.013.jpg
-rw-rw-r-- 1 scott users 2919797 Jan 15 21:00 004.014.jpg
-rw-rw-r-- 1 scott users 2448624 Jan 15 21:00 004.015.jpg
-rw-rw-r-- 1 scott users 2006750 Jan 15 21:01 004.016.jpg
-rw-rw-r-- 1 scott users 2291296 Jan 15 21:01 004.017.jpg
-rw-rw-r-- 1 scott users 4594273 Jan 15 21:01 006.000.jpg
-rw-rw-r-- 1 scott users 4860128 Jan 15 21:01 006.001.jpg
-rw-rw-r-- 1 scott users 3487929 Jan 15 21:01 006.002.jpg
-rw-rw-r-- 1 scott users 4759225 Jan 15 21:01 006.003.jpg
-rw-rw-r-- 1 scott users 4925189 Jan 15 21:01 006.004.jpg
-rw-rw-r-- 1 scott users 4229822 Jan 15 21:01 006.005.jpg
-rw-rw-r-- 1 scott users 3674642 Jan 15 21:01 006.006.jpg
-rw-rw-r-- 1 scott users 3571473 Jan 15 21:01 006.007.jpg
-rw-rw-r-- 1 scott users 3690100 Jan 15 21:01 006.008.jpg
-rw-rw-r-- 1 scott users 4273087 Jan 15 21:01 006.009.jpg
-rw-rw-r-- 1 scott users 3647470 Jan 15 21:01 006.010.jpg
-rw-rw-r-- 1 scott users 3124220 Jan 15 21:01 006.011.jpg
-rw-rw-r-- 1 scott users 6404026 Jan 15 21:01 008.000.jpg
-rw-rw-r-- 1 scott users 5451538 Jan 15 21:01 008.001.jpg
-rw-rw-r-- 1 scott users 5869369 Jan 15 21:01 008.002.jpg
-rw-rw-r-- 1 scott users 6218951 Jan 15 21:01 008.003.jpg
-rw-rw-r-- 1 scott users 5626728 Jan 15 21:01 008.004.jpg
-rw-rw-r-- 1 scott users 4552652 Jan 15 21:01 008.005.jpg
-rw-rw-r-- 1 scott users 5040698 Jan 15 21:01 008.006.jpg
-rw-rw-r-- 1 scott users 5398333 Jan 15 21:01 008.007.jpg
-rw-rw-r-- 1 scott users 4318796 Jan 15 21:01 008.008.jpg
-rw-rw-r-- 1 scott users 7113854 Jan 15 21:01 009.000.jpg
-rw-rw-r-- 1 scott users 5848690 Jan 15 21:01 009.001.jpg
-rw-rw-r-- 1 scott users 6786513 Jan 15 21:01 009.002.jpg
-rw-rw-r-- 1 scott users 7132007 Jan 15 21:02 009.003.jpg
-rw-rw-r-- 1 scott users 5333137 Jan 15 21:02 009.004.jpg
-rw-rw-r-- 1 scott users 5602554 Jan 15 21:02 009.005.jpg
-rw-rw-r-- 1 scott users 5980556 Jan 15 21:02 009.006.jpg
-rw-rw-r-- 1 scott users 5088129 Jan 15 21:02 009.007.jpg
-rw-rw-r-- 1 scott users 2251191 Jan 15 23:44 012.000.jpg
-rw-rw-r-- 1 scott users 1809971 Jan 15 23:44 012.001.jpg
-rw-rw-r-- 1 scott users 2040644 Jan 15 23:44 012.002.jpg
-rw-rw-r-- 1 scott users 1752936 Jan 15 23:44 012.003.jpg
-rw-rw-r-- 1 scott users 1790666 Jan 15 23:44 012.004.jpg
-rw-rw-r-- 1 scott users 1608640 Jan 15 23:44 012.005.jpg
-rw-rw-r-- 1 scott users 2770352 Jan 15 23:43 016.000.jpg
-rw-rw-r-- 1 scott users 2721163 Jan 15 23:43 016.001.jpg
-rw-rw-r-- 1 scott users 2365902 Jan 15 23:43 016.002.jpg
-rw-rw-r-- 1 scott users 2392146 Jan 15 23:43 016.003.jpg
-rw-rw-r-- 1 scott users 1829850 Jan 15 23:44 018.000.jpg
-rw-rw-r-- 1 scott users 1859518 Jan 15 23:44 018.001.jpg
-rw-rw-r-- 1 scott users 1587647 Jan 15 23:44 018.002.jpg
-rw-rw-r-- 1 scott users 1569827 Jan 15 23:44 018.003.jpg
-rw-rw-r-- 1 scott users 4064274 Jan 15 23:43 024.000.jpg
-rw-rw-r-- 1 scott users 3793951 Jan 15 23:43 024.001.jpg
-rw-rw-r-- 1 scott users 3399268 Jan 15 23:43 024.002.jpg
-rw-rw-r-- 1 scott users 1610743 Jan 15 23:45 024.003.000.jpg
-rw-rw-r-- 1 scott users 3689917 Jan 15 23:45 036.000.jpg
-rw-rw-r-- 1 scott users 3156889 Jan 15 23:45 036.001.jpg
-rw-rw-r-- 1 scott users  965525 Jan 15 23:45 036.002.000.jpg
-rw-rw-r-- 1 scott users 2700070 Jan 17 00:32 072.000.jpg
-rw-rw-r-- 1 scott users    2032 Jan 17 00:32 aspects.out
-rwxrwxr-x 1 scott users    5576 Jan 16 17:32 describe.txt
-rw-rw-r-- 1 scott users     929 Jan 17 00:32 error
-rw-rw-r-- 1 scott users       0 Jan 17 00:32 files.out
-rw-rw-r-- 1 scott users      44 Nov 24 10:09 meta.ini
drwxr-xr-x 4 scott users    4096 Nov 20 20:08 orig
-rw-r--r-- 1 scott users    1737 Oct 28 18:08 out
-rw-rw-r-- 1 scott users      22 Nov 13 17:05 title
drwxrwxr-x 2 scott users    4096 Jan 17 00:31 tmp
