total 19908
drwx--x--x  4 scott users    4096 Feb  6 18:51 .
drwxrwxr-x 22 scott users    4096 Feb  5 14:09 ..
-rw-rw-r--  1 scott users 1357512 Feb  6 18:51 003.000.jpg
-rw-rw-r--  1 scott users 1500770 Feb  6 18:51 003.001.jpg
-rw-rw-r--  1 scott users 1391924 Feb  6 18:51 003.002.jpg
-rw-rw-r--  1 scott users 1045483 Feb  6 18:51 003.003.jpg
-rw-rw-r--  1 scott users 1317850 Feb  6 18:51 003.004.jpg
-rw-rw-r--  1 scott users 1464778 Feb  6 18:51 003.005.jpg
-rw-rw-r--  1 scott users 2871843 Feb  6 18:51 006.000.jpg
-rw-rw-r--  1 scott users 2444498 Feb  6 18:51 006.001.jpg
-rw-rw-r--  1 scott users 2802941 Feb  6 18:51 006.002.jpg
-rw-rw-r--  1 scott users  926370 Feb  6 18:51 009.000.jpg
-rw-rw-r--  1 scott users  852874 Feb  6 18:51 009.001.jpg
lrwxrwxrwx  1 scott users      11 Feb  5 19:35 012.000.jpg -> 006.000.jpg
lrwxrwxrwx  1 scott users      11 Feb  5 19:35 012.001.jpg -> 006.001.jpg
lrwxrwxrwx  1 scott users      11 Feb  5 19:35 012.002.jpg -> 006.002.jpg
-rw-rw-r--  1 scott users  862286 Feb  5 14:40 240.240.gif
-rw-rw-r--  1 scott users 1483276 Feb  5 14:40 420.240.gif
-rw-rw-r--  1 scott users    1336 Feb  6 18:51 aspects.out
-rw-rw-r--  1 scott users    1487 Feb  6 18:48 div.out
-rw-rw-r--  1 scott users     744 Feb  6 18:51 error
-rw-rw-r--  1 scott users       0 Feb  6 18:51 files.out
-rw-rw-r--  1 scott users      25 Jan 27 17:58 meta.ini
drwxrwxr-x  2 scott users    4096 Jan 27 18:12 orig
drwxrwxr-x  2 scott users    4096 Feb  6 18:51 tmp
