total 185108
drwxr-xr-x  4 scott users    4096 Jan 17 16:23 .
drwxrwxr-x 27 scott users    4096 Jan 16 21:35 ..
-rw-rw-r--  1 scott users 1605161 Jan 17 14:20 004.000.jpg
-rw-rw-r--  1 scott users 1842101 Jan 17 14:20 004.001.jpg
-rw-rw-r--  1 scott users 2537876 Jan 17 14:20 004.002.jpg
-rw-rw-r--  1 scott users 2060235 Jan 17 14:20 004.003.jpg
-rw-rw-r--  1 scott users 1520325 Jan 17 14:20 004.004.jpg
-rw-rw-r--  1 scott users 1823280 Jan 17 14:20 004.005.jpg
-rw-rw-r--  1 scott users 1393975 Jan 17 14:20 004.006.jpg
-rw-rw-r--  1 scott users 2075867 Jan 17 14:20 004.007.jpg
-rw-rw-r--  1 scott users 1929954 Jan 17 14:20 004.008.jpg
-rw-rw-r--  1 scott users 1885583 Jan 17 14:20 004.009.jpg
-rw-rw-r--  1 scott users 1458209 Jan 17 14:20 004.010.jpg
-rw-rw-r--  1 scott users 2558858 Jan 17 14:20 004.011.jpg
-rw-rw-r--  1 scott users 1756674 Jan 17 14:20 004.012.jpg
-rw-rw-r--  1 scott users 2049192 Jan 17 14:20 004.013.jpg
-rw-rw-r--  1 scott users 2828876 Jan 17 14:20 004.014.jpg
-rw-rw-r--  1 scott users 2414564 Jan 17 14:20 004.015.jpg
-rw-rw-r--  1 scott users 1567652 Jan 17 14:20 004.016.jpg
-rw-rw-r--  1 scott users 2501705 Jan 17 14:20 004.017.jpg
-rw-rw-r--  1 scott users 2529754 Jan 17 14:20 006.000.jpg
-rw-rw-r--  1 scott users 3456853 Jan 17 14:20 006.001.jpg
-rw-rw-r--  1 scott users 3153458 Jan 17 14:20 006.002.jpg
-rw-rw-r--  1 scott users 2255952 Jan 17 14:20 006.003.jpg
-rw-rw-r--  1 scott users 2223192 Jan 17 14:20 006.004.jpg
-rw-rw-r--  1 scott users 3180246 Jan 17 14:20 006.005.jpg
-rw-rw-r--  1 scott users 2507967 Jan 17 14:20 006.006.jpg
-rw-rw-r--  1 scott users 3409080 Jan 17 14:20 006.007.jpg
-rw-rw-r--  1 scott users 3117455 Jan 17 14:20 006.008.jpg
-rw-rw-r--  1 scott users 3527774 Jan 17 14:20 006.009.jpg
-rw-rw-r--  1 scott users 3038995 Jan 17 14:20 006.010.jpg
-rw-rw-r--  1 scott users 3459450 Jan 17 14:20 006.011.jpg
-rw-rw-r--  1 scott users 3449506 Jan 17 14:20 008.000.jpg
-rw-rw-r--  1 scott users 4606164 Jan 17 14:20 008.001.jpg
-rw-rw-r--  1 scott users 3352512 Jan 17 14:20 008.002.jpg
-rw-rw-r--  1 scott users 3480899 Jan 17 14:20 008.003.jpg
-rw-rw-r--  1 scott users 3816977 Jan 17 14:20 008.004.jpg
-rw-rw-r--  1 scott users 4038344 Jan 17 14:20 008.005.jpg
-rw-rw-r--  1 scott users 3812570 Jan 17 14:20 008.006.jpg
-rw-rw-r--  1 scott users 5251740 Jan 17 14:21 008.007.jpg
-rw-rw-r--  1 scott users 4073850 Jan 17 14:21 008.008.jpg
-rw-rw-r--  1 scott users 4069992 Jan 17 14:21 009.000.jpg
-rw-rw-r--  1 scott users 5080070 Jan 17 14:21 009.001.jpg
-rw-rw-r--  1 scott users 3221057 Jan 17 14:21 009.002.jpg
-rw-rw-r--  1 scott users 4437859 Jan 17 14:21 009.003.jpg
-rw-rw-r--  1 scott users 3815937 Jan 17 14:21 009.004.jpg
-rw-rw-r--  1 scott users 5214594 Jan 17 14:21 009.005.jpg
-rw-rw-r--  1 scott users 5620533 Jan 17 14:21 009.006.jpg
-rw-rw-r--  1 scott users 4404501 Jan 17 14:21 009.007.jpg
-rw-rw-r--  1 scott users 1706377 Jan 17 14:22 012.000.jpg
-rw-rw-r--  1 scott users 1536735 Jan 17 14:22 012.001.jpg
-rw-rw-r--  1 scott users 1527340 Jan 17 14:22 012.002.jpg
-rw-rw-r--  1 scott users 1765781 Jan 17 14:22 012.003.jpg
-rw-rw-r--  1 scott users 1897904 Jan 17 14:22 012.004.jpg
-rw-rw-r--  1 scott users 1813401 Jan 17 14:22 012.005.jpg
-rw-rw-r--  1 scott users 2316029 Jan 17 14:21 016.000.jpg
-rw-rw-r--  1 scott users 1899404 Jan 17 14:21 016.001.jpg
-rw-rw-r--  1 scott users 2318154 Jan 17 14:21 016.002.jpg
-rw-rw-r--  1 scott users 2540890 Jan 17 14:21 016.003.jpg
-rw-rw-r--  1 scott users 1549342 Jan 17 14:22 018.000.jpg
-rw-rw-r--  1 scott users 1265677 Jan 17 14:22 018.001.jpg
-rw-rw-r--  1 scott users 1577220 Jan 17 14:22 018.002.jpg
-rw-rw-r--  1 scott users 1620547 Jan 17 14:22 018.003.jpg
-rw-rw-r--  1 scott users 3242549 Jan 17 14:21 024.000.jpg
-rw-rw-r--  1 scott users 3292796 Jan 17 14:21 024.001.jpg
-rw-rw-r--  1 scott users 3710700 Jan 17 14:21 024.002.jpg
-rw-rw-r--  1 scott users 1322482 Jan 17 14:23 024.003.000.jpg
-rw-rw-r--  1 scott users 2814594 Jan 17 14:23 036.000.jpg
-rw-rw-r--  1 scott users 3197471 Jan 17 14:23 036.001.jpg
-rw-rw-r--  1 scott users  789014 Jan 17 14:23 036.002.000.jpg
-rw-rw-r--  1 scott users 2253654 Jan 17 16:23 072.000.jpg
-rw-rw-r--  1 scott users    2032 Jan 17 16:23 aspects.out
-rwxrwxr-x  1 scott users    5723 Jan 17 14:23 describe.txt
-rw-rw-r--  1 scott users     929 Jan 17 16:23 error
-rw-rw-r--  1 scott users       0 Jan 17 16:23 files.out
-rw-rw-r--  1 scott users      44 Nov 24 14:45 meta.ini
drwxr-xr-x  3 scott users    4096 Nov  6 14:28 orig
-rw-rw-r--  1 scott users      22 Nov 13 16:29 title
drwxrwxr-x  2 scott users    4096 Jan 17 16:23 tmp
