006.000.jpg 11520 1080 10.6667
006.001.jpg 11520 1080 10.6667
006.002.jpg 11520 1080 10.6667
009.000.jpg 11520 720 16
009.001.jpg 11520 720 16
012.000.jpg 11520 1080 10.6667
012.001.jpg 11520 1080 10.6667
012.002.jpg 11520 1080 10.6667
018.000.jpg 11520 1080 10.6667
018.001.jpg 11520 1080 10.6667
018.002.jpg 11520 1080 10.6667
003.000.jpg 3840 720 5.33333
003.001.jpg 3840 720 5.33333
003.002.jpg 3840 720 5.33333
003.003.jpg 3840 720 5.33333
003.004.jpg 3840 720 5.33333
003.005.jpg 3840 720 5.33333
420.240.gif[10] 420 240 1.75
420.240.gif[11] 420 240 1.75
420.240.gif[12] 420 240 1.75
420.240.gif[13] 420 240 1.75
420.240.gif[14] 420 240 1.75
420.240.gif[15] 420 240 1.75
420.240.gif[16] 420 240 1.75
420.240.gif[17] 420 240 1.75
420.240.gif 420 240 1.75
420.240.gif 420 240 1.75
420.240.gif 420 240 1.75
420.240.gif 420 240 1.75
420.240.gif 420 240 1.75
420.240.gif 420 240 1.75
420.240.gif 420 240 1.75
420.240.gif 420 240 1.75
420.240.gif 420 240 1.75
420.240.gif 420 240 1.75
240.240.gif[10] 240 240 1
240.240.gif[11] 240 240 1
240.240.gif[12] 240 240 1
240.240.gif[13] 240 240 1
240.240.gif[14] 240 240 1
240.240.gif[15] 240 240 1
240.240.gif[16] 240 240 1
240.240.gif[17] 240 240 1
240.240.gif 240 240 1
240.240.gif 240 240 1
240.240.gif 240 240 1
240.240.gif 240 240 1
240.240.gif 240 240 1
240.240.gif 240 240 1
240.240.gif 240 240 1
240.240.gif 240 240 1
240.240.gif 240 240 1
240.240.gif 240 240 1
