total 13376
drwx--x--x  4 scott users    4096 Feb  7 09:54 .
drwx--x--x 12 scott users    4096 Feb  5 19:44 ..
-rw-rw-r--  1 scott users  349609 Feb  7 09:53 003.000.jpg
-rw-rw-r--  1 scott users  379558 Feb  7 09:53 003.001.jpg
-rw-rw-r--  1 scott users  335233 Feb  7 09:53 003.002.jpg
-rw-rw-r--  1 scott users  387573 Feb  7 09:53 003.003.jpg
-rw-rw-r--  1 scott users  385390 Feb  7 09:53 003.004.jpg
-rw-rw-r--  1 scott users  402386 Feb  7 09:54 003.005.jpg
-rw-rw-r--  1 scott users 2195991 Jan 19 19:27 006.000.jpg
-rw-rw-r--  1 scott users 2150274 Jan 19 19:28 006.001.jpg
-rw-rw-r--  1 scott users 2349169 Jan 19 19:28 006.002.jpg
-rw-rw-r--  1 scott users 1090898 Feb  7 09:54 009.000.jpg
-rw-rw-r--  1 scott users 1202616 Feb  7 09:54 009.001.jpg
lrwxrwxrwx  1 scott users      11 Feb  5 19:45 012.000.jpg -> 006.000.jpg
lrwxrwxrwx  1 scott users      11 Feb  5 19:45 012.001.jpg -> 006.001.jpg
lrwxrwxrwx  1 scott users      11 Feb  5 19:45 012.002.jpg -> 006.002.jpg
lrwxrwxrwx  1 scott users      11 Feb  5 19:45 018.000.jpg -> 006.000.jpg
lrwxrwxrwx  1 scott users      11 Feb  5 19:45 018.001.jpg -> 006.001.jpg
lrwxrwxrwx  1 scott users      11 Feb  5 19:45 018.002.jpg -> 006.002.jpg
-rw-rw-r--  1 scott users  883232 Jan 26 11:25 240.240.gif
-rw-rw-r--  1 scott users 1521333 Jan 26 11:25 420.240.gif
-rw-rw-r--  1 scott users    1413 Feb  7 09:54 aspects.out
-rw-rw-r--  1 scott users    1330 Jan 19 19:46 describe.txt
-rw-rw-r--  1 scott users    1486 Feb  4 21:54 div.out
-rw-rw-r--  1 scott users     744 Feb  7 09:54 error
-rw-rw-r--  1 scott users       0 Feb  7 09:54 files.out
-rw-rw-r--  1 scott users      24 Jan 19 19:44 meta.ini
drwxrwxr-x  3 scott users    4096 Jan 19 19:21 orig
drwxrwxr-x  2 scott users    4096 Feb  7 09:54 tmp
