total 320976
drwxr-xr-x  4 scott users     4096 Jan 23 22:35 .
drwxrwxr-x 10 scott users     4096 Jan 23 19:55 ..
-rw-rw-r--  1 scott users  3308712 Jan 23 22:29 004.000.jpg
-rw-rw-r--  1 scott users  4476117 Jan 23 22:29 004.001.jpg
-rw-rw-r--  1 scott users  3768168 Jan 23 22:29 004.002.jpg
-rw-rw-r--  1 scott users  4409728 Jan 23 22:29 004.003.jpg
-rw-rw-r--  1 scott users  4239858 Jan 23 22:29 004.004.jpg
-rw-rw-r--  1 scott users  4769513 Jan 23 22:29 004.005.jpg
-rw-rw-r--  1 scott users  4998835 Jan 23 22:29 004.006.jpg
-rw-rw-r--  1 scott users  2349870 Jan 23 22:29 004.007.jpg
-rw-rw-r--  1 scott users  3790181 Jan 23 22:29 004.008.jpg
-rw-rw-r--  1 scott users  3494602 Jan 23 22:29 004.009.jpg
-rw-rw-r--  1 scott users  3478259 Jan 23 22:29 004.010.jpg
-rw-rw-r--  1 scott users  2931851 Jan 23 22:29 004.011.jpg
-rw-rw-r--  1 scott users  2582711 Jan 23 22:29 004.012.jpg
-rw-rw-r--  1 scott users  3153080 Jan 23 22:29 004.013.jpg
-rw-rw-r--  1 scott users  4793568 Jan 23 22:29 004.014.jpg
-rw-rw-r--  1 scott users  3674750 Jan 23 22:29 004.015.jpg
-rw-rw-r--  1 scott users  4072497 Jan 23 22:29 004.016.jpg
-rw-rw-r--  1 scott users  4200838 Jan 23 22:29 004.017.jpg
-rw-rw-r--  1 scott users  4865384 Jan 23 22:29 006.000.jpg
-rw-rw-r--  1 scott users  6679174 Jan 23 22:29 006.001.jpg
-rw-rw-r--  1 scott users  6735819 Jan 23 22:29 006.002.jpg
-rw-rw-r--  1 scott users  6690756 Jan 23 22:29 006.003.jpg
-rw-rw-r--  1 scott users  6317120 Jan 23 22:30 006.004.jpg
-rw-rw-r--  1 scott users  4864290 Jan 23 22:30 006.005.jpg
-rw-rw-r--  1 scott users  5563142 Jan 23 22:30 006.006.jpg
-rw-rw-r--  1 scott users  4350602 Jan 23 22:30 006.007.jpg
-rw-rw-r--  1 scott users  4200884 Jan 23 22:30 006.008.jpg
-rw-rw-r--  1 scott users  6347581 Jan 23 22:30 006.009.jpg
-rw-rw-r--  1 scott users  5931179 Jan 23 22:30 006.010.jpg
-rw-rw-r--  1 scott users  6022634 Jan 23 22:30 006.011.jpg
-rw-rw-r--  1 scott users  7788741 Jan 23 22:30 008.000.jpg
-rw-rw-r--  1 scott users  8180307 Jan 23 22:30 008.001.jpg
-rw-rw-r--  1 scott users  9016752 Jan 23 22:30 008.002.jpg
-rw-rw-r--  1 scott users  7392573 Jan 23 22:30 008.003.jpg
-rw-rw-r--  1 scott users  7291153 Jan 23 22:30 008.004.jpg
-rw-rw-r--  1 scott users  6426445 Jan 23 22:30 008.005.jpg
-rw-rw-r--  1 scott users  5746776 Jan 23 22:30 008.006.jpg
-rw-rw-r--  1 scott users  8473577 Jan 23 22:30 008.007.jpg
-rw-rw-r--  1 scott users  8283571 Jan 23 22:30 008.008.jpg
-rw-rw-r--  1 scott users  8650065 Jan 23 22:31 009.000.jpg
-rw-rw-r--  1 scott users  9644607 Jan 23 22:31 009.001.jpg
-rw-rw-r--  1 scott users 10978676 Jan 23 22:31 009.002.jpg
-rw-rw-r--  1 scott users  6886764 Jan 23 22:31 009.003.jpg
-rw-rw-r--  1 scott users  7731069 Jan 23 22:31 009.004.jpg
-rw-rw-r--  1 scott users  6395088 Jan 23 22:31 009.005.jpg
-rw-rw-r--  1 scott users  8951942 Jan 23 22:31 009.006.jpg
-rw-rw-r--  1 scott users  9356172 Jan 23 22:31 009.007.jpg
-rw-rw-r--  1 scott users  2023515 Jan 23 22:33 012.000.jpg
-rw-rw-r--  1 scott users  2269000 Jan 23 22:33 012.001.jpg
-rw-rw-r--  1 scott users  1910222 Jan 23 22:33 012.002.jpg
-rw-rw-r--  1 scott users  1832842 Jan 23 22:33 012.003.jpg
-rw-rw-r--  1 scott users  1859919 Jan 23 22:33 012.004.jpg
-rw-rw-r--  1 scott users  2096877 Jan 23 22:33 012.005.jpg
-rw-rw-r--  1 scott users  2758690 Jan 23 22:33 016.000.jpg
-rw-rw-r--  1 scott users  2777979 Jan 23 22:33 016.001.jpg
-rw-rw-r--  1 scott users  2498046 Jan 23 22:33 016.002.jpg
-rw-rw-r--  1 scott users  2492789 Jan 23 22:33 016.003.jpg
-rw-rw-r--  1 scott users  1878316 Jan 23 22:34 018.000.jpg
-rw-rw-r--  1 scott users  1828582 Jan 23 22:34 018.001.jpg
-rw-rw-r--  1 scott users  1577741 Jan 23 22:34 018.002.jpg
-rw-rw-r--  1 scott users  1879416 Jan 23 22:34 018.003.jpg
-rw-rw-r--  1 scott users  4292426 Jan 23 22:32 024.000.jpg
-rw-rw-r--  1 scott users  3743803 Jan 23 22:32 024.001.jpg
-rw-rw-r--  1 scott users  3957945 Jan 23 22:33 024.002.jpg
-rw-rw-r--  1 scott users  1638075 Jan 23 22:35 024.003.000.jpg
-rw-rw-r--  1 scott users  3706605 Jan 23 22:34 036.000.jpg
-rw-rw-r--  1 scott users  3458241 Jan 23 22:34 036.001.jpg
-rw-rw-r--  1 scott users   979065 Jan 23 22:35 036.002.000.jpg
-rw-rw-r--  1 scott users  2769557 Jan 23 22:35 072.000.jpg
-rw-rw-r--  1 scott users     2050 Jan 23 22:35 aspects.out
-rw-rw-r--  1 scott users      929 Jan 23 22:35 error
-rw-rw-r--  1 scott users        0 Jan 23 22:35 files.out
-rw-rw-r--  1 scott users       27 Jan 23 19:53 meta.ini
drwxr-xr-x  4 scott users     4096 Nov 16 07:43 orig
-rw-r--r--  1 scott users    14038 Nov 16 07:43 out
drwxrwxr-x  2 scott users     4096 Jan 23 22:35 tmp
