total 192964
drwxr-xr-x  4 scott users    4096 Jan 17 00:42 .
drwxrwxr-x 27 scott users    4096 Jan 16 21:35 ..
-rw-rw-r--  1 scott users 1650497 Jan 16 20:47 004.000.jpg
-rw-rw-r--  1 scott users 1504127 Jan 16 20:47 004.001.jpg
-rw-rw-r--  1 scott users 2204547 Jan 16 20:47 004.002.jpg
-rw-rw-r--  1 scott users 1689403 Jan 16 20:47 004.003.jpg
-rw-rw-r--  1 scott users 2566714 Jan 16 20:47 004.004.jpg
-rw-rw-r--  1 scott users 2548880 Jan 16 20:47 004.005.jpg
-rw-rw-r--  1 scott users 2652049 Jan 16 20:47 004.006.jpg
-rw-rw-r--  1 scott users 2508130 Jan 16 20:47 004.007.jpg
-rw-rw-r--  1 scott users 2047697 Jan 16 20:47 004.008.jpg
-rw-rw-r--  1 scott users 1868335 Jan 16 20:47 004.009.jpg
-rw-rw-r--  1 scott users 2286548 Jan 16 20:47 004.010.jpg
-rw-rw-r--  1 scott users 1295701 Jan 16 20:47 004.011.jpg
-rw-rw-r--  1 scott users 2274488 Jan 16 20:47 004.012.jpg
-rw-rw-r--  1 scott users 2566978 Jan 16 20:47 004.013.jpg
-rw-rw-r--  1 scott users 2030497 Jan 16 20:47 004.014.jpg
-rw-rw-r--  1 scott users 2735048 Jan 16 20:47 004.015.jpg
-rw-rw-r--  1 scott users 1482056 Jan 16 20:47 004.016.jpg
-rw-rw-r--  1 scott users 1418092 Jan 16 20:48 004.017.jpg
-rw-rw-r--  1 scott users 2669828 Jan 16 20:48 006.000.jpg
-rw-rw-r--  1 scott users 2692764 Jan 16 20:48 006.001.jpg
-rw-rw-r--  1 scott users 3098804 Jan 16 20:48 006.002.jpg
-rw-rw-r--  1 scott users 3720875 Jan 16 20:48 006.003.jpg
-rw-rw-r--  1 scott users 4411967 Jan 16 20:48 006.004.jpg
-rw-rw-r--  1 scott users 2793180 Jan 16 20:48 006.005.jpg
-rw-rw-r--  1 scott users 2947548 Jan 16 20:48 006.006.jpg
-rw-rw-r--  1 scott users 2518228 Jan 16 20:48 006.007.jpg
-rw-rw-r--  1 scott users 3867002 Jan 16 20:48 006.008.jpg
-rw-rw-r--  1 scott users 3008778 Jan 16 20:48 006.009.jpg
-rw-rw-r--  1 scott users 3670732 Jan 16 20:48 006.010.jpg
-rw-rw-r--  1 scott users 1981499 Jan 16 20:48 006.011.jpg
-rw-rw-r--  1 scott users 3156998 Jan 16 20:48 008.000.jpg
-rw-rw-r--  1 scott users 3899511 Jan 16 20:48 008.001.jpg
-rw-rw-r--  1 scott users 5119088 Jan 16 20:48 008.002.jpg
-rw-rw-r--  1 scott users 5160338 Jan 16 20:48 008.003.jpg
-rw-rw-r--  1 scott users 3916587 Jan 16 20:48 008.004.jpg
-rw-rw-r--  1 scott users 3594423 Jan 16 20:48 008.005.jpg
-rw-rw-r--  1 scott users 4847753 Jan 16 20:48 008.006.jpg
-rw-rw-r--  1 scott users 4770267 Jan 16 20:48 008.007.jpg
-rw-rw-r--  1 scott users 2902680 Jan 16 20:48 008.008.jpg
-rw-rw-r--  1 scott users 3782950 Jan 16 20:48 009.000.jpg
-rw-rw-r--  1 scott users 4680327 Jan 16 20:48 009.001.jpg
-rw-rw-r--  1 scott users 5609439 Jan 16 20:48 009.002.jpg
-rw-rw-r--  1 scott users 5333467 Jan 16 20:48 009.003.jpg
-rw-rw-r--  1 scott users 4495284 Jan 16 20:48 009.004.jpg
-rw-rw-r--  1 scott users 4843548 Jan 16 20:48 009.005.jpg
-rw-rw-r--  1 scott users 5323073 Jan 16 20:49 009.006.jpg
-rw-rw-r--  1 scott users 3325683 Jan 16 20:49 009.007.jpg
-rw-rw-r--  1 scott users 1497612 Jan 16 20:50 012.000.jpg
-rw-rw-r--  1 scott users 1943791 Jan 16 20:50 012.001.jpg
-rw-rw-r--  1 scott users 2074176 Jan 16 20:50 012.002.jpg
-rw-rw-r--  1 scott users 1526994 Jan 16 20:50 012.003.jpg
-rw-rw-r--  1 scott users 2004951 Jan 16 20:50 012.004.jpg
-rw-rw-r--  1 scott users 1608400 Jan 16 20:50 012.005.jpg
-rw-rw-r--  1 scott users 1977884 Jan 16 20:49 016.000.jpg
-rw-rw-r--  1 scott users 2971462 Jan 16 20:49 016.001.jpg
-rw-rw-r--  1 scott users 2090382 Jan 16 20:49 016.002.jpg
-rw-rw-r--  1 scott users 2750665 Jan 16 20:49 016.003.jpg
-rw-rw-r--  1 scott users 1371218 Jan 16 20:50 018.000.jpg
-rw-rw-r--  1 scott users 1830799 Jan 16 20:50 018.001.jpg
-rw-rw-r--  1 scott users 1544794 Jan 16 20:50 018.002.jpg
-rw-rw-r--  1 scott users 1451434 Jan 16 20:50 018.003.jpg
-rw-rw-r--  1 scott users 3443531 Jan 16 20:49 024.000.jpg
-rw-rw-r--  1 scott users 3600121 Jan 16 20:49 024.001.jpg
-rw-rw-r--  1 scott users 3614430 Jan 16 20:49 024.002.jpg
-rw-rw-r--  1 scott users 1346604 Jan 16 20:51 024.003.000.jpg
-rw-rw-r--  1 scott users 3203420 Jan 16 20:50 036.000.jpg
-rw-rw-r--  1 scott users 2996417 Jan 16 20:50 036.001.jpg
-rw-rw-r--  1 scott users  801834 Jan 16 20:51 036.002.000.jpg
-rw-rw-r--  1 scott users 2303062 Jan 17 00:42 072.000.jpg
-rw-rw-r--  1 scott users    2032 Jan 17 00:42 aspects.out
-rwxrwxr-x  1 scott users    5720 Jan 16 20:51 describe.txt
-rw-rw-r--  1 scott users     929 Jan 17 00:42 error
-rw-rw-r--  1 scott users       0 Jan 17 00:42 files.out
-rw-rw-r--  1 scott users      40 Nov 24 10:57 meta.ini
drwxr-xr-x  2 scott users    4096 Jan 16 20:46 orig
drwxrwxr-x  2 scott users    4096 Jan 17 00:42 tmp
