total 170236
drwxr-xr-x 4 scott users    4096 Jan 17 00:35 .
drwxrwxr-x 9 scott users    4096 Jan 16 19:38 ..
-rw-rw-r-- 1 scott users 2127731 Jan 16 11:59 004.000.jpg
-rw-rw-r-- 1 scott users 1997479 Jan 16 11:59 004.001.jpg
-rw-rw-r-- 1 scott users 1439335 Jan 16 11:59 004.002.jpg
-rw-rw-r-- 1 scott users 1714751 Jan 16 11:59 004.003.jpg
-rw-rw-r-- 1 scott users 1952768 Jan 16 11:59 004.004.jpg
-rw-rw-r-- 1 scott users 2012595 Jan 16 11:59 004.005.jpg
-rw-rw-r-- 1 scott users 1345164 Jan 16 11:59 004.006.jpg
-rw-rw-r-- 1 scott users 1835681 Jan 16 11:59 004.007.jpg
-rw-rw-r-- 1 scott users 1799415 Jan 16 11:59 004.008.jpg
-rw-rw-r-- 1 scott users 1794929 Jan 16 11:59 004.009.jpg
-rw-rw-r-- 1 scott users 1969387 Jan 16 11:59 004.010.jpg
-rw-rw-r-- 1 scott users 1853731 Jan 16 11:59 004.011.jpg
-rw-rw-r-- 1 scott users 1828927 Jan 16 11:59 004.012.jpg
-rw-rw-r-- 1 scott users 1750562 Jan 16 11:59 004.013.jpg
-rw-rw-r-- 1 scott users 1714646 Jan 16 11:59 004.014.jpg
-rw-rw-r-- 1 scott users 1881718 Jan 16 11:59 004.015.jpg
-rw-rw-r-- 1 scott users 1472099 Jan 16 11:59 004.016.jpg
-rw-rw-r-- 1 scott users 1436141 Jan 16 11:59 004.017.jpg
-rw-rw-r-- 1 scott users 3122521 Jan 16 11:59 006.000.jpg
-rw-rw-r-- 1 scott users 2452079 Jan 16 11:59 006.001.jpg
-rw-rw-r-- 1 scott users 2683991 Jan 16 11:59 006.002.jpg
-rw-rw-r-- 1 scott users 2997281 Jan 16 11:59 006.003.jpg
-rw-rw-r-- 1 scott users 2509465 Jan 16 11:59 006.004.jpg
-rw-rw-r-- 1 scott users 2478690 Jan 16 11:59 006.005.jpg
-rw-rw-r-- 1 scott users 2858588 Jan 16 11:59 006.006.jpg
-rw-rw-r-- 1 scott users 2763268 Jan 16 11:59 006.007.jpg
-rw-rw-r-- 1 scott users 2502048 Jan 16 11:59 006.008.jpg
-rw-rw-r-- 1 scott users 2796435 Jan 16 11:59 006.009.jpg
-rw-rw-r-- 1 scott users 2841175 Jan 16 11:59 006.010.jpg
-rw-rw-r-- 1 scott users 1946896 Jan 16 11:59 006.011.jpg
-rw-rw-r-- 1 scott users 4124924 Jan 16 11:59 008.000.jpg
-rw-rw-r-- 1 scott users 3157499 Jan 16 11:59 008.001.jpg
-rw-rw-r-- 1 scott users 3966403 Jan 16 11:59 008.002.jpg
-rw-rw-r-- 1 scott users 3188524 Jan 16 11:59 008.003.jpg
-rw-rw-r-- 1 scott users 3593794 Jan 16 11:59 008.004.jpg
-rw-rw-r-- 1 scott users 3828572 Jan 16 11:59 008.005.jpg
-rw-rw-r-- 1 scott users 3581885 Jan 16 11:59 008.006.jpg
-rw-rw-r-- 1 scott users 3602038 Jan 16 11:59 008.007.jpg
-rw-rw-r-- 1 scott users 2907135 Jan 16 11:59 008.008.jpg
-rw-rw-r-- 1 scott users 4355167 Jan 16 12:00 009.000.jpg
-rw-rw-r-- 1 scott users 3903572 Jan 16 12:00 009.001.jpg
-rw-rw-r-- 1 scott users 3930598 Jan 16 12:00 009.002.jpg
-rw-rw-r-- 1 scott users 4060931 Jan 16 12:00 009.003.jpg
-rw-rw-r-- 1 scott users 4462548 Jan 16 12:00 009.004.jpg
-rw-rw-r-- 1 scott users 3661455 Jan 16 12:00 009.005.jpg
-rw-rw-r-- 1 scott users 4232843 Jan 16 12:00 009.006.jpg
-rw-rw-r-- 1 scott users 3356303 Jan 16 12:00 009.007.jpg
-rw-rw-r-- 1 scott users 1778266 Jan 16 12:01 012.000.jpg
-rw-rw-r-- 1 scott users 1775443 Jan 16 12:01 012.001.jpg
-rw-rw-r-- 1 scott users 1532551 Jan 16 12:01 012.002.jpg
-rw-rw-r-- 1 scott users 1695418 Jan 16 12:01 012.003.jpg
-rw-rw-r-- 1 scott users 1716093 Jan 16 12:01 012.004.jpg
-rw-rw-r-- 1 scott users 1547043 Jan 16 12:01 012.005.jpg
-rw-rw-r-- 1 scott users 2343876 Jan 16 12:00 016.000.jpg
-rw-rw-r-- 1 scott users 2183977 Jan 16 12:00 016.001.jpg
-rw-rw-r-- 1 scott users 2254581 Jan 16 12:00 016.002.jpg
-rw-rw-r-- 1 scott users 2329178 Jan 16 12:00 016.003.jpg
-rw-rw-r-- 1 scott users 1604068 Jan 16 12:01 018.000.jpg
-rw-rw-r-- 1 scott users 1494191 Jan 16 12:01 018.001.jpg
-rw-rw-r-- 1 scott users 1511466 Jan 16 12:01 018.002.jpg
-rw-rw-r-- 1 scott users 1526755 Jan 16 12:01 018.003.jpg
-rw-rw-r-- 1 scott users 3552280 Jan 16 12:00 024.000.jpg
-rw-rw-r-- 1 scott users 3229604 Jan 16 12:00 024.001.jpg
-rw-rw-r-- 1 scott users 3262804 Jan 16 12:00 024.002.jpg
-rw-rw-r-- 1 scott users 1492688 Jan 16 12:02 024.003.000.jpg
-rw-rw-r-- 1 scott users 3098750 Jan 16 12:01 036.000.jpg
-rw-rw-r-- 1 scott users 3038379 Jan 16 12:02 036.001.jpg
-rw-rw-r-- 1 scott users  908465 Jan 16 12:02 036.002.000.jpg
-rw-rw-r-- 1 scott users 2474650 Jan 17 00:35 072.000.jpg
-rw-rw-r-- 1 scott users    2032 Jan 17 00:35 aspects.out
-rwxrwxr-x 1 scott users    5720 Jan 16 17:39 describe.txt
-rw-rw-r-- 1 scott users     929 Jan 17 00:35 error
-rw-rw-r-- 1 scott users       0 Jan 17 00:35 files.out
-rw-rw-r-- 1 scott users      40 Nov 24 14:27 meta.ini
drwxr-xr-x 2 scott users    4096 Jan 16 11:56 orig
drwxrwxr-x 2 scott users    4096 Jan 17 00:35 tmp
