total 28296
drwx--x--x  4 scott users    4096 Feb  6 18:49 .
drwxrwxr-x 22 scott users    4096 Feb  5 14:09 ..
-rw-rw-r--  1 scott users 1472666 Feb  6 18:49 003.000.jpg
-rw-rw-r--  1 scott users 2677776 Feb  6 18:49 003.001.jpg
-rw-rw-r--  1 scott users 1626279 Feb  6 18:49 003.002.jpg
-rw-rw-r--  1 scott users 1928313 Feb  6 18:49 003.003.jpg
-rw-rw-r--  1 scott users 2550244 Feb  6 18:49 003.004.jpg
-rw-rw-r--  1 scott users 1708005 Feb  6 18:49 003.005.jpg
-rw-rw-r--  1 scott users 4249807 Feb  6 18:49 006.000.jpg
-rw-rw-r--  1 scott users 3564846 Feb  6 18:49 006.001.jpg
-rw-rw-r--  1 scott users 4344212 Feb  6 18:49 006.002.jpg
-rw-rw-r--  1 scott users 1110484 Feb  6 18:49 009.000.jpg
-rw-rw-r--  1 scott users 1185236 Feb  6 18:49 009.001.jpg
lrwxrwxrwx  1 scott users      11 Feb  5 19:35 012.000.jpg -> 006.000.jpg
lrwxrwxrwx  1 scott users      11 Feb  5 19:35 012.001.jpg -> 006.001.jpg
lrwxrwxrwx  1 scott users      11 Feb  5 19:35 012.002.jpg -> 006.002.jpg
-rw-rw-r--  1 scott users  909740 Feb  5 14:39 240.240.gif
-rw-rw-r--  1 scott users 1585668 Feb  5 14:39 420.240.gif
-rw-rw-r--  1 scott users    1336 Feb  6 18:49 aspects.out
-rw-rw-r--  1 scott users    1485 Feb  6 18:48 div.out
-rw-rw-r--  1 scott users     744 Feb  6 18:49 error
-rw-rw-r--  1 scott users       0 Feb  6 18:49 files.out
-rw-rw-r--  1 scott users      23 Jan 27 17:45 meta.ini
drwxrwxr-x  2 scott users    4096 Jan 27 15:24 orig
drwxrwxr-x  2 scott users    4096 Feb  6 18:49 tmp
