total 178156
drwxr-xr-x  4 scott users    4096 Jan 17 16:25 .
drwxrwxr-x 27 scott users    4096 Jan 16 21:35 ..
-rw-rw-r--  1 scott users 2725495 Jan 17 15:02 004.000.jpg
-rw-rw-r--  1 scott users 1816776 Jan 17 15:02 004.001.jpg
-rw-rw-r--  1 scott users 2166385 Jan 17 15:02 004.002.jpg
-rw-rw-r--  1 scott users 1455153 Jan 17 15:02 004.003.jpg
-rw-rw-r--  1 scott users 1678766 Jan 17 15:02 004.004.jpg
-rw-rw-r--  1 scott users 2242081 Jan 17 15:02 004.005.jpg
-rw-rw-r--  1 scott users 2939606 Jan 17 15:02 004.006.jpg
-rw-rw-r--  1 scott users 1498035 Jan 17 15:02 004.007.jpg
-rw-rw-r--  1 scott users 1320571 Jan 17 15:02 004.008.jpg
-rw-rw-r--  1 scott users 1671311 Jan 17 15:02 004.009.jpg
-rw-rw-r--  1 scott users 1504578 Jan 17 15:02 004.010.jpg
-rw-rw-r--  1 scott users 1384545 Jan 17 15:02 004.011.jpg
-rw-rw-r--  1 scott users 2216532 Jan 17 15:02 004.012.jpg
-rw-rw-r--  1 scott users 2061794 Jan 17 15:02 004.013.jpg
-rw-rw-r--  1 scott users 1557623 Jan 17 15:02 004.014.jpg
-rw-rw-r--  1 scott users 2242055 Jan 17 15:02 004.015.jpg
-rw-rw-r--  1 scott users 1862928 Jan 17 15:02 004.016.jpg
-rw-rw-r--  1 scott users 1566445 Jan 17 15:02 004.017.jpg
-rw-rw-r--  1 scott users 3591897 Jan 17 15:02 006.000.jpg
-rw-rw-r--  1 scott users 3118679 Jan 17 15:02 006.001.jpg
-rw-rw-r--  1 scott users 1980852 Jan 17 15:02 006.002.jpg
-rw-rw-r--  1 scott users 3393304 Jan 17 15:02 006.003.jpg
-rw-rw-r--  1 scott users 3481516 Jan 17 15:02 006.004.jpg
-rw-rw-r--  1 scott users 2304937 Jan 17 15:02 006.005.jpg
-rw-rw-r--  1 scott users 2366974 Jan 17 15:02 006.006.jpg
-rw-rw-r--  1 scott users 2197080 Jan 17 15:02 006.007.jpg
-rw-rw-r--  1 scott users 2914888 Jan 17 15:02 006.008.jpg
-rw-rw-r--  1 scott users 2933108 Jan 17 15:02 006.009.jpg
-rw-rw-r--  1 scott users 2989742 Jan 17 15:02 006.010.jpg
-rw-rw-r--  1 scott users 2688800 Jan 17 15:03 006.011.jpg
-rw-rw-r--  1 scott users 4546706 Jan 17 15:03 008.000.jpg
-rw-rw-r--  1 scott users 3634067 Jan 17 15:03 008.001.jpg
-rw-rw-r--  1 scott users 3926292 Jan 17 15:03 008.002.jpg
-rw-rw-r--  1 scott users 4470187 Jan 17 15:03 008.003.jpg
-rw-rw-r--  1 scott users 2993228 Jan 17 15:03 008.004.jpg
-rw-rw-r--  1 scott users 2891953 Jan 17 15:03 008.005.jpg
-rw-rw-r--  1 scott users 4283025 Jan 17 15:03 008.006.jpg
-rw-rw-r--  1 scott users 3811428 Jan 17 15:03 008.007.jpg
-rw-rw-r--  1 scott users 3430792 Jan 17 15:03 008.008.jpg
-rw-rw-r--  1 scott users 5049883 Jan 17 15:03 009.000.jpg
-rw-rw-r--  1 scott users 3663124 Jan 17 15:03 009.001.jpg
-rw-rw-r--  1 scott users 5862623 Jan 17 15:03 009.002.jpg
-rw-rw-r--  1 scott users 3295933 Jan 17 15:03 009.003.jpg
-rw-rw-r--  1 scott users 3555427 Jan 17 15:03 009.004.jpg
-rw-rw-r--  1 scott users 3927442 Jan 17 15:03 009.005.jpg
-rw-rw-r--  1 scott users 4842982 Jan 17 15:03 009.006.jpg
-rw-rw-r--  1 scott users 3763328 Jan 17 15:03 009.007.jpg
-rw-rw-r--  1 scott users 1975233 Jan 17 15:04 012.000.jpg
-rw-rw-r--  1 scott users 1646833 Jan 17 15:04 012.001.jpg
-rw-rw-r--  1 scott users 1731775 Jan 17 15:04 012.002.jpg
-rw-rw-r--  1 scott users 1403709 Jan 17 15:04 012.003.jpg
-rw-rw-r--  1 scott users 1786310 Jan 17 15:04 012.004.jpg
-rw-rw-r--  1 scott users 1761217 Jan 17 15:04 012.005.jpg
-rw-rw-r--  1 scott users 2395209 Jan 17 15:04 016.000.jpg
-rw-rw-r--  1 scott users 2545592 Jan 17 15:04 016.001.jpg
-rw-rw-r--  1 scott users 1816766 Jan 17 15:04 016.002.jpg
-rw-rw-r--  1 scott users 2503018 Jan 17 15:04 016.003.jpg
-rw-rw-r--  1 scott users 1491108 Jan 17 15:05 018.000.jpg
-rw-rw-r--  1 scott users 1636246 Jan 17 15:05 018.001.jpg
-rw-rw-r--  1 scott users 1372803 Jan 17 15:05 018.002.jpg
-rw-rw-r--  1 scott users 1571304 Jan 17 15:05 018.003.jpg
-rw-rw-r--  1 scott users 3623941 Jan 17 15:04 024.000.jpg
-rw-rw-r--  1 scott users 3137824 Jan 17 15:04 024.001.jpg
-rw-rw-r--  1 scott users 3547595 Jan 17 15:04 024.002.jpg
-rw-rw-r--  1 scott users 1334877 Jan 17 15:05 024.003.000.jpg
-rw-rw-r--  1 scott users 3127817 Jan 17 15:05 036.000.jpg
-rw-rw-r--  1 scott users 2943761 Jan 17 15:05 036.001.jpg
-rw-rw-r--  1 scott users  789531 Jan 17 15:05 036.002.000.jpg
-rw-rw-r--  1 scott users 2281859 Jan 17 16:25 072.000.jpg
-rw-rw-r--  1 scott users    2032 Jan 17 16:25 aspects.out
-rwxrwxr-x  1 scott users    5721 Jan 17 15:06 describe.txt
-rw-rw-r--  1 scott users     929 Jan 17 16:25 error
-rw-rw-r--  1 scott users       0 Jan 17 16:25 files.out
-rw-rw-r--  1 scott users      42 Nov 24 14:46 meta.ini
drwxr-xr-x  3 scott users    4096 Nov  6 14:37 orig
-rw-rw-r--  1 scott users      22 Nov 13 16:29 title
drwxrwxr-x  2 scott users    4096 Jan 17 16:25 tmp
