total 20088
drwx--x--x  4 scott users    4096 Feb  6 18:52 .
drwxrwxr-x 22 scott users    4096 Feb  5 14:09 ..
-rw-rw-r--  1 scott users 1351899 Feb  6 18:51 003.000.jpg
-rw-rw-r--  1 scott users 1457364 Feb  6 18:51 003.001.jpg
-rw-rw-r--  1 scott users 1298164 Feb  6 18:51 003.002.jpg
-rw-rw-r--  1 scott users 1057411 Feb  6 18:51 003.003.jpg
-rw-rw-r--  1 scott users 1436059 Feb  6 18:51 003.004.jpg
-rw-rw-r--  1 scott users 1590228 Feb  6 18:52 003.005.jpg
-rw-rw-r--  1 scott users 2813542 Feb  6 18:52 006.000.jpg
-rw-rw-r--  1 scott users 2363943 Feb  6 18:52 006.001.jpg
-rw-rw-r--  1 scott users 3025799 Feb  6 18:52 006.002.jpg
-rw-rw-r--  1 scott users  836867 Feb  6 18:52 009.000.jpg
-rw-rw-r--  1 scott users  791998 Feb  6 18:52 009.001.jpg
lrwxrwxrwx  1 scott users      11 Feb  5 19:35 012.000.jpg -> 006.000.jpg
lrwxrwxrwx  1 scott users      11 Feb  5 19:35 012.001.jpg -> 006.001.jpg
lrwxrwxrwx  1 scott users      11 Feb  5 19:35 012.002.jpg -> 006.002.jpg
-rw-rw-r--  1 scott users  915513 Feb  5 14:41 240.240.gif
-rw-rw-r--  1 scott users 1571034 Feb  5 14:41 420.240.gif
-rw-rw-r--  1 scott users    1336 Feb  6 18:52 aspects.out
-rw-rw-r--  1 scott users    1489 Feb  6 18:48 div.out
-rw-rw-r--  1 scott users     744 Feb  6 18:52 error
-rw-rw-r--  1 scott users       0 Feb  6 18:52 files.out
-rw-rw-r--  1 scott users      27 Jan 27 17:59 meta.ini
drwxrwxr-x  2 scott users    4096 Jan 27 15:29 orig
drwxrwxr-x  2 scott users    4096 Feb  6 18:52 tmp
