total 133912
drwxr-xr-x 4 scott users    4096 Jan 31 09:19 .
drwxrwxr-x 9 scott users    4096 Jan 27 00:42 ..
-rw-rw-r-- 1 scott users 1322944 Jan 31 09:17 004.000.jpg
-rw-rw-r-- 1 scott users  993922 Jan 31 09:17 004.001.jpg
-rw-rw-r-- 1 scott users 1072115 Jan 31 09:17 004.002.jpg
-rw-rw-r-- 1 scott users 1296714 Jan 31 09:17 004.003.jpg
-rw-rw-r-- 1 scott users 1319440 Jan 31 09:17 004.004.jpg
-rw-rw-r-- 1 scott users 1568490 Jan 31 09:17 004.005.jpg
-rw-rw-r-- 1 scott users 1282503 Jan 31 09:17 004.006.jpg
-rw-rw-r-- 1 scott users 1727907 Jan 31 09:17 004.007.jpg
-rw-rw-r-- 1 scott users 1128529 Jan 31 09:17 004.008.jpg
-rw-rw-r-- 1 scott users 1196672 Jan 31 09:17 004.009.jpg
-rw-rw-r-- 1 scott users 1604627 Jan 31 09:17 004.010.jpg
-rw-rw-r-- 1 scott users 1870852 Jan 31 09:17 004.011.jpg
-rw-rw-r-- 1 scott users 1653931 Jan 31 09:17 004.012.jpg
-rw-rw-r-- 1 scott users 1573601 Jan 31 09:17 004.013.jpg
-rw-rw-r-- 1 scott users 1507859 Jan 31 09:17 004.014.jpg
-rw-rw-r-- 1 scott users 1372225 Jan 31 09:17 004.015.jpg
-rw-rw-r-- 1 scott users 1096294 Jan 31 09:17 004.016.jpg
-rw-rw-r-- 1 scott users 1481961 Jan 31 09:17 004.017.jpg
-rw-rw-r-- 1 scott users 1947766 Jan 31 09:17 006.000.jpg
-rw-rw-r-- 1 scott users 1444117 Jan 31 09:17 006.001.jpg
-rw-rw-r-- 1 scott users 2000863 Jan 31 09:17 006.002.jpg
-rw-rw-r-- 1 scott users 2194490 Jan 31 09:17 006.003.jpg
-rw-rw-r-- 1 scott users 2000349 Jan 31 09:17 006.004.jpg
-rw-rw-r-- 1 scott users 2145997 Jan 31 09:17 006.005.jpg
-rw-rw-r-- 1 scott users 2041795 Jan 31 09:17 006.006.jpg
-rw-rw-r-- 1 scott users 2636632 Jan 31 09:17 006.007.jpg
-rw-rw-r-- 1 scott users 2242508 Jan 31 09:17 006.008.jpg
-rw-rw-r-- 1 scott users 2493936 Jan 31 09:17 006.009.jpg
-rw-rw-r-- 1 scott users 2084850 Jan 31 09:17 006.010.jpg
-rw-rw-r-- 1 scott users 1891080 Jan 31 09:17 006.011.jpg
-rw-rw-r-- 1 scott users 2324722 Jan 31 09:17 008.000.jpg
-rw-rw-r-- 1 scott users 2384030 Jan 31 09:17 008.001.jpg
-rw-rw-r-- 1 scott users 2900224 Jan 31 09:17 008.002.jpg
-rw-rw-r-- 1 scott users 3016207 Jan 31 09:17 008.003.jpg
-rw-rw-r-- 1 scott users 2328859 Jan 31 09:17 008.004.jpg
-rw-rw-r-- 1 scott users 3477146 Jan 31 09:17 008.005.jpg
-rw-rw-r-- 1 scott users 3227724 Jan 31 09:17 008.006.jpg
-rw-rw-r-- 1 scott users 2895302 Jan 31 09:17 008.007.jpg
-rw-rw-r-- 1 scott users 2605699 Jan 31 09:17 008.008.jpg
-rw-rw-r-- 1 scott users 2674118 Jan 31 09:17 009.000.jpg
-rw-rw-r-- 1 scott users 2739085 Jan 31 09:17 009.001.jpg
-rw-rw-r-- 1 scott users 3140562 Jan 31 09:17 009.002.jpg
-rw-rw-r-- 1 scott users 3203343 Jan 31 09:17 009.003.jpg
-rw-rw-r-- 1 scott users 3147815 Jan 31 09:17 009.004.jpg
-rw-rw-r-- 1 scott users 3783322 Jan 31 09:17 009.005.jpg
-rw-rw-r-- 1 scott users 3525232 Jan 31 09:18 009.006.jpg
-rw-rw-r-- 1 scott users 2963786 Jan 31 09:18 009.007.jpg
-rw-rw-r-- 1 scott users 1005922 Jan 31 09:19 012.000.jpg
-rw-rw-r-- 1 scott users 1265548 Jan 31 09:19 012.001.jpg
-rw-rw-r-- 1 scott users 1294264 Jan 31 09:19 012.002.jpg
-rw-rw-r-- 1 scott users 1356230 Jan 31 09:19 012.003.jpg
-rw-rw-r-- 1 scott users 1364444 Jan 31 09:19 012.004.jpg
-rw-rw-r-- 1 scott users 1161375 Jan 31 09:19 012.005.jpg
-rw-rw-r-- 1 scott users 1401267 Jan 31 09:18 016.000.jpg
-rw-rw-r-- 1 scott users 1832787 Jan 31 09:18 016.001.jpg
-rw-rw-r-- 1 scott users 1687057 Jan 31 09:18 016.002.jpg
-rw-rw-r-- 1 scott users 1771087 Jan 31 09:18 016.003.jpg
-rw-rw-r-- 1 scott users 1009803 Jan 31 09:19 018.000.jpg
-rw-rw-r-- 1 scott users 1235555 Jan 31 09:19 018.001.jpg
-rw-rw-r-- 1 scott users 1208673 Jan 31 09:19 018.002.jpg
-rw-rw-r-- 1 scott users 1151549 Jan 31 09:19 018.003.jpg
-rw-rw-r-- 1 scott users 2272099 Jan 31 09:18 024.000.jpg
-rw-rw-r-- 1 scott users 2651091 Jan 31 09:18 024.001.jpg
-rw-rw-r-- 1 scott users 2527282 Jan 31 09:18 024.002.jpg
-rw-rw-r-- 1 scott users 1126179 Jan 31 09:19 024.003.000.jpg
-rw-rw-r-- 1 scott users 2245311 Jan 31 09:19 036.000.jpg
-rw-rw-r-- 1 scott users 2359767 Jan 31 09:19 036.001.jpg
-rw-rw-r-- 1 scott users  693359 Jan 31 09:19 036.002.000.jpg
-rw-rw-r-- 1 scott users 1872411 Jan 31 09:19 072.000.jpg
-rw-rw-r-- 1 scott users  835139 Jan 31 09:17 240.240.gif
-rw-rw-r-- 1 scott users 1088594 Jan 31 09:16 420.240.gif
-rw-rw-r-- 1 scott users    2860 Jan 31 09:19 aspects.out
-rw-rw-r-- 1 scott users    5322 Jan 31 01:11 div.out
-rw-rw-r-- 1 scott users     744 Jan 31 09:19 error
-rw-rw-r-- 1 scott users       0 Jan 31 09:19 files.out
-rw-rw-r-- 1 scott users      40 Nov 24 10:31 meta.ini
drwxr-xr-x 2 scott users    4096 Jan 17 09:56 orig
drwxrwxr-x 2 scott users    4096 Jan 31 09:19 tmp
