total 122084
drwxr-xr-x 4 scott users    4096 Jan 17 00:37 .
drwxrwxr-x 9 scott users   12288 Jan 16 19:38 ..
-rw-rw-r-- 1 scott users 1237032 Jan 16 12:34 004.000.jpg
-rw-rw-r-- 1 scott users  985606 Jan 16 12:34 004.001.jpg
-rw-rw-r-- 1 scott users 1073685 Jan 16 12:34 004.002.jpg
-rw-rw-r-- 1 scott users  666694 Jan 16 12:34 004.003.jpg
-rw-rw-r-- 1 scott users  781342 Jan 16 12:34 004.004.jpg
-rw-rw-r-- 1 scott users 1064526 Jan 16 12:34 004.005.jpg
-rw-rw-r-- 1 scott users 1112491 Jan 16 12:34 004.006.jpg
-rw-rw-r-- 1 scott users 1642989 Jan 16 12:34 004.007.jpg
-rw-rw-r-- 1 scott users 1729062 Jan 16 12:34 004.008.jpg
-rw-rw-r-- 1 scott users 1644690 Jan 16 12:34 004.009.jpg
-rw-rw-r-- 1 scott users 1099731 Jan 16 12:34 004.010.jpg
-rw-rw-r-- 1 scott users 1246130 Jan 16 12:34 004.011.jpg
-rw-rw-r-- 1 scott users  832091 Jan 16 12:34 004.012.jpg
-rw-rw-r-- 1 scott users 1354408 Jan 16 12:34 004.013.jpg
-rw-rw-r-- 1 scott users 1746589 Jan 16 12:34 004.014.jpg
-rw-rw-r-- 1 scott users 1784853 Jan 16 12:34 004.015.jpg
-rw-rw-r-- 1 scott users 1410648 Jan 16 12:34 004.016.jpg
-rw-rw-r-- 1 scott users 1387229 Jan 16 12:34 004.017.jpg
-rw-rw-r-- 1 scott users 1790154 Jan 16 12:34 006.000.jpg
-rw-rw-r-- 1 scott users 1506380 Jan 16 12:34 006.001.jpg
-rw-rw-r-- 1 scott users  954374 Jan 16 12:34 006.002.jpg
-rw-rw-r-- 1 scott users 1556700 Jan 16 12:34 006.003.jpg
-rw-rw-r-- 1 scott users 2242418 Jan 16 12:34 006.004.jpg
-rw-rw-r-- 1 scott users 2257306 Jan 16 12:34 006.005.jpg
-rw-rw-r-- 1 scott users 2310025 Jan 16 12:34 006.006.jpg
-rw-rw-r-- 1 scott users 1681442 Jan 16 12:34 006.007.jpg
-rw-rw-r-- 1 scott users 1419022 Jan 16 12:34 006.008.jpg
-rw-rw-r-- 1 scott users 2516059 Jan 16 12:35 006.009.jpg
-rw-rw-r-- 1 scott users 2458583 Jan 16 12:35 006.010.jpg
-rw-rw-r-- 1 scott users 2137384 Jan 16 12:35 006.011.jpg
-rw-rw-r-- 1 scott users 2224513 Jan 16 12:35 008.000.jpg
-rw-rw-r-- 1 scott users 1745974 Jan 16 12:35 008.001.jpg
-rw-rw-r-- 1 scott users 1846964 Jan 16 12:35 008.002.jpg
-rw-rw-r-- 1 scott users 2763265 Jan 16 12:35 008.003.jpg
-rw-rw-r-- 1 scott users 3379814 Jan 16 12:35 008.004.jpg
-rw-rw-r-- 1 scott users 2346024 Jan 16 12:35 008.005.jpg
-rw-rw-r-- 1 scott users 2191054 Jan 16 12:35 008.006.jpg
-rw-rw-r-- 1 scott users 3533016 Jan 16 12:35 008.007.jpg
-rw-rw-r-- 1 scott users 2805479 Jan 16 12:35 008.008.jpg
-rw-rw-r-- 1 scott users 2543092 Jan 16 12:35 009.000.jpg
-rw-rw-r-- 1 scott users 1718301 Jan 16 12:35 009.001.jpg
-rw-rw-r-- 1 scott users 2404262 Jan 16 12:35 009.002.jpg
-rw-rw-r-- 1 scott users 3647829 Jan 16 12:35 009.003.jpg
-rw-rw-r-- 1 scott users 3127650 Jan 16 12:35 009.004.jpg
-rw-rw-r-- 1 scott users 2295003 Jan 16 12:35 009.005.jpg
-rw-rw-r-- 1 scott users 3953828 Jan 16 12:35 009.006.jpg
-rw-rw-r-- 1 scott users 3158117 Jan 16 12:35 009.007.jpg
-rw-rw-r-- 1 scott users 1119019 Jan 16 12:36 012.000.jpg
-rw-rw-r-- 1 scott users  842089 Jan 16 12:36 012.001.jpg
-rw-rw-r-- 1 scott users 1463219 Jan 16 12:36 012.002.jpg
-rw-rw-r-- 1 scott users 1232954 Jan 16 12:36 012.003.jpg
-rw-rw-r-- 1 scott users 1234311 Jan 16 12:36 012.004.jpg
-rw-rw-r-- 1 scott users 1397778 Jan 16 12:36 012.005.jpg
-rw-rw-r-- 1 scott users 1352578 Jan 16 12:36 016.000.jpg
-rw-rw-r-- 1 scott users 1531563 Jan 16 12:36 016.001.jpg
-rw-rw-r-- 1 scott users 1774813 Jan 16 12:36 016.002.jpg
-rw-rw-r-- 1 scott users 1736952 Jan 16 12:36 016.003.jpg
-rw-rw-r-- 1 scott users  891809 Jan 16 12:36 018.000.jpg
-rw-rw-r-- 1 scott users 1198844 Jan 16 12:36 018.001.jpg
-rw-rw-r-- 1 scott users 1069926 Jan 16 12:36 018.002.jpg
-rw-rw-r-- 1 scott users 1291494 Jan 16 12:36 018.003.jpg
-rw-rw-r-- 1 scott users 1963046 Jan 16 12:35 024.000.jpg
-rw-rw-r-- 1 scott users 2694843 Jan 16 12:35 024.001.jpg
-rw-rw-r-- 1 scott users 2631470 Jan 16 12:36 024.002.jpg
-rw-rw-r-- 1 scott users 1112389 Jan 16 12:37 024.003.000.jpg
-rw-rw-r-- 1 scott users 2092141 Jan 16 12:37 036.000.jpg
-rw-rw-r-- 1 scott users 2360648 Jan 16 12:37 036.001.jpg
-rw-rw-r-- 1 scott users  703046 Jan 16 12:37 036.002.000.jpg
-rw-rw-r-- 1 scott users 1808609 Jan 17 00:37 072.000.jpg
-rw-rw-r-- 1 scott users    1870 Jan 17 00:37 aspects.out
-rwxrwxr-x 1 scott users    5865 Jan 16 17:43 describe.txt
-rw-rw-r-- 1 scott users     929 Jan 17 00:37 error
-rw-rw-r-- 1 scott users       0 Jan 17 00:37 files.out
-rw-rw-r-- 1 scott users      40 Nov 24 16:30 meta.ini
drwxr-xr-x 2 scott users    4096 Jan 16 12:20 orig
drwxrwxr-x 2 scott users    4096 Jan 17 00:36 tmp
