072.000.jpg 17064 320 53.325
036.000.jpg 14400 540 26.6667
036.001.jpg 14400 540 26.6667
024.000.jpg 12801 720 17.7792
024.001.jpg 12801 720 17.7792
024.002.jpg 12801 720 17.7792
016.000.jpg 8534 720 11.8528
016.001.jpg 8534 720 11.8528
016.002.jpg 8534 720 11.8528
016.003.jpg 8534 720 11.8528
009.000.jpg 7200 1080 6.66667
009.001.jpg 7200 1080 6.66667
009.002.jpg 7200 1080 6.66667
009.003.jpg 7200 1080 6.66667
009.004.jpg 7200 1080 6.66667
009.005.jpg 7200 1080 6.66667
009.006.jpg 7200 1080 6.66667
009.007.jpg 7200 1080 6.66667
018.000.jpg 7200 540 13.3333
018.001.jpg 7200 540 13.3333
018.002.jpg 7200 540 13.3333
018.003.jpg 7200 540 13.3333
008.000.jpg 6400 1080 5.92593
008.001.jpg 6400 1080 5.92593
008.002.jpg 6400 1080 5.92593
008.003.jpg 6400 1080 5.92593
008.004.jpg 6400 1080 5.92593
008.005.jpg 6400 1080 5.92593
008.006.jpg 6400 1080 5.92593
008.007.jpg 6400 1080 5.92593
008.008.jpg 6400 1080 5.92593
012.000.jpg 6400 720 8.88889
012.001.jpg 6400 720 8.88889
012.002.jpg 6400 720 8.88889
012.003.jpg 6400 720 8.88889
012.004.jpg 6400 720 8.88889
012.005.jpg 6400 720 8.88889
006.000.jpg 4800 1080 4.44444
006.001.jpg 4800 1080 4.44444
006.002.jpg 4800 1080 4.44444
006.003.jpg 4800 1080 4.44444
006.004.jpg 4800 1080 4.44444
006.005.jpg 4800 1080 4.44444
006.006.jpg 4800 1080 4.44444
006.007.jpg 4800 1080 4.44444
006.008.jpg 4800 1080 4.44444
006.009.jpg 4800 1080 4.44444
006.010.jpg 4800 1080 4.44444
006.011.jpg 4800 1080 4.44444
036.002.000.jpg 4800 360 13.3333
024.003.000.jpg 4266 720 5.925
004.000.jpg 3200 1080 2.96296
004.001.jpg 3200 1080 2.96296
004.002.jpg 3200 1080 2.96296
004.003.jpg 3200 1080 2.96296
004.004.jpg 3200 1080 2.96296
004.005.jpg 3200 1080 2.96296
004.006.jpg 3200 1080 2.96296
004.007.jpg 3200 1080 2.96296
004.008.jpg 3200 1080 2.96296
004.009.jpg 3200 1080 2.96296
004.010.jpg 3200 1080 2.96296
004.011.jpg 3200 1080 2.96296
004.012.jpg 3200 1080 2.96296
004.013.jpg 3200 1080 2.96296
004.014.jpg 3200 1080 2.96296
004.015.jpg 3200 1080 2.96296
004.016.jpg 3200 1080 2.96296
004.017.jpg 3200 1080 2.96296
