total 118376
drwxrwxr-x 4 scott users    4096 Jan 17 14:12 .
drwxrwxr-x 9 scott users    4096 Jan 17 13:57 ..
-rw-rw-r-- 1 scott users 1392123 Jan 17 14:09 004.000.jpg
-rw-rw-r-- 1 scott users 1027216 Jan 17 14:09 004.001.jpg
-rw-rw-r-- 1 scott users 1307644 Jan 17 14:09 004.002.jpg
-rw-rw-r-- 1 scott users 1613756 Jan 17 14:09 004.003.jpg
-rw-rw-r-- 1 scott users 1302829 Jan 17 14:09 004.004.jpg
-rw-rw-r-- 1 scott users 1403931 Jan 17 14:09 004.005.jpg
-rw-rw-r-- 1 scott users 1239212 Jan 17 14:10 004.006.jpg
-rw-rw-r-- 1 scott users 1297539 Jan 17 14:10 004.007.jpg
-rw-rw-r-- 1 scott users 1518443 Jan 17 14:10 004.008.jpg
-rw-rw-r-- 1 scott users 1124233 Jan 17 14:10 004.009.jpg
-rw-rw-r-- 1 scott users 1304675 Jan 17 14:10 004.010.jpg
-rw-rw-r-- 1 scott users 1373193 Jan 17 14:10 004.011.jpg
-rw-rw-r-- 1 scott users 1528803 Jan 17 14:10 004.012.jpg
-rw-rw-r-- 1 scott users 1488738 Jan 17 14:10 004.013.jpg
-rw-rw-r-- 1 scott users  978004 Jan 17 14:10 004.014.jpg
-rw-rw-r-- 1 scott users  989216 Jan 17 14:10 004.015.jpg
-rw-rw-r-- 1 scott users 1211282 Jan 17 14:10 004.016.jpg
-rw-rw-r-- 1 scott users 1508939 Jan 17 14:10 004.017.jpg
-rw-rw-r-- 1 scott users 1914353 Jan 17 14:10 006.000.jpg
-rw-rw-r-- 1 scott users 1817872 Jan 17 14:10 006.001.jpg
-rw-rw-r-- 1 scott users 2336513 Jan 17 14:10 006.002.jpg
-rw-rw-r-- 1 scott users 1996258 Jan 17 14:10 006.003.jpg
-rw-rw-r-- 1 scott users 1791622 Jan 17 14:10 006.004.jpg
-rw-rw-r-- 1 scott users 2262427 Jan 17 14:10 006.005.jpg
-rw-rw-r-- 1 scott users 1877049 Jan 17 14:10 006.006.jpg
-rw-rw-r-- 1 scott users 1927857 Jan 17 14:10 006.007.jpg
-rw-rw-r-- 1 scott users 2362200 Jan 17 14:10 006.008.jpg
-rw-rw-r-- 1 scott users 1635033 Jan 17 14:10 006.009.jpg
-rw-rw-r-- 1 scott users 1557913 Jan 17 14:10 006.010.jpg
-rw-rw-r-- 1 scott users 2151382 Jan 17 14:10 006.011.jpg
-rw-rw-r-- 1 scott users 2427174 Jan 17 14:10 008.000.jpg
-rw-rw-r-- 1 scott users 2925686 Jan 17 14:10 008.001.jpg
-rw-rw-r-- 1 scott users 2712331 Jan 17 14:10 008.002.jpg
-rw-rw-r-- 1 scott users 2537763 Jan 17 14:10 008.003.jpg
-rw-rw-r-- 1 scott users 2652051 Jan 17 14:10 008.004.jpg
-rw-rw-r-- 1 scott users 2682636 Jan 17 14:10 008.005.jpg
-rw-rw-r-- 1 scott users 3018066 Jan 17 14:10 008.006.jpg
-rw-rw-r-- 1 scott users 1968110 Jan 17 14:10 008.007.jpg
-rw-rw-r-- 1 scott users 2720081 Jan 17 14:10 008.008.jpg
-rw-rw-r-- 1 scott users 2674342 Jan 17 14:10 009.000.jpg
-rw-rw-r-- 1 scott users 3405260 Jan 17 14:10 009.001.jpg
-rw-rw-r-- 1 scott users 2868146 Jan 17 14:10 009.002.jpg
-rw-rw-r-- 1 scott users 3183018 Jan 17 14:10 009.003.jpg
-rw-rw-r-- 1 scott users 2738626 Jan 17 14:10 009.004.jpg
-rw-rw-r-- 1 scott users 3434749 Jan 17 14:10 009.005.jpg
-rw-rw-r-- 1 scott users 2391850 Jan 17 14:10 009.006.jpg
-rw-rw-r-- 1 scott users 2956984 Jan 17 14:10 009.007.jpg
-rw-rw-r-- 1 scott users  977535 Jan 17 14:11 012.000.jpg
-rw-rw-r-- 1 scott users 1090533 Jan 17 14:11 012.001.jpg
-rw-rw-r-- 1 scott users 1009774 Jan 17 14:11 012.002.jpg
-rw-rw-r-- 1 scott users  992204 Jan 17 14:11 012.003.jpg
-rw-rw-r-- 1 scott users  989512 Jan 17 14:11 012.004.jpg
-rw-rw-r-- 1 scott users  965287 Jan 17 14:11 012.005.jpg
-rw-rw-r-- 1 scott users 1384064 Jan 17 14:11 016.000.jpg
-rw-rw-r-- 1 scott users 1358266 Jan 17 14:11 016.001.jpg
-rw-rw-r-- 1 scott users 1351207 Jan 17 14:11 016.002.jpg
-rw-rw-r-- 1 scott users 1260023 Jan 17 14:11 016.003.jpg
-rw-rw-r-- 1 scott users  869740 Jan 17 14:11 018.000.jpg
-rw-rw-r-- 1 scott users  834378 Jan 17 14:11 018.001.jpg
-rw-rw-r-- 1 scott users  876101 Jan 17 14:11 018.002.jpg
-rw-rw-r-- 1 scott users  764876 Jan 17 14:11 018.003.jpg
-rw-rw-r-- 1 scott users 2084596 Jan 17 14:11 024.000.jpg
-rw-rw-r-- 1 scott users 2015130 Jan 17 14:11 024.001.jpg
-rw-rw-r-- 1 scott users 1973222 Jan 17 14:11 024.002.jpg
-rw-rw-r-- 1 scott users  723863 Jan 17 14:11 024.003.000.jpg
-rw-rw-r-- 1 scott users 1704433 Jan 17 14:11 036.000.jpg
-rw-rw-r-- 1 scott users 1641886 Jan 17 14:11 036.001.jpg
-rw-rw-r-- 1 scott users  430246 Jan 17 14:11 036.002.000.jpg
-rw-rw-r-- 1 scott users 1227988 Jan 17 14:12 072.000.jpg
-rw-rw-r-- 1 scott users    2059 Jan 17 14:12 aspects.out
-rw-rw-r-- 1 scott users     929 Jan 17 14:12 error
-rw-rw-r-- 1 scott users       0 Jan 17 14:12 files.out
-rw-rw-r-- 1 scott users      41 Dec 19 21:52 meta.ini
drwxr-xr-x 2 scott users    4096 Jan 17 13:40 orig
drwxrwxr-x 2 scott users    4096 Jan 17 14:11 tmp
