total 28076
drwx--x--x  4 scott users    4096 Feb  6 18:48 .
drwxrwxr-x 22 scott users    4096 Feb  5 14:09 ..
-rw-rw-r--  1 scott users 1980129 Feb  6 18:48 003.000.jpg
-rw-rw-r--  1 scott users 2251445 Feb  6 18:48 003.001.jpg
-rw-rw-r--  1 scott users 1508514 Feb  6 18:48 003.002.jpg
-rw-rw-r--  1 scott users 2107957 Feb  6 18:48 003.003.jpg
-rw-rw-r--  1 scott users 2011543 Feb  6 18:48 003.004.jpg
-rw-rw-r--  1 scott users 2097747 Feb  6 18:48 003.005.jpg
-rw-rw-r--  1 scott users 4233226 Feb  6 18:48 006.000.jpg
-rw-rw-r--  1 scott users 3619180 Feb  6 18:48 006.001.jpg
-rw-rw-r--  1 scott users 4109801 Feb  6 18:48 006.002.jpg
-rw-rw-r--  1 scott users 1226930 Feb  6 18:48 009.000.jpg
-rw-rw-r--  1 scott users 1281487 Feb  6 18:49 009.001.jpg
lrwxrwxrwx  1 scott users      11 Feb  5 19:35 012.000.jpg -> 006.000.jpg
lrwxrwxrwx  1 scott users      11 Feb  5 19:35 012.001.jpg -> 006.001.jpg
lrwxrwxrwx  1 scott users      11 Feb  5 19:35 012.002.jpg -> 006.002.jpg
-rw-rw-r--  1 scott users  866523 Feb  5 14:38 240.240.gif
-rw-rw-r--  1 scott users 1388581 Feb  5 14:38 420.240.gif
-rw-rw-r--  1 scott users    1262 Feb  6 18:49 aspects.out
-rw-rw-r--  1 scott users    1329 Jan 18 22:47 describe.txt
-rw-rw-r--  1 scott users    1485 Feb  6 18:48 div.out
-rw-rw-r--  1 scott users     744 Feb  6 18:49 error
-rw-rw-r--  1 scott users       0 Feb  6 18:49 files.out
-rw-rw-r--  1 scott users      34 Nov 24 00:17 meta.ini
drwxrwxr-x  2 scott users    4096 Jan 18 20:59 orig
drwxrwxr-x  2 scott users    4096 Feb  6 18:48 tmp
