072.000.jpg 30720 320 96
036.000.jpg 25920 540 48
036.001.jpg 25920 540 48
024.000.jpg 23040 720 32
024.001.jpg 23040 720 32
024.002.jpg 23040 720 32
016.000.jpg 15360 720 21.3333
016.001.jpg 15360 720 21.3333
016.002.jpg 15360 720 21.3333
016.003.jpg 15360 720 21.3333
009.000.jpg 12960 1080 12
009.001.jpg 12960 1080 12
009.002.jpg 12960 1080 12
009.003.jpg 12960 1080 12
009.004.jpg 12960 1080 12
009.005.jpg 12960 1080 12
009.006.jpg 12960 1080 12
009.007.jpg 12960 1080 12
018.000.jpg 12960 540 24
018.001.jpg 12960 540 24
018.002.jpg 12960 540 24
018.003.jpg 12960 540 24
008.000.jpg 11520 1080 10.6667
008.001.jpg 11520 1080 10.6667
008.002.jpg 11520 1080 10.6667
008.003.jpg 11520 1080 10.6667
008.004.jpg 11520 1080 10.6667
008.005.jpg 11520 1080 10.6667
008.006.jpg 11520 1080 10.6667
008.007.jpg 11520 1080 10.6667
008.008.jpg 11520 1080 10.6667
012.000.jpg 11520 720 16
012.001.jpg 11520 720 16
012.002.jpg 11520 720 16
012.003.jpg 11520 720 16
012.004.jpg 11520 720 16
012.005.jpg 11520 720 16
006.000.jpg 8640 1080 8
006.001.jpg 8640 1080 8
006.002.jpg 8640 1080 8
006.003.jpg 8640 1080 8
006.004.jpg 8640 1080 8
006.005.jpg 8640 1080 8
006.006.jpg 8640 1080 8
006.007.jpg 8640 1080 8
006.008.jpg 8640 1080 8
006.009.jpg 8640 1080 8
006.010.jpg 8640 1080 8
006.011.jpg 8640 1080 8
036.002.000.jpg 8640 360 24
024.003.000.jpg 7680 720 10.6667
004.000.jpg 5760 1080 5.33333
004.001.jpg 5760 1080 5.33333
004.002.jpg 5760 1080 5.33333
004.003.jpg 5760 1080 5.33333
004.004.jpg 5760 1080 5.33333
004.005.jpg 5760 1080 5.33333
004.006.jpg 5760 1080 5.33333
004.007.jpg 5760 1080 5.33333
004.008.jpg 5760 1080 5.33333
004.009.jpg 5760 1080 5.33333
004.010.jpg 5760 1080 5.33333
004.011.jpg 5760 1080 5.33333
004.012.jpg 5760 1080 5.33333
004.013.jpg 5760 1080 5.33333
004.014.jpg 5760 1080 5.33333
004.015.jpg 5760 1080 5.33333
004.016.jpg 5760 1080 5.33333
004.017.jpg 5760 1080 5.33333
420.240.gif[10] 320 240 1.33333
420.240.gif[11] 320 240 1.33333
420.240.gif[12] 320 240 1.33333
420.240.gif[13] 320 240 1.33333
420.240.gif[14] 320 240 1.33333
420.240.gif[15] 320 240 1.33333
420.240.gif[16] 320 240 1.33333
420.240.gif[17] 320 240 1.33333
420.240.gif 320 240 1.33333
420.240.gif 320 240 1.33333
420.240.gif 320 240 1.33333
420.240.gif 320 240 1.33333
420.240.gif 320 240 1.33333
420.240.gif 320 240 1.33333
420.240.gif 320 240 1.33333
420.240.gif 320 240 1.33333
420.240.gif 320 240 1.33333
420.240.gif 320 240 1.33333
240.240.gif[10] 240 240 1
240.240.gif[11] 240 240 1
240.240.gif[12] 240 240 1
240.240.gif[13] 240 240 1
240.240.gif[14] 240 240 1
240.240.gif[15] 240 240 1
240.240.gif[16] 240 240 1
240.240.gif[17] 240 240 1
240.240.gif 240 240 1
240.240.gif 240 240 1
240.240.gif 240 240 1
240.240.gif 240 240 1
240.240.gif 240 240 1
240.240.gif 240 240 1
240.240.gif 240 240 1
240.240.gif 240 240 1
240.240.gif 240 240 1
240.240.gif 240 240 1
