total 113560
drwxr-xr-x 4 scott users    4096 Jan 31 09:14 .
drwxrwxr-x 9 scott users    4096 Jan 27 00:42 ..
-rw-rw-r-- 1 scott users 1212595 Jan 31 09:13 004.000.jpg
-rw-rw-r-- 1 scott users 1133812 Jan 31 09:13 004.001.jpg
-rw-rw-r-- 1 scott users 1289675 Jan 31 09:13 004.002.jpg
-rw-rw-r-- 1 scott users 1703089 Jan 31 09:13 004.003.jpg
-rw-rw-r-- 1 scott users 1369935 Jan 31 09:13 004.004.jpg
-rw-rw-r-- 1 scott users  842446 Jan 31 09:13 004.005.jpg
-rw-rw-r-- 1 scott users 1217908 Jan 31 09:13 004.006.jpg
-rw-rw-r-- 1 scott users  974122 Jan 31 09:13 004.007.jpg
-rw-rw-r-- 1 scott users 1106233 Jan 31 09:13 004.008.jpg
-rw-rw-r-- 1 scott users 1176129 Jan 31 09:13 004.009.jpg
-rw-rw-r-- 1 scott users 1101497 Jan 31 09:13 004.010.jpg
-rw-rw-r-- 1 scott users  989164 Jan 31 09:13 004.011.jpg
-rw-rw-r-- 1 scott users 1353299 Jan 31 09:13 004.012.jpg
-rw-rw-r-- 1 scott users 1243228 Jan 31 09:13 004.013.jpg
-rw-rw-r-- 1 scott users 1178516 Jan 31 09:13 004.014.jpg
-rw-rw-r-- 1 scott users 1403731 Jan 31 09:13 004.015.jpg
-rw-rw-r-- 1 scott users 1045133 Jan 31 09:13 004.016.jpg
-rw-rw-r-- 1 scott users 1110808 Jan 31 09:13 004.017.jpg
-rw-rw-r-- 1 scott users 1982716 Jan 31 09:13 006.000.jpg
-rw-rw-r-- 1 scott users 1653119 Jan 31 09:13 006.001.jpg
-rw-rw-r-- 1 scott users 2398303 Jan 31 09:14 006.002.jpg
-rw-rw-r-- 1 scott users 1517705 Jan 31 09:14 006.003.jpg
-rw-rw-r-- 1 scott users 1834353 Jan 31 09:14 006.004.jpg
-rw-rw-r-- 1 scott users 1471591 Jan 31 09:14 006.005.jpg
-rw-rw-r-- 1 scott users 1766216 Jan 31 09:14 006.006.jpg
-rw-rw-r-- 1 scott users 1502028 Jan 31 09:14 006.007.jpg
-rw-rw-r-- 1 scott users 1780197 Jan 31 09:14 006.008.jpg
-rw-rw-r-- 1 scott users 2006835 Jan 31 09:14 006.009.jpg
-rw-rw-r-- 1 scott users 1922474 Jan 31 09:14 006.010.jpg
-rw-rw-r-- 1 scott users 1639178 Jan 31 09:14 006.011.jpg
-rw-rw-r-- 1 scott users 2347625 Jan 31 09:14 008.000.jpg
-rw-rw-r-- 1 scott users 2995832 Jan 31 09:14 008.001.jpg
-rw-rw-r-- 1 scott users 2223780 Jan 31 09:14 008.002.jpg
-rw-rw-r-- 1 scott users 2200304 Jan 31 09:14 008.003.jpg
-rw-rw-r-- 1 scott users 2282492 Jan 31 09:14 008.004.jpg
-rw-rw-r-- 1 scott users 2095739 Jan 31 09:14 008.005.jpg
-rw-rw-r-- 1 scott users 2599926 Jan 31 09:14 008.006.jpg
-rw-rw-r-- 1 scott users 2587318 Jan 31 09:14 008.007.jpg
-rw-rw-r-- 1 scott users 2158246 Jan 31 09:14 008.008.jpg
-rw-rw-r-- 1 scott users 2555103 Jan 31 09:14 009.000.jpg
-rw-rw-r-- 1 scott users 3485916 Jan 31 09:14 009.001.jpg
-rw-rw-r-- 1 scott users 2529686 Jan 31 09:14 009.002.jpg
-rw-rw-r-- 1 scott users 2303713 Jan 31 09:14 009.003.jpg
-rw-rw-r-- 1 scott users 2546060 Jan 31 09:14 009.004.jpg
-rw-rw-r-- 1 scott users 2506963 Jan 31 09:14 009.005.jpg
-rw-rw-r-- 1 scott users 3125989 Jan 31 09:14 009.006.jpg
-rw-rw-r-- 1 scott users 2457989 Jan 31 09:14 009.007.jpg
-rw-rw-r-- 1 scott users  997170 Jan 31 09:15 012.000.jpg
-rw-rw-r-- 1 scott users 1144985 Jan 31 09:15 012.001.jpg
-rw-rw-r-- 1 scott users  873419 Jan 31 09:15 012.002.jpg
-rw-rw-r-- 1 scott users  914320 Jan 31 09:15 012.003.jpg
-rw-rw-r-- 1 scott users 1062225 Jan 31 09:15 012.004.jpg
-rw-rw-r-- 1 scott users 1031470 Jan 31 09:15 012.005.jpg
-rw-rw-r-- 1 scott users 1515158 Jan 31 09:15 016.000.jpg
-rw-rw-r-- 1 scott users 1180481 Jan 31 09:15 016.001.jpg
-rw-rw-r-- 1 scott users 1231441 Jan 31 09:15 016.002.jpg
-rw-rw-r-- 1 scott users 1462057 Jan 31 09:15 016.003.jpg
-rw-rw-r-- 1 scott users 1061573 Jan 31 09:15 018.000.jpg
-rw-rw-r-- 1 scott users  778390 Jan 31 09:15 018.001.jpg
-rw-rw-r-- 1 scott users  883351 Jan 31 09:15 018.002.jpg
-rw-rw-r-- 1 scott users 1013245 Jan 31 09:15 018.003.jpg
-rw-rw-r-- 1 scott users 2141767 Jan 31 09:15 024.000.jpg
-rw-rw-r-- 1 scott users 1788859 Jan 31 09:15 024.001.jpg
-rw-rw-r-- 1 scott users 2093876 Jan 31 09:15 024.002.jpg
-rw-rw-r-- 1 scott users  985540 Jan 31 09:16 024.003.000.jpg
-rw-rw-r-- 1 scott users 1844658 Jan 31 09:16 036.000.jpg
-rw-rw-r-- 1 scott users 1897213 Jan 31 09:16 036.001.jpg
-rw-rw-r-- 1 scott users  627679 Jan 31 09:16 036.002.000.jpg
-rw-rw-r-- 1 scott users 1587123 Jan 31 09:16 072.000.jpg
-rw-rw-r-- 1 scott users  880432 Jan 31 09:13 240.240.gif
-rw-rw-r-- 1 scott users 1163674 Jan 31 09:13 420.240.gif
-rw-rw-r-- 1 scott users    2860 Jan 31 09:16 aspects.out
-rw-rw-r-- 1 scott users    5576 Jan 17 10:05 describe.txt
-rw-rw-r-- 1 scott users    5324 Jan 31 01:11 div.out
-rw-rw-r-- 1 scott users     744 Jan 31 09:16 error
-rw-rw-r-- 1 scott users       0 Jan 31 09:16 files.out
-rw-rw-r-- 1 scott users      41 Nov 24 10:31 meta.ini
drwxr-xr-x 2 scott users    4096 Jan 17 09:55 orig
drwxrwxr-x 2 scott users    4096 Jan 31 09:16 tmp
