072.000.jpg 14928 320 46.65
036.000.jpg 12600 540 23.3333
036.001.jpg 12600 540 23.3333
024.000.jpg 11199 720 15.5542
024.001.jpg 11199 720 15.5542
024.002.jpg 11199 720 15.5542
016.000.jpg 7466 720 10.3694
016.001.jpg 7466 720 10.3694
016.002.jpg 7466 720 10.3694
016.003.jpg 7466 720 10.3694
009.000.jpg 6300 1080 5.83333
009.001.jpg 6300 1080 5.83333
009.002.jpg 6300 1080 5.83333
009.003.jpg 6300 1080 5.83333
009.004.jpg 6300 1080 5.83333
009.005.jpg 6300 1080 5.83333
009.006.jpg 6300 1080 5.83333
009.007.jpg 6300 1080 5.83333
018.000.jpg 6300 540 11.6667
018.001.jpg 6300 540 11.6667
018.002.jpg 6300 540 11.6667
018.003.jpg 6300 540 11.6667
008.000.jpg 5600 1080 5.18519
008.001.jpg 5600 1080 5.18519
008.002.jpg 5600 1080 5.18519
008.003.jpg 5600 1080 5.18519
008.004.jpg 5600 1080 5.18519
008.005.jpg 5600 1080 5.18519
008.006.jpg 5600 1080 5.18519
008.007.jpg 5600 1080 5.18519
008.008.jpg 5600 1080 5.18519
012.000.jpg 5600 720 7.77778
012.001.jpg 5600 720 7.77778
012.002.jpg 5600 720 7.77778
012.003.jpg 5600 720 7.77778
012.004.jpg 5600 720 7.77778
012.005.jpg 5600 720 7.77778
006.000.jpg 4200 1080 3.88889
006.001.jpg 4200 1080 3.88889
006.002.jpg 4200 1080 3.88889
006.003.jpg 4200 1080 3.88889
006.004.jpg 4200 1080 3.88889
006.005.jpg 4200 1080 3.88889
006.006.jpg 4200 1080 3.88889
006.007.jpg 4200 1080 3.88889
006.008.jpg 4200 1080 3.88889
006.009.jpg 4200 1080 3.88889
006.010.jpg 4200 1080 3.88889
006.011.jpg 4200 1080 3.88889
036.002.000.jpg 4200 360 11.6667
024.003.000.jpg 3732 720 5.18333
004.000.jpg 2800 1080 2.59259
004.001.jpg 2800 1080 2.59259
004.002.jpg 2800 1080 2.59259
004.003.jpg 2800 1080 2.59259
004.004.jpg 2800 1080 2.59259
004.005.jpg 2800 1080 2.59259
004.006.jpg 2800 1080 2.59259
004.007.jpg 2800 1080 2.59259
004.008.jpg 2800 1080 2.59259
004.009.jpg 2800 1080 2.59259
004.010.jpg 2800 1080 2.59259
004.011.jpg 2800 1080 2.59259
004.012.jpg 2800 1080 2.59259
004.013.jpg 2800 1080 2.59259
004.014.jpg 2800 1080 2.59259
004.015.jpg 2800 1080 2.59259
004.016.jpg 2800 1080 2.59259
004.017.jpg 2800 1080 2.59259
