total 66668
drwxrwxr-x 4 scott users    4096 Jan 17 14:06 .
drwxrwxr-x 9 scott users    4096 Jan 17 13:57 ..
-rw-rw-r-- 1 scott users  711579 Jan 17 14:04 004.000.jpg
-rw-rw-r-- 1 scott users  616407 Jan 17 14:04 004.001.jpg
-rw-rw-r-- 1 scott users  743270 Jan 17 14:04 004.002.jpg
-rw-rw-r-- 1 scott users  609132 Jan 17 14:04 004.003.jpg
-rw-rw-r-- 1 scott users  556595 Jan 17 14:04 004.004.jpg
-rw-rw-r-- 1 scott users  567782 Jan 17 14:04 004.005.jpg
-rw-rw-r-- 1 scott users  590977 Jan 17 14:04 004.006.jpg
-rw-rw-r-- 1 scott users  741560 Jan 17 14:04 004.007.jpg
-rw-rw-r-- 1 scott users  738543 Jan 17 14:04 004.008.jpg
-rw-rw-r-- 1 scott users  913498 Jan 17 14:04 004.009.jpg
-rw-rw-r-- 1 scott users  726409 Jan 17 14:04 004.010.jpg
-rw-rw-r-- 1 scott users  674207 Jan 17 14:04 004.011.jpg
-rw-rw-r-- 1 scott users  764039 Jan 17 14:04 004.012.jpg
-rw-rw-r-- 1 scott users  737595 Jan 17 14:04 004.013.jpg
-rw-rw-r-- 1 scott users  719578 Jan 17 14:04 004.014.jpg
-rw-rw-r-- 1 scott users  718033 Jan 17 14:04 004.015.jpg
-rw-rw-r-- 1 scott users  811131 Jan 17 14:04 004.016.jpg
-rw-rw-r-- 1 scott users  785680 Jan 17 14:04 004.017.jpg
-rw-rw-r-- 1 scott users 1014480 Jan 17 14:04 006.000.jpg
-rw-rw-r-- 1 scott users 1081018 Jan 17 14:04 006.001.jpg
-rw-rw-r-- 1 scott users  933431 Jan 17 14:04 006.002.jpg
-rw-rw-r-- 1 scott users  823838 Jan 17 14:04 006.003.jpg
-rw-rw-r-- 1 scott users  890932 Jan 17 14:04 006.004.jpg
-rw-rw-r-- 1 scott users 1180157 Jan 17 14:04 006.005.jpg
-rw-rw-r-- 1 scott users 1253534 Jan 17 14:04 006.006.jpg
-rw-rw-r-- 1 scott users 1060663 Jan 17 14:04 006.007.jpg
-rw-rw-r-- 1 scott users 1074841 Jan 17 14:04 006.008.jpg
-rw-rw-r-- 1 scott users 1147144 Jan 17 14:04 006.009.jpg
-rw-rw-r-- 1 scott users 1164657 Jan 17 14:04 006.010.jpg
-rw-rw-r-- 1 scott users 1151132 Jan 17 14:04 006.011.jpg
-rw-rw-r-- 1 scott users 1352643 Jan 17 14:04 008.000.jpg
-rw-rw-r-- 1 scott users 1351674 Jan 17 14:04 008.001.jpg
-rw-rw-r-- 1 scott users 1148392 Jan 17 14:04 008.002.jpg
-rw-rw-r-- 1 scott users 1333369 Jan 17 14:04 008.003.jpg
-rw-rw-r-- 1 scott users 1652820 Jan 17 14:04 008.004.jpg
-rw-rw-r-- 1 scott users 1400117 Jan 17 14:05 008.005.jpg
-rw-rw-r-- 1 scott users 1505493 Jan 17 14:05 008.006.jpg
-rw-rw-r-- 1 scott users 1438926 Jan 17 14:05 008.007.jpg
-rw-rw-r-- 1 scott users 1599960 Jan 17 14:05 008.008.jpg
-rw-rw-r-- 1 scott users 1495320 Jan 17 14:05 009.000.jpg
-rw-rw-r-- 1 scott users 1477530 Jan 17 14:05 009.001.jpg
-rw-rw-r-- 1 scott users 1254575 Jan 17 14:05 009.002.jpg
-rw-rw-r-- 1 scott users 1597250 Jan 17 14:05 009.003.jpg
-rw-rw-r-- 1 scott users 1763427 Jan 17 14:05 009.004.jpg
-rw-rw-r-- 1 scott users 1566890 Jan 17 14:05 009.005.jpg
-rw-rw-r-- 1 scott users 1566338 Jan 17 14:05 009.006.jpg
-rw-rw-r-- 1 scott users 1897823 Jan 17 14:05 009.007.jpg
-rw-rw-r-- 1 scott users  647726 Jan 17 14:05 012.000.jpg
-rw-rw-r-- 1 scott users  527677 Jan 17 14:05 012.001.jpg
-rw-rw-r-- 1 scott users  604219 Jan 17 14:05 012.002.jpg
-rw-rw-r-- 1 scott users  684415 Jan 17 14:05 012.003.jpg
-rw-rw-r-- 1 scott users  654084 Jan 17 14:05 012.004.jpg
-rw-rw-r-- 1 scott users  698418 Jan 17 14:05 012.005.jpg
-rw-rw-r-- 1 scott users  843410 Jan 17 14:05 016.000.jpg
-rw-rw-r-- 1 scott users  737250 Jan 17 14:05 016.001.jpg
-rw-rw-r-- 1 scott users  901488 Jan 17 14:05 016.002.jpg
-rw-rw-r-- 1 scott users  874725 Jan 17 14:05 016.003.jpg
-rw-rw-r-- 1 scott users  556342 Jan 17 14:06 018.000.jpg
-rw-rw-r-- 1 scott users  502599 Jan 17 14:06 018.001.jpg
-rw-rw-r-- 1 scott users  575183 Jan 17 14:06 018.002.jpg
-rw-rw-r-- 1 scott users  606283 Jan 17 14:06 018.003.jpg
-rw-rw-r-- 1 scott users 1184590 Jan 17 14:05 024.000.jpg
-rw-rw-r-- 1 scott users 1306563 Jan 17 14:05 024.001.jpg
-rw-rw-r-- 1 scott users 1366470 Jan 17 14:05 024.002.jpg
-rw-rw-r-- 1 scott users  505683 Jan 17 14:06 024.003.000.jpg
-rw-rw-r-- 1 scott users 1062524 Jan 17 14:06 036.000.jpg
-rw-rw-r-- 1 scott users 1186283 Jan 17 14:06 036.001.jpg
-rw-rw-r-- 1 scott users  317184 Jan 17 14:06 036.002.000.jpg
-rw-rw-r-- 1 scott users  846484 Jan 17 14:06 072.000.jpg
-rw-rw-r-- 1 scott users    2060 Jan 17 14:06 aspects.out
-rw-rw-r-- 1 scott users     929 Jan 17 14:06 error
-rw-rw-r-- 1 scott users       0 Jan 17 14:06 files.out
-rw-rw-r-- 1 scott users      43 Dec 19 21:51 meta.ini
drwxr-xr-x 2 scott users    4096 Jan 17 13:39 orig
drwxrwxr-x 2 scott users    4096 Jan 17 14:06 tmp
