total 174128
drwxr-xr-x  4 scott users    4096 Jan 17 16:22 .
drwxrwxr-x 27 scott users    4096 Jan 16 21:35 ..
-rw-rw-r--  1 scott users 1994879 Jan 17 14:12 004.000.jpg
-rw-rw-r--  1 scott users 2032138 Jan 17 14:12 004.001.jpg
-rw-rw-r--  1 scott users 2265883 Jan 17 14:12 004.002.jpg
-rw-rw-r--  1 scott users 1960565 Jan 17 14:13 004.003.jpg
-rw-rw-r--  1 scott users 1687783 Jan 17 14:13 004.004.jpg
-rw-rw-r--  1 scott users 1899061 Jan 17 14:13 004.005.jpg
-rw-rw-r--  1 scott users 1729304 Jan 17 14:13 004.006.jpg
-rw-rw-r--  1 scott users 1695735 Jan 17 14:13 004.007.jpg
-rw-rw-r--  1 scott users 2208664 Jan 17 14:13 004.008.jpg
-rw-rw-r--  1 scott users 1865626 Jan 17 14:13 004.009.jpg
-rw-rw-r--  1 scott users 1511568 Jan 17 14:13 004.010.jpg
-rw-rw-r--  1 scott users 1583318 Jan 17 14:13 004.011.jpg
-rw-rw-r--  1 scott users 1907183 Jan 17 14:13 004.012.jpg
-rw-rw-r--  1 scott users 1723574 Jan 17 14:13 004.013.jpg
-rw-rw-r--  1 scott users 2169838 Jan 17 14:13 004.014.jpg
-rw-rw-r--  1 scott users 1334669 Jan 17 14:13 004.015.jpg
-rw-rw-r--  1 scott users 2338313 Jan 17 14:13 004.016.jpg
-rw-rw-r--  1 scott users 1787885 Jan 17 14:13 004.017.jpg
-rw-rw-r--  1 scott users 3161531 Jan 17 14:13 006.000.jpg
-rw-rw-r--  1 scott users 3140594 Jan 17 14:13 006.001.jpg
-rw-rw-r--  1 scott users 2791520 Jan 17 14:13 006.002.jpg
-rw-rw-r--  1 scott users 2757857 Jan 17 14:13 006.003.jpg
-rw-rw-r--  1 scott users 2444356 Jan 17 14:13 006.004.jpg
-rw-rw-r--  1 scott users 3187880 Jan 17 14:13 006.005.jpg
-rw-rw-r--  1 scott users 2572008 Jan 17 14:13 006.006.jpg
-rw-rw-r--  1 scott users 2388914 Jan 17 14:13 006.007.jpg
-rw-rw-r--  1 scott users 2942764 Jan 17 14:13 006.008.jpg
-rw-rw-r--  1 scott users 2861369 Jan 17 14:13 006.009.jpg
-rw-rw-r--  1 scott users 2937273 Jan 17 14:13 006.010.jpg
-rw-rw-r--  1 scott users 2537898 Jan 17 14:13 006.011.jpg
-rw-rw-r--  1 scott users 4036549 Jan 17 14:13 008.000.jpg
-rw-rw-r--  1 scott users 4227390 Jan 17 14:13 008.001.jpg
-rw-rw-r--  1 scott users 3588430 Jan 17 14:13 008.002.jpg
-rw-rw-r--  1 scott users 3424539 Jan 17 14:13 008.003.jpg
-rw-rw-r--  1 scott users 4085555 Jan 17 14:13 008.004.jpg
-rw-rw-r--  1 scott users 3094926 Jan 17 14:13 008.005.jpg
-rw-rw-r--  1 scott users 3634415 Jan 17 14:13 008.006.jpg
-rw-rw-r--  1 scott users 3514942 Jan 17 14:13 008.007.jpg
-rw-rw-r--  1 scott users 4128032 Jan 17 14:13 008.008.jpg
-rw-rw-r--  1 scott users 4391668 Jan 17 14:13 009.000.jpg
-rw-rw-r--  1 scott users 4708833 Jan 17 14:14 009.001.jpg
-rw-rw-r--  1 scott users 4261135 Jan 17 14:14 009.002.jpg
-rw-rw-r--  1 scott users 4146438 Jan 17 14:14 009.003.jpg
-rw-rw-r--  1 scott users 3580519 Jan 17 14:14 009.004.jpg
-rw-rw-r--  1 scott users 4326383 Jan 17 14:14 009.005.jpg
-rw-rw-r--  1 scott users 4063038 Jan 17 14:14 009.006.jpg
-rw-rw-r--  1 scott users 4278820 Jan 17 14:14 009.007.jpg
-rw-rw-r--  1 scott users 1785733 Jan 17 14:15 012.000.jpg
-rw-rw-r--  1 scott users 1583521 Jan 17 14:15 012.001.jpg
-rw-rw-r--  1 scott users 1601433 Jan 17 14:15 012.002.jpg
-rw-rw-r--  1 scott users 1433176 Jan 17 14:15 012.003.jpg
-rw-rw-r--  1 scott users 1706388 Jan 17 14:15 012.004.jpg
-rw-rw-r--  1 scott users 1538758 Jan 17 14:15 012.005.jpg
-rw-rw-r--  1 scott users 2322657 Jan 17 14:14 016.000.jpg
-rw-rw-r--  1 scott users 2028804 Jan 17 14:14 016.001.jpg
-rw-rw-r--  1 scott users 2054344 Jan 17 14:14 016.002.jpg
-rw-rw-r--  1 scott users 2074540 Jan 17 14:14 016.003.jpg
-rw-rw-r--  1 scott users 1496320 Jan 17 14:15 018.000.jpg
-rw-rw-r--  1 scott users 1423958 Jan 17 14:15 018.001.jpg
-rw-rw-r--  1 scott users 1337072 Jan 17 14:15 018.002.jpg
-rw-rw-r--  1 scott users 1392120 Jan 17 14:15 018.003.jpg
-rw-rw-r--  1 scott users 3368633 Jan 17 14:14 024.000.jpg
-rw-rw-r--  1 scott users 3037418 Jan 17 14:14 024.001.jpg
-rw-rw-r--  1 scott users 3246964 Jan 17 14:14 024.002.jpg
-rw-rw-r--  1 scott users 1253152 Jan 17 14:16 024.003.000.jpg
-rw-rw-r--  1 scott users 2920247 Jan 17 14:15 036.000.jpg
-rw-rw-r--  1 scott users 2730011 Jan 17 14:16 036.001.jpg
-rw-rw-r--  1 scott users  750692 Jan 17 14:16 036.002.000.jpg
-rw-rw-r--  1 scott users 2127099 Jan 17 16:22 072.000.jpg
-rw-rw-r--  1 scott users    2032 Jan 17 16:22 aspects.out
-rwxrwxr-x  1 scott users    5722 Jan 17 14:16 describe.txt
-rw-rw-r--  1 scott users     929 Jan 17 16:22 error
-rw-rw-r--  1 scott users       0 Jan 17 16:22 files.out
-rw-rw-r--  1 scott users      43 Nov 24 14:44 meta.ini
drwxr-xr-x  3 scott users    4096 Nov  6 14:25 orig
-rw-rw-r--  1 scott users      22 Nov 13 16:28 title
drwxrwxr-x  2 scott users    4096 Jan 17 16:21 tmp
