total 214004
drwxr-xr-x 4 scott users    4096 Jan 17 00:38 .
drwxrwxr-x 9 scott users    4096 Jan 16 19:37 ..
-rw-rw-r-- 1 scott users 2400391 Jan 16 18:58 004.000.jpg
-rw-rw-r-- 1 scott users 3007731 Jan 16 18:58 004.001.jpg
-rw-rw-r-- 1 scott users 2164460 Jan 16 18:58 004.002.jpg
-rw-rw-r-- 1 scott users 1970737 Jan 16 18:58 004.003.jpg
-rw-rw-r-- 1 scott users 2233988 Jan 16 18:58 004.004.jpg
-rw-rw-r-- 1 scott users 2462324 Jan 16 18:58 004.005.jpg
-rw-rw-r-- 1 scott users 2199517 Jan 16 18:58 004.006.jpg
-rw-rw-r-- 1 scott users 2353125 Jan 16 18:58 004.007.jpg
-rw-rw-r-- 1 scott users 2747220 Jan 16 18:58 004.008.jpg
-rw-rw-r-- 1 scott users 2912439 Jan 16 18:58 004.009.jpg
-rw-rw-r-- 1 scott users 2163554 Jan 16 18:58 004.010.jpg
-rw-rw-r-- 1 scott users 2492771 Jan 16 18:58 004.011.jpg
-rw-rw-r-- 1 scott users 2319626 Jan 16 18:58 004.012.jpg
-rw-rw-r-- 1 scott users 2099003 Jan 16 18:58 004.013.jpg
-rw-rw-r-- 1 scott users 2144875 Jan 16 18:58 004.014.jpg
-rw-rw-r-- 1 scott users 2127011 Jan 16 18:58 004.015.jpg
-rw-rw-r-- 1 scott users 2517726 Jan 16 18:58 004.016.jpg
-rw-rw-r-- 1 scott users 2505636 Jan 16 18:58 004.017.jpg
-rw-rw-r-- 1 scott users 4195656 Jan 16 18:58 006.000.jpg
-rw-rw-r-- 1 scott users 3364333 Jan 16 18:58 006.001.jpg
-rw-rw-r-- 1 scott users 2904755 Jan 16 18:58 006.002.jpg
-rw-rw-r-- 1 scott users 3771313 Jan 16 18:58 006.003.jpg
-rw-rw-r-- 1 scott users 3480331 Jan 16 18:58 006.004.jpg
-rw-rw-r-- 1 scott users 3825868 Jan 16 18:58 006.005.jpg
-rw-rw-r-- 1 scott users 4293481 Jan 16 18:58 006.006.jpg
-rw-rw-r-- 1 scott users 3297362 Jan 16 18:58 006.007.jpg
-rw-rw-r-- 1 scott users 3522904 Jan 16 18:58 006.008.jpg
-rw-rw-r-- 1 scott users 3059854 Jan 16 18:58 006.009.jpg
-rw-rw-r-- 1 scott users 2809450 Jan 16 18:58 006.010.jpg
-rw-rw-r-- 1 scott users 4361095 Jan 16 18:58 006.011.jpg
-rw-rw-r-- 1 scott users 5427862 Jan 16 18:58 008.000.jpg
-rw-rw-r-- 1 scott users 4143492 Jan 16 18:58 008.001.jpg
-rw-rw-r-- 1 scott users 4700002 Jan 16 18:58 008.002.jpg
-rw-rw-r-- 1 scott users 4559528 Jan 16 18:59 008.003.jpg
-rw-rw-r-- 1 scott users 5663810 Jan 16 18:59 008.004.jpg
-rw-rw-r-- 1 scott users 4670776 Jan 16 18:59 008.005.jpg
-rw-rw-r-- 1 scott users 4425370 Jan 16 18:59 008.006.jpg
-rw-rw-r-- 1 scott users 4277890 Jan 16 18:59 008.007.jpg
-rw-rw-r-- 1 scott users 5050448 Jan 16 18:59 008.008.jpg
-rw-rw-r-- 1 scott users 6050162 Jan 16 18:59 009.000.jpg
-rw-rw-r-- 1 scott users 4459794 Jan 16 18:59 009.001.jpg
-rw-rw-r-- 1 scott users 5596745 Jan 16 18:59 009.002.jpg
-rw-rw-r-- 1 scott users 5479951 Jan 16 18:59 009.003.jpg
-rw-rw-r-- 1 scott users 5716172 Jan 16 18:59 009.004.jpg
-rw-rw-r-- 1 scott users 5409910 Jan 16 18:59 009.005.jpg
-rw-rw-r-- 1 scott users 4815870 Jan 16 18:59 009.006.jpg
-rw-rw-r-- 1 scott users 5423339 Jan 16 18:59 009.007.jpg
-rw-rw-r-- 1 scott users 1699976 Jan 16 19:00 012.000.jpg
-rw-rw-r-- 1 scott users 1570462 Jan 16 19:00 012.001.jpg
-rw-rw-r-- 1 scott users 1719716 Jan 16 19:00 012.002.jpg
-rw-rw-r-- 1 scott users 1814821 Jan 16 19:00 012.003.jpg
-rw-rw-r-- 1 scott users 1668034 Jan 16 19:00 012.004.jpg
-rw-rw-r-- 1 scott users 1669272 Jan 16 19:00 012.005.jpg
-rw-rw-r-- 1 scott users 2165049 Jan 16 19:00 016.000.jpg
-rw-rw-r-- 1 scott users 2189027 Jan 16 19:00 016.001.jpg
-rw-rw-r-- 1 scott users 2449817 Jan 16 19:00 016.002.jpg
-rw-rw-r-- 1 scott users 2187603 Jan 16 19:00 016.003.jpg
-rw-rw-r-- 1 scott users 1518453 Jan 16 19:00 018.000.jpg
-rw-rw-r-- 1 scott users 1649073 Jan 16 19:00 018.001.jpg
-rw-rw-r-- 1 scott users 1682989 Jan 16 19:00 018.002.jpg
-rw-rw-r-- 1 scott users 1510652 Jan 16 19:00 018.003.jpg
-rw-rw-r-- 1 scott users 3270729 Jan 16 18:59 024.000.jpg
-rw-rw-r-- 1 scott users 3534202 Jan 16 19:00 024.001.jpg
-rw-rw-r-- 1 scott users 3338733 Jan 16 19:00 024.002.jpg
-rw-rw-r-- 1 scott users 1657307 Jan 16 19:01 024.003.000.jpg
-rw-rw-r-- 1 scott users 3167803 Jan 16 19:01 036.000.jpg
-rw-rw-r-- 1 scott users 3192682 Jan 16 19:01 036.001.jpg
-rw-rw-r-- 1 scott users 1023460 Jan 16 19:01 036.002.000.jpg
-rw-rw-r-- 1 scott users 2685690 Jan 17 00:39 072.000.jpg
-rw-rw-r-- 1 scott users    2032 Jan 17 00:39 aspects.out
-rwxrwxr-x 1 scott users    5719 Jan 16 19:01 describe.txt
-rw-rw-r-- 1 scott users     929 Jan 17 00:39 error
-rw-rw-r-- 1 scott users       0 Jan 17 00:39 files.out
-rw-rw-r-- 1 scott users      40 Nov 24 14:30 meta.ini
drwxr-xr-x 2 scott users    4096 Jan 16 18:55 orig
drwxrwxr-x 2 scott users    4096 Jan 17 00:38 tmp
