total 139876
drwxr-xr-x 4 scott users    4096 Jan 17 00:37 .
drwxrwxr-x 9 scott users   12288 Jan 16 19:38 ..
-rw-rw-r-- 1 scott users    1121 Dec  9 21:53 000.html
-rw-rw-r-- 1 scott users 1502607 Jan 16 12:37 004.000.jpg
-rw-rw-r-- 1 scott users 1529524 Jan 16 12:37 004.001.jpg
-rw-rw-r-- 1 scott users 1556668 Jan 16 12:37 004.002.jpg
-rw-rw-r-- 1 scott users 1650983 Jan 16 12:37 004.003.jpg
-rw-rw-r-- 1 scott users 1167486 Jan 16 12:38 004.004.jpg
-rw-rw-r-- 1 scott users 1138458 Jan 16 12:38 004.005.jpg
-rw-rw-r-- 1 scott users 1283233 Jan 16 12:38 004.006.jpg
-rw-rw-r-- 1 scott users 1585051 Jan 16 12:38 004.007.jpg
-rw-rw-r-- 1 scott users 1570718 Jan 16 12:38 004.008.jpg
-rw-rw-r-- 1 scott users 1428316 Jan 16 12:38 004.009.jpg
-rw-rw-r-- 1 scott users 1473569 Jan 16 12:38 004.010.jpg
-rw-rw-r-- 1 scott users 1313799 Jan 16 12:38 004.011.jpg
-rw-rw-r-- 1 scott users 1612164 Jan 16 12:38 004.012.jpg
-rw-rw-r-- 1 scott users 1310145 Jan 16 12:38 004.013.jpg
-rw-rw-r-- 1 scott users 1715584 Jan 16 12:38 004.014.jpg
-rw-rw-r-- 1 scott users 1363411 Jan 16 12:38 004.015.jpg
-rw-rw-r-- 1 scott users 1324033 Jan 16 12:38 004.016.jpg
-rw-rw-r-- 1 scott users 1464039 Jan 16 12:38 004.017.jpg
-rw-rw-r-- 1 scott users 2014458 Jan 16 12:38 006.000.jpg
-rw-rw-r-- 1 scott users 2580216 Jan 16 12:38 006.001.jpg
-rw-rw-r-- 1 scott users 2384286 Jan 16 12:38 006.002.jpg
-rw-rw-r-- 1 scott users 1573494 Jan 16 12:38 006.003.jpg
-rw-rw-r-- 1 scott users 2248572 Jan 16 12:38 006.004.jpg
-rw-rw-r-- 1 scott users 2193055 Jan 16 12:38 006.005.jpg
-rw-rw-r-- 1 scott users 2041505 Jan 16 12:38 006.006.jpg
-rw-rw-r-- 1 scott users 2174286 Jan 16 12:38 006.007.jpg
-rw-rw-r-- 1 scott users 2227872 Jan 16 12:38 006.008.jpg
-rw-rw-r-- 1 scott users 2412481 Jan 16 12:38 006.009.jpg
-rw-rw-r-- 1 scott users 2008927 Jan 16 12:38 006.010.jpg
-rw-rw-r-- 1 scott users 2143948 Jan 16 12:38 006.011.jpg
-rw-rw-r-- 1 scott users 3038375 Jan 16 12:38 008.000.jpg
-rw-rw-r-- 1 scott users 3207414 Jan 16 12:38 008.001.jpg
-rw-rw-r-- 1 scott users 2305970 Jan 16 12:38 008.002.jpg
-rw-rw-r-- 1 scott users 2872319 Jan 16 12:38 008.003.jpg
-rw-rw-r-- 1 scott users 3000243 Jan 16 12:38 008.004.jpg
-rw-rw-r-- 1 scott users 2787328 Jan 16 12:38 008.005.jpg
-rw-rw-r-- 1 scott users 2923263 Jan 16 12:38 008.006.jpg
-rw-rw-r-- 1 scott users 3088047 Jan 16 12:38 008.007.jpg
-rw-rw-r-- 1 scott users 2788917 Jan 16 12:38 008.008.jpg
-rw-rw-r-- 1 scott users 3494304 Jan 16 12:38 009.000.jpg
-rw-rw-r-- 1 scott users 3486200 Jan 16 12:38 009.001.jpg
-rw-rw-r-- 1 scott users 2566359 Jan 16 12:38 009.002.jpg
-rw-rw-r-- 1 scott users 3452194 Jan 16 12:38 009.003.jpg
-rw-rw-r-- 1 scott users 3272280 Jan 16 12:38 009.004.jpg
-rw-rw-r-- 1 scott users 3174262 Jan 16 12:38 009.005.jpg
-rw-rw-r-- 1 scott users 3452711 Jan 16 12:39 009.006.jpg
-rw-rw-r-- 1 scott users 3115666 Jan 16 12:39 009.007.jpg
-rw-rw-r-- 1 scott users 1506192 Jan 16 12:39 012.000.jpg
-rw-rw-r-- 1 scott users 1306715 Jan 16 12:39 012.001.jpg
-rw-rw-r-- 1 scott users 1443825 Jan 16 12:39 012.002.jpg
-rw-rw-r-- 1 scott users 1377039 Jan 16 12:39 012.003.jpg
-rw-rw-r-- 1 scott users 1526533 Jan 16 12:39 012.004.jpg
-rw-rw-r-- 1 scott users 1364378 Jan 16 12:39 012.005.jpg
-rw-rw-r-- 1 scott users 2028634 Jan 16 12:39 016.000.jpg
-rw-rw-r-- 1 scott users 1712504 Jan 16 12:39 016.001.jpg
-rw-rw-r-- 1 scott users 1891385 Jan 16 12:39 016.002.jpg
-rw-rw-r-- 1 scott users 1975231 Jan 16 12:39 016.003.jpg
-rw-rw-r-- 1 scott users 1370287 Jan 16 12:40 018.000.jpg
-rw-rw-r-- 1 scott users 1198715 Jan 16 12:40 018.001.jpg
-rw-rw-r-- 1 scott users 1279634 Jan 16 12:40 018.002.jpg
-rw-rw-r-- 1 scott users 1301933 Jan 16 12:40 018.003.jpg
-rw-rw-r-- 1 scott users 2812927 Jan 16 12:39 024.000.jpg
-rw-rw-r-- 1 scott users 2821026 Jan 16 12:39 024.001.jpg
-rw-rw-r-- 1 scott users 2891397 Jan 16 12:39 024.002.jpg
-rw-rw-r-- 1 scott users 1249295 Jan 16 12:40 024.003.000.jpg
-rw-rw-r-- 1 scott users 2571415 Jan 16 12:40 036.000.jpg
-rw-rw-r-- 1 scott users 2581455 Jan 16 12:40 036.001.jpg
-rw-rw-r-- 1 scott users  780859 Jan 16 12:40 036.002.000.jpg
-rw-rw-r-- 1 scott users 2046702 Jan 17 00:37 072.000.jpg
-rw-rw-r-- 1 scott users    1870 Jan 17 00:37 aspects.out
-rwxrwxr-x 1 scott users    5864 Jan 16 17:43 describe.txt
-rw-rw-r-- 1 scott users     929 Jan 17 00:37 error
-rw-rw-r-- 1 scott users       0 Jan 17 00:37 files.out
-rw-rw-r-- 1 scott users      43 Nov 24 16:30 meta.ini
drwxr-xr-x 2 scott users    4096 Jan 16 12:20 orig
-rw-rw-r-- 1 scott users      22 Nov 13 16:50 title
drwxrwxr-x 2 scott users    4096 Jan 17 00:37 tmp
