072.000.jpg 36864 320 115.2
036.000.jpg 31104 540 57.6
036.001.jpg 31104 540 57.6
024.000.jpg 27648 720 38.4
024.001.jpg 27648 720 38.4
024.002.jpg 27648 720 38.4
009.000.jpg 20736 1440 14.4
009.001.jpg 20736 1440 14.4
009.002.jpg 20736 1440 14.4
009.003.jpg 20736 1440 14.4
009.004.jpg 20736 1440 14.4
009.005.jpg 20736 1440 14.4
009.006.jpg 20736 1440 14.4
009.007.jpg 20736 1440 14.4
008.000.jpg 18432 1440 12.8
008.001.jpg 18432 1440 12.8
008.002.jpg 18432 1440 12.8
008.003.jpg 18432 1440 12.8
008.004.jpg 18432 1440 12.8
008.005.jpg 18432 1440 12.8
008.006.jpg 18432 1440 12.8
008.007.jpg 18432 1440 12.8
008.008.jpg 18432 1440 12.8
016.000.jpg 18432 720 25.6
016.001.jpg 18432 720 25.6
016.002.jpg 18432 720 25.6
016.003.jpg 18432 720 25.6
018.000.jpg 15552 540 28.8
018.001.jpg 15552 540 28.8
018.002.jpg 15552 540 28.8
018.003.jpg 15552 540 28.8
006.000.jpg 13824 1440 9.6
006.001.jpg 13824 1440 9.6
006.002.jpg 13824 1440 9.6
006.003.jpg 13824 1440 9.6
006.004.jpg 13824 1440 9.6
006.005.jpg 13824 1440 9.6
006.006.jpg 13824 1440 9.6
006.007.jpg 13824 1440 9.6
006.008.jpg 13824 1440 9.6
006.009.jpg 13824 1440 9.6
006.010.jpg 13824 1440 9.6
006.011.jpg 13824 1440 9.6
012.000.jpg 13824 720 19.2
012.001.jpg 13824 720 19.2
012.002.jpg 13824 720 19.2
012.003.jpg 13824 720 19.2
012.004.jpg 13824 720 19.2
012.005.jpg 13824 720 19.2
036.002.000.jpg 10368 360 28.8
004.000.jpg 9216 1440 6.4
004.001.jpg 9216 1440 6.4
004.002.jpg 9216 1440 6.4
004.003.jpg 9216 1440 6.4
004.004.jpg 9216 1440 6.4
004.005.jpg 9216 1440 6.4
004.006.jpg 9216 1440 6.4
004.007.jpg 9216 1440 6.4
004.008.jpg 9216 1440 6.4
004.009.jpg 9216 1440 6.4
004.010.jpg 9216 1440 6.4
004.011.jpg 9216 1440 6.4
004.012.jpg 9216 1440 6.4
004.013.jpg 9216 1440 6.4
004.014.jpg 9216 1440 6.4
004.015.jpg 9216 1440 6.4
004.016.jpg 9216 1440 6.4
004.017.jpg 9216 1440 6.4
024.003.000.jpg 9216 720 12.8
