total 261624
drwxr-xr-x  4 scott users     4096 Jan 23 20:03 .
drwxrwxr-x 10 scott users     4096 Jan 23 19:55 ..
-rw-rw-r--  1 scott users  2870861 Jan 23 19:57 004.000.jpg
-rw-rw-r--  1 scott users  3789593 Jan 23 19:57 004.001.jpg
-rw-rw-r--  1 scott users  2786497 Jan 23 19:57 004.002.jpg
-rw-rw-r--  1 scott users  4869713 Jan 23 19:57 004.003.jpg
-rw-rw-r--  1 scott users  2575478 Jan 23 19:57 004.004.jpg
-rw-rw-r--  1 scott users  5515423 Jan 23 19:57 004.005.jpg
-rw-rw-r--  1 scott users  4123326 Jan 23 19:58 004.006.jpg
-rw-rw-r--  1 scott users  2124826 Jan 23 19:58 004.007.jpg
-rw-rw-r--  1 scott users  2293131 Jan 23 19:58 004.008.jpg
-rw-rw-r--  1 scott users  2032471 Jan 23 19:58 004.009.jpg
-rw-rw-r--  1 scott users  1771361 Jan 23 19:58 004.010.jpg
-rw-rw-r--  1 scott users  2159010 Jan 23 19:58 004.011.jpg
-rw-rw-r--  1 scott users  2765808 Jan 23 19:58 004.012.jpg
-rw-rw-r--  1 scott users  3580467 Jan 23 19:58 004.013.jpg
-rw-rw-r--  1 scott users  4516294 Jan 23 19:58 004.014.jpg
-rw-rw-r--  1 scott users  5319818 Jan 23 19:58 004.015.jpg
-rw-rw-r--  1 scott users  1524585 Jan 23 19:58 004.016.jpg
-rw-rw-r--  1 scott users  1708854 Jan 23 19:58 004.017.jpg
-rw-rw-r--  1 scott users  5366639 Jan 23 19:58 006.000.jpg
-rw-rw-r--  1 scott users  4088996 Jan 23 19:58 006.001.jpg
-rw-rw-r--  1 scott users  6188667 Jan 23 19:58 006.002.jpg
-rw-rw-r--  1 scott users  6805701 Jan 23 19:58 006.003.jpg
-rw-rw-r--  1 scott users  5365262 Jan 23 19:58 006.004.jpg
-rw-rw-r--  1 scott users  3185397 Jan 23 19:58 006.005.jpg
-rw-rw-r--  1 scott users  2978924 Jan 23 19:58 006.006.jpg
-rw-rw-r--  1 scott users  2993910 Jan 23 19:58 006.007.jpg
-rw-rw-r--  1 scott users  4763866 Jan 23 19:58 006.008.jpg
-rw-rw-r--  1 scott users  6107203 Jan 23 19:58 006.009.jpg
-rw-rw-r--  1 scott users  6060773 Jan 23 19:58 006.010.jpg
-rw-rw-r--  1 scott users  2538899 Jan 23 19:58 006.011.jpg
-rw-rw-r--  1 scott users  6673109 Jan 23 19:58 008.000.jpg
-rw-rw-r--  1 scott users  7662840 Jan 23 19:59 008.001.jpg
-rw-rw-r--  1 scott users  8129761 Jan 23 19:59 008.002.jpg
-rw-rw-r--  1 scott users  6279224 Jan 23 19:59 008.003.jpg
-rw-rw-r--  1 scott users  4333779 Jan 23 19:59 008.004.jpg
-rw-rw-r--  1 scott users  3944666 Jan 23 19:59 008.005.jpg
-rw-rw-r--  1 scott users  6361394 Jan 23 19:59 008.006.jpg
-rw-rw-r--  1 scott users  9861584 Jan 23 19:59 008.007.jpg
-rw-rw-r--  1 scott users  3234540 Jan 23 19:59 008.008.jpg
-rw-rw-r--  1 scott users  8310907 Jan 23 19:59 009.000.jpg
-rw-rw-r--  1 scott users  7357180 Jan 23 19:59 009.001.jpg
-rw-rw-r--  1 scott users 10294402 Jan 23 19:59 009.002.jpg
-rw-rw-r--  1 scott users  5064770 Jan 23 19:59 009.003.jpg
-rw-rw-r--  1 scott users  4231971 Jan 23 19:59 009.004.jpg
-rw-rw-r--  1 scott users  6515833 Jan 23 19:59 009.005.jpg
-rw-rw-r--  1 scott users  9770590 Jan 23 19:59 009.006.jpg
-rw-rw-r--  1 scott users  4994825 Jan 23 20:00 009.007.jpg
-rw-rw-r--  1 scott users  1568748 Jan 23 20:01 012.000.jpg
-rw-rw-r--  1 scott users  2066593 Jan 23 20:01 012.001.jpg
-rw-rw-r--  1 scott users  1370950 Jan 23 20:01 012.002.jpg
-rw-rw-r--  1 scott users  1050986 Jan 23 20:01 012.003.jpg
-rw-rw-r--  1 scott users  1829724 Jan 23 20:01 012.004.jpg
-rw-rw-r--  1 scott users  1380321 Jan 23 20:01 012.005.jpg
-rw-rw-r--  1 scott users  2308192 Jan 23 20:01 016.000.jpg
-rw-rw-r--  1 scott users  2315834 Jan 23 20:01 016.001.jpg
-rw-rw-r--  1 scott users  1432412 Jan 23 20:01 016.002.jpg
-rw-rw-r--  1 scott users  2673797 Jan 23 20:01 016.003.jpg
-rw-rw-r--  1 scott users  1450839 Jan 23 20:02 018.000.jpg
-rw-rw-r--  1 scott users  1444611 Jan 23 20:02 018.001.jpg
-rw-rw-r--  1 scott users  1090815 Jan 23 20:02 018.002.jpg
-rw-rw-r--  1 scott users  1399233 Jan 23 20:02 018.003.jpg
-rw-rw-r--  1 scott users  3635309 Jan 23 20:01 024.000.jpg
-rw-rw-r--  1 scott users  2427023 Jan 23 20:01 024.001.jpg
-rw-rw-r--  1 scott users  3211883 Jan 23 20:01 024.002.jpg
-rw-rw-r--  1 scott users  1177280 Jan 23 20:03 024.003.000.jpg
-rw-rw-r--  1 scott users  2895719 Jan 23 20:02 036.000.jpg
-rw-rw-r--  1 scott users  2492019 Jan 23 20:02 036.001.jpg
-rw-rw-r--  1 scott users   712414 Jan 23 20:03 036.002.000.jpg
-rw-rw-r--  1 scott users  2000454 Jan 23 20:03 072.000.jpg
-rw-rw-r--  1 scott users     1870 Jan 23 20:03 aspects.out
-rw-rw-r--  1 scott users      929 Jan 23 20:03 error
-rw-rw-r--  1 scott users        0 Jan 23 20:03 files.out
-rw-rw-r--  1 scott users       27 Jan 23 19:54 meta.ini
drwxr-xr-x  3 scott users     4096 Nov 16 07:43 orig
-rw-rw-r--  1 scott users     3426 Dec 31 21:54 out
drwxrwxr-x  2 scott users     4096 Jan 23 20:03 tmp
