072.000.jpg 30720 320 96
036.000.jpg 25920 540 48
036.001.jpg 25920 540 48
024.000.jpg 23040 720 32
024.001.jpg 23040 720 32
024.002.jpg 23040 720 32
009.000.jpg 12960 1080 12
009.001.jpg 12960 1080 12
009.002.jpg 12960 1080 12
009.003.jpg 12960 1080 12
009.004.jpg 12960 1080 12
009.005.jpg 12960 1080 12
009.006.jpg 12960 1080 12
009.007.jpg 12960 1080 12
008.000.jpg 11520 1080 10.6667
008.001.jpg 11520 1080 10.6667
008.002.jpg 11520 1080 10.6667
008.003.jpg 11520 1080 10.6667
008.004.jpg 11520 1080 10.6667
008.005.jpg 11520 1080 10.6667
008.006.jpg 11520 1080 10.6667
008.007.jpg 11520 1080 10.6667
008.008.jpg 11520 1080 10.6667
012.000.jpg 11520 720 16
012.001.jpg 11520 720 16
012.002.jpg 11520 720 16
012.003.jpg 11520 720 16
012.004.jpg 11520 720 16
012.005.jpg 11520 720 16
006.000.jpg 8640 1080 8
006.001.jpg 8640 1080 8
006.002.jpg 8640 1080 8
006.003.jpg 8640 1080 8
006.004.jpg 8640 1080 8
006.005.jpg 8640 1080 8
006.006.jpg 8640 1080 8
006.007.jpg 8640 1080 8
006.008.jpg 8640 1080 8
006.009.jpg 8640 1080 8
006.010.jpg 8640 1080 8
006.011.jpg 8640 1080 8
420.240.gif[10] 320 240 1.33333
420.240.gif[11] 320 240 1.33333
420.240.gif[12] 320 240 1.33333
420.240.gif[13] 320 240 1.33333
420.240.gif[14] 320 240 1.33333
420.240.gif[15] 320 240 1.33333
420.240.gif[16] 320 240 1.33333
420.240.gif[17] 320 240 1.33333
420.240.gif[18] 320 240 1.33333
420.240.gif[19] 320 240 1.33333
420.240.gif[20] 320 240 1.33333
420.240.gif[21] 320 240 1.33333
420.240.gif[22] 320 240 1.33333
420.240.gif[23] 320 240 1.33333
420.240.gif[24] 320 240 1.33333
420.240.gif[25] 320 240 1.33333
420.240.gif[26] 320 240 1.33333
420.240.gif[27] 320 240 1.33333
420.240.gif[28] 320 240 1.33333
420.240.gif[29] 320 240 1.33333
420.240.gif[30] 320 240 1.33333
420.240.gif[31] 320 240 1.33333
420.240.gif 320 240 1.33333
420.240.gif 320 240 1.33333
420.240.gif 320 240 1.33333
420.240.gif 320 240 1.33333
420.240.gif 320 240 1.33333
420.240.gif 320 240 1.33333
420.240.gif 320 240 1.33333
420.240.gif 320 240 1.33333
420.240.gif 320 240 1.33333
420.240.gif 320 240 1.33333
420.240.gif[32] 320 240 1.33333
420.240.gif[33] 320 240 1.33333
420.240.gif[34] 320 240 1.33333
420.240.gif[35] 320 240 1.33333
240.240.gif[10] 240 240 1
240.240.gif[11] 240 240 1
240.240.gif[12] 240 240 1
240.240.gif[13] 240 240 1
240.240.gif[14] 240 240 1
240.240.gif[15] 240 240 1
240.240.gif[16] 240 240 1
240.240.gif[17] 240 240 1
240.240.gif[18] 240 240 1
240.240.gif[19] 240 240 1
240.240.gif[20] 240 240 1
240.240.gif[21] 240 240 1
240.240.gif[22] 240 240 1
240.240.gif[23] 240 240 1
240.240.gif 240 240 1
240.240.gif 240 240 1
240.240.gif 240 240 1
240.240.gif 240 240 1
240.240.gif 240 240 1
240.240.gif 240 240 1
240.240.gif 240 240 1
240.240.gif 240 240 1
240.240.gif 240 240 1
240.240.gif 240 240 1
240.240.gif[24] 240 240 1
240.240.gif[25] 240 240 1
240.240.gif[26] 240 240 1
240.240.gif[27] 240 240 1
240.240.gif[28] 240 240 1
240.240.gif[29] 240 240 1
240.240.gif[30] 240 240 1
240.240.gif[31] 240 240 1
240.240.gif[32] 240 240 1
240.240.gif[33] 240 240 1
240.240.gif[34] 240 240 1
240.240.gif[35] 240 240 1
