total 148296
drwxr-xr-x 4 scott users    4096 Jan 17 17:14 .
drwxrwxr-x 9 scott users   16384 Jan 17 16:46 ..
-rw-rw-r-- 1 scott users 1264260 Jan 17 17:11 004.000.jpg
-rw-rw-r-- 1 scott users 1698208 Jan 17 17:11 004.001.jpg
-rw-rw-r-- 1 scott users 1531504 Jan 17 17:11 004.002.jpg
-rw-rw-r-- 1 scott users 1471487 Jan 17 17:11 004.003.jpg
-rw-rw-r-- 1 scott users 1738823 Jan 17 17:11 004.004.jpg
-rw-rw-r-- 1 scott users 1650026 Jan 17 17:11 004.005.jpg
-rw-rw-r-- 1 scott users 1504003 Jan 17 17:11 004.006.jpg
-rw-rw-r-- 1 scott users 1694736 Jan 17 17:11 004.007.jpg
-rw-rw-r-- 1 scott users 1561748 Jan 17 17:11 004.008.jpg
-rw-rw-r-- 1 scott users 1585720 Jan 17 17:11 004.009.jpg
-rw-rw-r-- 1 scott users 1347100 Jan 17 17:11 004.010.jpg
-rw-rw-r-- 1 scott users 1495634 Jan 17 17:11 004.011.jpg
-rw-rw-r-- 1 scott users 1312108 Jan 17 17:11 004.012.jpg
-rw-rw-r-- 1 scott users 1452620 Jan 17 17:11 004.013.jpg
-rw-rw-r-- 1 scott users 1489861 Jan 17 17:11 004.014.jpg
-rw-rw-r-- 1 scott users 1827732 Jan 17 17:11 004.015.jpg
-rw-rw-r-- 1 scott users 1411192 Jan 17 17:11 004.016.jpg
-rw-rw-r-- 1 scott users 1539075 Jan 17 17:11 004.017.jpg
-rw-rw-r-- 1 scott users 2090759 Jan 17 17:11 006.000.jpg
-rw-rw-r-- 1 scott users 2417142 Jan 17 17:11 006.001.jpg
-rw-rw-r-- 1 scott users 2276431 Jan 17 17:11 006.002.jpg
-rw-rw-r-- 1 scott users 2586264 Jan 17 17:11 006.003.jpg
-rw-rw-r-- 1 scott users 2403953 Jan 17 17:11 006.004.jpg
-rw-rw-r-- 1 scott users 2364699 Jan 17 17:11 006.005.jpg
-rw-rw-r-- 1 scott users 2169947 Jan 17 17:11 006.006.jpg
-rw-rw-r-- 1 scott users 2270712 Jan 17 17:11 006.007.jpg
-rw-rw-r-- 1 scott users 1912271 Jan 17 17:11 006.008.jpg
-rw-rw-r-- 1 scott users 2339298 Jan 17 17:11 006.009.jpg
-rw-rw-r-- 1 scott users 2470429 Jan 17 17:11 006.010.jpg
-rw-rw-r-- 1 scott users 2313388 Jan 17 17:11 006.011.jpg
-rw-rw-r-- 1 scott users 2966650 Jan 17 17:11 008.000.jpg
-rw-rw-r-- 1 scott users 3004945 Jan 17 17:11 008.001.jpg
-rw-rw-r-- 1 scott users 3388842 Jan 17 17:11 008.002.jpg
-rw-rw-r-- 1 scott users 3208344 Jan 17 17:11 008.003.jpg
-rw-rw-r-- 1 scott users 3170424 Jan 17 17:11 008.004.jpg
-rw-rw-r-- 1 scott users 2854890 Jan 17 17:11 008.005.jpg
-rw-rw-r-- 1 scott users 2765553 Jan 17 17:11 008.006.jpg
-rw-rw-r-- 1 scott users 3318500 Jan 17 17:11 008.007.jpg
-rw-rw-r-- 1 scott users 2955508 Jan 17 17:11 008.008.jpg
-rw-rw-r-- 1 scott users 3303458 Jan 17 17:11 009.000.jpg
-rw-rw-r-- 1 scott users 3473924 Jan 17 17:11 009.001.jpg
-rw-rw-r-- 1 scott users 3679100 Jan 17 17:11 009.002.jpg
-rw-rw-r-- 1 scott users 3680290 Jan 17 17:11 009.003.jpg
-rw-rw-r-- 1 scott users 3306714 Jan 17 17:11 009.004.jpg
-rw-rw-r-- 1 scott users 3051711 Jan 17 17:11 009.005.jpg
-rw-rw-r-- 1 scott users 3639475 Jan 17 17:12 009.006.jpg
-rw-rw-r-- 1 scott users 3485286 Jan 17 17:12 009.007.jpg
-rw-rw-r-- 1 scott users 1408328 Jan 17 17:13 012.000.jpg
-rw-rw-r-- 1 scott users 1516043 Jan 17 17:13 012.001.jpg
-rw-rw-r-- 1 scott users 1497522 Jan 17 17:13 012.002.jpg
-rw-rw-r-- 1 scott users 1398572 Jan 17 17:13 012.003.jpg
-rw-rw-r-- 1 scott users 1388629 Jan 17 17:13 012.004.jpg
-rw-rw-r-- 1 scott users 1536472 Jan 17 17:13 012.005.jpg
-rw-rw-r-- 1 scott users 1853528 Jan 17 17:12 016.000.jpg
-rw-rw-r-- 1 scott users 2071988 Jan 17 17:12 016.001.jpg
-rw-rw-r-- 1 scott users 1897016 Jan 17 17:12 016.002.jpg
-rw-rw-r-- 1 scott users 1950324 Jan 17 17:12 016.003.jpg
-rw-rw-r-- 1 scott users 1360375 Jan 17 17:13 018.000.jpg
-rw-rw-r-- 1 scott users 1493204 Jan 17 17:13 018.001.jpg
-rw-rw-r-- 1 scott users 1287356 Jan 17 17:13 018.002.jpg
-rw-rw-r-- 1 scott users 1469699 Jan 17 17:13 018.003.jpg
-rw-rw-r-- 1 scott users 2925115 Jan 17 17:12 024.000.jpg
-rw-rw-r-- 1 scott users 2897826 Jan 17 17:12 024.001.jpg
-rw-rw-r-- 1 scott users 2925467 Jan 17 17:12 024.002.jpg
-rw-rw-r-- 1 scott users 1452435 Jan 17 17:13 024.003.000.jpg
-rw-rw-r-- 1 scott users 2854438 Jan 17 17:13 036.000.jpg
-rw-rw-r-- 1 scott users 2757394 Jan 17 17:13 036.001.jpg
-rw-rw-r-- 1 scott users  898229 Jan 17 17:13 036.002.000.jpg
-rw-rw-r-- 1 scott users 2373988 Jan 17 17:14 072.000.jpg
-rw-rw-r-- 1 scott users    1896 Jan 17 17:14 aspects.out
-rw-rw-r-- 1 scott users     929 Jan 17 17:14 error
-rw-rw-r-- 1 scott users       0 Jan 17 17:14 files.out
-rw-rw-r-- 1 scott users      40 Nov 23 16:16 meta.ini
drwxr-xr-x 2 scott users    4096 Jan 17 16:48 orig
drwxrwxr-x 2 scott users    4096 Jan 17 17:13 tmp
