total 27532
drwx--x--x  4 scott users    4096 Jan 17 19:02 .
drwx--x--x 20 scott users    4096 Jan 17 18:56 ..
-rw-rw-r--  1 scott users 1395543 Jan 17 19:02 003.000.jpg
-rw-rw-r--  1 scott users 1280608 Jan 17 19:02 003.001.jpg
-rw-rw-r--  1 scott users 1298304 Jan 17 19:02 003.002.jpg
-rw-rw-r--  1 scott users 1611973 Jan 17 19:02 003.003.jpg
-rw-rw-r--  1 scott users 1484192 Jan 17 19:02 003.004.jpg
-rw-rw-r--  1 scott users 1511681 Jan 17 19:02 003.005.jpg
-rw-rw-r--  1 scott users 2678375 Jan 17 19:02 006.000.jpg
-rw-rw-r--  1 scott users 2911834 Jan 17 19:02 006.001.jpg
-rw-rw-r--  1 scott users 2997626 Jan 17 19:02 006.002.jpg
-rw-rw-r--  1 scott users 3977542 Jan 17 19:02 009.000.jpg
-rw-rw-r--  1 scott users 4610635 Jan 17 19:02 009.001.jpg
-rw-rw-r--  1 scott users 2385449 Jan 17 19:02 018.000.jpg
-rw-rw-r--  1 scott users     320 Jan 17 19:02 aspects.out
-rw-rw-r--  1 scott users     929 Jan 17 19:02 error
-rw-rw-r--  1 scott users       0 Jan 17 19:02 files.out
-rw-rw-r--  1 scott users      44 Dec 26 22:20 meta.ini
drwxrwxr-x  2 scott users    4096 Jan 17 19:02 orig
drwxrwxr-x  2 scott users    4096 Jan 17 19:02 tmp
