total 268656
drwxr-xr-x  4 scott users    4096 Jan 23 20:10 .
drwxrwxr-x 10 scott users    4096 Jan 23 19:55 ..
-rw-rw-r--  1 scott users 2185486 Jan 23 20:03 004.000.jpg
-rw-rw-r--  1 scott users 2150766 Jan 23 20:03 004.001.jpg
-rw-rw-r--  1 scott users 3901619 Jan 23 20:03 004.002.jpg
-rw-rw-r--  1 scott users 3133002 Jan 23 20:03 004.003.jpg
-rw-rw-r--  1 scott users 3890324 Jan 23 20:03 004.004.jpg
-rw-rw-r--  1 scott users 2914115 Jan 23 20:03 004.005.jpg
-rw-rw-r--  1 scott users 2568410 Jan 23 20:03 004.006.jpg
-rw-rw-r--  1 scott users 3037481 Jan 23 20:03 004.007.jpg
-rw-rw-r--  1 scott users 2401365 Jan 23 20:03 004.008.jpg
-rw-rw-r--  1 scott users 2820644 Jan 23 20:03 004.009.jpg
-rw-rw-r--  1 scott users 2331501 Jan 23 20:03 004.010.jpg
-rw-rw-r--  1 scott users 3432826 Jan 23 20:03 004.011.jpg
-rw-rw-r--  1 scott users 3133506 Jan 23 20:04 004.012.jpg
-rw-rw-r--  1 scott users 3987988 Jan 23 20:04 004.013.jpg
-rw-rw-r--  1 scott users 3598611 Jan 23 20:04 004.014.jpg
-rw-rw-r--  1 scott users 4089931 Jan 23 20:04 004.015.jpg
-rw-rw-r--  1 scott users 3989572 Jan 23 20:04 004.016.jpg
-rw-rw-r--  1 scott users 3510925 Jan 23 20:04 004.017.jpg
-rw-rw-r--  1 scott users 3233713 Jan 23 20:04 006.000.jpg
-rw-rw-r--  1 scott users 5007451 Jan 23 20:04 006.001.jpg
-rw-rw-r--  1 scott users 5034536 Jan 23 20:04 006.002.jpg
-rw-rw-r--  1 scott users 4931974 Jan 23 20:04 006.003.jpg
-rw-rw-r--  1 scott users 4397467 Jan 23 20:04 006.004.jpg
-rw-rw-r--  1 scott users 3610542 Jan 23 20:04 006.005.jpg
-rw-rw-r--  1 scott users 4093850 Jan 23 20:04 006.006.jpg
-rw-rw-r--  1 scott users 4495985 Jan 23 20:04 006.007.jpg
-rw-rw-r--  1 scott users 4710164 Jan 23 20:04 006.008.jpg
-rw-rw-r--  1 scott users 6015817 Jan 23 20:04 006.009.jpg
-rw-rw-r--  1 scott users 6110625 Jan 23 20:04 006.010.jpg
-rw-rw-r--  1 scott users 5483645 Jan 23 20:04 006.011.jpg
-rw-rw-r--  1 scott users 4336366 Jan 23 20:04 008.000.jpg
-rw-rw-r--  1 scott users 7039614 Jan 23 20:05 008.001.jpg
-rw-rw-r--  1 scott users 6831191 Jan 23 20:05 008.002.jpg
-rw-rw-r--  1 scott users 5606490 Jan 23 20:05 008.003.jpg
-rw-rw-r--  1 scott users 5224426 Jan 23 20:05 008.004.jpg
-rw-rw-r--  1 scott users 5770138 Jan 23 20:05 008.005.jpg
-rw-rw-r--  1 scott users 7132860 Jan 23 20:05 008.006.jpg
-rw-rw-r--  1 scott users 7693311 Jan 23 20:05 008.007.jpg
-rw-rw-r--  1 scott users 7503059 Jan 23 20:05 008.008.jpg
-rw-rw-r--  1 scott users 4878589 Jan 23 20:05 009.000.jpg
-rw-rw-r--  1 scott users 8390037 Jan 23 20:05 009.001.jpg
-rw-rw-r--  1 scott users 6853750 Jan 23 20:05 009.002.jpg
-rw-rw-r--  1 scott users 6092292 Jan 23 20:05 009.003.jpg
-rw-rw-r--  1 scott users 6122173 Jan 23 20:05 009.004.jpg
-rw-rw-r--  1 scott users 7198566 Jan 23 20:06 009.005.jpg
-rw-rw-r--  1 scott users 9425373 Jan 23 20:06 009.006.jpg
-rw-rw-r--  1 scott users 8173863 Jan 23 20:06 009.007.jpg
-rw-rw-r--  1 scott users 1546120 Jan 23 20:08 012.000.jpg
-rw-rw-r--  1 scott users 1850958 Jan 23 20:08 012.001.jpg
-rw-rw-r--  1 scott users 1494878 Jan 23 20:08 012.002.jpg
-rw-rw-r--  1 scott users 1505051 Jan 23 20:08 012.003.jpg
-rw-rw-r--  1 scott users 1812641 Jan 23 20:08 012.004.jpg
-rw-rw-r--  1 scott users 1964819 Jan 23 20:08 012.005.jpg
-rw-rw-r--  1 scott users 2101204 Jan 23 20:07 016.000.jpg
-rw-rw-r--  1 scott users 2351769 Jan 23 20:07 016.001.jpg
-rw-rw-r--  1 scott users 1953211 Jan 23 20:07 016.002.jpg
-rw-rw-r--  1 scott users 2502154 Jan 23 20:07 016.003.jpg
-rw-rw-r--  1 scott users 1498020 Jan 23 20:08 018.000.jpg
-rw-rw-r--  1 scott users 1490787 Jan 23 20:08 018.001.jpg
-rw-rw-r--  1 scott users 1394102 Jan 23 20:08 018.002.jpg
-rw-rw-r--  1 scott users 1777296 Jan 23 20:08 018.003.jpg
-rw-rw-r--  1 scott users 3402849 Jan 23 20:07 024.000.jpg
-rw-rw-r--  1 scott users 3001394 Jan 23 20:07 024.001.jpg
-rw-rw-r--  1 scott users 3777807 Jan 23 20:07 024.002.jpg
-rw-rw-r--  1 scott users 1495232 Jan 23 20:09 024.003.000.jpg
-rw-rw-r--  1 scott users 2989546 Jan 23 20:09 036.000.jpg
-rw-rw-r--  1 scott users 3171784 Jan 23 20:09 036.001.jpg
-rw-rw-r--  1 scott users  912410 Jan 23 20:09 036.002.000.jpg
-rw-rw-r--  1 scott users 2472984 Jan 23 20:10 072.000.jpg
-rw-rw-r--  1 scott users    2050 Jan 23 20:10 aspects.out
-rw-rw-r--  1 scott users     929 Jan 23 20:10 error
-rw-rw-r--  1 scott users       0 Jan 23 20:10 files.out
-rw-rw-r--  1 scott users      28 Jan 23 19:53 meta.ini
drwxr-xr-x  3 scott users    4096 Nov 16 07:43 orig
drwxrwxr-x  2 scott users    4096 Jan 23 20:09 tmp
