total 87852
drwxr-xr-x 4 scott users    4096 Jan 22 17:00 .
drwxrwxr-x 8 scott users    4096 Jan 22 16:50 ..
-rw-rw-r-- 1 scott users 2226623 Jan 22 16:53 004.000.jpg
-rw-rw-r-- 1 scott users 3449694 Jan 22 16:53 004.001.jpg
-rw-rw-r-- 1 scott users 3538684 Jan 22 16:53 004.002.jpg
-rw-rw-r-- 1 scott users 2605906 Jan 22 16:53 004.003.jpg
-rw-rw-r-- 1 scott users 2686149 Jan 22 16:53 004.004.jpg
-rw-rw-r-- 1 scott users 2890439 Jan 22 16:53 004.005.jpg
-rw-rw-r-- 1 scott users 1503375 Jan 22 16:53 004.006.jpg
-rw-rw-r-- 1 scott users 2721781 Jan 22 16:53 004.007.jpg
-rw-rw-r-- 1 scott users 2844924 Jan 22 16:53 004.008.jpg
-rw-rw-r-- 1 scott users 4182076 Jan 22 16:53 006.000.jpg
-rw-rw-r-- 1 scott users 5042939 Jan 22 16:53 006.001.jpg
-rw-rw-r-- 1 scott users 3535975 Jan 22 16:53 006.002.jpg
-rw-rw-r-- 1 scott users 4659542 Jan 22 16:53 006.003.jpg
-rw-rw-r-- 1 scott users 2701099 Jan 22 16:53 006.004.jpg
-rw-rw-r-- 1 scott users 4386560 Jan 22 16:53 006.005.jpg
-rw-rw-r-- 1 scott users 6371942 Jan 22 16:53 009.000.jpg
-rw-rw-r-- 1 scott users 6398023 Jan 22 16:53 009.001.jpg
-rw-rw-r-- 1 scott users 5841863 Jan 22 16:53 009.002.jpg
-rw-rw-r-- 1 scott users 5925349 Jan 22 16:53 009.003.jpg
-rw-rw-r-- 1 scott users 2738166 Jan 22 16:59 012.000.jpg
-rw-rw-r-- 1 scott users 2481748 Jan 22 16:59 012.001.jpg
-rw-rw-r-- 1 scott users 2178332 Jan 22 16:59 012.002.jpg
-rw-rw-r-- 1 scott users 2289537 Jan 22 16:59 018.000.jpg
-rw-rw-r-- 1 scott users 2193379 Jan 22 16:59 018.001.jpg
-rw-rw-r-- 1 scott users 4482996 Jan 22 17:00 036.000.jpg
-rw-rw-r-- 1 scott users     769 Jan 22 17:00 aspects.out
-rw-rw-r-- 1 scott users     929 Jan 22 17:00 error
-rw-rw-r-- 1 scott users       0 Jan 22 17:00 files.out
-rw-rw-r-- 1 scott users      38 Nov 24 15:01 meta.ini
drwxr-xr-x 2 scott users    4096 Jan 22 16:43 orig
-rw-rw-r-- 1 scott users    3690 Dec 31 17:38 out
drwxrwxr-x 2 scott users    4096 Jan 22 16:59 tmp
