total 193476
drwxr-xr-x  4 scott users    4096 Jan 17 15:25 .
drwxrwxr-x 27 scott users    4096 Jan 16 21:35 ..
-rw-rw-r--  1 scott users 1750275 Jan 17 13:46 004.000.jpg
-rw-rw-r--  1 scott users 1879715 Jan 17 13:46 004.001.jpg
-rw-rw-r--  1 scott users 1721165 Jan 17 13:46 004.002.jpg
-rw-rw-r--  1 scott users 1981104 Jan 17 13:46 004.003.jpg
-rw-rw-r--  1 scott users 1481721 Jan 17 13:46 004.004.jpg
-rw-rw-r--  1 scott users 2543064 Jan 17 13:46 004.005.jpg
-rw-rw-r--  1 scott users 2147879 Jan 17 13:46 004.006.jpg
-rw-rw-r--  1 scott users 1812145 Jan 17 13:46 004.007.jpg
-rw-rw-r--  1 scott users 1755311 Jan 17 13:46 004.008.jpg
-rw-rw-r--  1 scott users 2553891 Jan 17 13:46 004.009.jpg
-rw-rw-r--  1 scott users 3084229 Jan 17 13:46 004.010.jpg
-rw-rw-r--  1 scott users 2189548 Jan 17 13:46 004.011.jpg
-rw-rw-r--  1 scott users 2425800 Jan 17 13:46 004.012.jpg
-rw-rw-r--  1 scott users 2127676 Jan 17 13:46 004.013.jpg
-rw-rw-r--  1 scott users 1952195 Jan 17 13:47 004.014.jpg
-rw-rw-r--  1 scott users 1683781 Jan 17 13:47 004.015.jpg
-rw-rw-r--  1 scott users 1229660 Jan 17 13:47 004.016.jpg
-rw-rw-r--  1 scott users 2248941 Jan 17 13:47 004.017.jpg
-rw-rw-r--  1 scott users 2778867 Jan 17 13:47 006.000.jpg
-rw-rw-r--  1 scott users 2571995 Jan 17 13:47 006.001.jpg
-rw-rw-r--  1 scott users 2713553 Jan 17 13:47 006.002.jpg
-rw-rw-r--  1 scott users 3315774 Jan 17 13:47 006.003.jpg
-rw-rw-r--  1 scott users 2835255 Jan 17 13:47 006.004.jpg
-rw-rw-r--  1 scott users 2885750 Jan 17 13:47 006.005.jpg
-rw-rw-r--  1 scott users 4327657 Jan 17 13:47 006.006.jpg
-rw-rw-r--  1 scott users 3508585 Jan 17 13:47 006.007.jpg
-rw-rw-r--  1 scott users 3591014 Jan 17 13:47 006.008.jpg
-rw-rw-r--  1 scott users 2912177 Jan 17 13:47 006.009.jpg
-rw-rw-r--  1 scott users 2016481 Jan 17 13:47 006.010.jpg
-rw-rw-r--  1 scott users 3156154 Jan 17 13:47 006.011.jpg
-rw-rw-r--  1 scott users 3632055 Jan 17 13:47 008.000.jpg
-rw-rw-r--  1 scott users 3703827 Jan 17 13:47 008.001.jpg
-rw-rw-r--  1 scott users 4059304 Jan 17 13:47 008.002.jpg
-rw-rw-r--  1 scott users 3963207 Jan 17 13:47 008.003.jpg
-rw-rw-r--  1 scott users 4335534 Jan 17 13:47 008.004.jpg
-rw-rw-r--  1 scott users 5278683 Jan 17 13:47 008.005.jpg
-rw-rw-r--  1 scott users 4556034 Jan 17 13:47 008.006.jpg
-rw-rw-r--  1 scott users 3642963 Jan 17 13:47 008.007.jpg
-rw-rw-r--  1 scott users 3496608 Jan 17 13:47 008.008.jpg
-rw-rw-r--  1 scott users 4210458 Jan 17 13:47 009.000.jpg
-rw-rw-r--  1 scott users 3853817 Jan 17 13:47 009.001.jpg
-rw-rw-r--  1 scott users 5164618 Jan 17 13:47 009.002.jpg
-rw-rw-r--  1 scott users 3877421 Jan 17 13:47 009.003.jpg
-rw-rw-r--  1 scott users 6152170 Jan 17 13:47 009.004.jpg
-rw-rw-r--  1 scott users 5286087 Jan 17 13:47 009.005.jpg
-rw-rw-r--  1 scott users 4045400 Jan 17 13:47 009.006.jpg
-rw-rw-r--  1 scott users 4052641 Jan 17 13:48 009.007.jpg
-rw-rw-r--  1 scott users 1764000 Jan 17 13:48 012.000.jpg
-rw-rw-r--  1 scott users 1805656 Jan 17 13:48 012.001.jpg
-rw-rw-r--  1 scott users 1730383 Jan 17 13:49 012.002.jpg
-rw-rw-r--  1 scott users 2446356 Jan 17 13:49 012.003.jpg
-rw-rw-r--  1 scott users 2022380 Jan 17 13:49 012.004.jpg
-rw-rw-r--  1 scott users 1658638 Jan 17 13:49 012.005.jpg
-rw-rw-r--  1 scott users 2390653 Jan 17 13:48 016.000.jpg
-rw-rw-r--  1 scott users 2390252 Jan 17 13:48 016.001.jpg
-rw-rw-r--  1 scott users 2966711 Jan 17 13:48 016.002.jpg
-rw-rw-r--  1 scott users 2594447 Jan 17 13:48 016.003.jpg
-rw-rw-r--  1 scott users 1534600 Jan 17 13:49 018.000.jpg
-rw-rw-r--  1 scott users 1583144 Jan 17 13:49 018.001.jpg
-rw-rw-r--  1 scott users 2094448 Jan 17 13:49 018.002.jpg
-rw-rw-r--  1 scott users 1509355 Jan 17 13:49 018.003.jpg
-rw-rw-r--  1 scott users 3573566 Jan 17 13:48 024.000.jpg
-rw-rw-r--  1 scott users 4177860 Jan 17 13:48 024.001.jpg
-rw-rw-r--  1 scott users 3682848 Jan 17 13:48 024.002.jpg
-rw-rw-r--  1 scott users 1452586 Jan 17 13:50 024.003.000.jpg
-rw-rw-r--  1 scott users 3117493 Jan 17 13:49 036.000.jpg
-rw-rw-r--  1 scott users 3604543 Jan 17 13:49 036.001.jpg
-rw-rw-r--  1 scott users  856430 Jan 17 13:49 036.002.000.jpg
-rw-rw-r--  1 scott users 2496322 Jan 17 15:25 072.000.jpg
-rw-rw-r--  1 scott users    2032 Jan 17 15:25 aspects.out
-rwxrwxr-x  1 scott users    5722 Jan 17 13:50 describe.txt
-rw-rw-r--  1 scott users     929 Jan 17 15:25 error
-rw-rw-r--  1 scott users       0 Jan 17 15:25 files.out
-rw-rw-r--  1 scott users      43 Nov 24 14:43 meta.ini
drwxr-xr-x  3 scott users    4096 Nov  6 14:14 orig
-rw-rw-r--  1 scott users      22 Nov 13 16:28 title
drwxrwxr-x  2 scott users    4096 Jan 17 15:25 tmp
