072.000.jpg 40956 320 127.987
036.000.jpg 34560 540 64
036.001.jpg 34560 540 64
024.000.jpg 30720 720 42.6667
024.001.jpg 30720 720 42.6667
024.002.jpg 30720 720 42.6667
016.000.jpg 20480 720 28.4444
016.001.jpg 20480 720 28.4444
016.002.jpg 20480 720 28.4444
016.003.jpg 20480 720 28.4444
009.000.jpg 17280 1080 16
009.001.jpg 17280 1080 16
009.002.jpg 17280 1080 16
009.003.jpg 17280 1080 16
009.004.jpg 17280 1080 16
009.005.jpg 17280 1080 16
009.006.jpg 17280 1080 16
009.007.jpg 17280 1080 16
018.000.jpg 17280 540 32
018.001.jpg 17280 540 32
018.002.jpg 17280 540 32
018.003.jpg 17280 540 32
008.000.jpg 15360 1080 14.2222
008.001.jpg 15360 1080 14.2222
008.002.jpg 15360 1080 14.2222
008.003.jpg 15360 1080 14.2222
008.004.jpg 15360 1080 14.2222
008.005.jpg 15360 1080 14.2222
008.006.jpg 15360 1080 14.2222
008.007.jpg 15360 1080 14.2222
008.008.jpg 15360 1080 14.2222
012.000.jpg 15360 720 21.3333
012.001.jpg 15360 720 21.3333
012.002.jpg 15360 720 21.3333
012.003.jpg 15360 720 21.3333
012.004.jpg 15360 720 21.3333
012.005.jpg 15360 720 21.3333
006.000.jpg 11520 1080 10.6667
006.001.jpg 11520 1080 10.6667
006.002.jpg 11520 1080 10.6667
006.003.jpg 11520 1080 10.6667
006.004.jpg 11520 1080 10.6667
006.005.jpg 11520 1080 10.6667
006.006.jpg 11520 1080 10.6667
006.007.jpg 11520 1080 10.6667
006.008.jpg 11520 1080 10.6667
006.009.jpg 11520 1080 10.6667
006.010.jpg 11520 1080 10.6667
006.011.jpg 11520 1080 10.6667
036.002.000.jpg 11520 360 32
024.003.000.jpg 10239 720 14.2208
004.000.jpg 7680 1080 7.11111
004.001.jpg 7680 1080 7.11111
004.002.jpg 7680 1080 7.11111
004.003.jpg 7680 1080 7.11111
004.004.jpg 7680 1080 7.11111
004.005.jpg 7680 1080 7.11111
004.006.jpg 7680 1080 7.11111
004.007.jpg 7680 1080 7.11111
004.008.jpg 7680 1080 7.11111
004.009.jpg 7680 1080 7.11111
004.010.jpg 7680 1080 7.11111
004.011.jpg 7680 1080 7.11111
004.012.jpg 7680 1080 7.11111
004.013.jpg 7680 1080 7.11111
004.014.jpg 7680 1080 7.11111
004.015.jpg 7680 1080 7.11111
004.016.jpg 7680 1080 7.11111
004.017.jpg 7680 1080 7.11111
