total 201232
drwxr-xr-x 4 scott users    4096 Jan 17 00:31 .
drwxrwxr-x 8 scott users    4096 Jan 16 17:29 ..
-rw-rw-r-- 1 scott users 1960050 Jan 15 20:47 004.000.jpg
-rw-rw-r-- 1 scott users 1402794 Jan 15 20:47 004.001.jpg
-rw-rw-r-- 1 scott users 2028300 Jan 15 20:47 004.002.jpg
-rw-rw-r-- 1 scott users 2558484 Jan 15 20:47 004.003.jpg
-rw-rw-r-- 1 scott users 2935288 Jan 15 20:47 004.004.jpg
-rw-rw-r-- 1 scott users 2810889 Jan 15 20:47 004.005.jpg
-rw-rw-r-- 1 scott users 2534418 Jan 15 20:47 004.006.jpg
-rw-rw-r-- 1 scott users 2481159 Jan 15 20:47 004.007.jpg
-rw-rw-r-- 1 scott users 3042381 Jan 15 20:47 004.008.jpg
-rw-rw-r-- 1 scott users 2264187 Jan 15 20:47 004.009.jpg
-rw-rw-r-- 1 scott users 2788608 Jan 15 20:47 004.010.jpg
-rw-rw-r-- 1 scott users 1189851 Jan 15 20:47 004.011.jpg
-rw-rw-r-- 1 scott users 1425886 Jan 15 20:47 004.012.jpg
-rw-rw-r-- 1 scott users 1898112 Jan 15 20:47 004.013.jpg
-rw-rw-r-- 1 scott users 1894105 Jan 15 20:47 004.014.jpg
-rw-rw-r-- 1 scott users 1800927 Jan 15 20:47 004.015.jpg
-rw-rw-r-- 1 scott users 1651293 Jan 15 20:47 004.016.jpg
-rw-rw-r-- 1 scott users 2196844 Jan 15 20:47 004.017.jpg
-rw-rw-r-- 1 scott users 2584394 Jan 15 20:47 006.000.jpg
-rw-rw-r-- 1 scott users 2824836 Jan 15 20:47 006.001.jpg
-rw-rw-r-- 1 scott users 4289408 Jan 15 20:47 006.002.jpg
-rw-rw-r-- 1 scott users 4081883 Jan 15 20:47 006.003.jpg
-rw-rw-r-- 1 scott users 3802709 Jan 15 20:47 006.004.jpg
-rw-rw-r-- 1 scott users 4262275 Jan 15 20:47 006.005.jpg
-rw-rw-r-- 1 scott users 3853422 Jan 15 20:47 006.006.jpg
-rw-rw-r-- 1 scott users 2376081 Jan 15 20:48 006.007.jpg
-rw-rw-r-- 1 scott users 2483387 Jan 15 20:48 006.008.jpg
-rw-rw-r-- 1 scott users 2746649 Jan 15 20:48 006.009.jpg
-rw-rw-r-- 1 scott users 2590590 Jan 15 20:48 006.010.jpg
-rw-rw-r-- 1 scott users 3058182 Jan 15 20:48 006.011.jpg
-rw-rw-r-- 1 scott users 3366352 Jan 15 20:48 008.000.jpg
-rw-rw-r-- 1 scott users 4610257 Jan 15 20:48 008.001.jpg
-rw-rw-r-- 1 scott users 5759946 Jan 15 20:48 008.002.jpg
-rw-rw-r-- 1 scott users 5020754 Jan 15 20:48 008.003.jpg
-rw-rw-r-- 1 scott users 5317274 Jan 15 20:48 008.004.jpg
-rw-rw-r-- 1 scott users 4019693 Jan 15 20:48 008.005.jpg
-rw-rw-r-- 1 scott users 3326505 Jan 15 20:48 008.006.jpg
-rw-rw-r-- 1 scott users 3701411 Jan 15 20:48 008.007.jpg
-rw-rw-r-- 1 scott users 3851489 Jan 15 20:48 008.008.jpg
-rw-rw-r-- 1 scott users 3858093 Jan 15 20:48 009.000.jpg
-rw-rw-r-- 1 scott users 5868262 Jan 15 20:48 009.001.jpg
-rw-rw-r-- 1 scott users 6029407 Jan 15 20:48 009.002.jpg
-rw-rw-r-- 1 scott users 6122270 Jan 15 20:48 009.003.jpg
-rw-rw-r-- 1 scott users 5461331 Jan 15 20:48 009.004.jpg
-rw-rw-r-- 1 scott users 3271687 Jan 15 20:48 009.005.jpg
-rw-rw-r-- 1 scott users 4353289 Jan 15 20:48 009.006.jpg
-rw-rw-r-- 1 scott users 4044584 Jan 15 20:48 009.007.jpg
-rw-rw-r-- 1 scott users 1677399 Jan 15 23:29 012.000.jpg
-rw-rw-r-- 1 scott users 2179022 Jan 15 23:29 012.001.jpg
-rw-rw-r-- 1 scott users 2019216 Jan 15 23:29 012.002.jpg
-rw-rw-r-- 1 scott users 1632202 Jan 15 23:29 012.003.jpg
-rw-rw-r-- 1 scott users 1620914 Jan 15 23:29 012.004.jpg
-rw-rw-r-- 1 scott users 1769761 Jan 15 23:29 012.005.jpg
-rw-rw-r-- 1 scott users 2408943 Jan 15 23:28 016.000.jpg
-rw-rw-r-- 1 scott users 2720503 Jan 15 23:28 016.001.jpg
-rw-rw-r-- 1 scott users 2380510 Jan 15 23:28 016.002.jpg
-rw-rw-r-- 1 scott users 2190494 Jan 15 23:28 016.003.jpg
-rw-rw-r-- 1 scott users 1696373 Jan 15 23:29 018.000.jpg
-rw-rw-r-- 1 scott users 1874542 Jan 15 23:29 018.001.jpg
-rw-rw-r-- 1 scott users 1479847 Jan 15 23:29 018.002.jpg
-rw-rw-r-- 1 scott users 1600131 Jan 15 23:29 018.003.jpg
-rw-rw-r-- 1 scott users 3858937 Jan 15 23:28 024.000.jpg
-rw-rw-r-- 1 scott users 3652035 Jan 15 23:28 024.001.jpg
-rw-rw-r-- 1 scott users 3391157 Jan 15 23:28 024.002.jpg
-rw-rw-r-- 1 scott users 1616848 Jan 15 23:30 024.003.000.jpg
-rw-rw-r-- 1 scott users 3570044 Jan 15 23:30 036.000.jpg
-rw-rw-r-- 1 scott users 3080641 Jan 15 23:30 036.001.jpg
-rw-rw-r-- 1 scott users  978181 Jan 15 23:30 036.002.000.jpg
-rw-rw-r-- 1 scott users 2680658 Jan 17 00:31 072.000.jpg
-rw-rw-r-- 1 scott users    1976 Jan 15 20:57 aspect.out
-rw-rw-r-- 1 scott users    2032 Jan 17 00:31 aspects.out
-rwxrwxr-x 1 scott users    5576 Jan 16 17:32 describe.txt
-rw-rw-r-- 1 scott users     929 Jan 17 00:31 error
-rw-rw-r-- 1 scott users       0 Jan 17 00:31 files.out
-rw-rw-r-- 1 scott users      28 Jan 16 16:56 meta.ini
drwxr-xr-x 2 scott users    4096 Jan 15 20:45 orig
-rw-rw-r-- 1 scott users    1737 Oct 28 18:05 out
drwxrwxr-x 2 scott users    4096 Jan 17 00:31 tmp
