total 100428
drwx--x--x 4 scott users    4096 Jan 19 20:46 .
drwxrwx--x 9 scott users    4096 Jan 19 20:29 ..
-rw-rw-r-- 1 scott users 2396970 Jan 19 20:44 003.000.jpg
-rw-rw-r-- 1 scott users 3173857 Jan 19 20:44 003.001.jpg
-rw-rw-r-- 1 scott users 3055845 Jan 19 20:44 003.002.jpg
-rw-rw-r-- 1 scott users 2845226 Jan 19 20:44 003.003.jpg
-rw-rw-r-- 1 scott users 2397652 Jan 19 20:44 003.004.jpg
-rw-rw-r-- 1 scott users 2431766 Jan 19 20:44 003.005.jpg
-rw-rw-r-- 1 scott users 3372303 Jan 19 20:44 003.006.jpg
-rw-rw-r-- 1 scott users 2851399 Jan 19 20:44 003.007.jpg
-rw-rw-r-- 1 scott users 3249484 Jan 19 20:44 004.000.jpg
-rw-rw-r-- 1 scott users 4266695 Jan 19 20:44 004.001.jpg
-rw-rw-r-- 1 scott users 3955173 Jan 19 20:44 004.002.jpg
-rw-rw-r-- 1 scott users 3100150 Jan 19 20:44 004.003.jpg
-rw-rw-r-- 1 scott users 3939583 Jan 19 20:44 004.004.jpg
-rw-rw-r-- 1 scott users 4019508 Jan 19 20:44 004.005.jpg
-rw-rw-r-- 1 scott users 5572008 Jan 19 20:44 006.000.jpg
-rw-rw-r-- 1 scott users 5906101 Jan 19 20:44 006.001.jpg
-rw-rw-r-- 1 scott users 4832094 Jan 19 20:44 006.002.jpg
-rw-rw-r-- 1 scott users 6238500 Jan 19 20:44 006.003.jpg
-rw-rw-r-- 1 scott users 7519703 Jan 19 20:45 008.000.jpg
-rw-rw-r-- 1 scott users 7060731 Jan 19 20:45 008.001.jpg
-rw-rw-r-- 1 scott users 7966868 Jan 19 20:45 008.002.jpg
-rw-rw-r-- 1 scott users 1422993 Jan 19 20:46 012.000.jpg
-rw-rw-r-- 1 scott users 1350467 Jan 19 20:46 012.001.jpg
-rw-rw-r-- 1 scott users 7057920 Jan 19 20:45 012.002.jpg
-rw-rw-r-- 1 scott users 2773625 Jan 19 20:46 024.000.jpg
-rw-rw-r-- 1 scott users     671 Jan 19 20:46 aspects.out
-rw-rw-r-- 1 scott users     929 Jan 19 20:46 error
-rw-rw-r-- 1 scott users       0 Jan 19 20:46 files.out
-rw-rw-r-- 1 scott users      38 Nov 27 16:04 meta.ini
drwxrwxr-x 2 scott users    4096 Jan 19 20:20 orig
drwxrwxr-x 2 scott users    4096 Jan 19 20:46 tmp
