072.000.jpg 25596 320 79.9875
036.000.jpg 21600 540 40
036.001.jpg 21600 540 40
024.000.jpg 19200 720 26.6667
024.001.jpg 19200 720 26.6667
024.002.jpg 19200 720 26.6667
016.000.jpg 12800 720 17.7778
016.001.jpg 12800 720 17.7778
016.002.jpg 12800 720 17.7778
016.003.jpg 12800 720 17.7778
009.000.jpg 10800 1080 10
009.001.jpg 10800 1080 10
009.002.jpg 10800 1080 10
009.003.jpg 10800 1080 10
009.004.jpg 10800 1080 10
009.005.jpg 10800 1080 10
009.006.jpg 10800 1080 10
009.007.jpg 10800 1080 10
018.000.jpg 10800 540 20
018.001.jpg 10800 540 20
018.002.jpg 10800 540 20
018.003.jpg 10800 540 20
008.000.jpg 9600 1080 8.88889
008.001.jpg 9600 1080 8.88889
008.002.jpg 9600 1080 8.88889
008.003.jpg 9600 1080 8.88889
008.004.jpg 9600 1080 8.88889
008.005.jpg 9600 1080 8.88889
008.006.jpg 9600 1080 8.88889
008.007.jpg 9600 1080 8.88889
008.008.jpg 9600 1080 8.88889
012.000.jpg 9600 720 13.3333
012.001.jpg 9600 720 13.3333
012.002.jpg 9600 720 13.3333
012.003.jpg 9600 720 13.3333
012.004.jpg 9600 720 13.3333
012.005.jpg 9600 720 13.3333
006.000.jpg 7200 1080 6.66667
006.001.jpg 7200 1080 6.66667
006.002.jpg 7200 1080 6.66667
006.003.jpg 7200 1080 6.66667
006.004.jpg 7200 1080 6.66667
006.005.jpg 7200 1080 6.66667
006.006.jpg 7200 1080 6.66667
006.007.jpg 7200 1080 6.66667
006.008.jpg 7200 1080 6.66667
006.009.jpg 7200 1080 6.66667
006.010.jpg 7200 1080 6.66667
006.011.jpg 7200 1080 6.66667
036.002.000.jpg 7200 360 20
024.003.000.jpg 6399 720 8.8875
004.000.jpg 4800 1080 4.44444
004.001.jpg 4800 1080 4.44444
004.002.jpg 4800 1080 4.44444
004.003.jpg 4800 1080 4.44444
004.004.jpg 4800 1080 4.44444
004.005.jpg 4800 1080 4.44444
004.006.jpg 4800 1080 4.44444
004.007.jpg 4800 1080 4.44444
004.008.jpg 4800 1080 4.44444
004.009.jpg 4800 1080 4.44444
004.010.jpg 4800 1080 4.44444
004.011.jpg 4800 1080 4.44444
004.012.jpg 4800 1080 4.44444
004.013.jpg 4800 1080 4.44444
004.014.jpg 4800 1080 4.44444
004.015.jpg 4800 1080 4.44444
004.016.jpg 4800 1080 4.44444
004.017.jpg 4800 1080 4.44444
