total 176680
drwxr-xr-x 4 scott users    4096 Jan 17 00:25 .
drwxrwxr-x 9 scott users    4096 Jan 16 21:58 ..
-rw-rw-r-- 1 scott users 1809382 Jan 16 22:39 004.000.jpg
-rw-rw-r-- 1 scott users 1664187 Jan 16 22:39 004.001.jpg
-rw-rw-r-- 1 scott users 1497260 Jan 16 22:39 004.002.jpg
-rw-rw-r-- 1 scott users 1688441 Jan 16 22:39 004.003.jpg
-rw-rw-r-- 1 scott users 1958302 Jan 16 22:39 004.004.jpg
-rw-rw-r-- 1 scott users 2067039 Jan 16 22:39 004.005.jpg
-rw-rw-r-- 1 scott users 2360579 Jan 16 22:39 004.006.jpg
-rw-rw-r-- 1 scott users 1908401 Jan 16 22:39 004.007.jpg
-rw-rw-r-- 1 scott users 2263302 Jan 16 22:39 004.008.jpg
-rw-rw-r-- 1 scott users 1992744 Jan 16 22:39 004.009.jpg
-rw-rw-r-- 1 scott users 1909554 Jan 16 22:39 004.010.jpg
-rw-rw-r-- 1 scott users 1597384 Jan 16 22:39 004.011.jpg
-rw-rw-r-- 1 scott users 1520555 Jan 16 22:39 004.012.jpg
-rw-rw-r-- 1 scott users 1927668 Jan 16 22:39 004.013.jpg
-rw-rw-r-- 1 scott users 2232669 Jan 16 22:39 004.014.jpg
-rw-rw-r-- 1 scott users 2368842 Jan 16 22:39 004.015.jpg
-rw-rw-r-- 1 scott users 1961496 Jan 16 22:39 004.016.jpg
-rw-rw-r-- 1 scott users 2305876 Jan 16 22:39 004.017.jpg
-rw-rw-r-- 1 scott users 2714496 Jan 16 22:39 006.000.jpg
-rw-rw-r-- 1 scott users 2256709 Jan 16 22:39 006.001.jpg
-rw-rw-r-- 1 scott users 2882209 Jan 16 22:39 006.002.jpg
-rw-rw-r-- 1 scott users 2834221 Jan 16 22:39 006.003.jpg
-rw-rw-r-- 1 scott users 3384344 Jan 16 22:39 006.004.jpg
-rw-rw-r-- 1 scott users 3157137 Jan 16 22:39 006.005.jpg
-rw-rw-r-- 1 scott users 2970366 Jan 16 22:39 006.006.jpg
-rw-rw-r-- 1 scott users 2534579 Jan 16 22:39 006.007.jpg
-rw-rw-r-- 1 scott users 2543347 Jan 16 22:39 006.008.jpg
-rw-rw-r-- 1 scott users 3142353 Jan 16 22:39 006.009.jpg
-rw-rw-r-- 1 scott users 3393735 Jan 16 22:39 006.010.jpg
-rw-rw-r-- 1 scott users 3260710 Jan 16 22:39 006.011.jpg
-rw-rw-r-- 1 scott users 3476129 Jan 16 22:39 008.000.jpg
-rw-rw-r-- 1 scott users 3188578 Jan 16 22:39 008.001.jpg
-rw-rw-r-- 1 scott users 4026660 Jan 16 22:39 008.002.jpg
-rw-rw-r-- 1 scott users 4271969 Jan 16 22:39 008.003.jpg
-rw-rw-r-- 1 scott users 4290485 Jan 16 22:39 008.004.jpg
-rw-rw-r-- 1 scott users 3509359 Jan 16 22:39 008.005.jpg
-rw-rw-r-- 1 scott users 3453125 Jan 16 22:40 008.006.jpg
-rw-rw-r-- 1 scott users 4608989 Jan 16 22:40 008.007.jpg
-rw-rw-r-- 1 scott users 4274177 Jan 16 22:40 008.008.jpg
-rw-rw-r-- 1 scott users 3767535 Jan 16 22:40 009.000.jpg
-rw-rw-r-- 1 scott users 4090816 Jan 16 22:40 009.001.jpg
-rw-rw-r-- 1 scott users 4560035 Jan 16 22:40 009.002.jpg
-rw-rw-r-- 1 scott users 4824310 Jan 16 22:40 009.003.jpg
-rw-rw-r-- 1 scott users 4436830 Jan 16 22:40 009.004.jpg
-rw-rw-r-- 1 scott users 3611655 Jan 16 22:40 009.005.jpg
-rw-rw-r-- 1 scott users 4781860 Jan 16 22:40 009.006.jpg
-rw-rw-r-- 1 scott users 5006432 Jan 16 22:40 009.007.jpg
-rw-rw-r-- 1 scott users 1419591 Jan 16 22:41 012.000.jpg
-rw-rw-r-- 1 scott users 1614853 Jan 16 22:41 012.001.jpg
-rw-rw-r-- 1 scott users 1683107 Jan 16 22:41 012.002.jpg
-rw-rw-r-- 1 scott users 1388569 Jan 16 22:41 012.003.jpg
-rw-rw-r-- 1 scott users 1439884 Jan 16 22:41 012.004.jpg
-rw-rw-r-- 1 scott users 1727639 Jan 16 22:41 012.005.jpg
-rw-rw-r-- 1 scott users 1909789 Jan 16 22:40 016.000.jpg
-rw-rw-r-- 1 scott users 2130998 Jan 16 22:40 016.001.jpg
-rw-rw-r-- 1 scott users 2086774 Jan 16 22:40 016.002.jpg
-rw-rw-r-- 1 scott users 2064777 Jan 16 22:40 016.003.jpg
-rw-rw-r-- 1 scott users 1348563 Jan 16 22:41 018.000.jpg
-rw-rw-r-- 1 scott users 1435186 Jan 16 22:41 018.001.jpg
-rw-rw-r-- 1 scott users 1052083 Jan 16 22:41 018.002.jpg
-rw-rw-r-- 1 scott users 1227556 Jan 16 22:41 018.003.jpg
-rw-rw-r-- 1 scott users 3034942 Jan 16 22:40 024.000.jpg
-rw-rw-r-- 1 scott users 3090142 Jan 16 22:40 024.001.jpg
-rw-rw-r-- 1 scott users 3168024 Jan 16 22:40 024.002.jpg
-rw-rw-r-- 1 scott users 1085560 Jan 16 22:41 024.003.000.jpg
-rw-rw-r-- 1 scott users 2784265 Jan 16 22:41 036.000.jpg
-rw-rw-r-- 1 scott users 2279446 Jan 16 22:41 036.001.jpg
-rw-rw-r-- 1 scott users  653878 Jan 16 22:41 036.002.000.jpg
-rw-rw-r-- 1 scott users 1831732 Jan 17 00:25 072.000.jpg
-rw-rw-r-- 1 scott users    2002 Jan 17 00:25 aspects.out
-rw-rw-r-- 1 scott users    5863 Jan 16 22:42 describe.txt
-rw-rw-r-- 1 scott users     929 Jan 17 00:25 error
-rw-rw-r-- 1 scott users       0 Jan 17 00:25 files.out
-rw-rw-r-- 1 scott users      41 Dec 12 19:27 meta.ini
drwxr-xr-x 2 scott users    4096 Jan 16 22:07 orig
drwxrwxr-x 2 scott users    4096 Jan 17 00:20 tmp
