total 165412
drwxr-xr-x 4 scott users    4096 Jan 17 00:40 .
drwxrwxr-x 9 scott users    4096 Jan 16 19:37 ..
-rw-rw-r-- 1 scott users 1620722 Jan 16 19:17 004.000.jpg
-rw-rw-r-- 1 scott users 1841558 Jan 16 19:17 004.001.jpg
-rw-rw-r-- 1 scott users 1315800 Jan 16 19:17 004.002.jpg
-rw-rw-r-- 1 scott users 1408618 Jan 16 19:17 004.003.jpg
-rw-rw-r-- 1 scott users 1472059 Jan 16 19:17 004.004.jpg
-rw-rw-r-- 1 scott users 1796757 Jan 16 19:17 004.005.jpg
-rw-rw-r-- 1 scott users 1529081 Jan 16 19:17 004.006.jpg
-rw-rw-r-- 1 scott users 1996145 Jan 16 19:17 004.007.jpg
-rw-rw-r-- 1 scott users 1458379 Jan 16 19:17 004.008.jpg
-rw-rw-r-- 1 scott users 2128162 Jan 16 19:17 004.009.jpg
-rw-rw-r-- 1 scott users 1647602 Jan 16 19:17 004.010.jpg
-rw-rw-r-- 1 scott users 1732454 Jan 16 19:17 004.011.jpg
-rw-rw-r-- 1 scott users 3035477 Jan 16 19:17 004.012.jpg
-rw-rw-r-- 1 scott users 1474441 Jan 16 19:18 004.013.jpg
-rw-rw-r-- 1 scott users 1448225 Jan 16 19:18 004.014.jpg
-rw-rw-r-- 1 scott users 1441593 Jan 16 19:18 004.015.jpg
-rw-rw-r-- 1 scott users 1767709 Jan 16 19:18 004.016.jpg
-rw-rw-r-- 1 scott users 2481607 Jan 16 19:18 004.017.jpg
-rw-rw-r-- 1 scott users 2641863 Jan 16 19:18 006.000.jpg
-rw-rw-r-- 1 scott users 2149214 Jan 16 19:18 006.001.jpg
-rw-rw-r-- 1 scott users 2180364 Jan 16 19:18 006.002.jpg
-rw-rw-r-- 1 scott users 2499365 Jan 16 19:18 006.003.jpg
-rw-rw-r-- 1 scott users 2252380 Jan 16 19:18 006.004.jpg
-rw-rw-r-- 1 scott users 2733678 Jan 16 19:18 006.005.jpg
-rw-rw-r-- 1 scott users 2822494 Jan 16 19:18 006.006.jpg
-rw-rw-r-- 1 scott users 2778420 Jan 16 19:18 006.007.jpg
-rw-rw-r-- 1 scott users 3627724 Jan 16 19:18 006.008.jpg
-rw-rw-r-- 1 scott users 2398143 Jan 16 19:18 006.009.jpg
-rw-rw-r-- 1 scott users 2095207 Jan 16 19:18 006.010.jpg
-rw-rw-r-- 1 scott users 3632924 Jan 16 19:18 006.011.jpg
-rw-rw-r-- 1 scott users 3474017 Jan 16 19:18 008.000.jpg
-rw-rw-r-- 1 scott users 2726170 Jan 16 19:18 008.001.jpg
-rw-rw-r-- 1 scott users 3270644 Jan 16 19:18 008.002.jpg
-rw-rw-r-- 1 scott users 3528656 Jan 16 19:18 008.003.jpg
-rw-rw-r-- 1 scott users 3672520 Jan 16 19:18 008.004.jpg
-rw-rw-r-- 1 scott users 3467325 Jan 16 19:18 008.005.jpg
-rw-rw-r-- 1 scott users 4638725 Jan 16 19:18 008.006.jpg
-rw-rw-r-- 1 scott users 2907630 Jan 16 19:18 008.007.jpg
-rw-rw-r-- 1 scott users 4301060 Jan 16 19:18 008.008.jpg
-rw-rw-r-- 1 scott users 3761759 Jan 16 19:18 009.000.jpg
-rw-rw-r-- 1 scott users 3214237 Jan 16 19:18 009.001.jpg
-rw-rw-r-- 1 scott users 3686237 Jan 16 19:18 009.002.jpg
-rw-rw-r-- 1 scott users 3799450 Jan 16 19:18 009.003.jpg
-rw-rw-r-- 1 scott users 4007078 Jan 16 19:19 009.004.jpg
-rw-rw-r-- 1 scott users 5181644 Jan 16 19:19 009.005.jpg
-rw-rw-r-- 1 scott users 3661969 Jan 16 19:19 009.006.jpg
-rw-rw-r-- 1 scott users 4508009 Jan 16 19:19 009.007.jpg
-rw-rw-r-- 1 scott users 1509857 Jan 16 19:20 012.000.jpg
-rw-rw-r-- 1 scott users 1578564 Jan 16 19:20 012.001.jpg
-rw-rw-r-- 1 scott users 1597819 Jan 16 19:20 012.002.jpg
-rw-rw-r-- 1 scott users 1431538 Jan 16 19:20 012.003.jpg
-rw-rw-r-- 1 scott users 1424332 Jan 16 19:20 012.004.jpg
-rw-rw-r-- 1 scott users 1499257 Jan 16 19:20 012.005.jpg
-rw-rw-r-- 1 scott users 1991160 Jan 16 19:19 016.000.jpg
-rw-rw-r-- 1 scott users 2214174 Jan 16 19:19 016.001.jpg
-rw-rw-r-- 1 scott users 1914378 Jan 16 19:19 016.002.jpg
-rw-rw-r-- 1 scott users 1793438 Jan 16 19:19 016.003.jpg
-rw-rw-r-- 1 scott users 1440278 Jan 16 19:20 018.000.jpg
-rw-rw-r-- 1 scott users 1531355 Jan 16 19:20 018.001.jpg
-rw-rw-r-- 1 scott users 1291679 Jan 16 19:20 018.002.jpg
-rw-rw-r-- 1 scott users 1372421 Jan 16 19:20 018.003.jpg
-rw-rw-r-- 1 scott users 3089271 Jan 16 19:19 024.000.jpg
-rw-rw-r-- 1 scott users 3032146 Jan 16 19:19 024.001.jpg
-rw-rw-r-- 1 scott users 2924834 Jan 16 19:19 024.002.jpg
-rw-rw-r-- 1 scott users 1453807 Jan 16 19:21 024.003.000.jpg
-rw-rw-r-- 1 scott users 2970543 Jan 16 19:20 036.000.jpg
-rw-rw-r-- 1 scott users 2664644 Jan 16 19:20 036.001.jpg
-rw-rw-r-- 1 scott users  899769 Jan 16 19:21 036.002.000.jpg
-rw-rw-r-- 1 scott users 2360564 Jan 17 00:40 072.000.jpg
-rw-rw-r-- 1 scott users    2032 Jan 17 00:40 aspects.out
-rwxrwxr-x 1 scott users    5720 Jan 16 19:21 describe.txt
-rw-rw-r-- 1 scott users     929 Jan 17 00:40 error
-rw-rw-r-- 1 scott users       0 Jan 17 00:40 files.out
-rw-rw-r-- 1 scott users      41 Nov 24 14:31 meta.ini
drwxr-xr-x 2 scott users    4096 Jan 16 19:17 orig
drwxrwxr-x 2 scott users    4096 Jan 17 00:39 tmp
