total 119904
drwxr-xr-x 4 scott users    4096 Jan 17 10:15 .
drwxrwxr-x 9 scott users    4096 Jan 17 09:54 ..
-rw-rw-r-- 1 scott users 1187525 Jan 17 10:12 004.000.jpg
-rw-rw-r-- 1 scott users 1088586 Jan 17 10:12 004.001.jpg
-rw-rw-r-- 1 scott users 1475211 Jan 17 10:12 004.002.jpg
-rw-rw-r-- 1 scott users 1171926 Jan 17 10:12 004.003.jpg
-rw-rw-r-- 1 scott users 1380045 Jan 17 10:12 004.004.jpg
-rw-rw-r-- 1 scott users 1244911 Jan 17 10:12 004.005.jpg
-rw-rw-r-- 1 scott users 1362892 Jan 17 10:12 004.006.jpg
-rw-rw-r-- 1 scott users 1070635 Jan 17 10:12 004.007.jpg
-rw-rw-r-- 1 scott users  967780 Jan 17 10:12 004.008.jpg
-rw-rw-r-- 1 scott users 1600145 Jan 17 10:12 004.009.jpg
-rw-rw-r-- 1 scott users 1261083 Jan 17 10:12 004.010.jpg
-rw-rw-r-- 1 scott users 1361828 Jan 17 10:12 004.011.jpg
-rw-rw-r-- 1 scott users 1178509 Jan 17 10:12 004.012.jpg
-rw-rw-r-- 1 scott users 1607470 Jan 17 10:12 004.013.jpg
-rw-rw-r-- 1 scott users 1346654 Jan 17 10:12 004.014.jpg
-rw-rw-r-- 1 scott users 1134358 Jan 17 10:12 004.015.jpg
-rw-rw-r-- 1 scott users  943967 Jan 17 10:12 004.016.jpg
-rw-rw-r-- 1 scott users 1102668 Jan 17 10:12 004.017.jpg
-rw-rw-r-- 1 scott users 1675262 Jan 17 10:12 006.000.jpg
-rw-rw-r-- 1 scott users 2082157 Jan 17 10:12 006.001.jpg
-rw-rw-r-- 1 scott users 1745446 Jan 17 10:12 006.002.jpg
-rw-rw-r-- 1 scott users 2056249 Jan 17 10:13 006.003.jpg
-rw-rw-r-- 1 scott users 1968658 Jan 17 10:13 006.004.jpg
-rw-rw-r-- 1 scott users 1435559 Jan 17 10:13 006.005.jpg
-rw-rw-r-- 1 scott users 2085425 Jan 17 10:13 006.006.jpg
-rw-rw-r-- 1 scott users 2161602 Jan 17 10:13 006.007.jpg
-rw-rw-r-- 1 scott users 2110755 Jan 17 10:13 006.008.jpg
-rw-rw-r-- 1 scott users 2032522 Jan 17 10:13 006.009.jpg
-rw-rw-r-- 1 scott users 1587533 Jan 17 10:13 006.010.jpg
-rw-rw-r-- 1 scott users 1599666 Jan 17 10:13 006.011.jpg
-rw-rw-r-- 1 scott users 2279750 Jan 17 10:13 008.000.jpg
-rw-rw-r-- 1 scott users 2655248 Jan 17 10:13 008.001.jpg
-rw-rw-r-- 1 scott users 2629003 Jan 17 10:13 008.002.jpg
-rw-rw-r-- 1 scott users 2436573 Jan 17 10:13 008.003.jpg
-rw-rw-r-- 1 scott users 2591020 Jan 17 10:13 008.004.jpg
-rw-rw-r-- 1 scott users 2636927 Jan 17 10:13 008.005.jpg
-rw-rw-r-- 1 scott users 2794894 Jan 17 10:13 008.006.jpg
-rw-rw-r-- 1 scott users 2482770 Jan 17 10:13 008.007.jpg
-rw-rw-r-- 1 scott users 2045932 Jan 17 10:13 008.008.jpg
-rw-rw-r-- 1 scott users 2798642 Jan 17 10:13 009.000.jpg
-rw-rw-r-- 1 scott users 2714149 Jan 17 10:13 009.001.jpg
-rw-rw-r-- 1 scott users 3037664 Jan 17 10:13 009.002.jpg
-rw-rw-r-- 1 scott users 2431299 Jan 17 10:13 009.003.jpg
-rw-rw-r-- 1 scott users 3201621 Jan 17 10:13 009.004.jpg
-rw-rw-r-- 1 scott users 3171967 Jan 17 10:13 009.005.jpg
-rw-rw-r-- 1 scott users 2892478 Jan 17 10:13 009.006.jpg
-rw-rw-r-- 1 scott users 2333139 Jan 17 10:13 009.007.jpg
-rw-rw-r-- 1 scott users 1120601 Jan 17 10:14 012.000.jpg
-rw-rw-r-- 1 scott users 1185452 Jan 17 10:14 012.001.jpg
-rw-rw-r-- 1 scott users 1063946 Jan 17 10:14 012.002.jpg
-rw-rw-r-- 1 scott users 1362949 Jan 17 10:14 012.003.jpg
-rw-rw-r-- 1 scott users 1299524 Jan 17 10:14 012.004.jpg
-rw-rw-r-- 1 scott users 1024837 Jan 17 10:14 012.005.jpg
-rw-rw-r-- 1 scott users 1493210 Jan 17 10:14 016.000.jpg
-rw-rw-r-- 1 scott users 1568045 Jan 17 10:14 016.001.jpg
-rw-rw-r-- 1 scott users 1672244 Jan 17 10:14 016.002.jpg
-rw-rw-r-- 1 scott users 1655479 Jan 17 10:14 016.003.jpg
-rw-rw-r-- 1 scott users  983288 Jan 17 10:15 018.000.jpg
-rw-rw-r-- 1 scott users 1030973 Jan 17 10:15 018.001.jpg
-rw-rw-r-- 1 scott users 1236965 Jan 17 10:15 018.002.jpg
-rw-rw-r-- 1 scott users 1012469 Jan 17 10:15 018.003.jpg
-rw-rw-r-- 1 scott users 2307236 Jan 17 10:14 024.000.jpg
-rw-rw-r-- 1 scott users 2428574 Jan 17 10:14 024.001.jpg
-rw-rw-r-- 1 scott users 2325605 Jan 17 10:14 024.002.jpg
-rw-rw-r-- 1 scott users 1044612 Jan 17 10:15 024.003.000.jpg
-rw-rw-r-- 1 scott users 2014135 Jan 17 10:15 036.000.jpg
-rw-rw-r-- 1 scott users 2248858 Jan 17 10:15 036.001.jpg
-rw-rw-r-- 1 scott users  652288 Jan 17 10:15 036.002.000.jpg
-rw-rw-r-- 1 scott users 1719740 Jan 17 10:15 072.000.jpg
-rw-rw-r-- 1 scott users    1896 Jan 17 10:15 aspects.out
-rw-rw-r-- 1 scott users     929 Jan 17 10:15 error
-rw-rw-r-- 1 scott users       0 Jan 17 10:15 files.out
-rw-rw-r-- 1 scott users      32 Nov 24 10:32 meta.ini
drwxr-xr-x 2 scott users    4096 Jan 17 09:57 orig
-rw-rw-r-- 1 scott users      22 Nov 13 16:49 title
drwxrwxr-x 2 scott users    4096 Jan 17 10:15 tmp
