total 127348
drwxr-xr-x 4 scott users    4096 Jan 31 09:21 .
drwxrwxr-x 9 scott users    4096 Jan 27 00:42 ..
-rw-rw-r-- 1 scott users 1482937 Jan 31 09:20 004.000.jpg
-rw-rw-r-- 1 scott users 1900563 Jan 31 09:20 004.001.jpg
-rw-rw-r-- 1 scott users 1473702 Jan 31 09:20 004.002.jpg
-rw-rw-r-- 1 scott users 1571523 Jan 31 09:20 004.003.jpg
-rw-rw-r-- 1 scott users 1177572 Jan 31 09:20 004.004.jpg
-rw-rw-r-- 1 scott users 1378246 Jan 31 09:20 004.005.jpg
-rw-rw-r-- 1 scott users 1415796 Jan 31 09:20 004.006.jpg
-rw-rw-r-- 1 scott users 1328987 Jan 31 09:20 004.007.jpg
-rw-rw-r-- 1 scott users 1444685 Jan 31 09:20 004.008.jpg
-rw-rw-r-- 1 scott users 1101322 Jan 31 09:20 004.009.jpg
-rw-rw-r-- 1 scott users 1045267 Jan 31 09:20 004.010.jpg
-rw-rw-r-- 1 scott users 1507849 Jan 31 09:20 004.011.jpg
-rw-rw-r-- 1 scott users  910850 Jan 31 09:20 004.012.jpg
-rw-rw-r-- 1 scott users 1166020 Jan 31 09:20 004.013.jpg
-rw-rw-r-- 1 scott users 1292937 Jan 31 09:20 004.014.jpg
-rw-rw-r-- 1 scott users 1564641 Jan 31 09:20 004.015.jpg
-rw-rw-r-- 1 scott users  832337 Jan 31 09:20 004.016.jpg
-rw-rw-r-- 1 scott users 1004079 Jan 31 09:20 004.017.jpg
-rw-rw-r-- 1 scott users 2241347 Jan 31 09:20 006.000.jpg
-rw-rw-r-- 1 scott users 2621063 Jan 31 09:20 006.001.jpg
-rw-rw-r-- 1 scott users 2090207 Jan 31 09:20 006.002.jpg
-rw-rw-r-- 1 scott users 2045878 Jan 31 09:20 006.003.jpg
-rw-rw-r-- 1 scott users 2188162 Jan 31 09:20 006.004.jpg
-rw-rw-r-- 1 scott users 2018411 Jan 31 09:20 006.005.jpg
-rw-rw-r-- 1 scott users 1462796 Jan 31 09:20 006.006.jpg
-rw-rw-r-- 1 scott users 2188651 Jan 31 09:20 006.007.jpg
-rw-rw-r-- 1 scott users 1390602 Jan 31 09:20 006.008.jpg
-rw-rw-r-- 1 scott users 1981224 Jan 31 09:20 006.009.jpg
-rw-rw-r-- 1 scott users 1923610 Jan 31 09:20 006.010.jpg
-rw-rw-r-- 1 scott users 1492426 Jan 31 09:20 006.011.jpg
-rw-rw-r-- 1 scott users 3385700 Jan 31 09:20 008.000.jpg
-rw-rw-r-- 1 scott users 3052241 Jan 31 09:20 008.001.jpg
-rw-rw-r-- 1 scott users 2562565 Jan 31 09:20 008.002.jpg
-rw-rw-r-- 1 scott users 2754054 Jan 31 09:20 008.003.jpg
-rw-rw-r-- 1 scott users 2549892 Jan 31 09:20 008.004.jpg
-rw-rw-r-- 1 scott users 2560516 Jan 31 09:21 008.005.jpg
-rw-rw-r-- 1 scott users 2078619 Jan 31 09:21 008.006.jpg
-rw-rw-r-- 1 scott users 2861169 Jan 31 09:21 008.007.jpg
-rw-rw-r-- 1 scott users 1842125 Jan 31 09:21 008.008.jpg
-rw-rw-r-- 1 scott users 3614646 Jan 31 09:21 009.000.jpg
-rw-rw-r-- 1 scott users 3347690 Jan 31 09:21 009.001.jpg
-rw-rw-r-- 1 scott users 3129061 Jan 31 09:21 009.002.jpg
-rw-rw-r-- 1 scott users 3128754 Jan 31 09:21 009.003.jpg
-rw-rw-r-- 1 scott users 2284943 Jan 31 09:21 009.004.jpg
-rw-rw-r-- 1 scott users 2765620 Jan 31 09:21 009.005.jpg
-rw-rw-r-- 1 scott users 3358276 Jan 31 09:21 009.006.jpg
-rw-rw-r-- 1 scott users 2030139 Jan 31 09:21 009.007.jpg
-rw-rw-r-- 1 scott users 1419156 Jan 31 09:22 012.000.jpg
-rw-rw-r-- 1 scott users 1276235 Jan 31 09:22 012.001.jpg
-rw-rw-r-- 1 scott users 1278251 Jan 31 09:22 012.002.jpg
-rw-rw-r-- 1 scott users 1115042 Jan 31 09:22 012.003.jpg
-rw-rw-r-- 1 scott users 1038769 Jan 31 09:22 012.004.jpg
-rw-rw-r-- 1 scott users 1026640 Jan 31 09:22 012.005.jpg
-rw-rw-r-- 1 scott users 1902895 Jan 31 09:21 016.000.jpg
-rw-rw-r-- 1 scott users 1644017 Jan 31 09:21 016.001.jpg
-rw-rw-r-- 1 scott users 1541760 Jan 31 09:21 016.002.jpg
-rw-rw-r-- 1 scott users 1543991 Jan 31 09:21 016.003.jpg
-rw-rw-r-- 1 scott users 1279081 Jan 31 09:22 018.000.jpg
-rw-rw-r-- 1 scott users 1185894 Jan 31 09:22 018.001.jpg
-rw-rw-r-- 1 scott users  978358 Jan 31 09:22 018.002.jpg
-rw-rw-r-- 1 scott users 1034972 Jan 31 09:22 018.003.jpg
-rw-rw-r-- 1 scott users 2695229 Jan 31 09:21 024.000.jpg
-rw-rw-r-- 1 scott users 2393216 Jan 31 09:21 024.001.jpg
-rw-rw-r-- 1 scott users 2065306 Jan 31 09:21 024.002.jpg
-rw-rw-r-- 1 scott users 1125522 Jan 31 09:23 024.003.000.jpg
-rw-rw-r-- 1 scott users 2464412 Jan 31 09:22 036.000.jpg
-rw-rw-r-- 1 scott users 2013317 Jan 31 09:22 036.001.jpg
-rw-rw-r-- 1 scott users  695252 Jan 31 09:22 036.002.000.jpg
-rw-rw-r-- 1 scott users 1855553 Jan 31 09:23 072.000.jpg
-rw-rw-r-- 1 scott users  901317 Jan 31 09:20 240.240.gif
-rw-rw-r-- 1 scott users 1180264 Jan 31 09:20 420.240.gif
-rw-rw-r-- 1 scott users    2860 Jan 31 09:23 aspects.out
-rw-rw-r-- 1 scott users    5574 Jan 17 10:09 describe.txt
-rw-rw-r-- 1 scott users    5322 Jan 31 01:11 div.out
-rw-rw-r-- 1 scott users     744 Jan 31 09:23 error
-rw-rw-r-- 1 scott users       0 Jan 31 09:23 files.out
-rw-rw-r-- 1 scott users      40 Nov 24 10:31 meta.ini
drwxr-xr-x 2 scott users    4096 Jan 17 09:56 orig
-rw-rw-r-- 1 scott users      22 Nov 13 16:49 title
drwxrwxr-x 2 scott users    4096 Jan 31 09:23 tmp
