072.000.jpg 27312 320 85.35
036.000.jpg 23040 540 42.6667
036.001.jpg 23040 540 42.6667
024.000.jpg 20481 720 28.4458
024.001.jpg 20481 720 28.4458
024.002.jpg 20481 720 28.4458
016.000.jpg 13654 720 18.9639
016.001.jpg 13654 720 18.9639
016.002.jpg 13654 720 18.9639
016.003.jpg 13654 720 18.9639
009.000.jpg 11520 1080 10.6667
009.001.jpg 11520 1080 10.6667
009.002.jpg 11520 1080 10.6667
009.003.jpg 11520 1080 10.6667
009.004.jpg 11520 1080 10.6667
009.005.jpg 11520 1080 10.6667
009.006.jpg 11520 1080 10.6667
009.007.jpg 11520 1080 10.6667
018.000.jpg 11520 540 21.3333
018.001.jpg 11520 540 21.3333
018.002.jpg 11520 540 21.3333
018.003.jpg 11520 540 21.3333
008.000.jpg 10240 1080 9.48148
008.001.jpg 10240 1080 9.48148
008.002.jpg 10240 1080 9.48148
008.003.jpg 10240 1080 9.48148
008.004.jpg 10240 1080 9.48148
008.005.jpg 10240 1080 9.48148
008.006.jpg 10240 1080 9.48148
008.007.jpg 10240 1080 9.48148
008.008.jpg 10240 1080 9.48148
012.000.jpg 10240 720 14.2222
012.001.jpg 10240 720 14.2222
012.002.jpg 10240 720 14.2222
012.003.jpg 10240 720 14.2222
012.004.jpg 10240 720 14.2222
012.005.jpg 10240 720 14.2222
006.000.jpg 7680 1080 7.11111
006.001.jpg 7680 1080 7.11111
006.002.jpg 7680 1080 7.11111
006.003.jpg 7680 1080 7.11111
006.004.jpg 7680 1080 7.11111
006.005.jpg 7680 1080 7.11111
006.006.jpg 7680 1080 7.11111
006.007.jpg 7680 1080 7.11111
006.008.jpg 7680 1080 7.11111
006.009.jpg 7680 1080 7.11111
006.010.jpg 7680 1080 7.11111
006.011.jpg 7680 1080 7.11111
036.002.000.jpg 7680 360 21.3333
024.003.000.jpg 6828 720 9.48333
004.000.jpg 5120 1080 4.74074
004.001.jpg 5120 1080 4.74074
004.002.jpg 5120 1080 4.74074
004.003.jpg 5120 1080 4.74074
004.004.jpg 5120 1080 4.74074
004.005.jpg 5120 1080 4.74074
004.006.jpg 5120 1080 4.74074
004.007.jpg 5120 1080 4.74074
004.008.jpg 5120 1080 4.74074
004.009.jpg 5120 1080 4.74074
004.010.jpg 5120 1080 4.74074
004.011.jpg 5120 1080 4.74074
004.012.jpg 5120 1080 4.74074
004.013.jpg 5120 1080 4.74074
004.014.jpg 5120 1080 4.74074
004.015.jpg 5120 1080 4.74074
004.016.jpg 5120 1080 4.74074
004.017.jpg 5120 1080 4.74074
