total 173164
drwxr-xr-x 4 scott users    4096 Jan 17 00:26 .
drwxrwxr-x 9 scott users    4096 Jan 16 21:58 ..
-rw-rw-r-- 1 scott users 1984736 Jan 16 23:26 004.000.jpg
-rw-rw-r-- 1 scott users 1861971 Jan 16 23:26 004.001.jpg
-rw-rw-r-- 1 scott users 1652716 Jan 16 23:26 004.002.jpg
-rw-rw-r-- 1 scott users 2060202 Jan 16 23:26 004.003.jpg
-rw-rw-r-- 1 scott users 1836094 Jan 16 23:26 004.004.jpg
-rw-rw-r-- 1 scott users 1842244 Jan 16 23:26 004.005.jpg
-rw-rw-r-- 1 scott users 1853414 Jan 16 23:26 004.006.jpg
-rw-rw-r-- 1 scott users 2121482 Jan 16 23:26 004.007.jpg
-rw-rw-r-- 1 scott users 1988973 Jan 16 23:26 004.008.jpg
-rw-rw-r-- 1 scott users 1629046 Jan 16 23:26 004.009.jpg
-rw-rw-r-- 1 scott users 1641330 Jan 16 23:26 004.010.jpg
-rw-rw-r-- 1 scott users 1851897 Jan 16 23:26 004.011.jpg
-rw-rw-r-- 1 scott users 2115550 Jan 16 23:26 004.012.jpg
-rw-rw-r-- 1 scott users 1790340 Jan 16 23:26 004.013.jpg
-rw-rw-r-- 1 scott users 1815135 Jan 16 23:26 004.014.jpg
-rw-rw-r-- 1 scott users 1483113 Jan 16 23:26 004.015.jpg
-rw-rw-r-- 1 scott users 1466632 Jan 16 23:26 004.016.jpg
-rw-rw-r-- 1 scott users 1977488 Jan 16 23:26 004.017.jpg
-rw-rw-r-- 1 scott users 2775166 Jan 16 23:26 006.000.jpg
-rw-rw-r-- 1 scott users 2724953 Jan 16 23:26 006.001.jpg
-rw-rw-r-- 1 scott users 3051924 Jan 16 23:26 006.002.jpg
-rw-rw-r-- 1 scott users 2688537 Jan 16 23:26 006.003.jpg
-rw-rw-r-- 1 scott users 2920251 Jan 16 23:26 006.004.jpg
-rw-rw-r-- 1 scott users 3045673 Jan 16 23:26 006.005.jpg
-rw-rw-r-- 1 scott users 2494476 Jan 16 23:26 006.006.jpg
-rw-rw-r-- 1 scott users 2630801 Jan 16 23:27 006.007.jpg
-rw-rw-r-- 1 scott users 2994686 Jan 16 23:27 006.008.jpg
-rw-rw-r-- 1 scott users 2725609 Jan 16 23:27 006.009.jpg
-rw-rw-r-- 1 scott users 2136253 Jan 16 23:27 006.010.jpg
-rw-rw-r-- 1 scott users 2790267 Jan 16 23:27 006.011.jpg
-rw-rw-r-- 1 scott users 3847200 Jan 16 23:27 008.000.jpg
-rw-rw-r-- 1 scott users 3715196 Jan 16 23:27 008.001.jpg
-rw-rw-r-- 1 scott users 3678394 Jan 16 23:27 008.002.jpg
-rw-rw-r-- 1 scott users 3973131 Jan 16 23:27 008.003.jpg
-rw-rw-r-- 1 scott users 3620183 Jan 16 23:27 008.004.jpg
-rw-rw-r-- 1 scott users 3495802 Jan 16 23:27 008.005.jpg
-rw-rw-r-- 1 scott users 3904350 Jan 16 23:27 008.006.jpg
-rw-rw-r-- 1 scott users 3304200 Jan 16 23:27 008.007.jpg
-rw-rw-r-- 1 scott users 3445695 Jan 16 23:27 008.008.jpg
-rw-rw-r-- 1 scott users 4300175 Jan 16 23:27 009.000.jpg
-rw-rw-r-- 1 scott users 4253713 Jan 16 23:27 009.001.jpg
-rw-rw-r-- 1 scott users 4068649 Jan 16 23:27 009.002.jpg
-rw-rw-r-- 1 scott users 4584670 Jan 16 23:27 009.003.jpg
-rw-rw-r-- 1 scott users 3734617 Jan 16 23:27 009.004.jpg
-rw-rw-r-- 1 scott users 4384535 Jan 16 23:27 009.005.jpg
-rw-rw-r-- 1 scott users 3869220 Jan 16 23:27 009.006.jpg
-rw-rw-r-- 1 scott users 3788809 Jan 16 23:27 009.007.jpg
-rw-rw-r-- 1 scott users 1661851 Jan 16 23:28 012.000.jpg
-rw-rw-r-- 1 scott users 1777767 Jan 16 23:28 012.001.jpg
-rw-rw-r-- 1 scott users 1800200 Jan 16 23:28 012.002.jpg
-rw-rw-r-- 1 scott users 1528576 Jan 16 23:28 012.003.jpg
-rw-rw-r-- 1 scott users 1673805 Jan 16 23:28 012.004.jpg
-rw-rw-r-- 1 scott users 1505437 Jan 16 23:28 012.005.jpg
-rw-rw-r-- 1 scott users 2277462 Jan 16 23:28 016.000.jpg
-rw-rw-r-- 1 scott users 2391818 Jan 16 23:28 016.001.jpg
-rw-rw-r-- 1 scott users 2115624 Jan 16 23:28 016.002.jpg
-rw-rw-r-- 1 scott users 2119214 Jan 16 23:28 016.003.jpg
-rw-rw-r-- 1 scott users 1538778 Jan 16 23:28 018.000.jpg
-rw-rw-r-- 1 scott users 1622884 Jan 16 23:28 018.001.jpg
-rw-rw-r-- 1 scott users 1432667 Jan 16 23:28 018.002.jpg
-rw-rw-r-- 1 scott users 1361819 Jan 16 23:28 018.003.jpg
-rw-rw-r-- 1 scott users 3446115 Jan 16 23:28 024.000.jpg
-rw-rw-r-- 1 scott users 3336671 Jan 16 23:28 024.001.jpg
-rw-rw-r-- 1 scott users 3184795 Jan 16 23:28 024.002.jpg
-rw-rw-r-- 1 scott users 1362898 Jan 16 23:29 024.003.000.jpg
-rw-rw-r-- 1 scott users 3161289 Jan 16 23:29 036.000.jpg
-rw-rw-r-- 1 scott users 2794193 Jan 16 23:29 036.001.jpg
-rw-rw-r-- 1 scott users  824581 Jan 16 23:29 036.002.000.jpg
-rw-rw-r-- 1 scott users 2288497 Jan 17 00:26 072.000.jpg
-rw-rw-r-- 1 scott users    2091 Jan 17 00:26 aspects.out
-rw-rw-r-- 1 scott users    5863 Jan 16 23:29 describe.txt
-rw-rw-r-- 1 scott users     929 Jan 17 00:26 error
-rw-rw-r-- 1 scott users       0 Jan 17 00:26 files.out
-rw-rw-r-- 1 scott users      41 Dec 12 19:29 meta.ini
drwxr-xr-x 2 scott users    4096 Jan 16 23:17 orig
drwxrwxr-x 2 scott users    4096 Jan 17 00:26 tmp
