total 175812
drwxr-xr-x  4 scott users    4096 Jan 17 16:27 .
drwxrwxr-x 27 scott users    4096 Jan 16 21:35 ..
-rw-rw-r--  1 scott users 2094051 Jan 17 16:21 004.000.jpg
-rw-rw-r--  1 scott users 1634201 Jan 17 16:21 004.001.jpg
-rw-rw-r--  1 scott users 1739127 Jan 17 16:21 004.002.jpg
-rw-rw-r--  1 scott users 1231380 Jan 17 16:21 004.003.jpg
-rw-rw-r--  1 scott users 1796585 Jan 17 16:21 004.004.jpg
-rw-rw-r--  1 scott users 1563391 Jan 17 16:21 004.005.jpg
-rw-rw-r--  1 scott users 1475952 Jan 17 16:21 004.006.jpg
-rw-rw-r--  1 scott users 1997128 Jan 17 16:21 004.007.jpg
-rw-rw-r--  1 scott users 1867909 Jan 17 16:21 004.008.jpg
-rw-rw-r--  1 scott users 2455394 Jan 17 16:21 004.009.jpg
-rw-rw-r--  1 scott users 1999402 Jan 17 16:21 004.010.jpg
-rw-rw-r--  1 scott users 1747713 Jan 17 16:21 004.011.jpg
-rw-rw-r--  1 scott users 1130467 Jan 17 16:21 004.012.jpg
-rw-rw-r--  1 scott users 1322931 Jan 17 16:21 004.013.jpg
-rw-rw-r--  1 scott users 2973020 Jan 17 16:21 004.014.jpg
-rw-rw-r--  1 scott users 1420572 Jan 17 16:22 004.015.jpg
-rw-rw-r--  1 scott users 2286820 Jan 17 16:22 004.016.jpg
-rw-rw-r--  1 scott users 2359965 Jan 17 16:22 004.017.jpg
-rw-rw-r--  1 scott users 3062237 Jan 17 16:22 006.000.jpg
-rw-rw-r--  1 scott users 2417839 Jan 17 16:22 006.001.jpg
-rw-rw-r--  1 scott users 2014055 Jan 17 16:22 006.002.jpg
-rw-rw-r--  1 scott users 2575816 Jan 17 16:22 006.003.jpg
-rw-rw-r--  1 scott users 2501053 Jan 17 16:22 006.004.jpg
-rw-rw-r--  1 scott users 2844395 Jan 17 16:22 006.005.jpg
-rw-rw-r--  1 scott users 3393585 Jan 17 16:22 006.006.jpg
-rw-rw-r--  1 scott users 2824127 Jan 17 16:22 006.007.jpg
-rw-rw-r--  1 scott users 1647243 Jan 17 16:22 006.008.jpg
-rw-rw-r--  1 scott users 3785914 Jan 17 16:22 006.009.jpg
-rw-rw-r--  1 scott users 2550945 Jan 17 16:22 006.010.jpg
-rw-rw-r--  1 scott users 3524639 Jan 17 16:22 006.011.jpg
-rw-rw-r--  1 scott users 3737161 Jan 17 16:22 008.000.jpg
-rw-rw-r--  1 scott users 2970469 Jan 17 16:22 008.001.jpg
-rw-rw-r--  1 scott users 3362268 Jan 17 16:22 008.002.jpg
-rw-rw-r--  1 scott users 3480571 Jan 17 16:22 008.003.jpg
-rw-rw-r--  1 scott users 4325173 Jan 17 16:22 008.004.jpg
-rw-rw-r--  1 scott users 3758796 Jan 17 16:22 008.005.jpg
-rw-rw-r--  1 scott users 2454344 Jan 17 16:22 008.006.jpg
-rw-rw-r--  1 scott users 4438973 Jan 17 16:22 008.007.jpg
-rw-rw-r--  1 scott users 4647409 Jan 17 16:22 008.008.jpg
-rw-rw-r--  1 scott users 4033871 Jan 17 16:22 009.000.jpg
-rw-rw-r--  1 scott users 3463837 Jan 17 16:22 009.001.jpg
-rw-rw-r--  1 scott users 3852183 Jan 17 16:22 009.002.jpg
-rw-rw-r--  1 scott users 4077976 Jan 17 16:22 009.003.jpg
-rw-rw-r--  1 scott users 5023655 Jan 17 16:22 009.004.jpg
-rw-rw-r--  1 scott users 2848274 Jan 17 16:22 009.005.jpg
-rw-rw-r--  1 scott users 4844968 Jan 17 16:23 009.006.jpg
-rw-rw-r--  1 scott users 5054753 Jan 17 16:23 009.007.jpg
-rw-rw-r--  1 scott users 1736269 Jan 17 16:24 012.000.jpg
-rw-rw-r--  1 scott users 1444106 Jan 17 16:24 012.001.jpg
-rw-rw-r--  1 scott users 1695393 Jan 17 16:24 012.002.jpg
-rw-rw-r--  1 scott users 1948505 Jan 17 16:24 012.003.jpg
-rw-rw-r--  1 scott users 1718574 Jan 17 16:24 012.004.jpg
-rw-rw-r--  1 scott users 1920331 Jan 17 16:24 012.005.jpg
-rw-rw-r--  1 scott users 2134663 Jan 17 16:23 016.000.jpg
-rw-rw-r--  1 scott users 2152159 Jan 17 16:23 016.001.jpg
-rw-rw-r--  1 scott users 2538475 Jan 17 16:23 016.002.jpg
-rw-rw-r--  1 scott users 2166878 Jan 17 16:23 016.003.jpg
-rw-rw-r--  1 scott users 1455746 Jan 17 16:24 018.000.jpg
-rw-rw-r--  1 scott users 1495638 Jan 17 16:24 018.001.jpg
-rw-rw-r--  1 scott users 1471693 Jan 17 16:24 018.002.jpg
-rw-rw-r--  1 scott users 1862663 Jan 17 16:24 018.003.jpg
-rw-rw-r--  1 scott users 3180148 Jan 17 16:23 024.000.jpg
-rw-rw-r--  1 scott users 3644617 Jan 17 16:23 024.001.jpg
-rw-rw-r--  1 scott users 3639670 Jan 17 16:23 024.002.jpg
-rw-rw-r--  1 scott users 1447876 Jan 17 16:25 024.003.000.jpg
-rw-rw-r--  1 scott users 2952828 Jan 17 16:24 036.000.jpg
-rw-rw-r--  1 scott users 3334100 Jan 17 16:24 036.001.jpg
-rw-rw-r--  1 scott users  866081 Jan 17 16:25 036.002.000.jpg
-rw-rw-r--  1 scott users 2446459 Jan 17 16:27 072.000.jpg
-rw-rw-r--  1 scott users    2032 Jan 17 16:27 aspects.out
-rwxrwxr-x  1 scott users    5723 Jan 17 16:25 describe.txt
-rw-rw-r--  1 scott users     929 Jan 17 16:27 error
-rw-rw-r--  1 scott users       0 Jan 17 16:27 files.out
-rw-rw-r--  1 scott users      44 Nov 24 14:47 meta.ini
drwxr-xr-x  3 scott users    4096 Nov  6 14:42 orig
-rw-rw-r--  1 scott users      22 Nov 13 16:29 title
drwxrwxr-x  2 scott users    4096 Jan 17 16:27 tmp
