total 115540
drwxr-xr-x 4 scott users    4096 Jan 31 09:11 .
drwxrwxr-x 9 scott users    4096 Jan 27 00:42 ..
-rw-rw-r-- 1 scott users 1502521 Jan 31 09:10 004.000.jpg
-rw-rw-r-- 1 scott users 1478871 Jan 31 09:10 004.001.jpg
-rw-rw-r-- 1 scott users 1505320 Jan 31 09:10 004.002.jpg
-rw-rw-r-- 1 scott users 1650677 Jan 31 09:10 004.003.jpg
-rw-rw-r-- 1 scott users 1206359 Jan 31 09:10 004.004.jpg
-rw-rw-r-- 1 scott users 1177862 Jan 31 09:10 004.005.jpg
-rw-rw-r-- 1 scott users 1212603 Jan 31 09:10 004.006.jpg
-rw-rw-r-- 1 scott users 1030250 Jan 31 09:10 004.007.jpg
-rw-rw-r-- 1 scott users 1046587 Jan 31 09:10 004.008.jpg
-rw-rw-r-- 1 scott users  933395 Jan 31 09:10 004.009.jpg
-rw-rw-r-- 1 scott users 1041628 Jan 31 09:10 004.010.jpg
-rw-rw-r-- 1 scott users  985529 Jan 31 09:10 004.011.jpg
-rw-rw-r-- 1 scott users  972415 Jan 31 09:10 004.012.jpg
-rw-rw-r-- 1 scott users 1345224 Jan 31 09:10 004.013.jpg
-rw-rw-r-- 1 scott users 1353406 Jan 31 09:10 004.014.jpg
-rw-rw-r-- 1 scott users 1208914 Jan 31 09:10 004.015.jpg
-rw-rw-r-- 1 scott users 1208577 Jan 31 09:10 004.016.jpg
-rw-rw-r-- 1 scott users  990154 Jan 31 09:10 004.017.jpg
-rw-rw-r-- 1 scott users 2327063 Jan 31 09:10 006.000.jpg
-rw-rw-r-- 1 scott users 2159978 Jan 31 09:10 006.001.jpg
-rw-rw-r-- 1 scott users 2275378 Jan 31 09:10 006.002.jpg
-rw-rw-r-- 1 scott users 1761893 Jan 31 09:10 006.003.jpg
-rw-rw-r-- 1 scott users 1761242 Jan 31 09:10 006.004.jpg
-rw-rw-r-- 1 scott users 1531457 Jan 31 09:10 006.005.jpg
-rw-rw-r-- 1 scott users 1563582 Jan 31 09:10 006.006.jpg
-rw-rw-r-- 1 scott users 1398516 Jan 31 09:10 006.007.jpg
-rw-rw-r-- 1 scott users 1540682 Jan 31 09:10 006.008.jpg
-rw-rw-r-- 1 scott users 2134322 Jan 31 09:10 006.009.jpg
-rw-rw-r-- 1 scott users 1957939 Jan 31 09:10 006.010.jpg
-rw-rw-r-- 1 scott users 1446802 Jan 31 09:10 006.011.jpg
-rw-rw-r-- 1 scott users 2981363 Jan 31 09:10 008.000.jpg
-rw-rw-r-- 1 scott users 3157077 Jan 31 09:10 008.001.jpg
-rw-rw-r-- 1 scott users 2383988 Jan 31 09:10 008.002.jpg
-rw-rw-r-- 1 scott users 2249188 Jan 31 09:10 008.003.jpg
-rw-rw-r-- 1 scott users 1981879 Jan 31 09:10 008.004.jpg
-rw-rw-r-- 1 scott users 2026925 Jan 31 09:10 008.005.jpg
-rw-rw-r-- 1 scott users 2328274 Jan 31 09:10 008.006.jpg
-rw-rw-r-- 1 scott users 2563391 Jan 31 09:10 008.007.jpg
-rw-rw-r-- 1 scott users 2200645 Jan 31 09:10 008.008.jpg
-rw-rw-r-- 1 scott users 3468691 Jan 31 09:10 009.000.jpg
-rw-rw-r-- 1 scott users 3292802 Jan 31 09:11 009.001.jpg
-rw-rw-r-- 1 scott users 2795470 Jan 31 09:11 009.002.jpg
-rw-rw-r-- 1 scott users 2266819 Jan 31 09:11 009.003.jpg
-rw-rw-r-- 1 scott users 2316352 Jan 31 09:11 009.004.jpg
-rw-rw-r-- 1 scott users 2188477 Jan 31 09:11 009.005.jpg
-rw-rw-r-- 1 scott users 3024737 Jan 31 09:11 009.006.jpg
-rw-rw-r-- 1 scott users 2520749 Jan 31 09:11 009.007.jpg
-rw-rw-r-- 1 scott users 1311749 Jan 31 09:12 012.000.jpg
-rw-rw-r-- 1 scott users 1098331 Jan 31 09:12 012.001.jpg
-rw-rw-r-- 1 scott users  928891 Jan 31 09:12 012.002.jpg
-rw-rw-r-- 1 scott users  796896 Jan 31 09:12 012.003.jpg
-rw-rw-r-- 1 scott users 1015022 Jan 31 09:12 012.004.jpg
-rw-rw-r-- 1 scott users  925807 Jan 31 09:12 012.005.jpg
-rw-rw-r-- 1 scott users 1770630 Jan 31 09:11 016.000.jpg
-rw-rw-r-- 1 scott users 1284757 Jan 31 09:11 016.001.jpg
-rw-rw-r-- 1 scott users 1080373 Jan 31 09:11 016.002.jpg
-rw-rw-r-- 1 scott users 1343583 Jan 31 09:11 016.003.jpg
-rw-rw-r-- 1 scott users 1211821 Jan 31 09:12 018.000.jpg
-rw-rw-r-- 1 scott users  874430 Jan 31 09:12 018.001.jpg
-rw-rw-r-- 1 scott users  732482 Jan 31 09:12 018.002.jpg
-rw-rw-r-- 1 scott users  947154 Jan 31 09:12 018.003.jpg
-rw-rw-r-- 1 scott users 2414242 Jan 31 09:11 024.000.jpg
-rw-rw-r-- 1 scott users 1728810 Jan 31 09:11 024.001.jpg
-rw-rw-r-- 1 scott users 1939704 Jan 31 09:11 024.002.jpg
-rw-rw-r-- 1 scott users 1000634 Jan 31 09:13 024.003.000.jpg
-rw-rw-r-- 1 scott users 2087468 Jan 31 09:12 036.000.jpg
-rw-rw-r-- 1 scott users 1680936 Jan 31 09:12 036.001.jpg
-rw-rw-r-- 1 scott users  639207 Jan 31 09:12 036.002.000.jpg
-rw-rw-r-- 1 scott users 1606661 Jan 31 09:13 072.000.jpg
-rw-rw-r-- 1 scott users  959703 Jan 31 09:10 240.240.gif
-rw-rw-r-- 1 scott users 1276604 Jan 31 09:09 420.240.gif
-rw-rw-r-- 1 scott users    2860 Jan 31 09:13 aspects.out
-rw-rw-r-- 1 scott users    5573 Jan 17 10:01 describe.txt
-rw-rw-r-- 1 scott users    5321 Jan 31 01:11 div.out
-rw-rw-r-- 1 scott users     744 Jan 31 09:13 error
-rw-rw-r-- 1 scott users       0 Jan 31 09:13 files.out
-rw-rw-r-- 1 scott users      38 Nov 24 10:30 meta.ini
drwxr-xr-x 2 scott users    4096 Jan 17 09:55 orig
drwxrwxr-x 2 scott users    4096 Jan 31 09:13 tmp
