total 144748
drwxr-xr-x  4 scott users    4096 Jan 19 16:54 .
drwxrwxr-x 10 scott users    4096 Jan 19 16:11 ..
-rw-rw-r--  1 scott users 1818652 Jan 19 16:52 008.000.jpg
-rw-rw-r--  1 scott users 1713710 Jan 19 16:52 008.001.jpg
-rw-rw-r--  1 scott users 1624133 Jan 19 16:52 008.002.jpg
-rw-rw-r--  1 scott users 1818738 Jan 19 16:52 008.003.jpg
-rw-rw-r--  1 scott users 1827025 Jan 19 16:52 008.004.jpg
-rw-rw-r--  1 scott users 1721735 Jan 19 16:52 008.005.jpg
-rw-rw-r--  1 scott users 1823057 Jan 19 16:52 008.006.jpg
-rw-rw-r--  1 scott users 1906591 Jan 19 16:52 008.007.jpg
-rw-rw-r--  1 scott users 1622250 Jan 19 16:52 008.008.jpg
-rw-rw-r--  1 scott users 1772959 Jan 19 16:52 008.009.jpg
-rw-rw-r--  1 scott users 2109921 Jan 19 16:52 008.010.jpg
-rw-rw-r--  1 scott users 1605802 Jan 19 16:52 008.011.jpg
-rw-rw-r--  1 scott users 1707193 Jan 19 16:52 008.012.jpg
-rw-rw-r--  1 scott users 1725856 Jan 19 16:52 008.013.jpg
-rw-rw-r--  1 scott users 1868090 Jan 19 16:52 008.014.jpg
-rw-rw-r--  1 scott users 1774944 Jan 19 16:52 008.015.jpg
-rw-rw-r--  1 scott users 1616786 Jan 19 16:52 008.016.jpg
-rw-rw-r--  1 scott users 1615772 Jan 19 16:52 008.017.jpg
-rw-rw-r--  1 scott users 2096972 Jan 19 16:52 009.000.jpg
-rw-rw-r--  1 scott users 1849936 Jan 19 16:52 009.001.jpg
-rw-rw-r--  1 scott users 1902076 Jan 19 16:52 009.002.jpg
-rw-rw-r--  1 scott users 2109375 Jan 19 16:52 009.003.jpg
-rw-rw-r--  1 scott users 1912478 Jan 19 16:52 009.004.jpg
-rw-rw-r--  1 scott users 2039621 Jan 19 16:52 009.005.jpg
-rw-rw-r--  1 scott users 2022290 Jan 19 16:52 009.006.jpg
-rw-rw-r--  1 scott users 1938364 Jan 19 16:52 009.007.jpg
-rw-rw-r--  1 scott users 2006354 Jan 19 16:52 009.008.jpg
-rw-rw-r--  1 scott users 2266146 Jan 19 16:52 009.009.jpg
-rw-rw-r--  1 scott users 1842713 Jan 19 16:52 009.010.jpg
-rw-rw-r--  1 scott users 1957044 Jan 19 16:52 009.011.jpg
-rw-rw-r--  1 scott users 1956377 Jan 19 16:52 009.012.jpg
-rw-rw-r--  1 scott users 2044269 Jan 19 16:52 009.013.jpg
-rw-rw-r--  1 scott users 1893919 Jan 19 16:52 009.014.jpg
-rw-rw-r--  1 scott users 1833277 Jan 19 16:52 009.015.jpg
-rw-rw-r--  1 scott users 2751742 Jan 19 16:52 012.000.jpg
-rw-rw-r--  1 scott users 2403157 Jan 19 16:52 012.001.jpg
-rw-rw-r--  1 scott users 2805518 Jan 19 16:52 012.002.jpg
-rw-rw-r--  1 scott users 2561361 Jan 19 16:52 012.003.jpg
-rw-rw-r--  1 scott users 2724240 Jan 19 16:53 012.004.jpg
-rw-rw-r--  1 scott users 2627389 Jan 19 16:53 012.005.jpg
-rw-rw-r--  1 scott users 2869754 Jan 19 16:53 012.006.jpg
-rw-rw-r--  1 scott users 2617607 Jan 19 16:53 012.007.jpg
-rw-rw-r--  1 scott users 2584463 Jan 19 16:53 012.008.jpg
-rw-rw-r--  1 scott users 2721125 Jan 19 16:53 012.009.jpg
-rw-rw-r--  1 scott users 2545153 Jan 19 16:53 012.010.jpg
-rw-rw-r--  1 scott users 2462361 Jan 19 16:53 012.011.jpg
-rw-rw-r--  1 scott users 3950312 Jan 19 16:53 018.000.jpg
-rw-rw-r--  1 scott users 4014519 Jan 19 16:53 018.001.jpg
-rw-rw-r--  1 scott users 3952172 Jan 19 16:53 018.002.jpg
-rw-rw-r--  1 scott users 3960994 Jan 19 16:53 018.003.jpg
-rw-rw-r--  1 scott users 4271416 Jan 19 16:53 018.004.jpg
-rw-rw-r--  1 scott users 3802544 Jan 19 16:53 018.005.jpg
-rw-rw-r--  1 scott users 4001330 Jan 19 16:53 018.006.jpg
-rw-rw-r--  1 scott users 3728241 Jan 19 16:53 018.007.jpg
-rw-rw-r--  1 scott users 1573554 Jan 19 16:53 024.000.jpg
-rw-rw-r--  1 scott users 1616392 Jan 19 16:53 024.001.jpg
-rw-rw-r--  1 scott users 1627945 Jan 19 16:53 024.002.jpg
-rw-rw-r--  1 scott users 1653390 Jan 19 16:53 024.003.jpg
-rw-rw-r--  1 scott users 1611278 Jan 19 16:53 024.004.jpg
-rw-rw-r--  1 scott users 1548898 Jan 19 16:53 024.005.jpg
-rw-rw-r--  1 scott users 1459194 Jan 19 16:53 036.000.jpg
-rw-rw-r--  1 scott users 1467018 Jan 19 16:53 036.001.jpg
-rw-rw-r--  1 scott users 1477022 Jan 19 16:54 036.002.jpg
-rw-rw-r--  1 scott users 1446008 Jan 19 16:54 036.003.jpg
-rw-rw-r--  1 scott users 5865558 Jan 19 16:54 048.003.000.jpg
-rw-rw-r--  1 scott users    1963 Jan 19 16:54 aspects.out
-rw-rw-r--  1 scott users     929 Jan 19 16:54 error
-rw-rw-r--  1 scott users       0 Jan 19 16:54 files.out
-rw-rw-r--  1 scott users      47 Nov 15 15:17 meta.ini
drwxr-xr-x  2 scott users    4096 Jan 18 22:56 orig
drwxrwxr-x  2 scott users    4096 Jan 19 16:54 tmp
