total 194036
drwxr-xr-x 4 scott users    4096 Jan 17 00:26 .
drwxrwxr-x 9 scott users    4096 Jan 16 21:58 ..
-rw-rw-r-- 1 scott users 1669464 Jan 16 23:30 004.000.jpg
-rw-rw-r-- 1 scott users 1567775 Jan 16 23:30 004.001.jpg
-rw-rw-r-- 1 scott users 1633259 Jan 16 23:30 004.002.jpg
-rw-rw-r-- 1 scott users 1472941 Jan 16 23:30 004.003.jpg
-rw-rw-r-- 1 scott users 1598293 Jan 16 23:30 004.004.jpg
-rw-rw-r-- 1 scott users 1735196 Jan 16 23:30 004.005.jpg
-rw-rw-r-- 1 scott users 1844952 Jan 16 23:30 004.006.jpg
-rw-rw-r-- 1 scott users 1775322 Jan 16 23:30 004.007.jpg
-rw-rw-r-- 1 scott users 1545483 Jan 16 23:30 004.008.jpg
-rw-rw-r-- 1 scott users 2466237 Jan 16 23:30 004.009.jpg
-rw-rw-r-- 1 scott users 2658813 Jan 16 23:30 004.010.jpg
-rw-rw-r-- 1 scott users 2376865 Jan 16 23:30 004.011.jpg
-rw-rw-r-- 1 scott users 2585218 Jan 16 23:30 004.012.jpg
-rw-rw-r-- 1 scott users 2249547 Jan 16 23:30 004.013.jpg
-rw-rw-r-- 1 scott users 2451619 Jan 16 23:30 004.014.jpg
-rw-rw-r-- 1 scott users 2625834 Jan 16 23:30 004.015.jpg
-rw-rw-r-- 1 scott users 2373964 Jan 16 23:30 004.016.jpg
-rw-rw-r-- 1 scott users 2545209 Jan 16 23:30 004.017.jpg
-rw-rw-r-- 1 scott users 2566450 Jan 16 23:30 006.000.jpg
-rw-rw-r-- 1 scott users 2299254 Jan 16 23:30 006.001.jpg
-rw-rw-r-- 1 scott users 2233479 Jan 16 23:30 006.002.jpg
-rw-rw-r-- 1 scott users 2572081 Jan 16 23:30 006.003.jpg
-rw-rw-r-- 1 scott users 2724615 Jan 16 23:30 006.004.jpg
-rw-rw-r-- 1 scott users 2445184 Jan 16 23:30 006.005.jpg
-rw-rw-r-- 1 scott users 3952035 Jan 16 23:30 006.006.jpg
-rw-rw-r-- 1 scott users 3548101 Jan 16 23:30 006.007.jpg
-rw-rw-r-- 1 scott users 3697850 Jan 16 23:30 006.008.jpg
-rw-rw-r-- 1 scott users 3592460 Jan 16 23:30 006.009.jpg
-rw-rw-r-- 1 scott users 3896971 Jan 16 23:30 006.010.jpg
-rw-rw-r-- 1 scott users 3648267 Jan 16 23:30 006.011.jpg
-rw-rw-r-- 1 scott users 3236061 Jan 16 23:30 008.000.jpg
-rw-rw-r-- 1 scott users 3106826 Jan 16 23:30 008.001.jpg
-rw-rw-r-- 1 scott users 3333860 Jan 16 23:30 008.002.jpg
-rw-rw-r-- 1 scott users 3620583 Jan 16 23:30 008.003.jpg
-rw-rw-r-- 1 scott users 4023650 Jan 16 23:30 008.004.jpg
-rw-rw-r-- 1 scott users 5036348 Jan 16 23:30 008.005.jpg
-rw-rw-r-- 1 scott users 4835231 Jan 16 23:30 008.006.jpg
-rw-rw-r-- 1 scott users 5075952 Jan 16 23:30 008.007.jpg
-rw-rw-r-- 1 scott users 4918430 Jan 16 23:30 008.008.jpg
-rw-rw-r-- 1 scott users 3713634 Jan 16 23:30 009.000.jpg
-rw-rw-r-- 1 scott users 3393129 Jan 16 23:30 009.001.jpg
-rw-rw-r-- 1 scott users 3901784 Jan 16 23:30 009.002.jpg
-rw-rw-r-- 1 scott users 3841149 Jan 16 23:30 009.003.jpg
-rw-rw-r-- 1 scott users 5704909 Jan 16 23:30 009.004.jpg
-rw-rw-r-- 1 scott users 5496872 Jan 16 23:30 009.005.jpg
-rw-rw-r-- 1 scott users 5529911 Jan 16 23:30 009.006.jpg
-rw-rw-r-- 1 scott users 5604954 Jan 16 23:31 009.007.jpg
-rw-rw-r-- 1 scott users 1396222 Jan 16 23:31 012.000.jpg
-rw-rw-r-- 1 scott users 1411549 Jan 16 23:32 012.001.jpg
-rw-rw-r-- 1 scott users 1516016 Jan 16 23:32 012.002.jpg
-rw-rw-r-- 1 scott users 2294605 Jan 16 23:32 012.003.jpg
-rw-rw-r-- 1 scott users 2181551 Jan 16 23:32 012.004.jpg
-rw-rw-r-- 1 scott users 2339667 Jan 16 23:32 012.005.jpg
-rw-rw-r-- 1 scott users 1832550 Jan 16 23:31 016.000.jpg
-rw-rw-r-- 1 scott users 2064124 Jan 16 23:31 016.001.jpg
-rw-rw-r-- 1 scott users 2760367 Jan 16 23:31 016.002.jpg
-rw-rw-r-- 1 scott users 2998221 Jan 16 23:31 016.003.jpg
-rw-rw-r-- 1 scott users 1197983 Jan 16 23:32 018.000.jpg
-rw-rw-r-- 1 scott users 1356879 Jan 16 23:32 018.001.jpg
-rw-rw-r-- 1 scott users 1954785 Jan 16 23:32 018.002.jpg
-rw-rw-r-- 1 scott users 2030901 Jan 16 23:32 018.003.jpg
-rw-rw-r-- 1 scott users 2814408 Jan 16 23:31 024.000.jpg
-rw-rw-r-- 1 scott users 3850235 Jan 16 23:31 024.001.jpg
-rw-rw-r-- 1 scott users 4560067 Jan 16 23:31 024.002.jpg
-rw-rw-r-- 1 scott users 1416361 Jan 16 23:32 024.003.000.jpg
-rw-rw-r-- 1 scott users 2555079 Jan 16 23:32 036.000.jpg
-rw-rw-r-- 1 scott users 3986417 Jan 16 23:32 036.001.jpg
-rw-rw-r-- 1 scott users  834885 Jan 16 23:32 036.002.000.jpg
-rw-rw-r-- 1 scott users 2434377 Jan 17 00:26 072.000.jpg
-rw-rw-r-- 1 scott users    2091 Jan 17 00:26 aspects.out
-rw-rw-r-- 1 scott users    5864 Jan 16 23:33 describe.txt
-rw-rw-r-- 1 scott users     929 Jan 17 00:26 error
-rw-rw-r-- 1 scott users       0 Jan 17 00:26 files.out
-rw-rw-r-- 1 scott users      42 Dec 12 19:29 meta.ini
drwxr-xr-x 2 scott users    4096 Jan 16 23:18 orig
drwxrwxr-x 2 scott users    4096 Jan 17 00:26 tmp
