total 47140
drwx--x--x  4 scott users    4096 Jan 18 20:14 .
drwxrwx--x 17 scott users    4096 Jan 18 19:11 ..
-rw-rw-r--  1 scott users 1144253 Jan 18 20:12 004.000.jpg
-rw-rw-r--  1 scott users 1361805 Jan 18 20:12 004.001.jpg
-rw-rw-r--  1 scott users 1599685 Jan 18 20:12 004.002.jpg
-rw-rw-r--  1 scott users 1315589 Jan 18 20:12 004.003.jpg
-rw-rw-r--  1 scott users 1643780 Jan 18 20:12 004.004.jpg
-rw-rw-r--  1 scott users 1516312 Jan 18 20:12 004.005.jpg
-rw-rw-r--  1 scott users 1776520 Jan 18 20:12 004.006.jpg
-rw-rw-r--  1 scott users 1569704 Jan 18 20:12 004.007.jpg
-rw-rw-r--  1 scott users 1531282 Jan 18 20:12 004.008.jpg
-rw-rw-r--  1 scott users 1953886 Jan 18 20:12 006.000.jpg
-rw-rw-r--  1 scott users 2163421 Jan 18 20:12 006.001.jpg
-rw-rw-r--  1 scott users 2060806 Jan 18 20:13 006.002.jpg
-rw-rw-r--  1 scott users 2398936 Jan 18 20:13 006.003.jpg
-rw-rw-r--  1 scott users 2613790 Jan 18 20:13 006.004.jpg
-rw-rw-r--  1 scott users 2262766 Jan 18 20:13 006.005.jpg
-rw-rw-r--  1 scott users 2869049 Jan 18 20:13 009.000.jpg
-rw-rw-r--  1 scott users 3311787 Jan 18 20:13 009.001.jpg
-rw-rw-r--  1 scott users 3854050 Jan 18 20:13 009.002.jpg
-rw-rw-r--  1 scott users 3437705 Jan 18 20:13 009.003.jpg
-rw-rw-r--  1 scott users 1100414 Jan 18 20:13 012.000.jpg
-rw-rw-r--  1 scott users 1112799 Jan 18 20:13 012.001.jpg
-rw-rw-r--  1 scott users 1151642 Jan 18 20:13 012.002.jpg
-rw-rw-r--  1 scott users 1103937 Jan 18 20:13 018.000.jpg
-rw-rw-r--  1 scott users 1112994 Jan 18 20:13 018.001.jpg
-rw-rw-r--  1 scott users 2216386 Jan 18 20:14 036.000.jpg
-rw-rw-r--  1 scott users     725 Jan 18 20:14 aspects.out
-rw-rw-r--  1 scott users     929 Jan 18 20:14 error
-rw-rw-r--  1 scott users       0 Jan 18 20:14 files.out
-rw-rw-r--  1 scott users      34 Nov 24 00:09 meta.ini
drwxrwxr-x  2 scott users    4096 Jan 18 20:12 orig
drwxrwxr-x  2 scott users    4096 Jan 18 20:13 tmp
