total 201244
drwxr-xr-x  4 scott users    4096 Jan 17 16:33 .
drwxrwxr-x 27 scott users    4096 Jan 16 21:35 ..
-rw-rw-r--  1 scott users 2453609 Jan 17 16:30 004.000.jpg
-rw-rw-r--  1 scott users 1522855 Jan 17 16:30 004.001.jpg
-rw-rw-r--  1 scott users 1412755 Jan 17 16:30 004.002.jpg
-rw-rw-r--  1 scott users 1854824 Jan 17 16:30 004.003.jpg
-rw-rw-r--  1 scott users 2047137 Jan 17 16:30 004.004.jpg
-rw-rw-r--  1 scott users 2035632 Jan 17 16:30 004.005.jpg
-rw-rw-r--  1 scott users 2394636 Jan 17 16:30 004.006.jpg
-rw-rw-r--  1 scott users 2125140 Jan 17 16:30 004.007.jpg
-rw-rw-r--  1 scott users 2445574 Jan 17 16:30 004.008.jpg
-rw-rw-r--  1 scott users 2869114 Jan 17 16:30 004.009.jpg
-rw-rw-r--  1 scott users 2982591 Jan 17 16:30 004.010.jpg
-rw-rw-r--  1 scott users 2066366 Jan 17 16:30 004.011.jpg
-rw-rw-r--  1 scott users 2729703 Jan 17 16:30 004.012.jpg
-rw-rw-r--  1 scott users 1782012 Jan 17 16:30 004.013.jpg
-rw-rw-r--  1 scott users 1281248 Jan 17 16:30 004.014.jpg
-rw-rw-r--  1 scott users 2202617 Jan 17 16:30 004.015.jpg
-rw-rw-r--  1 scott users 1661737 Jan 17 16:30 004.016.jpg
-rw-rw-r--  1 scott users 2251713 Jan 17 16:30 004.017.jpg
-rw-rw-r--  1 scott users 3340197 Jan 17 16:30 006.000.jpg
-rw-rw-r--  1 scott users 2055886 Jan 17 16:30 006.001.jpg
-rw-rw-r--  1 scott users 2656871 Jan 17 16:30 006.002.jpg
-rw-rw-r--  1 scott users 3293123 Jan 17 16:30 006.003.jpg
-rw-rw-r--  1 scott users 3052166 Jan 17 16:30 006.004.jpg
-rw-rw-r--  1 scott users 3915456 Jan 17 16:30 006.005.jpg
-rw-rw-r--  1 scott users 4147786 Jan 17 16:30 006.006.jpg
-rw-rw-r--  1 scott users 3779065 Jan 17 16:30 006.007.jpg
-rw-rw-r--  1 scott users 3504551 Jan 17 16:30 006.008.jpg
-rw-rw-r--  1 scott users 2310343 Jan 17 16:30 006.009.jpg
-rw-rw-r--  1 scott users 3091622 Jan 17 16:30 006.010.jpg
-rw-rw-r--  1 scott users 3037743 Jan 17 16:30 006.011.jpg
-rw-rw-r--  1 scott users 4004114 Jan 17 16:30 008.000.jpg
-rw-rw-r--  1 scott users 3271714 Jan 17 16:30 008.001.jpg
-rw-rw-r--  1 scott users 4092337 Jan 17 16:31 008.002.jpg
-rw-rw-r--  1 scott users 4525371 Jan 17 16:31 008.003.jpg
-rw-rw-r--  1 scott users 5315410 Jan 17 16:31 008.004.jpg
-rw-rw-r--  1 scott users 5056848 Jan 17 16:31 008.005.jpg
-rw-rw-r--  1 scott users 4536804 Jan 17 16:31 008.006.jpg
-rw-rw-r--  1 scott users 3503604 Jan 17 16:31 008.007.jpg
-rw-rw-r--  1 scott users 3928637 Jan 17 16:31 008.008.jpg
-rw-rw-r--  1 scott users 4377738 Jan 17 16:31 009.000.jpg
-rw-rw-r--  1 scott users 3697850 Jan 17 16:31 009.001.jpg
-rw-rw-r--  1 scott users 5016510 Jan 17 16:31 009.002.jpg
-rw-rw-r--  1 scott users 5249750 Jan 17 16:31 009.003.jpg
-rw-rw-r--  1 scott users 6425395 Jan 17 16:31 009.004.jpg
-rw-rw-r--  1 scott users 5005586 Jan 17 16:31 009.005.jpg
-rw-rw-r--  1 scott users 4174264 Jan 17 16:31 009.006.jpg
-rw-rw-r--  1 scott users 4283891 Jan 17 16:31 009.007.jpg
-rw-rw-r--  1 scott users 1699069 Jan 17 16:32 012.000.jpg
-rw-rw-r--  1 scott users 1795746 Jan 17 16:32 012.001.jpg
-rw-rw-r--  1 scott users 2234639 Jan 17 16:32 012.002.jpg
-rw-rw-r--  1 scott users 2357948 Jan 17 16:32 012.003.jpg
-rw-rw-r--  1 scott users 1819600 Jan 17 16:32 012.004.jpg
-rw-rw-r--  1 scott users 1927922 Jan 17 16:32 012.005.jpg
-rw-rw-r--  1 scott users 2267863 Jan 17 16:32 016.000.jpg
-rw-rw-r--  1 scott users 2673090 Jan 17 16:32 016.001.jpg
-rw-rw-r--  1 scott users 3146367 Jan 17 16:32 016.002.jpg
-rw-rw-r--  1 scott users 2542783 Jan 17 16:32 016.003.jpg
-rw-rw-r--  1 scott users 1481476 Jan 17 16:32 018.000.jpg
-rw-rw-r--  1 scott users 1904602 Jan 17 16:32 018.001.jpg
-rw-rw-r--  1 scott users 1994634 Jan 17 16:32 018.002.jpg
-rw-rw-r--  1 scott users 1568902 Jan 17 16:32 018.003.jpg
-rw-rw-r--  1 scott users 3496782 Jan 17 16:31 024.000.jpg
-rw-rw-r--  1 scott users 4593141 Jan 17 16:32 024.001.jpg
-rw-rw-r--  1 scott users 3745866 Jan 17 16:32 024.002.jpg
-rw-rw-r--  1 scott users 1493976 Jan 17 16:33 024.003.000.jpg
-rw-rw-r--  1 scott users 3386426 Jan 17 16:33 036.000.jpg
-rw-rw-r--  1 scott users 3563832 Jan 17 16:33 036.001.jpg
-rw-rw-r--  1 scott users  876376 Jan 17 16:33 036.002.000.jpg
-rw-rw-r--  1 scott users 2572791 Jan 17 16:33 072.000.jpg
-rw-rw-r--  1 scott users    2032 Jan 17 16:33 aspects.out
-rwxrwxr-x  1 scott users    5722 Jan 17 16:29 describe.txt
-rw-rw-r--  1 scott users     929 Jan 17 16:33 error
-rw-rw-r--  1 scott users       0 Jan 17 16:33 files.out
-rw-rw-r--  1 scott users      43 Nov 24 14:47 meta.ini
drwxr-xr-x  3 scott users    4096 Nov  6 14:45 orig
-rw-rw-r--  1 scott users      22 Nov 13 16:29 title
drwxrwxr-x  2 scott users    4096 Jan 17 16:33 tmp
