total 61832
drwxrwxr-x  4 scott users    4096 Jan 23 10:10 .
drwxrwxr-x 12 scott users    4096 Jan 23 10:08 ..
-rw-rw-r--  1 scott users 1124012 Jan 23 10:08 006.000.jpg
-rw-rw-r--  1 scott users  762632 Jan 23 10:08 006.001.jpg
-rw-rw-r--  1 scott users  837899 Jan 23 10:08 006.002.jpg
-rw-rw-r--  1 scott users  980749 Jan 23 10:08 006.003.jpg
-rw-rw-r--  1 scott users  849917 Jan 23 10:08 006.004.jpg
-rw-rw-r--  1 scott users  849611 Jan 23 10:08 006.005.jpg
-rw-rw-r--  1 scott users  826279 Jan 23 10:08 006.006.jpg
-rw-rw-r--  1 scott users  965382 Jan 23 10:08 006.007.jpg
-rw-rw-r--  1 scott users  898935 Jan 23 10:08 006.008.jpg
-rw-rw-r--  1 scott users  905187 Jan 23 10:08 006.009.jpg
-rw-rw-r--  1 scott users  966379 Jan 23 10:08 006.010.jpg
-rw-rw-r--  1 scott users 1056622 Jan 23 10:08 006.011.jpg
-rw-rw-r--  1 scott users 1396887 Jan 23 10:08 008.000.jpg
-rw-rw-r--  1 scott users 1051152 Jan 23 10:08 008.001.jpg
-rw-rw-r--  1 scott users 1257455 Jan 23 10:08 008.002.jpg
-rw-rw-r--  1 scott users 1125432 Jan 23 10:08 008.003.jpg
-rw-rw-r--  1 scott users 1159847 Jan 23 10:08 008.004.jpg
-rw-rw-r--  1 scott users 1207856 Jan 23 10:08 008.005.jpg
-rw-rw-r--  1 scott users 1193508 Jan 23 10:08 008.006.jpg
-rw-rw-r--  1 scott users 1279938 Jan 23 10:08 008.007.jpg
-rw-rw-r--  1 scott users 1356381 Jan 23 10:09 008.008.jpg
-rw-rw-r--  1 scott users 1546268 Jan 23 10:09 009.000.jpg
-rw-rw-r--  1 scott users 1177916 Jan 23 10:09 009.001.jpg
-rw-rw-r--  1 scott users 1384858 Jan 23 10:09 009.002.jpg
-rw-rw-r--  1 scott users 1295293 Jan 23 10:09 009.003.jpg
-rw-rw-r--  1 scott users 1269911 Jan 23 10:09 009.004.jpg
-rw-rw-r--  1 scott users 1419924 Jan 23 10:09 009.005.jpg
-rw-rw-r--  1 scott users 1400716 Jan 23 10:09 009.006.jpg
-rw-rw-r--  1 scott users 1529170 Jan 23 10:09 009.007.jpg
-rw-rw-r--  1 scott users 1888308 Jan 23 10:09 012.000.jpg
-rw-rw-r--  1 scott users 1819654 Jan 23 10:09 012.001.jpg
-rw-rw-r--  1 scott users 1698912 Jan 23 10:09 012.002.jpg
-rw-rw-r--  1 scott users 1793769 Jan 23 10:09 012.003.jpg
-rw-rw-r--  1 scott users 1806738 Jan 23 10:09 012.004.jpg
-rw-rw-r--  1 scott users 2024634 Jan 23 10:09 012.005.jpg
-rw-rw-r--  1 scott users 2728419 Jan 23 10:09 018.000.jpg
-rw-rw-r--  1 scott users 2680998 Jan 23 10:09 018.001.jpg
-rw-rw-r--  1 scott users 2693573 Jan 23 10:09 018.002.jpg
-rw-rw-r--  1 scott users 2928785 Jan 23 10:09 018.003.jpg
-rw-rw-r--  1 scott users 1147312 Jan 23 10:09 024.000.jpg
-rw-rw-r--  1 scott users 1093406 Jan 23 10:09 024.001.jpg
-rw-rw-r--  1 scott users 1142974 Jan 23 10:09 024.002.jpg
-rw-rw-r--  1 scott users 1082084 Jan 23 10:09 036.000.jpg
-rw-rw-r--  1 scott users 1101485 Jan 23 10:09 036.001.jpg
-rw-rw-r--  1 scott users 1532647 Jan 23 10:10 036.002.000.jpg
-rw-rw-r--  1 scott users  945589 Jan 23 10:10 072.000.jpg
-rw-rw-r--  1 scott users    1312 Jan 23 10:10 aspects.out
-rw-rw-r--  1 scott users     929 Jan 23 10:10 error
-rw-rw-r--  1 scott users       0 Jan 23 10:10 files.out
-rw-rw-r--  1 scott users      41 Nov 19 09:51 meta.ini
drwxr-xr-x  2 scott users    4096 Jan 22 21:14 orig
-rw-r--r--  1 scott users    3262 Dec 31 20:54 out
drwxrwxr-x  2 scott users    4096 Jan 23 10:10 tmp
