total 33160
drwx--x--x  4 scott users    4096 Jan 27 17:28 .
drwxrwxr-x 20 scott users    4096 Jan 27 17:25 ..
-rw-rw-r--  1 scott users 2643261 Jan 27 17:30 003.000.jpg
-rw-rw-r--  1 scott users 1808209 Jan 27 17:30 003.001.jpg
-rw-rw-r--  1 scott users 1375683 Jan 27 17:30 003.002.jpg
-rw-rw-r--  1 scott users 1310268 Jan 27 17:30 003.003.jpg
-rw-rw-r--  1 scott users 1288629 Jan 27 17:30 003.004.jpg
-rw-rw-r--  1 scott users 1089673 Jan 27 17:30 003.005.jpg
-rw-rw-r--  1 scott users 4453124 Jan 27 17:30 006.000.jpg
-rw-rw-r--  1 scott users 2688382 Jan 27 17:30 006.001.jpg
-rw-rw-r--  1 scott users 2379032 Jan 27 17:30 006.002.jpg
-rw-rw-r--  1 scott users 5837354 Jan 27 17:30 009.000.jpg
-rw-rw-r--  1 scott users 3689964 Jan 27 17:30 009.001.jpg
-rw-rw-r--  1 scott users 2963251 Jan 27 17:30 018.000.jpg
-rw-rw-r--  1 scott users  741376 Jan 27 17:28 240.240.gif
-rw-rw-r--  1 scott users 1623643 Jan 27 17:28 420.240.gif
-rw-rw-r--  1 scott users    1156 Jan 27 17:30 aspects.out
-rw-rw-r--  1 scott users    1331 Jan 18 22:47 describe.txt
-rw-rw-r--  1 scott users    1450 Jan 26 19:38 div.out
-rw-rw-r--  1 scott users     814 Jan 27 17:30 error
-rw-rw-r--  1 scott users       0 Jan 27 17:30 files.out
-rw-rw-r--  1 scott users      38 Nov 24 00:18 meta.ini
drwx--x--x  2 scott users    4096 Jan 18 22:23 orig
drwxrwxr-x  2 scott users    4096 Jan 27 17:30 tmp
