total 179336
drwxr-xr-x  4 scott users    4096 Jan 17 16:23 .
drwxrwxr-x 27 scott users    4096 Jan 16 21:35 ..
-rw-rw-r--  1 scott users 2002252 Jan 17 14:26 004.000.jpg
-rw-rw-r--  1 scott users 1413957 Jan 17 14:26 004.001.jpg
-rw-rw-r--  1 scott users 1600893 Jan 17 14:26 004.002.jpg
-rw-rw-r--  1 scott users 2432247 Jan 17 14:26 004.003.jpg
-rw-rw-r--  1 scott users 1788800 Jan 17 14:26 004.004.jpg
-rw-rw-r--  1 scott users 1855045 Jan 17 14:26 004.005.jpg
-rw-rw-r--  1 scott users 2283110 Jan 17 14:26 004.006.jpg
-rw-rw-r--  1 scott users 2114847 Jan 17 14:26 004.007.jpg
-rw-rw-r--  1 scott users 1524541 Jan 17 14:26 004.008.jpg
-rw-rw-r--  1 scott users 1993576 Jan 17 14:26 004.009.jpg
-rw-rw-r--  1 scott users 2543923 Jan 17 14:26 004.010.jpg
-rw-rw-r--  1 scott users 1769205 Jan 17 14:26 004.011.jpg
-rw-rw-r--  1 scott users 1634017 Jan 17 14:26 004.012.jpg
-rw-rw-r--  1 scott users 1854229 Jan 17 14:26 004.013.jpg
-rw-rw-r--  1 scott users 1483633 Jan 17 14:26 004.014.jpg
-rw-rw-r--  1 scott users 1659834 Jan 17 14:26 004.015.jpg
-rw-rw-r--  1 scott users 2683750 Jan 17 14:26 004.016.jpg
-rw-rw-r--  1 scott users 2444741 Jan 17 14:26 004.017.jpg
-rw-rw-r--  1 scott users 2419008 Jan 17 14:26 006.000.jpg
-rw-rw-r--  1 scott users 2611340 Jan 17 14:26 006.001.jpg
-rw-rw-r--  1 scott users 3454554 Jan 17 14:26 006.002.jpg
-rw-rw-r--  1 scott users 2631336 Jan 17 14:26 006.003.jpg
-rw-rw-r--  1 scott users 2909172 Jan 17 14:26 006.004.jpg
-rw-rw-r--  1 scott users 3024896 Jan 17 14:26 006.005.jpg
-rw-rw-r--  1 scott users 3234535 Jan 17 14:26 006.006.jpg
-rw-rw-r--  1 scott users 3115539 Jan 17 14:26 006.007.jpg
-rw-rw-r--  1 scott users 2304144 Jan 17 14:26 006.008.jpg
-rw-rw-r--  1 scott users 2672690 Jan 17 14:26 006.009.jpg
-rw-rw-r--  1 scott users 3733208 Jan 17 14:26 006.010.jpg
-rw-rw-r--  1 scott users 3074527 Jan 17 14:26 006.011.jpg
-rw-rw-r--  1 scott users 3425783 Jan 17 14:26 008.000.jpg
-rw-rw-r--  1 scott users 4037182 Jan 17 14:26 008.001.jpg
-rw-rw-r--  1 scott users 3644742 Jan 17 14:26 008.002.jpg
-rw-rw-r--  1 scott users 4414972 Jan 17 14:26 008.003.jpg
-rw-rw-r--  1 scott users 3532412 Jan 17 14:26 008.004.jpg
-rw-rw-r--  1 scott users 4350806 Jan 17 14:26 008.005.jpg
-rw-rw-r--  1 scott users 3490650 Jan 17 14:26 008.006.jpg
-rw-rw-r--  1 scott users 3151522 Jan 17 14:26 008.007.jpg
-rw-rw-r--  1 scott users 5137792 Jan 17 14:26 008.008.jpg
-rw-rw-r--  1 scott users 3724750 Jan 17 14:27 009.000.jpg
-rw-rw-r--  1 scott users 4759936 Jan 17 14:27 009.001.jpg
-rw-rw-r--  1 scott users 4088906 Jan 17 14:27 009.002.jpg
-rw-rw-r--  1 scott users 4490948 Jan 17 14:27 009.003.jpg
-rw-rw-r--  1 scott users 4841897 Jan 17 14:27 009.004.jpg
-rw-rw-r--  1 scott users 3812460 Jan 17 14:27 009.005.jpg
-rw-rw-r--  1 scott users 3782708 Jan 17 14:27 009.006.jpg
-rw-rw-r--  1 scott users 5693102 Jan 17 14:27 009.007.jpg
-rw-rw-r--  1 scott users 1321978 Jan 17 14:28 012.000.jpg
-rw-rw-r--  1 scott users 1712998 Jan 17 14:28 012.001.jpg
-rw-rw-r--  1 scott users 1610332 Jan 17 14:28 012.002.jpg
-rw-rw-r--  1 scott users 1740022 Jan 17 14:28 012.003.jpg
-rw-rw-r--  1 scott users 1335154 Jan 17 14:28 012.004.jpg
-rw-rw-r--  1 scott users 1906103 Jan 17 14:28 012.005.jpg
-rw-rw-r--  1 scott users 2002322 Jan 17 14:27 016.000.jpg
-rw-rw-r--  1 scott users 2257819 Jan 17 14:27 016.001.jpg
-rw-rw-r--  1 scott users 2131458 Jan 17 14:27 016.002.jpg
-rw-rw-r--  1 scott users 1793392 Jan 17 14:27 016.003.jpg
-rw-rw-r--  1 scott users 1346008 Jan 17 14:28 018.000.jpg
-rw-rw-r--  1 scott users 1359432 Jan 17 14:28 018.001.jpg
-rw-rw-r--  1 scott users 1421141 Jan 17 14:28 018.002.jpg
-rw-rw-r--  1 scott users 1506606 Jan 17 14:28 018.003.jpg
-rw-rw-r--  1 scott users 3039818 Jan 17 14:27 024.000.jpg
-rw-rw-r--  1 scott users 3352582 Jan 17 14:27 024.001.jpg
-rw-rw-r--  1 scott users 3247654 Jan 17 14:27 024.002.jpg
-rw-rw-r--  1 scott users 1242991 Jan 17 14:29 024.003.000.jpg
-rw-rw-r--  1 scott users 2705077 Jan 17 14:29 036.000.jpg
-rw-rw-r--  1 scott users 2927996 Jan 17 14:29 036.001.jpg
-rw-rw-r--  1 scott users  739976 Jan 17 14:29 036.002.000.jpg
-rw-rw-r--  1 scott users 2121705 Jan 17 16:23 072.000.jpg
-rw-rw-r--  1 scott users    2032 Jan 17 16:23 aspects.out
-rwxrwxr-x  1 scott users    5721 Jan 17 14:29 describe.txt
-rw-rw-r--  1 scott users     929 Jan 17 16:23 error
-rw-rw-r--  1 scott users       0 Jan 17 16:23 files.out
-rw-rw-r--  1 scott users      42 Nov 24 14:45 meta.ini
drwxr-xr-x  3 scott users    4096 Nov  6 14:31 orig
-rw-rw-r--  1 scott users      22 Nov 13 16:29 title
drwxrwxr-x  2 scott users    4096 Jan 17 16:23 tmp
