total 135760
drwxr-xr-x 4 scott users    4096 Jan 17 17:27 .
drwxrwxr-x 9 scott users   16384 Jan 17 16:46 ..
-rw-rw-r-- 1 scott users 1519756 Jan 17 17:24 004.000.jpg
-rw-rw-r-- 1 scott users 1521946 Jan 17 17:25 004.001.jpg
-rw-rw-r-- 1 scott users 1431673 Jan 17 17:25 004.002.jpg
-rw-rw-r-- 1 scott users 1400743 Jan 17 17:25 004.003.jpg
-rw-rw-r-- 1 scott users 1180964 Jan 17 17:25 004.004.jpg
-rw-rw-r-- 1 scott users 1559448 Jan 17 17:25 004.005.jpg
-rw-rw-r-- 1 scott users 1126847 Jan 17 17:25 004.006.jpg
-rw-rw-r-- 1 scott users 1185101 Jan 17 17:25 004.007.jpg
-rw-rw-r-- 1 scott users 1133622 Jan 17 17:25 004.008.jpg
-rw-rw-r-- 1 scott users 1467098 Jan 17 17:25 004.009.jpg
-rw-rw-r-- 1 scott users 1780531 Jan 17 17:25 004.010.jpg
-rw-rw-r-- 1 scott users 1396199 Jan 17 17:25 004.011.jpg
-rw-rw-r-- 1 scott users 1377173 Jan 17 17:25 004.012.jpg
-rw-rw-r-- 1 scott users 1313567 Jan 17 17:25 004.013.jpg
-rw-rw-r-- 1 scott users 1345661 Jan 17 17:25 004.014.jpg
-rw-rw-r-- 1 scott users 1577247 Jan 17 17:25 004.015.jpg
-rw-rw-r-- 1 scott users 1112600 Jan 17 17:25 004.016.jpg
-rw-rw-r-- 1 scott users 1515890 Jan 17 17:25 004.017.jpg
-rw-rw-r-- 1 scott users 2318877 Jan 17 17:25 006.000.jpg
-rw-rw-r-- 1 scott users 2154995 Jan 17 17:25 006.001.jpg
-rw-rw-r-- 1 scott users 1933793 Jan 17 17:25 006.002.jpg
-rw-rw-r-- 1 scott users 2211711 Jan 17 17:25 006.003.jpg
-rw-rw-r-- 1 scott users 1681638 Jan 17 17:25 006.004.jpg
-rw-rw-r-- 1 scott users 1763751 Jan 17 17:25 006.005.jpg
-rw-rw-r-- 1 scott users 2361455 Jan 17 17:25 006.006.jpg
-rw-rw-r-- 1 scott users 2282495 Jan 17 17:25 006.007.jpg
-rw-rw-r-- 1 scott users 2049217 Jan 17 17:25 006.008.jpg
-rw-rw-r-- 1 scott users 1987319 Jan 17 17:25 006.009.jpg
-rw-rw-r-- 1 scott users 2192878 Jan 17 17:25 006.010.jpg
-rw-rw-r-- 1 scott users 2023332 Jan 17 17:25 006.011.jpg
-rw-rw-r-- 1 scott users 3043861 Jan 17 17:25 008.000.jpg
-rw-rw-r-- 1 scott users 2835123 Jan 17 17:25 008.001.jpg
-rw-rw-r-- 1 scott users 2742018 Jan 17 17:25 008.002.jpg
-rw-rw-r-- 1 scott users 2311890 Jan 17 17:25 008.003.jpg
-rw-rw-r-- 1 scott users 2604654 Jan 17 17:25 008.004.jpg
-rw-rw-r-- 1 scott users 3177534 Jan 17 17:25 008.005.jpg
-rw-rw-r-- 1 scott users 2691906 Jan 17 17:25 008.006.jpg
-rw-rw-r-- 1 scott users 2923936 Jan 17 17:25 008.007.jpg
-rw-rw-r-- 1 scott users 2632649 Jan 17 17:25 008.008.jpg
-rw-rw-r-- 1 scott users 3388571 Jan 17 17:25 009.000.jpg
-rw-rw-r-- 1 scott users 3023940 Jan 17 17:25 009.001.jpg
-rw-rw-r-- 1 scott users 2939427 Jan 17 17:25 009.002.jpg
-rw-rw-r-- 1 scott users 2721710 Jan 17 17:25 009.003.jpg
-rw-rw-r-- 1 scott users 3480167 Jan 17 17:25 009.004.jpg
-rw-rw-r-- 1 scott users 3215846 Jan 17 17:25 009.005.jpg
-rw-rw-r-- 1 scott users 3249670 Jan 17 17:25 009.006.jpg
-rw-rw-r-- 1 scott users 2950007 Jan 17 17:25 009.007.jpg
-rw-rw-r-- 1 scott users 1472751 Jan 17 17:26 012.000.jpg
-rw-rw-r-- 1 scott users 1325910 Jan 17 17:26 012.001.jpg
-rw-rw-r-- 1 scott users 1158847 Jan 17 17:26 012.002.jpg
-rw-rw-r-- 1 scott users 1559245 Jan 17 17:26 012.003.jpg
-rw-rw-r-- 1 scott users 1342158 Jan 17 17:26 012.004.jpg
-rw-rw-r-- 1 scott users 1388614 Jan 17 17:26 012.005.jpg
-rw-rw-r-- 1 scott users 1916950 Jan 17 17:26 016.000.jpg
-rw-rw-r-- 1 scott users 1652630 Jan 17 17:26 016.001.jpg
-rw-rw-r-- 1 scott users 1945836 Jan 17 17:26 016.002.jpg
-rw-rw-r-- 1 scott users 1846000 Jan 17 17:26 016.003.jpg
-rw-rw-r-- 1 scott users 1330210 Jan 17 17:27 018.000.jpg
-rw-rw-r-- 1 scott users 1221386 Jan 17 17:27 018.001.jpg
-rw-rw-r-- 1 scott users 1444122 Jan 17 17:27 018.002.jpg
-rw-rw-r-- 1 scott users 1318769 Jan 17 17:27 018.003.jpg
-rw-rw-r-- 1 scott users 2798889 Jan 17 17:26 024.000.jpg
-rw-rw-r-- 1 scott users 2720946 Jan 17 17:26 024.001.jpg
-rw-rw-r-- 1 scott users 2731199 Jan 17 17:26 024.002.jpg
-rw-rw-r-- 1 scott users 1379975 Jan 17 17:27 024.003.000.jpg
-rw-rw-r-- 1 scott users 2553111 Jan 17 17:27 036.000.jpg
-rw-rw-r-- 1 scott users 2762790 Jan 17 17:27 036.001.jpg
-rw-rw-r-- 1 scott users  857236 Jan 17 17:27 036.002.000.jpg
-rw-rw-r-- 1 scott users 2260340 Jan 17 17:27 072.000.jpg
-rw-rw-r-- 1 scott users    1896 Jan 17 17:27 aspects.out
-rw-rw-r-- 1 scott users     929 Jan 17 17:27 error
-rw-rw-r-- 1 scott users       0 Jan 17 17:27 files.out
-rw-rw-r-- 1 scott users      40 Nov 23 16:16 meta.ini
drwxr-xr-x 2 scott users    4096 Jan 17 16:48 orig
drwxrwxr-x 2 scott users    4096 Jan 17 17:27 tmp
