072.000.jpg 16000 320 50
018.000.jpg 13500 1080 12.5
018.001.jpg 13500 1080 12.5
018.002.jpg 13500 1080 12.5
018.003.jpg 13500 1080 12.5
036.000.jpg 13500 540 25
036.001.jpg 13500 540 25
024.000.jpg 12000 720 16.6667
024.001.jpg 12000 720 16.6667
024.002.jpg 12000 720 16.6667
036.002.000.jpg 10500 1140 9.21053
012.000.jpg 9000 1080 8.33333
012.001.jpg 9000 1080 8.33333
012.002.jpg 9000 1080 8.33333
012.003.jpg 9000 1080 8.33333
012.004.jpg 9000 1080 8.33333
012.005.jpg 9000 1080 8.33333
009.000.jpg 6750 1080 6.25
009.001.jpg 6750 1080 6.25
009.002.jpg 6750 1080 6.25
009.003.jpg 6750 1080 6.25
009.004.jpg 6750 1080 6.25
009.005.jpg 6750 1080 6.25
009.006.jpg 6750 1080 6.25
009.007.jpg 6750 1080 6.25
008.000.jpg 6000 1080 5.55556
008.001.jpg 6000 1080 5.55556
008.002.jpg 6000 1080 5.55556
008.003.jpg 6000 1080 5.55556
008.004.jpg 6000 1080 5.55556
008.005.jpg 6000 1080 5.55556
008.006.jpg 6000 1080 5.55556
008.007.jpg 6000 1080 5.55556
008.008.jpg 6000 1080 5.55556
006.000.jpg 4500 1080 4.16667
006.001.jpg 4500 1080 4.16667
006.002.jpg 4500 1080 4.16667
006.003.jpg 4500 1080 4.16667
006.004.jpg 4500 1080 4.16667
006.005.jpg 4500 1080 4.16667
006.006.jpg 4500 1080 4.16667
006.007.jpg 4500 1080 4.16667
006.008.jpg 4500 1080 4.16667
006.009.jpg 4500 1080 4.16667
006.010.jpg 4500 1080 4.16667
006.011.jpg 4500 1080 4.16667
