total 152052
drwxrwxr-x 4 scott users    4096 Jan 17 14:00 .
drwxrwxr-x 9 scott users    4096 Jan 17 13:57 ..
-rw-rw-r-- 1 scott users 1838067 Jan 17 13:57 004.000.jpg
-rw-rw-r-- 1 scott users 1722267 Jan 17 13:57 004.001.jpg
-rw-rw-r-- 1 scott users 1565045 Jan 17 13:57 004.002.jpg
-rw-rw-r-- 1 scott users 1901064 Jan 17 13:57 004.003.jpg
-rw-rw-r-- 1 scott users 1591556 Jan 17 13:57 004.004.jpg
-rw-rw-r-- 1 scott users 1989501 Jan 17 13:57 004.005.jpg
-rw-rw-r-- 1 scott users 1822797 Jan 17 13:58 004.006.jpg
-rw-rw-r-- 1 scott users 1908682 Jan 17 13:58 004.007.jpg
-rw-rw-r-- 1 scott users 1875423 Jan 17 13:58 004.008.jpg
-rw-rw-r-- 1 scott users 1669961 Jan 17 13:58 004.009.jpg
-rw-rw-r-- 1 scott users 1585460 Jan 17 13:58 004.010.jpg
-rw-rw-r-- 1 scott users 1868474 Jan 17 13:58 004.011.jpg
-rw-rw-r-- 1 scott users 1864784 Jan 17 13:58 004.012.jpg
-rw-rw-r-- 1 scott users 1467253 Jan 17 13:58 004.013.jpg
-rw-rw-r-- 1 scott users 1452237 Jan 17 13:58 004.014.jpg
-rw-rw-r-- 1 scott users 1742267 Jan 17 13:58 004.015.jpg
-rw-rw-r-- 1 scott users 1663732 Jan 17 13:58 004.016.jpg
-rw-rw-r-- 1 scott users 1933295 Jan 17 13:58 004.017.jpg
-rw-rw-r-- 1 scott users 2614675 Jan 17 13:58 006.000.jpg
-rw-rw-r-- 1 scott users 2463350 Jan 17 13:58 006.001.jpg
-rw-rw-r-- 1 scott users 2756568 Jan 17 13:58 006.002.jpg
-rw-rw-r-- 1 scott users 2671795 Jan 17 13:58 006.003.jpg
-rw-rw-r-- 1 scott users 2804239 Jan 17 13:58 006.004.jpg
-rw-rw-r-- 1 scott users 2704985 Jan 17 13:58 006.005.jpg
-rw-rw-r-- 1 scott users 2479812 Jan 17 13:58 006.006.jpg
-rw-rw-r-- 1 scott users 2586855 Jan 17 13:58 006.007.jpg
-rw-rw-r-- 1 scott users 2608814 Jan 17 13:58 006.008.jpg
-rw-rw-r-- 1 scott users 2114368 Jan 17 13:58 006.009.jpg
-rw-rw-r-- 1 scott users 2649301 Jan 17 13:58 006.010.jpg
-rw-rw-r-- 1 scott users 2623070 Jan 17 13:58 006.011.jpg
-rw-rw-r-- 1 scott users 3557816 Jan 17 13:58 008.000.jpg
-rw-rw-r-- 1 scott users 3468137 Jan 17 13:58 008.001.jpg
-rw-rw-r-- 1 scott users 3585362 Jan 17 13:58 008.002.jpg
-rw-rw-r-- 1 scott users 3734622 Jan 17 13:58 008.003.jpg
-rw-rw-r-- 1 scott users 3545583 Jan 17 13:58 008.004.jpg
-rw-rw-r-- 1 scott users 3467854 Jan 17 13:58 008.005.jpg
-rw-rw-r-- 1 scott users 3338795 Jan 17 13:58 008.006.jpg
-rw-rw-r-- 1 scott users 3201855 Jan 17 13:58 008.007.jpg
-rw-rw-r-- 1 scott users 3602190 Jan 17 13:58 008.008.jpg
-rw-rw-r-- 1 scott users 3823803 Jan 17 13:58 009.000.jpg
-rw-rw-r-- 1 scott users 3992781 Jan 17 13:58 009.001.jpg
-rw-rw-r-- 1 scott users 3905661 Jan 17 13:58 009.002.jpg
-rw-rw-r-- 1 scott users 4306202 Jan 17 13:58 009.003.jpg
-rw-rw-r-- 1 scott users 3760512 Jan 17 13:58 009.004.jpg
-rw-rw-r-- 1 scott users 3930208 Jan 17 13:58 009.005.jpg
-rw-rw-r-- 1 scott users 3425782 Jan 17 13:58 009.006.jpg
-rw-rw-r-- 1 scott users 3974520 Jan 17 13:58 009.007.jpg
-rw-rw-r-- 1 scott users 1132395 Jan 17 13:59 012.000.jpg
-rw-rw-r-- 1 scott users 1273000 Jan 17 13:59 012.001.jpg
-rw-rw-r-- 1 scott users 1201484 Jan 17 13:59 012.002.jpg
-rw-rw-r-- 1 scott users 1090436 Jan 17 13:59 012.003.jpg
-rw-rw-r-- 1 scott users 1068348 Jan 17 13:59 012.004.jpg
-rw-rw-r-- 1 scott users 1156566 Jan 17 13:59 012.005.jpg
-rw-rw-r-- 1 scott users 1566416 Jan 17 13:59 016.000.jpg
-rw-rw-r-- 1 scott users 1679653 Jan 17 13:59 016.001.jpg
-rw-rw-r-- 1 scott users 1463865 Jan 17 13:59 016.002.jpg
-rw-rw-r-- 1 scott users 1429337 Jan 17 13:59 016.003.jpg
-rw-rw-r-- 1 scott users  992010 Jan 17 13:59 018.000.jpg
-rw-rw-r-- 1 scott users 1024880 Jan 17 13:59 018.001.jpg
-rw-rw-r-- 1 scott users  933166 Jan 17 13:59 018.002.jpg
-rw-rw-r-- 1 scott users  923999 Jan 17 13:59 018.003.jpg
-rw-rw-r-- 1 scott users 2412705 Jan 17 13:59 024.000.jpg
-rw-rw-r-- 1 scott users 2297402 Jan 17 13:59 024.001.jpg
-rw-rw-r-- 1 scott users 2233013 Jan 17 13:59 024.002.jpg
-rw-rw-r-- 1 scott users  787410 Jan 17 13:59 024.003.000.jpg
-rw-rw-r-- 1 scott users 2013033 Jan 17 13:59 036.000.jpg
-rw-rw-r-- 1 scott users 1854268 Jan 17 13:59 036.001.jpg
-rw-rw-r-- 1 scott users  464013 Jan 17 13:59 036.002.000.jpg
-rw-rw-r-- 1 scott users 1366302 Jan 17 14:00 072.000.jpg
-rw-rw-r-- 1 scott users    2013 Jan 17 14:00 aspects.out
-rw-rw-r-- 1 scott users     929 Jan 17 14:00 error
-rw-rw-r-- 1 scott users       0 Jan 17 14:00 files.out
-rw-r--r-- 1 scott users      42 Dec 19 21:51 meta.ini
drwxr-xr-x 2 scott users    4096 Jan 17 13:35 orig
drwxrwxr-x 2 scott users    4096 Jan 17 13:59 tmp
