total 25164
drwx--x--x  4 scott users    4096 Feb  6 18:50 .
drwxrwxr-x 22 scott users    4096 Feb  5 14:09 ..
-rw-rw-r--  1 scott users 1874743 Feb  6 18:50 003.000.jpg
-rw-rw-r--  1 scott users 1549061 Feb  6 18:50 003.001.jpg
-rw-rw-r--  1 scott users 1681919 Feb  6 18:50 003.002.jpg
-rw-rw-r--  1 scott users 1529918 Feb  6 18:50 003.003.jpg
-rw-rw-r--  1 scott users 1856986 Feb  6 18:50 003.004.jpg
-rw-rw-r--  1 scott users 2025397 Feb  6 18:50 003.005.jpg
-rw-rw-r--  1 scott users 3440945 Feb  6 18:50 006.000.jpg
-rw-rw-r--  1 scott users 3216502 Feb  6 18:50 006.001.jpg
-rw-rw-r--  1 scott users 3890557 Feb  6 18:50 006.002.jpg
-rw-rw-r--  1 scott users 1150597 Feb  6 18:50 009.000.jpg
-rw-rw-r--  1 scott users 1160690 Feb  6 18:50 009.001.jpg
lrwxrwxrwx  1 scott users      11 Feb  5 19:35 012.000.jpg -> 006.000.jpg
lrwxrwxrwx  1 scott users      11 Feb  5 19:35 012.001.jpg -> 006.001.jpg
lrwxrwxrwx  1 scott users      11 Feb  5 19:35 012.002.jpg -> 006.002.jpg
-rw-rw-r--  1 scott users  859772 Feb  5 14:39 240.240.gif
-rw-rw-r--  1 scott users 1471704 Feb  5 14:39 420.240.gif
-rw-rw-r--  1 scott users    1336 Feb  6 18:50 aspects.out
-rw-rw-r--  1 scott users    1485 Feb  6 18:48 div.out
-rw-rw-r--  1 scott users     744 Feb  6 18:50 error
-rw-rw-r--  1 scott users       0 Feb  6 18:50 files.out
-rw-rw-r--  1 scott users      23 Jan 27 17:46 meta.ini
drwxrwxr-x  2 scott users    4096 Jan 27 15:25 orig
drwxrwxr-x  2 scott users    4096 Feb  6 18:50 tmp
