total 239156
drwxr-xr-x 4 scott users    4096 Jan 15 23:08 .
drwxrwxr-x 8 scott users    4096 Jan 15 17:54 ..
-rw-rw-r-- 1 scott users 2295708 Jan 15 17:40 004.000.jpg
-rw-rw-r-- 1 scott users 2760588 Jan 15 17:40 004.001.jpg
-rw-rw-r-- 1 scott users 2777911 Jan 15 17:40 004.002.jpg
-rw-rw-r-- 1 scott users 2446240 Jan 15 17:40 004.003.jpg
-rw-rw-r-- 1 scott users 1849369 Jan 15 17:40 004.004.jpg
-rw-rw-r-- 1 scott users 2989034 Jan 15 17:40 004.005.jpg
-rw-rw-r-- 1 scott users 2887287 Jan 15 17:40 004.006.jpg
-rw-rw-r-- 1 scott users 2883433 Jan 15 17:40 004.007.jpg
-rw-rw-r-- 1 scott users 3035931 Jan 15 17:40 004.008.jpg
-rw-rw-r-- 1 scott users 2892462 Jan 15 17:40 004.009.jpg
-rw-rw-r-- 1 scott users 2670399 Jan 15 17:40 004.010.jpg
-rw-rw-r-- 1 scott users 2810439 Jan 15 17:40 004.011.jpg
-rw-rw-r-- 1 scott users 2915096 Jan 15 17:40 004.012.jpg
-rw-rw-r-- 1 scott users 2088759 Jan 15 17:40 004.013.jpg
-rw-rw-r-- 1 scott users 2597844 Jan 15 17:40 004.014.jpg
-rw-rw-r-- 1 scott users 2634917 Jan 15 17:40 004.015.jpg
-rw-rw-r-- 1 scott users 2738952 Jan 15 17:40 004.016.jpg
-rw-rw-r-- 1 scott users 2752190 Jan 15 17:40 004.017.jpg
-rw-rw-r-- 1 scott users 3930947 Jan 15 17:40 006.000.jpg
-rw-rw-r-- 1 scott users 3914836 Jan 15 17:40 006.001.jpg
-rw-rw-r-- 1 scott users 3365666 Jan 15 17:40 006.002.jpg
-rw-rw-r-- 1 scott users 3937405 Jan 15 17:40 006.003.jpg
-rw-rw-r-- 1 scott users 4535250 Jan 15 17:40 006.004.jpg
-rw-rw-r-- 1 scott users 4294123 Jan 15 17:40 006.005.jpg
-rw-rw-r-- 1 scott users 4076480 Jan 15 17:40 006.006.jpg
-rw-rw-r-- 1 scott users 4294376 Jan 15 17:40 006.007.jpg
-rw-rw-r-- 1 scott users 3754824 Jan 15 17:40 006.008.jpg
-rw-rw-r-- 1 scott users 3846372 Jan 15 17:40 006.009.jpg
-rw-rw-r-- 1 scott users 4280426 Jan 15 17:41 006.010.jpg
-rw-rw-r-- 1 scott users 3862727 Jan 15 17:41 006.011.jpg
-rw-rw-r-- 1 scott users 5071635 Jan 15 17:41 008.000.jpg
-rw-rw-r-- 1 scott users 5230048 Jan 15 17:41 008.001.jpg
-rw-rw-r-- 1 scott users 4854336 Jan 15 17:41 008.002.jpg
-rw-rw-r-- 1 scott users 5794863 Jan 15 17:41 008.003.jpg
-rw-rw-r-- 1 scott users 5940501 Jan 15 17:41 008.004.jpg
-rw-rw-r-- 1 scott users 5481054 Jan 15 17:41 008.005.jpg
-rw-rw-r-- 1 scott users 5021252 Jan 15 17:41 008.006.jpg
-rw-rw-r-- 1 scott users 5289612 Jan 15 17:41 008.007.jpg
-rw-rw-r-- 1 scott users 5497552 Jan 15 17:41 008.008.jpg
-rw-rw-r-- 1 scott users 5743938 Jan 15 17:41 009.000.jpg
-rw-rw-r-- 1 scott users 5478677 Jan 15 17:41 009.001.jpg
-rw-rw-r-- 1 scott users 6125111 Jan 15 17:41 009.002.jpg
-rw-rw-r-- 1 scott users 6635244 Jan 15 17:41 009.003.jpg
-rw-rw-r-- 1 scott users 5955332 Jan 15 17:41 009.004.jpg
-rw-rw-r-- 1 scott users 6270627 Jan 15 17:41 009.005.jpg
-rw-rw-r-- 1 scott users 5883772 Jan 15 17:41 009.006.jpg
-rw-rw-r-- 1 scott users 6139389 Jan 15 17:41 009.007.jpg
-rw-rw-r-- 1 scott users 1804409 Jan 15 23:06 012.000.jpg
-rw-rw-r-- 1 scott users 1746320 Jan 15 23:06 012.001.jpg
-rw-rw-r-- 1 scott users 2125934 Jan 15 23:06 012.002.jpg
-rw-rw-r-- 1 scott users 1912369 Jan 15 23:06 012.003.jpg
-rw-rw-r-- 1 scott users 1890063 Jan 15 23:06 012.004.jpg
-rw-rw-r-- 1 scott users 1967791 Jan 15 23:06 012.005.jpg
-rw-rw-r-- 1 scott users 2359278 Jan 15 23:06 016.000.jpg
-rw-rw-r-- 1 scott users 2587407 Jan 15 23:06 016.001.jpg
-rw-rw-r-- 1 scott users 2643006 Jan 15 23:06 016.002.jpg
-rw-rw-r-- 1 scott users 2482205 Jan 15 23:06 016.003.jpg
-rw-rw-r-- 1 scott users 1607763 Jan 15 23:07 018.000.jpg
-rw-rw-r-- 1 scott users 1844444 Jan 15 23:07 018.001.jpg
-rw-rw-r-- 1 scott users 1717650 Jan 15 23:07 018.002.jpg
-rw-rw-r-- 1 scott users 1766510 Jan 15 23:07 018.003.jpg
-rw-rw-r-- 1 scott users 3550669 Jan 15 23:06 024.000.jpg
-rw-rw-r-- 1 scott users 4039262 Jan 15 23:06 024.001.jpg
-rw-rw-r-- 1 scott users 3856367 Jan 15 23:06 024.002.jpg
-rw-rw-r-- 1 scott users 1633042 Jan 15 23:07 024.003.000.jpg
-rw-rw-r-- 1 scott users 3451426 Jan 15 23:07 036.000.jpg
-rw-rw-r-- 1 scott users 3482888 Jan 15 23:07 036.001.jpg
-rw-rw-r-- 1 scott users  976375 Jan 15 23:07 036.002.000.jpg
-rw-rw-r-- 1 scott users 2740823 Jan 15 17:45 072.000.jpg
-rw-rw-r-- 1 scott users    2006 Jan 15 18:27 aspect.out
-rw-rw-r-- 1 scott users    2032 Jan 15 23:08 aspects.out
-rw-rw-r-- 1 scott users     929 Jan 15 23:08 error
-rw-rw-r-- 1 scott users       0 Jan 15 23:08 files.out
-rw-rw-r-- 1 scott users      40 Nov 24 10:03 meta.ini
drwxr-xr-x 2 scott users    4096 Jan 15 17:52 orig
drwxrwxr-x 2 scott users    4096 Jan 15 23:08 tmp
