total 21464
drwx--x--x  4 scott users    4096 Feb  6 18:52 .
drwxrwxr-x 22 scott users    4096 Feb  5 14:09 ..
-rw-rw-r--  1 scott users 1335599 Feb  6 18:52 003.000.jpg
-rw-rw-r--  1 scott users 1672250 Feb  6 18:52 003.001.jpg
-rw-rw-r--  1 scott users 2185333 Feb  6 18:52 003.002.jpg
-rw-rw-r--  1 scott users 1394897 Feb  6 18:52 003.003.jpg
-rw-rw-r--  1 scott users  992654 Feb  6 18:52 003.004.jpg
-rw-rw-r--  1 scott users 1166360 Feb  6 18:52 003.005.jpg
-rw-rw-r--  1 scott users 3021560 Feb  6 18:52 006.000.jpg
-rw-rw-r--  1 scott users 3594000 Feb  6 18:52 006.001.jpg
-rw-rw-r--  1 scott users 2161968 Feb  6 18:52 006.002.jpg
-rw-rw-r--  1 scott users 1206028 Feb  6 18:52 009.000.jpg
-rw-rw-r--  1 scott users  795387 Feb  6 18:52 009.001.jpg
lrwxrwxrwx  1 scott users      11 Feb  5 19:35 012.000.jpg -> 006.000.jpg
lrwxrwxrwx  1 scott users      11 Feb  5 19:35 012.001.jpg -> 006.001.jpg
lrwxrwxrwx  1 scott users      11 Feb  5 19:35 012.002.jpg -> 006.002.jpg
-rw-rw-r--  1 scott users  880682 Feb  5 14:41 240.240.gif
-rw-rw-r--  1 scott users 1509905 Feb  5 14:41 420.240.gif
-rw-rw-r--  1 scott users    1336 Feb  6 18:52 aspects.out
-rw-rw-r--  1 scott users    1488 Feb  6 18:48 div.out
-rw-rw-r--  1 scott users     744 Feb  6 18:52 error
-rw-rw-r--  1 scott users       0 Feb  6 18:52 files.out
-rw-rw-r--  1 scott users      26 Jan 27 17:59 meta.ini
drwxrwxr-x  2 scott users    4096 Jan 27 18:46 orig
drwxrwxr-x  2 scott users    4096 Feb  6 18:52 tmp
