total 242628
drwxr-xr-x  4 scott users    4096 Jan 17 09:48 .
drwxrwxr-x 11 scott users    4096 Jan 17 08:58 ..
-rw-rw-r--  1 scott users 2375270 Jan 17 09:44 004.000.jpg
-rw-rw-r--  1 scott users 2655808 Jan 17 09:44 004.001.jpg
-rw-rw-r--  1 scott users 2985891 Jan 17 09:44 004.002.jpg
-rw-rw-r--  1 scott users 3768008 Jan 17 09:44 004.003.jpg
-rw-rw-r--  1 scott users 3042016 Jan 17 09:44 004.004.jpg
-rw-rw-r--  1 scott users 3183287 Jan 17 09:44 004.005.jpg
-rw-rw-r--  1 scott users 3332084 Jan 17 09:44 004.006.jpg
-rw-rw-r--  1 scott users 2684710 Jan 17 09:44 004.007.jpg
-rw-rw-r--  1 scott users 2827787 Jan 17 09:44 004.008.jpg
-rw-rw-r--  1 scott users 2369093 Jan 17 09:44 004.009.jpg
-rw-rw-r--  1 scott users 2287089 Jan 17 09:44 004.010.jpg
-rw-rw-r--  1 scott users 2965039 Jan 17 09:44 004.011.jpg
-rw-rw-r--  1 scott users 2063708 Jan 17 09:44 004.012.jpg
-rw-rw-r--  1 scott users 1365354 Jan 17 09:45 004.013.jpg
-rw-rw-r--  1 scott users 1691860 Jan 17 09:45 004.014.jpg
-rw-rw-r--  1 scott users 2386977 Jan 17 09:45 004.015.jpg
-rw-rw-r--  1 scott users 2654063 Jan 17 09:45 004.016.jpg
-rw-rw-r--  1 scott users 2865177 Jan 17 09:45 004.017.jpg
-rw-rw-r--  1 scott users 3713744 Jan 17 09:45 006.000.jpg
-rw-rw-r--  1 scott users 4314471 Jan 17 09:45 006.001.jpg
-rw-rw-r--  1 scott users 5101697 Jan 17 09:45 006.002.jpg
-rw-rw-r--  1 scott users 4894832 Jan 17 09:45 006.003.jpg
-rw-rw-r--  1 scott users 4786127 Jan 17 09:45 006.004.jpg
-rw-rw-r--  1 scott users 4058832 Jan 17 09:45 006.005.jpg
-rw-rw-r--  1 scott users 3463940 Jan 17 09:45 006.006.jpg
-rw-rw-r--  1 scott users 4158566 Jan 17 09:45 006.007.jpg
-rw-rw-r--  1 scott users 2802114 Jan 17 09:45 006.008.jpg
-rw-rw-r--  1 scott users 2324909 Jan 17 09:45 006.009.jpg
-rw-rw-r--  1 scott users 3685894 Jan 17 09:45 006.010.jpg
-rw-rw-r--  1 scott users 4221229 Jan 17 09:45 006.011.jpg
-rw-rw-r--  1 scott users 5038416 Jan 17 09:45 008.000.jpg
-rw-rw-r--  1 scott users 6758913 Jan 17 09:45 008.001.jpg
-rw-rw-r--  1 scott users 6228221 Jan 17 09:45 008.002.jpg
-rw-rw-r--  1 scott users 6016300 Jan 17 09:45 008.003.jpg
-rw-rw-r--  1 scott users 5197303 Jan 17 09:45 008.004.jpg
-rw-rw-r--  1 scott users 5253066 Jan 17 09:45 008.005.jpg
-rw-rw-r--  1 scott users 3440646 Jan 17 09:45 008.006.jpg
-rw-rw-r--  1 scott users 4083432 Jan 17 09:45 008.007.jpg
-rw-rw-r--  1 scott users 5518632 Jan 17 09:45 008.008.jpg
-rw-rw-r--  1 scott users 5622753 Jan 17 09:45 009.000.jpg
-rw-rw-r--  1 scott users 7504724 Jan 17 09:45 009.001.jpg
-rw-rw-r--  1 scott users 7538009 Jan 17 09:45 009.002.jpg
-rw-rw-r--  1 scott users 6205814 Jan 17 09:45 009.003.jpg
-rw-rw-r--  1 scott users 5376450 Jan 17 09:45 009.004.jpg
-rw-rw-r--  1 scott users 5049745 Jan 17 09:45 009.005.jpg
-rw-rw-r--  1 scott users 3987876 Jan 17 09:45 009.006.jpg
-rw-rw-r--  1 scott users 6244359 Jan 17 09:45 009.007.jpg
-rw-rw-r--  1 scott users 2208221 Jan 17 09:46 012.000.jpg
-rw-rw-r--  1 scott users 2642254 Jan 17 09:46 012.001.jpg
-rw-rw-r--  1 scott users 2479826 Jan 17 09:47 012.002.jpg
-rw-rw-r--  1 scott users 2127391 Jan 17 09:47 012.003.jpg
-rw-rw-r--  1 scott users 1477627 Jan 17 09:47 012.004.jpg
-rw-rw-r--  1 scott users 2340034 Jan 17 09:47 012.005.jpg
-rw-rw-r--  1 scott users 3217485 Jan 17 09:46 016.000.jpg
-rw-rw-r--  1 scott users 3348126 Jan 17 09:46 016.001.jpg
-rw-rw-r--  1 scott users 2965385 Jan 17 09:46 016.002.jpg
-rw-rw-r--  1 scott users 2177524 Jan 17 09:46 016.003.jpg
-rw-rw-r--  1 scott users 1946694 Jan 17 09:47 018.000.jpg
-rw-rw-r--  1 scott users 2094603 Jan 17 09:47 018.001.jpg
-rw-rw-r--  1 scott users 1648147 Jan 17 09:47 018.002.jpg
-rw-rw-r--  1 scott users 1741652 Jan 17 09:47 018.003.jpg
-rw-rw-r--  1 scott users 4906111 Jan 17 09:46 024.000.jpg
-rw-rw-r--  1 scott users 4649629 Jan 17 09:46 024.001.jpg
-rw-rw-r--  1 scott users 3848531 Jan 17 09:46 024.002.jpg
-rw-rw-r--  1 scott users 1483026 Jan 17 09:47 024.003.000.jpg
-rw-rw-r--  1 scott users 4037777 Jan 17 09:47 036.000.jpg
-rw-rw-r--  1 scott users 3386548 Jan 17 09:47 036.001.jpg
-rw-rw-r--  1 scott users  849689 Jan 17 09:47 036.002.000.jpg
-rw-rw-r--  1 scott users 2610908 Jan 17 09:48 072.000.jpg
-rw-rw-r--  1 scott users    2093 Jan 17 09:48 aspects.out
-rw-rw-r--  1 scott users     929 Jan 17 09:48 error
-rw-rw-r--  1 scott users       0 Jan 17 09:48 files.out
-rw-rw-r--  1 scott users      49 Nov 18 01:35 meta.ini
drwxr-xr-x  2 scott users    4096 Jan 17 08:56 orig
drwxrwxr-x  2 scott users    4096 Jan 17 09:47 tmp
