total 111200
drwxr-xr-x 4 scott users    4096 Jan 17 00:34 .
drwxrwxr-x 9 scott users    4096 Jan 16 19:38 ..
-rw-rw-r-- 1 scott users 1276187 Jan 16 00:49 004.000.jpg
-rw-rw-r-- 1 scott users 1423792 Jan 16 00:49 004.001.jpg
-rw-rw-r-- 1 scott users 1728396 Jan 16 00:49 004.002.jpg
-rw-rw-r-- 1 scott users 1351278 Jan 16 00:49 004.003.jpg
-rw-rw-r-- 1 scott users  968921 Jan 16 00:49 004.004.jpg
-rw-rw-r-- 1 scott users 1316779 Jan 16 00:49 004.005.jpg
-rw-rw-r-- 1 scott users 1000211 Jan 16 00:49 004.006.jpg
-rw-rw-r-- 1 scott users 1430697 Jan 16 00:49 004.007.jpg
-rw-rw-r-- 1 scott users 1126667 Jan 16 00:49 004.008.jpg
-rw-rw-r-- 1 scott users 1136521 Jan 16 00:49 004.009.jpg
-rw-rw-r-- 1 scott users 1004694 Jan 16 00:49 004.010.jpg
-rw-rw-r-- 1 scott users 1528604 Jan 16 00:49 004.011.jpg
-rw-rw-r-- 1 scott users 1005995 Jan 16 00:49 004.012.jpg
-rw-rw-r-- 1 scott users  926399 Jan 16 00:49 004.013.jpg
-rw-rw-r-- 1 scott users 1435998 Jan 16 00:49 004.014.jpg
-rw-rw-r-- 1 scott users 1124344 Jan 16 00:50 004.015.jpg
-rw-rw-r-- 1 scott users 1115734 Jan 16 00:50 004.016.jpg
-rw-rw-r-- 1 scott users 1486326 Jan 16 00:50 004.017.jpg
-rw-rw-r-- 1 scott users 2041530 Jan 16 00:50 006.000.jpg
-rw-rw-r-- 1 scott users 2386432 Jan 16 00:50 006.001.jpg
-rw-rw-r-- 1 scott users 1778177 Jan 16 00:50 006.002.jpg
-rw-rw-r-- 1 scott users 1859159 Jan 16 00:50 006.003.jpg
-rw-rw-r-- 1 scott users 1651871 Jan 16 00:50 006.004.jpg
-rw-rw-r-- 1 scott users 1909903 Jan 16 00:50 006.005.jpg
-rw-rw-r-- 1 scott users 1656481 Jan 16 00:50 006.006.jpg
-rw-rw-r-- 1 scott users 2025579 Jan 16 00:50 006.007.jpg
-rw-rw-r-- 1 scott users 1483533 Jan 16 00:50 006.008.jpg
-rw-rw-r-- 1 scott users 1888716 Jan 16 00:50 006.009.jpg
-rw-rw-r-- 1 scott users 1623163 Jan 16 00:50 006.010.jpg
-rw-rw-r-- 1 scott users 2106856 Jan 16 00:50 006.011.jpg
-rw-rw-r-- 1 scott users 2703659 Jan 16 00:50 008.000.jpg
-rw-rw-r-- 1 scott users 3083118 Jan 16 00:50 008.001.jpg
-rw-rw-r-- 1 scott users 2286177 Jan 16 00:50 008.002.jpg
-rw-rw-r-- 1 scott users 2434526 Jan 16 00:50 008.003.jpg
-rw-rw-r-- 1 scott users 2262234 Jan 16 00:50 008.004.jpg
-rw-rw-r-- 1 scott users 2546390 Jan 16 00:50 008.005.jpg
-rw-rw-r-- 1 scott users 1933998 Jan 16 00:50 008.006.jpg
-rw-rw-r-- 1 scott users 2563668 Jan 16 00:50 008.007.jpg
-rw-rw-r-- 1 scott users 2610717 Jan 16 00:50 008.008.jpg
-rw-rw-r-- 1 scott users 3348519 Jan 16 00:50 009.000.jpg
-rw-rw-r-- 1 scott users 2860643 Jan 16 00:50 009.001.jpg
-rw-rw-r-- 1 scott users 2529946 Jan 16 00:50 009.002.jpg
-rw-rw-r-- 1 scott users 2893061 Jan 16 00:50 009.003.jpg
-rw-rw-r-- 1 scott users 2681987 Jan 16 00:50 009.004.jpg
-rw-rw-r-- 1 scott users 2487906 Jan 16 00:50 009.005.jpg
-rw-rw-r-- 1 scott users 2532751 Jan 16 00:51 009.006.jpg
-rw-rw-r-- 1 scott users 3093545 Jan 16 00:51 009.007.jpg
-rw-rw-r-- 1 scott users  971121 Jan 16 00:52 012.000.jpg
-rw-rw-r-- 1 scott users  870010 Jan 16 00:52 012.001.jpg
-rw-rw-r-- 1 scott users  825393 Jan 16 00:52 012.002.jpg
-rw-rw-r-- 1 scott users  813999 Jan 16 00:52 012.003.jpg
-rw-rw-r-- 1 scott users  756681 Jan 16 00:52 012.004.jpg
-rw-rw-r-- 1 scott users  831646 Jan 16 00:52 012.005.jpg
-rw-rw-r-- 1 scott users 1291412 Jan 16 00:51 016.000.jpg
-rw-rw-r-- 1 scott users 1118400 Jan 16 00:51 016.001.jpg
-rw-rw-r-- 1 scott users 1070840 Jan 16 00:51 016.002.jpg
-rw-rw-r-- 1 scott users 1008747 Jan 16 00:51 016.003.jpg
-rw-rw-r-- 1 scott users  883762 Jan 16 00:52 018.000.jpg
-rw-rw-r-- 1 scott users  816472 Jan 16 00:52 018.001.jpg
-rw-rw-r-- 1 scott users  729420 Jan 16 00:52 018.002.jpg
-rw-rw-r-- 1 scott users  809237 Jan 16 00:52 018.003.jpg
-rw-rw-r-- 1 scott users 1842380 Jan 16 00:51 024.000.jpg
-rw-rw-r-- 1 scott users 1639695 Jan 16 00:51 024.001.jpg
-rw-rw-r-- 1 scott users 1588642 Jan 16 00:51 024.002.jpg
-rw-rw-r-- 1 scott users  904054 Jan 16 00:53 024.003.000.jpg
-rw-rw-r-- 1 scott users 1700466 Jan 16 00:52 036.000.jpg
-rw-rw-r-- 1 scott users 1539296 Jan 16 00:52 036.001.jpg
-rw-rw-r-- 1 scott users  576219 Jan 16 00:53 036.002.000.jpg
-rw-rw-r-- 1 scott users 1434613 Jan 17 00:34 072.000.jpg
-rw-rw-r-- 1 scott users    2032 Jan 17 00:34 aspects.out
-rwxrwxr-x 1 scott users    5720 Jan 16 17:39 describe.txt
-rw-rw-r-- 1 scott users     929 Jan 17 00:34 error
-rw-rw-r-- 1 scott users       0 Jan 17 00:34 files.out
-rw-rw-r-- 1 scott users      40 Nov 24 14:26 meta.ini
drwxr-xr-x 2 scott users    4096 Jan 16 00:49 orig
drwxrwxr-x 2 scott users    4096 Jan 17 00:34 tmp
