total 22616
drwx--x--x  4 scott users    4096 Jan 19 19:28 .
drwx--x--x 10 scott users    4096 Jan 19 19:24 ..
-rw-rw-r--  1 scott users  996562 Jan 19 19:28 003.000.jpg
-rw-rw-r--  1 scott users 1252649 Jan 19 19:28 003.001.jpg
-rw-rw-r--  1 scott users 1516779 Jan 19 19:28 003.002.jpg
-rw-rw-r--  1 scott users 1322425 Jan 19 19:28 003.003.jpg
-rw-rw-r--  1 scott users 1019557 Jan 19 19:28 003.004.jpg
-rw-rw-r--  1 scott users 1044291 Jan 19 19:28 003.005.jpg
-rw-rw-r--  1 scott users 2255601 Jan 19 19:28 006.000.jpg
-rw-rw-r--  1 scott users 2848266 Jan 19 19:28 006.001.jpg
-rw-rw-r--  1 scott users 2074004 Jan 19 19:28 006.002.jpg
-rw-rw-r--  1 scott users 3822444 Jan 19 19:28 009.000.jpg
-rw-rw-r--  1 scott users 3407690 Jan 19 19:28 009.001.jpg
-rw-rw-r--  1 scott users 1549177 Jan 19 19:28 018.000.jpg
-rw-rw-r--  1 scott users     350 Jan 19 19:28 aspects.out
-rw-rw-r--  1 scott users     929 Jan 19 19:28 error
-rw-rw-r--  1 scott users       0 Jan 19 19:28 files.out
-rw-rw-r--  1 scott users      42 Dec 27 13:31 meta.ini
drwxrwxr-x  2 scott users    4096 Jan 19 19:22 orig
drwxrwxr-x  2 scott users    4096 Jan 19 19:28 tmp
