total 182076
drwx--x--x 4 scott users    4096 Jan 17 00:35 .
drwxrwxr-x 9 scott users    4096 Jan 16 19:38 ..
-rw-rw-r-- 1 scott users 1970941 Jan 16 12:05 004.000.jpg
-rw-rw-r-- 1 scott users 2629962 Jan 16 12:05 004.001.jpg
-rw-rw-r-- 1 scott users 1755159 Jan 16 12:05 004.002.jpg
-rw-rw-r-- 1 scott users 2446756 Jan 16 12:05 004.003.jpg
-rw-rw-r-- 1 scott users 2318672 Jan 16 12:05 004.004.jpg
-rw-rw-r-- 1 scott users 1695583 Jan 16 12:06 004.005.jpg
-rw-rw-r-- 1 scott users 1969000 Jan 16 12:06 004.006.jpg
-rw-rw-r-- 1 scott users 2000926 Jan 16 12:06 004.007.jpg
-rw-rw-r-- 1 scott users 2430668 Jan 16 12:06 004.008.jpg
-rw-rw-r-- 1 scott users 1993411 Jan 16 12:06 004.009.jpg
-rw-rw-r-- 1 scott users 1799304 Jan 16 12:06 004.010.jpg
-rw-rw-r-- 1 scott users 1339473 Jan 16 12:06 004.011.jpg
-rw-rw-r-- 1 scott users 1732509 Jan 16 12:06 004.012.jpg
-rw-rw-r-- 1 scott users 1559000 Jan 16 12:06 004.013.jpg
-rw-rw-r-- 1 scott users 2051086 Jan 16 12:06 004.014.jpg
-rw-rw-r-- 1 scott users 1841513 Jan 16 12:06 004.015.jpg
-rw-rw-r-- 1 scott users 1980959 Jan 16 12:06 004.016.jpg
-rw-rw-r-- 1 scott users 2677573 Jan 16 12:06 004.017.jpg
-rw-rw-r-- 1 scott users 3858110 Jan 16 12:06 006.000.jpg
-rw-rw-r-- 1 scott users 2484148 Jan 16 12:06 006.001.jpg
-rw-rw-r-- 1 scott users 3529362 Jan 16 12:06 006.002.jpg
-rw-rw-r-- 1 scott users 2916786 Jan 16 12:06 006.003.jpg
-rw-rw-r-- 1 scott users 2682822 Jan 16 12:06 006.004.jpg
-rw-rw-r-- 1 scott users 3768392 Jan 16 12:06 006.005.jpg
-rw-rw-r-- 1 scott users 2916084 Jan 16 12:06 006.006.jpg
-rw-rw-r-- 1 scott users 2196317 Jan 16 12:06 006.007.jpg
-rw-rw-r-- 1 scott users 2478710 Jan 16 12:06 006.008.jpg
-rw-rw-r-- 1 scott users 2906796 Jan 16 12:06 006.009.jpg
-rw-rw-r-- 1 scott users 2497114 Jan 16 12:06 006.010.jpg
-rw-rw-r-- 1 scott users 3970684 Jan 16 12:06 006.011.jpg
-rw-rw-r-- 1 scott users 4608746 Jan 16 12:06 008.000.jpg
-rw-rw-r-- 1 scott users 4268065 Jan 16 12:06 008.001.jpg
-rw-rw-r-- 1 scott users 4038786 Jan 16 12:06 008.002.jpg
-rw-rw-r-- 1 scott users 3978219 Jan 16 12:06 008.003.jpg
-rw-rw-r-- 1 scott users 4427684 Jan 16 12:06 008.004.jpg
-rw-rw-r-- 1 scott users 3157104 Jan 16 12:06 008.005.jpg
-rw-rw-r-- 1 scott users 3317692 Jan 16 12:06 008.006.jpg
-rw-rw-r-- 1 scott users 3898001 Jan 16 12:06 008.007.jpg
-rw-rw-r-- 1 scott users 4664109 Jan 16 12:06 008.008.jpg
-rw-rw-r-- 1 scott users 4821997 Jan 16 12:06 009.000.jpg
-rw-rw-r-- 1 scott users 5132681 Jan 16 12:07 009.001.jpg
-rw-rw-r-- 1 scott users 4423867 Jan 16 12:07 009.002.jpg
-rw-rw-r-- 1 scott users 4984934 Jan 16 12:07 009.003.jpg
-rw-rw-r-- 1 scott users 4223692 Jan 16 12:07 009.004.jpg
-rw-rw-r-- 1 scott users 3424236 Jan 16 12:07 009.005.jpg
-rw-rw-r-- 1 scott users 4259289 Jan 16 12:07 009.006.jpg
-rw-rw-r-- 1 scott users 5176042 Jan 16 12:07 009.007.jpg
-rw-rw-r-- 1 scott users 1522601 Jan 16 12:08 012.000.jpg
-rw-rw-r-- 1 scott users 1552365 Jan 16 12:08 012.001.jpg
-rw-rw-r-- 1 scott users 1787927 Jan 16 12:08 012.002.jpg
-rw-rw-r-- 1 scott users 1256980 Jan 16 12:08 012.003.jpg
-rw-rw-r-- 1 scott users 1379755 Jan 16 12:08 012.004.jpg
-rw-rw-r-- 1 scott users 1438336 Jan 16 12:08 012.005.jpg
-rw-rw-r-- 1 scott users 2035594 Jan 16 12:07 016.000.jpg
-rw-rw-r-- 1 scott users 2253465 Jan 16 12:07 016.001.jpg
-rw-rw-r-- 1 scott users 1831181 Jan 16 12:07 016.002.jpg
-rw-rw-r-- 1 scott users 1793119 Jan 16 12:07 016.003.jpg
-rw-rw-r-- 1 scott users 1368324 Jan 16 12:08 018.000.jpg
-rw-rw-r-- 1 scott users 1592646 Jan 16 12:08 018.001.jpg
-rw-rw-r-- 1 scott users 1214682 Jan 16 12:08 018.002.jpg
-rw-rw-r-- 1 scott users 1279812 Jan 16 12:08 018.003.jpg
-rw-rw-r-- 1 scott users 3074859 Jan 16 12:07 024.000.jpg
-rw-rw-r-- 1 scott users 3047304 Jan 16 12:07 024.001.jpg
-rw-rw-r-- 1 scott users 2819218 Jan 16 12:07 024.002.jpg
-rw-rw-r-- 1 scott users 1336902 Jan 16 12:09 024.003.000.jpg
-rw-rw-r-- 1 scott users 2959030 Jan 16 12:08 036.000.jpg
-rw-rw-r-- 1 scott users 2495634 Jan 16 12:08 036.001.jpg
-rw-rw-r-- 1 scott users  820523 Jan 16 12:09 036.002.000.jpg
-rw-rw-r-- 1 scott users 2204798 Jan 17 00:35 072.000.jpg
-rw-rw-r-- 1 scott users    2032 Jan 17 00:35 aspects.out
-rwxrwxr-x 1 scott users    5719 Jan 16 17:39 describe.txt
-rw-rw-r-- 1 scott users     929 Jan 17 00:35 error
-rw-rw-r-- 1 scott users       0 Jan 17 00:35 files.out
-rw-rw-r-- 1 scott users      39 Nov 24 14:27 meta.ini
drwxrwxr-x 2 scott users    4096 Jan 16 11:58 orig
drwxrwxr-x 2 scott users    4096 Jan 17 00:35 tmp
