072.000.jpg 29868 320 93.3375
036.000.jpg 25200 540 46.6667
036.001.jpg 25200 540 46.6667
024.000.jpg 22401 720 31.1125
024.001.jpg 22401 720 31.1125
024.002.jpg 22401 720 31.1125
016.000.jpg 14934 720 20.7417
016.001.jpg 14934 720 20.7417
016.002.jpg 14934 720 20.7417
016.003.jpg 14934 720 20.7417
009.000.jpg 12600 1080 11.6667
009.001.jpg 12600 1080 11.6667
009.002.jpg 12600 1080 11.6667
009.003.jpg 12600 1080 11.6667
009.004.jpg 12600 1080 11.6667
009.005.jpg 12600 1080 11.6667
009.006.jpg 12600 1080 11.6667
009.007.jpg 12600 1080 11.6667
018.000.jpg 12600 540 23.3333
018.001.jpg 12600 540 23.3333
018.002.jpg 12600 540 23.3333
018.003.jpg 12600 540 23.3333
008.000.jpg 11200 1080 10.3704
008.001.jpg 11200 1080 10.3704
008.002.jpg 11200 1080 10.3704
008.003.jpg 11200 1080 10.3704
008.004.jpg 11200 1080 10.3704
008.005.jpg 11200 1080 10.3704
008.006.jpg 11200 1080 10.3704
008.007.jpg 11200 1080 10.3704
008.008.jpg 11200 1080 10.3704
012.000.jpg 11200 720 15.5556
012.001.jpg 11200 720 15.5556
012.002.jpg 11200 720 15.5556
012.003.jpg 11200 720 15.5556
012.004.jpg 11200 720 15.5556
012.005.jpg 11200 720 15.5556
006.000.jpg 8400 1080 7.77778
006.001.jpg 8400 1080 7.77778
006.002.jpg 8400 1080 7.77778
006.003.jpg 8400 1080 7.77778
006.004.jpg 8400 1080 7.77778
006.005.jpg 8400 1080 7.77778
006.006.jpg 8400 1080 7.77778
006.007.jpg 8400 1080 7.77778
006.008.jpg 8400 1080 7.77778
006.009.jpg 8400 1080 7.77778
006.010.jpg 8400 1080 7.77778
006.011.jpg 8400 1080 7.77778
036.002.000.jpg 8400 360 23.3333
024.003.000.jpg 7467 720 10.3708
004.000.jpg 5600 1080 5.18519
004.001.jpg 5600 1080 5.18519
004.002.jpg 5600 1080 5.18519
004.003.jpg 5600 1080 5.18519
004.004.jpg 5600 1080 5.18519
004.005.jpg 5600 1080 5.18519
004.006.jpg 5600 1080 5.18519
004.007.jpg 5600 1080 5.18519
004.008.jpg 5600 1080 5.18519
004.009.jpg 5600 1080 5.18519
004.010.jpg 5600 1080 5.18519
004.011.jpg 5600 1080 5.18519
004.012.jpg 5600 1080 5.18519
004.013.jpg 5600 1080 5.18519
004.014.jpg 5600 1080 5.18519
004.015.jpg 5600 1080 5.18519
004.016.jpg 5600 1080 5.18519
004.017.jpg 5600 1080 5.18519
