total 170324
drwxr-xr-x  4 scott users    4096 Jan 17 09:06 .
drwxrwxr-x 11 scott users    4096 Jan 17 08:58 ..
-rw-rw-r--  1 scott users 1472435 Jan 17 09:03 004.000.jpg
-rw-rw-r--  1 scott users 1767099 Jan 17 09:03 004.001.jpg
-rw-rw-r--  1 scott users 2441670 Jan 17 09:03 004.002.jpg
-rw-rw-r--  1 scott users 1840496 Jan 17 09:03 004.003.jpg
-rw-rw-r--  1 scott users 1969852 Jan 17 09:03 004.004.jpg
-rw-rw-r--  1 scott users 1923855 Jan 17 09:03 004.005.jpg
-rw-rw-r--  1 scott users 1870430 Jan 17 09:03 004.006.jpg
-rw-rw-r--  1 scott users 1791149 Jan 17 09:03 004.007.jpg
-rw-rw-r--  1 scott users 2114513 Jan 17 09:03 004.008.jpg
-rw-rw-r--  1 scott users 1622333 Jan 17 09:03 004.009.jpg
-rw-rw-r--  1 scott users 1955697 Jan 17 09:03 004.010.jpg
-rw-rw-r--  1 scott users 1854947 Jan 17 09:03 004.011.jpg
-rw-rw-r--  1 scott users 1544285 Jan 17 09:03 004.012.jpg
-rw-rw-r--  1 scott users 1647722 Jan 17 09:03 004.013.jpg
-rw-rw-r--  1 scott users 1558110 Jan 17 09:03 004.014.jpg
-rw-rw-r--  1 scott users 1637447 Jan 17 09:03 004.015.jpg
-rw-rw-r--  1 scott users 1887734 Jan 17 09:03 004.016.jpg
-rw-rw-r--  1 scott users 2353875 Jan 17 09:03 004.017.jpg
-rw-rw-r--  1 scott users 2359541 Jan 17 09:04 006.000.jpg
-rw-rw-r--  1 scott users 3330364 Jan 17 09:04 006.001.jpg
-rw-rw-r--  1 scott users 2687147 Jan 17 09:04 006.002.jpg
-rw-rw-r--  1 scott users 3052457 Jan 17 09:04 006.003.jpg
-rw-rw-r--  1 scott users 2686897 Jan 17 09:04 006.004.jpg
-rw-rw-r--  1 scott users 3090877 Jan 17 09:04 006.005.jpg
-rw-rw-r--  1 scott users 2711201 Jan 17 09:04 006.006.jpg
-rw-rw-r--  1 scott users 2723639 Jan 17 09:04 006.007.jpg
-rw-rw-r--  1 scott users 2299866 Jan 17 09:04 006.008.jpg
-rw-rw-r--  1 scott users 2448200 Jan 17 09:04 006.009.jpg
-rw-rw-r--  1 scott users 2580845 Jan 17 09:04 006.010.jpg
-rw-rw-r--  1 scott users 3299890 Jan 17 09:04 006.011.jpg
-rw-rw-r--  1 scott users 3242721 Jan 17 09:04 008.000.jpg
-rw-rw-r--  1 scott users 4286147 Jan 17 09:04 008.001.jpg
-rw-rw-r--  1 scott users 3902665 Jan 17 09:04 008.002.jpg
-rw-rw-r--  1 scott users 3662455 Jan 17 09:04 008.003.jpg
-rw-rw-r--  1 scott users 3742436 Jan 17 09:04 008.004.jpg
-rw-rw-r--  1 scott users 3810711 Jan 17 09:04 008.005.jpg
-rw-rw-r--  1 scott users 3191809 Jan 17 09:04 008.006.jpg
-rw-rw-r--  1 scott users 3195978 Jan 17 09:04 008.007.jpg
-rw-rw-r--  1 scott users 4243716 Jan 17 09:04 008.008.jpg
-rw-rw-r--  1 scott users 4111570 Jan 17 09:04 009.000.jpg
-rw-rw-r--  1 scott users 4265454 Jan 17 09:04 009.001.jpg
-rw-rw-r--  1 scott users 4476335 Jan 17 09:04 009.002.jpg
-rw-rw-r--  1 scott users 4355747 Jan 17 09:04 009.003.jpg
-rw-rw-r--  1 scott users 4013502 Jan 17 09:04 009.004.jpg
-rw-rw-r--  1 scott users 3732326 Jan 17 09:04 009.005.jpg
-rw-rw-r--  1 scott users 3626123 Jan 17 09:04 009.006.jpg
-rw-rw-r--  1 scott users 4703080 Jan 17 09:04 009.007.jpg
-rw-rw-r--  1 scott users 1588615 Jan 17 09:05 012.000.jpg
-rw-rw-r--  1 scott users 1575219 Jan 17 09:05 012.001.jpg
-rw-rw-r--  1 scott users 1699033 Jan 17 09:05 012.002.jpg
-rw-rw-r--  1 scott users 1496915 Jan 17 09:05 012.003.jpg
-rw-rw-r--  1 scott users 1350210 Jan 17 09:05 012.004.jpg
-rw-rw-r--  1 scott users 1626918 Jan 17 09:05 012.005.jpg
-rw-rw-r--  1 scott users 2117680 Jan 17 09:05 016.000.jpg
-rw-rw-r--  1 scott users 2157596 Jan 17 09:05 016.001.jpg
-rw-rw-r--  1 scott users 2113724 Jan 17 09:05 016.002.jpg
-rw-rw-r--  1 scott users 1830377 Jan 17 09:05 016.003.jpg
-rw-rw-r--  1 scott users 1314541 Jan 17 09:06 018.000.jpg
-rw-rw-r--  1 scott users 1423237 Jan 17 09:06 018.001.jpg
-rw-rw-r--  1 scott users 1210160 Jan 17 09:06 018.002.jpg
-rw-rw-r--  1 scott users 1299221 Jan 17 09:06 018.003.jpg
-rw-rw-r--  1 scott users 3192485 Jan 17 09:05 024.000.jpg
-rw-rw-r--  1 scott users 3207259 Jan 17 09:05 024.001.jpg
-rw-rw-r--  1 scott users 2994283 Jan 17 09:05 024.002.jpg
-rw-rw-r--  1 scott users 1123016 Jan 17 09:06 024.003.000.jpg
-rw-rw-r--  1 scott users 2734691 Jan 17 09:06 036.000.jpg
-rw-rw-r--  1 scott users 2505798 Jan 17 09:06 036.001.jpg
-rw-rw-r--  1 scott users  675997 Jan 17 09:06 036.002.000.jpg
-rw-rw-r--  1 scott users 1906376 Jan 17 09:06 072.000.jpg
-rw-rw-r--  1 scott users    2093 Jan 17 09:06 aspects.out
-rw-rw-r--  1 scott users     929 Jan 17 09:06 error
-rw-rw-r--  1 scott users       0 Jan 17 09:06 files.out
-rw-rw-r--  1 scott users      42 Nov 24 16:34 meta.ini
drwxr-xr-x  2 scott users    4096 Jan 17 08:54 orig
drwxrwxr-x  2 scott users    4096 Jan 17 09:06 tmp
