144.000.jpg 37040 180 205.778
036.000.jpg 27784 540 51.4519
036.001.jpg 27784 540 51.4519
036.002.jpg 27784 540 51.4519
036.003.jpg 27784 540 51.4519
072.000.jpg 24696 240 102.9
072.001.jpg 24696 240 102.9
018.000.jpg 13892 540 25.7259
018.001.jpg 13892 540 25.7259
018.002.jpg 13892 540 25.7259
018.003.jpg 13892 540 25.7259
018.004.jpg 13892 540 25.7259
018.005.jpg 13892 540 25.7259
018.006.jpg 13892 540 25.7259
018.007.jpg 13892 540 25.7259
012.000.jpg 12348 720 17.15
012.001.jpg 12348 720 17.15
012.002.jpg 12348 720 17.15
012.003.jpg 12348 720 17.15
012.004.jpg 12348 720 17.15
012.005.jpg 12348 720 17.15
012.006.jpg 12348 720 17.15
012.007.jpg 12348 720 17.15
012.008.jpg 12348 720 17.15
012.009.jpg 12348 720 17.15
012.010.jpg 12348 720 17.15
012.011.jpg 12348 720 17.15
009.000.jpg 9261 720 12.8625
009.001.jpg 9261 720 12.8625
009.002.jpg 9261 720 12.8625
009.003.jpg 9261 720 12.8625
009.004.jpg 9261 720 12.8625
009.005.jpg 9261 720 12.8625
009.006.jpg 9261 720 12.8625
009.007.jpg 9261 720 12.8625
009.008.jpg 9261 720 12.8625
009.009.jpg 9261 720 12.8625
009.010.jpg 9261 720 12.8625
009.011.jpg 9261 720 12.8625
009.012.jpg 9261 720 12.8625
009.013.jpg 9261 720 12.8625
009.014.jpg 9261 720 12.8625
009.015.jpg 9261 720 12.8625
006.000.jpg 6174 720 8.575
006.001.jpg 6174 720 8.575
006.002.jpg 6174 720 8.575
006.003.jpg 6174 720 8.575
006.004.jpg 6174 720 8.575
006.005.jpg 6174 720 8.575
006.006.jpg 6174 720 8.575
006.007.jpg 6174 720 8.575
006.008.jpg 6174 720 8.575
006.009.jpg 6174 720 8.575
006.010.jpg 6174 720 8.575
006.011.jpg 6174 720 8.575
006.012.jpg 6174 720 8.575
006.013.jpg 6174 720 8.575
006.014.jpg 6174 720 8.575
006.015.jpg 6174 720 8.575
006.016.jpg 6174 720 8.575
006.017.jpg 6174 720 8.575
006.018.jpg 6174 720 8.575
006.019.jpg 6174 720 8.575
006.020.jpg 6174 720 8.575
006.021.jpg 6174 720 8.575
006.022.jpg 6174 720 8.575
006.023.jpg 6174 720 8.575
