total 64520
drwxrwxr-x 3 scott users    4096 Jan 29 15:47 .
drwxr-xr-x 5 scott users    4096 Jan 28 10:22 ..
-rw-rw-r-- 1 scott users  547369 Jan 17 14:34 006.000.jpg
-rw-rw-r-- 1 scott users  577311 Jan 17 14:34 006.001.jpg
-rw-rw-r-- 1 scott users  617068 Jan 17 14:34 006.002.jpg
-rw-rw-r-- 1 scott users  632584 Jan 17 14:34 006.003.jpg
-rw-rw-r-- 1 scott users  628704 Jan 17 14:34 006.004.jpg
-rw-rw-r-- 1 scott users  623694 Jan 17 14:34 006.005.jpg
-rw-rw-r-- 1 scott users  574070 Jan 17 14:34 006.006.jpg
-rw-rw-r-- 1 scott users  467186 Jan 17 14:34 006.007.jpg
-rw-rw-r-- 1 scott users  510150 Jan 17 14:34 006.008.jpg
-rw-rw-r-- 1 scott users  573010 Jan 17 14:34 006.009.jpg
-rw-rw-r-- 1 scott users  485031 Jan 17 14:34 006.010.jpg
-rw-rw-r-- 1 scott users  480767 Jan 17 14:34 006.011.jpg
-rw-rw-r-- 1 scott users  622760 Jan 17 14:34 006.012.jpg
-rw-rw-r-- 1 scott users  574528 Jan 17 14:34 006.013.jpg
-rw-rw-r-- 1 scott users  559356 Jan 17 14:34 006.014.jpg
-rw-rw-r-- 1 scott users  579081 Jan 17 14:34 006.015.jpg
-rw-rw-r-- 1 scott users  558236 Jan 17 14:34 006.016.jpg
-rw-rw-r-- 1 scott users  538558 Jan 17 14:34 006.017.jpg
-rw-rw-r-- 1 scott users  508737 Jan 17 14:34 006.018.jpg
-rw-rw-r-- 1 scott users  537104 Jan 17 14:34 006.019.jpg
-rw-rw-r-- 1 scott users  536374 Jan 17 14:34 006.020.jpg
-rw-rw-r-- 1 scott users  560573 Jan 17 14:34 006.021.jpg
-rw-rw-r-- 1 scott users  576475 Jan 17 14:34 006.022.jpg
-rw-rw-r-- 1 scott users  602107 Jan 17 14:34 006.023.jpg
-rw-rw-r-- 1 scott users  872388 Jan 17 14:34 009.000.jpg
-rw-rw-r-- 1 scott users  877340 Jan 17 14:34 009.001.jpg
-rw-rw-r-- 1 scott users  941868 Jan 17 14:34 009.002.jpg
-rw-rw-r-- 1 scott users  948904 Jan 17 14:34 009.003.jpg
-rw-rw-r-- 1 scott users  781733 Jan 17 14:34 009.004.jpg
-rw-rw-r-- 1 scott users  766690 Jan 17 14:34 009.005.jpg
-rw-rw-r-- 1 scott users  825786 Jan 17 14:34 009.006.jpg
-rw-rw-r-- 1 scott users  715276 Jan 17 14:34 009.007.jpg
-rw-rw-r-- 1 scott users  888157 Jan 17 14:34 009.008.jpg
-rw-rw-r-- 1 scott users  871585 Jan 17 14:34 009.009.jpg
-rw-rw-r-- 1 scott users  868117 Jan 17 14:34 009.010.jpg
-rw-rw-r-- 1 scott users  806764 Jan 17 14:34 009.011.jpg
-rw-rw-r-- 1 scott users  759996 Jan 17 14:35 009.012.jpg
-rw-rw-r-- 1 scott users  816645 Jan 17 14:35 009.013.jpg
-rw-rw-r-- 1 scott users  854606 Jan 17 14:35 009.014.jpg
-rw-rw-r-- 1 scott users  875001 Jan 17 14:35 009.015.jpg
-rw-rw-r-- 1 scott users 1128648 Jan 29 15:43 012.000.jpg
-rw-rw-r-- 1 scott users 1254126 Jan 29 15:43 012.001.jpg
-rw-rw-r-- 1 scott users 1255638 Jan 29 15:43 012.002.jpg
-rw-rw-r-- 1 scott users 1044928 Jan 17 14:55 012.003.jpg
-rw-rw-r-- 1 scott users 1086052 Jan 17 14:55 012.004.jpg
-rw-rw-r-- 1 scott users  968347 Jan 17 14:55 012.005.jpg
-rw-rw-r-- 1 scott users 1202691 Jan 17 14:55 012.006.jpg
-rw-rw-r-- 1 scott users 1142035 Jan 17 14:55 012.007.jpg
-rw-rw-r-- 1 scott users 1097559 Jan 17 14:55 012.008.jpg
-rw-rw-r-- 1 scott users 1045454 Jan 17 14:55 012.009.jpg
-rw-rw-r-- 1 scott users 1099463 Jan 17 14:55 012.010.jpg
-rw-rw-r-- 1 scott users 1182626 Jan 17 14:55 012.011.jpg
-rw-rw-r-- 1 scott users 1130245 Jan 17 14:35 018.000.jpg
-rw-rw-r-- 1 scott users 1205393 Jan 17 14:35 018.001.jpg
-rw-rw-r-- 1 scott users  991808 Jan 17 14:35 018.002.jpg
-rw-rw-r-- 1 scott users  977773 Jan 17 14:35 018.003.jpg
-rw-rw-r-- 1 scott users 1123524 Jan 17 14:35 018.004.jpg
-rw-rw-r-- 1 scott users 1065785 Jan 17 14:35 018.005.jpg
-rw-rw-r-- 1 scott users 1003076 Jan 17 14:35 018.006.jpg
-rw-rw-r-- 1 scott users 1095930 Jan 17 14:35 018.007.jpg
-rw-rw-r-- 1 scott users 3070393 Jan 29 15:47 036.000.jpg
-rw-rw-r-- 1 scott users 2623761 Jan 29 15:47 036.001.jpg
-rw-rw-r-- 1 scott users 2905356 Jan 29 15:47 036.002.jpg
-rw-rw-r-- 1 scott users 2796208 Jan 29 15:47 036.003.jpg
-rw-rw-r-- 1 scott users 1662251 Jan 29 15:47 072.000.jpg
-rw-rw-r-- 1 scott users 1676814 Jan 29 15:47 072.001.jpg
-rw-rw-r-- 1 scott users 2117401 Jan 29 15:47 144.000.jpg
-rw-rw-r-- 1 scott users    1894 Jan 29 15:47 aspects.out
-rw-rw-r-- 1 scott users   10582 Jan 19 09:55 describe.txt
-rw-rw-r-- 1 scott users   10701 Jan 26 19:50 div.out
-rw-rw-r-- 1 scott users     929 Jan 29 15:47 error
-rw-rw-r-- 1 scott users       0 Jan 29 15:47 files.out
-rw-rw-r-- 1 scott users      35 Jan 17 14:40 meta.ini
drwxrwxr-x 2 scott users    4096 Jan 29 15:44 tmp
