total 22356
drwx--x--x  4 scott users    4096 Feb  6 18:53 .
drwxrwxr-x 22 scott users    4096 Feb  5 14:09 ..
-rw-rw-r--  1 scott users 1210099 Feb  6 18:53 003.000.jpg
-rw-rw-r--  1 scott users 1715558 Feb  6 18:53 003.001.jpg
-rw-rw-r--  1 scott users 1831947 Feb  6 18:53 003.002.jpg
-rw-rw-r--  1 scott users 1092731 Feb  6 18:53 003.003.jpg
-rw-rw-r--  1 scott users 1401614 Feb  6 18:53 003.004.jpg
-rw-rw-r--  1 scott users 1947496 Feb  6 18:53 003.005.jpg
-rw-rw-r--  1 scott users 2938841 Feb  6 18:53 006.000.jpg
-rw-rw-r--  1 scott users 2930188 Feb  6 18:53 006.001.jpg
-rw-rw-r--  1 scott users 3356670 Feb  6 18:53 006.002.jpg
-rw-rw-r--  1 scott users 1062150 Feb  6 18:53 009.000.jpg
-rw-rw-r--  1 scott users  898930 Feb  6 18:53 009.001.jpg
lrwxrwxrwx  1 scott users      11 Feb  5 19:35 012.000.jpg -> 006.000.jpg
lrwxrwxrwx  1 scott users      11 Feb  5 19:35 012.001.jpg -> 006.001.jpg
lrwxrwxrwx  1 scott users      11 Feb  5 19:35 012.002.jpg -> 006.002.jpg
-rw-rw-r--  1 scott users  909763 Feb  5 14:42 240.240.gif
-rw-rw-r--  1 scott users 1533213 Feb  5 14:41 420.240.gif
-rw-rw-r--  1 scott users    1336 Feb  6 18:53 aspects.out
-rw-rw-r--  1 scott users    1489 Feb  6 18:48 div.out
-rw-rw-r--  1 scott users     744 Feb  6 18:53 error
-rw-rw-r--  1 scott users       0 Feb  6 18:53 files.out
-rw-rw-r--  1 scott users      27 Jan 27 18:00 meta.ini
drwxrwxr-x  2 scott users    4096 Jan 27 18:55 orig
drwxrwxr-x  2 scott users    4096 Feb  6 18:53 tmp
