total 213056
drwxr-xr-x 4 scott users   12288 Jan 17 00:39 .
drwxrwxr-x 9 scott users    4096 Jan 16 19:37 ..
-rw-rw-r-- 1 scott users 2918912 Jan 16 19:02 004.000.jpg
-rw-rw-r-- 1 scott users 1868104 Jan 16 19:03 004.001.jpg
-rw-rw-r-- 1 scott users 3286210 Jan 16 19:03 004.002.jpg
-rw-rw-r-- 1 scott users 2070333 Jan 16 19:03 004.003.jpg
-rw-rw-r-- 1 scott users 2337467 Jan 16 19:03 004.004.jpg
-rw-rw-r-- 1 scott users 2829130 Jan 16 19:03 004.005.jpg
-rw-rw-r-- 1 scott users 2570878 Jan 16 19:03 004.006.jpg
-rw-rw-r-- 1 scott users 2074155 Jan 16 19:03 004.007.jpg
-rw-rw-r-- 1 scott users 2289704 Jan 16 19:03 004.008.jpg
-rw-rw-r-- 1 scott users 2994705 Jan 16 19:03 004.009.jpg
-rw-rw-r-- 1 scott users 2387011 Jan 16 19:03 004.010.jpg
-rw-rw-r-- 1 scott users 2369204 Jan 16 19:03 004.011.jpg
-rw-rw-r-- 1 scott users 2244977 Jan 16 19:03 004.012.jpg
-rw-rw-r-- 1 scott users 1804980 Jan 16 19:03 004.013.jpg
-rw-rw-r-- 1 scott users 1950438 Jan 16 19:03 004.014.jpg
-rw-rw-r-- 1 scott users 2167722 Jan 16 19:03 004.015.jpg
-rw-rw-r-- 1 scott users 2404272 Jan 16 19:03 004.016.jpg
-rw-rw-r-- 1 scott users 1958127 Jan 16 19:03 004.017.jpg
-rw-rw-r-- 1 scott users 3946850 Jan 16 19:03 006.000.jpg
-rw-rw-r-- 1 scott users 4136754 Jan 16 19:03 006.001.jpg
-rw-rw-r-- 1 scott users 3186893 Jan 16 19:03 006.002.jpg
-rw-rw-r-- 1 scott users 4051033 Jan 16 19:03 006.003.jpg
-rw-rw-r-- 1 scott users 3651002 Jan 16 19:03 006.004.jpg
-rw-rw-r-- 1 scott users 3287447 Jan 16 19:03 006.005.jpg
-rw-rw-r-- 1 scott users 4168617 Jan 16 19:03 006.006.jpg
-rw-rw-r-- 1 scott users 3612317 Jan 16 19:03 006.007.jpg
-rw-rw-r-- 1 scott users 3134785 Jan 16 19:03 006.008.jpg
-rw-rw-r-- 1 scott users 2875683 Jan 16 19:03 006.009.jpg
-rw-rw-r-- 1 scott users 3550825 Jan 16 19:03 006.010.jpg
-rw-rw-r-- 1 scott users 2996610 Jan 16 19:03 006.011.jpg
-rw-rw-r-- 1 scott users 4799448 Jan 16 19:03 008.000.jpg
-rw-rw-r-- 1 scott users 5364361 Jan 16 19:03 008.001.jpg
-rw-rw-r-- 1 scott users 5169342 Jan 16 19:03 008.002.jpg
-rw-rw-r-- 1 scott users 4649277 Jan 16 19:03 008.003.jpg
-rw-rw-r-- 1 scott users 5299537 Jan 16 19:03 008.004.jpg
-rw-rw-r-- 1 scott users 4785854 Jan 16 19:03 008.005.jpg
-rw-rw-r-- 1 scott users 4050367 Jan 16 19:03 008.006.jpg
-rw-rw-r-- 1 scott users 4140011 Jan 16 19:04 008.007.jpg
-rw-rw-r-- 1 scott users 4386184 Jan 16 19:04 008.008.jpg
-rw-rw-r-- 1 scott users 5538553 Jan 16 19:04 009.000.jpg
-rw-rw-r-- 1 scott users 5747334 Jan 16 19:04 009.001.jpg
-rw-rw-r-- 1 scott users 5968216 Jan 16 19:04 009.002.jpg
-rw-rw-r-- 1 scott users 5027404 Jan 16 19:04 009.003.jpg
-rw-rw-r-- 1 scott users 6146525 Jan 16 19:04 009.004.jpg
-rw-rw-r-- 1 scott users 4758951 Jan 16 19:04 009.005.jpg
-rw-rw-r-- 1 scott users 4584513 Jan 16 19:04 009.006.jpg
-rw-rw-r-- 1 scott users 4851318 Jan 16 19:04 009.007.jpg
-rw-rw-r-- 1 scott users 1876234 Jan 16 19:05 012.000.jpg
-rw-rw-r-- 1 scott users 1688624 Jan 16 19:05 012.001.jpg
-rw-rw-r-- 1 scott users 1714228 Jan 16 19:05 012.002.jpg
-rw-rw-r-- 1 scott users 1840719 Jan 16 19:05 012.003.jpg
-rw-rw-r-- 1 scott users 1454839 Jan 16 19:05 012.004.jpg
-rw-rw-r-- 1 scott users 1545325 Jan 16 19:05 012.005.jpg
-rw-rw-r-- 1 scott users 2396507 Jan 16 19:04 016.000.jpg
-rw-rw-r-- 1 scott users 2279365 Jan 16 19:04 016.001.jpg
-rw-rw-r-- 1 scott users 2444416 Jan 16 19:04 016.002.jpg
-rw-rw-r-- 1 scott users 1968957 Jan 16 19:04 016.003.jpg
-rw-rw-r-- 1 scott users 1661825 Jan 16 19:05 018.000.jpg
-rw-rw-r-- 1 scott users 1693865 Jan 16 19:05 018.001.jpg
-rw-rw-r-- 1 scott users 1598366 Jan 16 19:05 018.002.jpg
-rw-rw-r-- 1 scott users 1426035 Jan 16 19:05 018.003.jpg
-rw-rw-r-- 1 scott users 3567168 Jan 16 19:04 024.000.jpg
-rw-rw-r-- 1 scott users 3554886 Jan 16 19:04 024.001.jpg
-rw-rw-r-- 1 scott users 3003840 Jan 16 19:04 024.002.jpg
-rw-rw-r-- 1 scott users 1695759 Jan 16 19:06 024.003.000.jpg
-rw-rw-r-- 1 scott users 3355005 Jan 16 19:06 036.000.jpg
-rw-rw-r-- 1 scott users 3024336 Jan 16 19:06 036.001.jpg
-rw-rw-r-- 1 scott users 1055890 Jan 16 19:06 036.002.000.jpg
-rw-rw-r-- 1 scott users 2727985 Jan 17 00:39 072.000.jpg
-rw-rw-r-- 1 scott users    2032 Jan 17 00:39 aspects.out
-rwxrwxr-x 1 scott users    5720 Jan 16 19:06 describe.txt
-rw-rw-r-- 1 scott users     929 Jan 17 00:39 error
-rw-rw-r-- 1 scott users       0 Jan 17 00:39 files.out
-rw-rw-r-- 1 scott users      41 Nov 24 14:31 meta.ini
drwxr-xr-x 2 scott users    4096 Jan 16 19:02 orig
drwxrwxr-x 2 scott users    4096 Jan 17 00:39 tmp
