total 57496
drwx--x--x  4 scott users    4096 Jan 18 20:05 .
drwxrwx--x 17 scott users    4096 Jan 18 19:11 ..
-rw-rw-r--  1 scott users 1763339 Jan 18 20:04 004.000.jpg
-rw-rw-r--  1 scott users 1930465 Jan 18 20:04 004.001.jpg
-rw-rw-r--  1 scott users 1685119 Jan 18 20:04 004.002.jpg
-rw-rw-r--  1 scott users 2065837 Jan 18 20:04 004.003.jpg
-rw-rw-r--  1 scott users 1830951 Jan 18 20:04 004.004.jpg
-rw-rw-r--  1 scott users 1574776 Jan 18 20:04 004.005.jpg
-rw-rw-r--  1 scott users 1388587 Jan 18 20:04 004.006.jpg
-rw-rw-r--  1 scott users 1892860 Jan 18 20:04 004.007.jpg
-rw-rw-r--  1 scott users 2455582 Jan 18 20:04 004.008.jpg
-rw-rw-r--  1 scott users 2485775 Jan 18 20:04 006.000.jpg
-rw-rw-r--  1 scott users 2936114 Jan 18 20:04 006.001.jpg
-rw-rw-r--  1 scott users 2723715 Jan 18 20:04 006.002.jpg
-rw-rw-r--  1 scott users 2760519 Jan 18 20:04 006.003.jpg
-rw-rw-r--  1 scott users 2532390 Jan 18 20:04 006.004.jpg
-rw-rw-r--  1 scott users 3269398 Jan 18 20:04 006.005.jpg
-rw-rw-r--  1 scott users 4036808 Jan 18 20:04 009.000.jpg
-rw-rw-r--  1 scott users 4115714 Jan 18 20:04 009.001.jpg
-rw-rw-r--  1 scott users 4017780 Jan 18 20:04 009.002.jpg
-rw-rw-r--  1 scott users 4566326 Jan 18 20:04 009.003.jpg
-rw-rw-r--  1 scott users 1319401 Jan 18 20:05 012.000.jpg
-rw-rw-r--  1 scott users 1328253 Jan 18 20:05 012.001.jpg
-rw-rw-r--  1 scott users 1301679 Jan 18 20:05 012.002.jpg
-rw-rw-r--  1 scott users 1209293 Jan 18 20:05 018.000.jpg
-rw-rw-r--  1 scott users 1196935 Jan 18 20:05 018.001.jpg
-rw-rw-r--  1 scott users 2407964 Jan 18 20:05 036.000.jpg
-rw-rw-r--  1 scott users     725 Jan 18 20:05 aspects.out
-rw-rw-r--  1 scott users     929 Jan 18 20:05 error
-rw-rw-r--  1 scott users       0 Jan 18 20:05 files.out
-rw-rw-r--  1 scott users      41 Nov 24 10:54 meta.ini
drwxrwxr-x  2 scott users    4096 Jan 18 20:04 orig
drwxrwxr-x  2 scott users    4096 Jan 18 20:05 tmp
