total 195344
drwxr-xr-x  4 scott users    4096 Jan 17 00:43 .
drwxrwxr-x 27 scott users    4096 Jan 16 21:35 ..
-rw-rw-r--  1 scott users 2328379 Jan 16 21:31 004.000.jpg
-rw-rw-r--  1 scott users 1651912 Jan 16 21:31 004.001.jpg
-rw-rw-r--  1 scott users 2172273 Jan 16 21:31 004.002.jpg
-rw-rw-r--  1 scott users 2397314 Jan 16 21:31 004.003.jpg
-rw-rw-r--  1 scott users 2706229 Jan 16 21:31 004.004.jpg
-rw-rw-r--  1 scott users 1795416 Jan 16 21:31 004.005.jpg
-rw-rw-r--  1 scott users 1610197 Jan 16 21:31 004.006.jpg
-rw-rw-r--  1 scott users 1876087 Jan 16 21:31 004.007.jpg
-rw-rw-r--  1 scott users 1541060 Jan 16 21:31 004.008.jpg
-rw-rw-r--  1 scott users 1805360 Jan 16 21:31 004.009.jpg
-rw-rw-r--  1 scott users 2795492 Jan 16 21:31 004.010.jpg
-rw-rw-r--  1 scott users 2474561 Jan 16 21:31 004.011.jpg
-rw-rw-r--  1 scott users 1739877 Jan 16 21:31 004.012.jpg
-rw-rw-r--  1 scott users 2220102 Jan 16 21:31 004.013.jpg
-rw-rw-r--  1 scott users 2407824 Jan 16 21:31 004.014.jpg
-rw-rw-r--  1 scott users 2020224 Jan 16 21:31 004.015.jpg
-rw-rw-r--  1 scott users 2576743 Jan 16 21:31 004.016.jpg
-rw-rw-r--  1 scott users 1744529 Jan 16 21:31 004.017.jpg
-rw-rw-r--  1 scott users 2999366 Jan 16 21:31 006.000.jpg
-rw-rw-r--  1 scott users 3168323 Jan 16 21:31 006.001.jpg
-rw-rw-r--  1 scott users 3694555 Jan 16 21:31 006.002.jpg
-rw-rw-r--  1 scott users 3208039 Jan 16 21:31 006.003.jpg
-rw-rw-r--  1 scott users 2602327 Jan 16 21:31 006.004.jpg
-rw-rw-r--  1 scott users 2431398 Jan 16 21:31 006.005.jpg
-rw-rw-r--  1 scott users 3743931 Jan 16 21:31 006.006.jpg
-rw-rw-r--  1 scott users 3346948 Jan 16 21:31 006.007.jpg
-rw-rw-r--  1 scott users 2962973 Jan 16 21:31 006.008.jpg
-rw-rw-r--  1 scott users 3409664 Jan 16 21:31 006.009.jpg
-rw-rw-r--  1 scott users 3150665 Jan 16 21:31 006.010.jpg
-rw-rw-r--  1 scott users 3200048 Jan 16 21:31 006.011.jpg
-rw-rw-r--  1 scott users 3990858 Jan 16 21:31 008.000.jpg
-rw-rw-r--  1 scott users 4571604 Jan 16 21:31 008.001.jpg
-rw-rw-r--  1 scott users 4508340 Jan 16 21:32 008.002.jpg
-rw-rw-r--  1 scott users 3491724 Jan 16 21:32 008.003.jpg
-rw-rw-r--  1 scott users 3350403 Jan 16 21:32 008.004.jpg
-rw-rw-r--  1 scott users 5283496 Jan 16 21:32 008.005.jpg
-rw-rw-r--  1 scott users 3962861 Jan 16 21:32 008.006.jpg
-rw-rw-r--  1 scott users 4435165 Jan 16 21:32 008.007.jpg
-rw-rw-r--  1 scott users 4330498 Jan 16 21:32 008.008.jpg
-rw-rw-r--  1 scott users 4716469 Jan 16 21:32 009.000.jpg
-rw-rw-r--  1 scott users 5148284 Jan 16 21:32 009.001.jpg
-rw-rw-r--  1 scott users 4387068 Jan 16 21:32 009.002.jpg
-rw-rw-r--  1 scott users 3854799 Jan 16 21:32 009.003.jpg
-rw-rw-r--  1 scott users 5093421 Jan 16 21:32 009.004.jpg
-rw-rw-r--  1 scott users 4971991 Jan 16 21:32 009.005.jpg
-rw-rw-r--  1 scott users 4704819 Jan 16 21:32 009.006.jpg
-rw-rw-r--  1 scott users 5062090 Jan 16 21:32 009.007.jpg
-rw-rw-r--  1 scott users 1772005 Jan 16 21:33 012.000.jpg
-rw-rw-r--  1 scott users 1893108 Jan 16 21:33 012.001.jpg
-rw-rw-r--  1 scott users 1375832 Jan 16 21:33 012.002.jpg
-rw-rw-r--  1 scott users 2015341 Jan 16 21:33 012.003.jpg
-rw-rw-r--  1 scott users 1834106 Jan 16 21:33 012.004.jpg
-rw-rw-r--  1 scott users 1830346 Jan 16 21:33 012.005.jpg
-rw-rw-r--  1 scott users 2412705 Jan 16 21:33 016.000.jpg
-rw-rw-r--  1 scott users 2205019 Jan 16 21:33 016.001.jpg
-rw-rw-r--  1 scott users 2441488 Jan 16 21:33 016.002.jpg
-rw-rw-r--  1 scott users 2428284 Jan 16 21:33 016.003.jpg
-rw-rw-r--  1 scott users 1623653 Jan 16 21:34 018.000.jpg
-rw-rw-r--  1 scott users 1360630 Jan 16 21:34 018.001.jpg
-rw-rw-r--  1 scott users 1712613 Jan 16 21:34 018.002.jpg
-rw-rw-r--  1 scott users 1620550 Jan 16 21:34 018.003.jpg
-rw-rw-r--  1 scott users 3664799 Jan 16 21:33 024.000.jpg
-rw-rw-r--  1 scott users 3394523 Jan 16 21:33 024.001.jpg
-rw-rw-r--  1 scott users 3663552 Jan 16 21:33 024.002.jpg
-rw-rw-r--  1 scott users 1403259 Jan 16 21:34 024.003.000.jpg
-rw-rw-r--  1 scott users 2984913 Jan 16 21:34 036.000.jpg
-rw-rw-r--  1 scott users 3334246 Jan 16 21:34 036.001.jpg
-rw-rw-r--  1 scott users  837203 Jan 16 21:34 036.002.000.jpg
-rw-rw-r--  1 scott users 2386519 Jan 17 00:43 072.000.jpg
-rw-rw-r--  1 scott users    2032 Jan 17 00:43 aspects.out
-rwxrwxr-x  1 scott users    5720 Jan 16 21:35 describe.txt
-rw-rw-r--  1 scott users     929 Jan 17 00:43 error
-rw-rw-r--  1 scott users       0 Jan 17 00:43 files.out
-rw-rw-r--  1 scott users      40 Nov 24 14:40 meta.ini
drwxr-xr-x  2 scott users    4096 Jan 16 21:31 orig
drwxrwxr-x  2 scott users    4096 Jan 17 00:43 tmp
