total 344876
drwxr-xr-x  4 scott users     4096 Jan 23 22:44 .
drwxrwxr-x 10 scott users     4096 Jan 23 19:55 ..
-rw-rw-r--  1 scott users  4018298 Jan 23 22:37 004.000.jpg
-rw-rw-r--  1 scott users  3941600 Jan 23 22:37 004.001.jpg
-rw-rw-r--  1 scott users  3873936 Jan 23 22:37 004.002.jpg
-rw-rw-r--  1 scott users  4005110 Jan 23 22:37 004.003.jpg
-rw-rw-r--  1 scott users  4401186 Jan 23 22:38 004.004.jpg
-rw-rw-r--  1 scott users  4347106 Jan 23 22:38 004.005.jpg
-rw-rw-r--  1 scott users  3981894 Jan 23 22:38 004.006.jpg
-rw-rw-r--  1 scott users  4554219 Jan 23 22:38 004.007.jpg
-rw-rw-r--  1 scott users  3695185 Jan 23 22:38 004.008.jpg
-rw-rw-r--  1 scott users  3812069 Jan 23 22:38 004.009.jpg
-rw-rw-r--  1 scott users  3981020 Jan 23 22:38 004.010.jpg
-rw-rw-r--  1 scott users  4046940 Jan 23 22:38 004.011.jpg
-rw-rw-r--  1 scott users  3499528 Jan 23 22:38 004.012.jpg
-rw-rw-r--  1 scott users  3916746 Jan 23 22:38 004.013.jpg
-rw-rw-r--  1 scott users  5505743 Jan 23 22:38 004.014.jpg
-rw-rw-r--  1 scott users  4305683 Jan 23 22:38 004.015.jpg
-rw-rw-r--  1 scott users  3576613 Jan 23 22:38 004.016.jpg
-rw-rw-r--  1 scott users  4166682 Jan 23 22:38 004.017.jpg
-rw-rw-r--  1 scott users  5711842 Jan 23 22:38 006.000.jpg
-rw-rw-r--  1 scott users  6125481 Jan 23 22:38 006.001.jpg
-rw-rw-r--  1 scott users  6612942 Jan 23 22:38 006.002.jpg
-rw-rw-r--  1 scott users  6146115 Jan 23 22:38 006.003.jpg
-rw-rw-r--  1 scott users  6208504 Jan 23 22:38 006.004.jpg
-rw-rw-r--  1 scott users  6032370 Jan 23 22:38 006.005.jpg
-rw-rw-r--  1 scott users  5664645 Jan 23 22:38 006.006.jpg
-rw-rw-r--  1 scott users  6171506 Jan 23 22:38 006.007.jpg
-rw-rw-r--  1 scott users  4764246 Jan 23 22:38 006.008.jpg
-rw-rw-r--  1 scott users  8144623 Jan 23 22:39 006.009.jpg
-rw-rw-r--  1 scott users  6124692 Jan 23 22:39 006.010.jpg
-rw-rw-r--  1 scott users  5927325 Jan 23 22:39 006.011.jpg
-rw-rw-r--  1 scott users  7964159 Jan 23 22:39 008.000.jpg
-rw-rw-r--  1 scott users  7884951 Jan 23 22:39 008.001.jpg
-rw-rw-r--  1 scott users  8755889 Jan 23 22:39 008.002.jpg
-rw-rw-r--  1 scott users  8547464 Jan 23 22:39 008.003.jpg
-rw-rw-r--  1 scott users  7509741 Jan 23 22:39 008.004.jpg
-rw-rw-r--  1 scott users  8029004 Jan 23 22:39 008.005.jpg
-rw-rw-r--  1 scott users  7424795 Jan 23 22:39 008.006.jpg
-rw-rw-r--  1 scott users  9819964 Jan 23 22:39 008.007.jpg
-rw-rw-r--  1 scott users  7746278 Jan 23 22:39 008.008.jpg
-rw-rw-r--  1 scott users  8883885 Jan 23 22:39 009.000.jpg
-rw-rw-r--  1 scott users  9571547 Jan 23 22:39 009.001.jpg
-rw-rw-r--  1 scott users  9152643 Jan 23 22:40 009.002.jpg
-rw-rw-r--  1 scott users  9239878 Jan 23 22:40 009.003.jpg
-rw-rw-r--  1 scott users  9220978 Jan 23 22:40 009.004.jpg
-rw-rw-r--  1 scott users  7379045 Jan 23 22:40 009.005.jpg
-rw-rw-r--  1 scott users 11314602 Jan 23 22:40 009.006.jpg
-rw-rw-r--  1 scott users  8892006 Jan 23 22:40 009.007.jpg
-rw-rw-r--  1 scott users  2004596 Jan 23 22:42 012.000.jpg
-rw-rw-r--  1 scott users  2289249 Jan 23 22:42 012.001.jpg
-rw-rw-r--  1 scott users  2216747 Jan 23 22:42 012.002.jpg
-rw-rw-r--  1 scott users  2106603 Jan 23 22:42 012.003.jpg
-rw-rw-r--  1 scott users  2225950 Jan 23 22:42 012.004.jpg
-rw-rw-r--  1 scott users  2031838 Jan 23 22:42 012.005.jpg
-rw-rw-r--  1 scott users  2757806 Jan 23 22:41 016.000.jpg
-rw-rw-r--  1 scott users  3097646 Jan 23 22:41 016.001.jpg
-rw-rw-r--  1 scott users  2765606 Jan 23 22:41 016.002.jpg
-rw-rw-r--  1 scott users  2967012 Jan 23 22:41 016.003.jpg
-rw-rw-r--  1 scott users  1908548 Jan 23 22:43 018.000.jpg
-rw-rw-r--  1 scott users  1953666 Jan 23 22:43 018.001.jpg
-rw-rw-r--  1 scott users  1786307 Jan 23 22:43 018.002.jpg
-rw-rw-r--  1 scott users  2008847 Jan 23 22:43 018.003.jpg
-rw-rw-r--  1 scott users  4295799 Jan 23 22:41 024.000.jpg
-rw-rw-r--  1 scott users  4324702 Jan 23 22:41 024.001.jpg
-rw-rw-r--  1 scott users  4258232 Jan 23 22:41 024.002.jpg
-rw-rw-r--  1 scott users  1730318 Jan 23 22:44 024.003.000.jpg
-rw-rw-r--  1 scott users  3862328 Jan 23 22:43 036.000.jpg
-rw-rw-r--  1 scott users  3797175 Jan 23 22:43 036.001.jpg
-rw-rw-r--  1 scott users  1024631 Jan 23 22:43 036.002.000.jpg
-rw-rw-r--  1 scott users  2942271 Jan 23 22:44 072.000.jpg
-rw-rw-r--  1 scott users     2050 Jan 23 22:44 aspects.out
-rw-rw-r--  1 scott users      929 Jan 23 22:44 error
-rw-rw-r--  1 scott users        0 Jan 23 22:44 files.out
-rw-rw-r--  1 scott users       28 Jan 23 19:52 meta.ini
drwx--x--x  3 scott users     4096 Nov 16 07:43 orig
-rw-r--r--  1 scott users    14038 Nov 16 07:43 out
drwxrwxr-x  2 scott users     4096 Jan 23 22:44 tmp
