total 138140
drwxrwxr-x  4 scott users    4096 Jan 22 22:35 .
drwxrwxr-x 11 scott users    4096 Jan 22 21:44 ..
-rw-rw-r--  1 scott users 2073734 Jan 22 22:34 006.000.jpg
-rw-rw-r--  1 scott users 2366409 Jan 22 22:34 006.001.jpg
-rw-rw-r--  1 scott users 2068837 Jan 22 22:34 006.002.jpg
-rw-rw-r--  1 scott users 2536078 Jan 22 22:34 006.003.jpg
-rw-rw-r--  1 scott users 2053947 Jan 22 22:34 006.004.jpg
-rw-rw-r--  1 scott users 2254054 Jan 22 22:34 006.005.jpg
-rw-rw-r--  1 scott users 2251185 Jan 22 22:34 006.006.jpg
-rw-rw-r--  1 scott users 2380205 Jan 22 22:34 006.007.jpg
-rw-rw-r--  1 scott users 1488000 Jan 22 22:34 006.008.jpg
-rw-rw-r--  1 scott users 1745943 Jan 22 22:34 006.009.jpg
-rw-rw-r--  1 scott users 2233672 Jan 22 22:34 006.010.jpg
-rw-rw-r--  1 scott users 1940752 Jan 22 22:34 006.011.jpg
-rw-rw-r--  1 scott users 2859784 Jan 22 22:34 008.000.jpg
-rw-rw-r--  1 scott users 3181132 Jan 22 22:34 008.001.jpg
-rw-rw-r--  1 scott users 3118565 Jan 22 22:34 008.002.jpg
-rw-rw-r--  1 scott users 2941801 Jan 22 22:34 008.003.jpg
-rw-rw-r--  1 scott users 2993975 Jan 22 22:34 008.004.jpg
-rw-rw-r--  1 scott users 3137438 Jan 22 22:34 008.005.jpg
-rw-rw-r--  1 scott users 2054969 Jan 22 22:34 008.006.jpg
-rw-rw-r--  1 scott users 2769501 Jan 22 22:34 008.007.jpg
-rw-rw-r--  1 scott users 2711940 Jan 22 22:34 008.008.jpg
-rw-rw-r--  1 scott users 3250600 Jan 22 22:34 009.000.jpg
-rw-rw-r--  1 scott users 3287176 Jan 22 22:34 009.001.jpg
-rw-rw-r--  1 scott users 3705346 Jan 22 22:34 009.002.jpg
-rw-rw-r--  1 scott users 3164527 Jan 22 22:34 009.003.jpg
-rw-rw-r--  1 scott users 3488942 Jan 22 22:34 009.004.jpg
-rw-rw-r--  1 scott users 2597085 Jan 22 22:34 009.005.jpg
-rw-rw-r--  1 scott users 2825432 Jan 22 22:34 009.006.jpg
-rw-rw-r--  1 scott users 3101464 Jan 22 22:34 009.007.jpg
-rw-rw-r--  1 scott users 4501859 Jan 22 22:34 012.000.jpg
-rw-rw-r--  1 scott users 4667212 Jan 22 22:34 012.001.jpg
-rw-rw-r--  1 scott users 4394513 Jan 22 22:34 012.002.jpg
-rw-rw-r--  1 scott users 4682061 Jan 22 22:34 012.003.jpg
-rw-rw-r--  1 scott users 3302482 Jan 22 22:34 012.004.jpg
-rw-rw-r--  1 scott users 4241179 Jan 22 22:34 012.005.jpg
-rw-rw-r--  1 scott users 6569869 Jan 22 22:34 018.000.jpg
-rw-rw-r--  1 scott users 6897649 Jan 22 22:34 018.001.jpg
-rw-rw-r--  1 scott users 6191731 Jan 22 22:34 018.002.jpg
-rw-rw-r--  1 scott users 5986599 Jan 22 22:34 018.003.jpg
-rw-rw-r--  1 scott users 2101528 Jan 22 22:34 024.000.jpg
-rw-rw-r--  1 scott users 2118707 Jan 22 22:34 024.001.jpg
-rw-rw-r--  1 scott users 1729601 Jan 22 22:35 024.002.jpg
-rw-rw-r--  1 scott users 1823276 Jan 22 22:35 036.000.jpg
-rw-rw-r--  1 scott users 1702416 Jan 22 22:35 036.001.jpg
-rw-rw-r--  1 scott users 2440561 Jan 22 22:35 036.002.000.jpg
-rw-rw-r--  1 scott users 1381954 Jan 22 22:35 072.000.jpg
-rw-rw-r--  1 scott users    1338 Jan 22 22:35 aspects.out
-rw-rw-r--  1 scott users    5720 Jan 17 14:04 describe.txt
-rw-rw-r--  1 scott users     929 Jan 22 22:35 error
-rw-rw-r--  1 scott users       0 Jan 22 22:35 files.out
-rw-r--r--  1 scott users      42 Dec 18 20:09 meta.ini
drwxr-xr-x  2 scott users    4096 Jan 17 13:39 orig
drwxrwxr-x  2 scott users    4096 Jan 22 22:35 tmp
