total 154696
drwxr-xr-x 5 scott users    4096 Jan 17 00:32 .
drwxrwxr-x 8 scott users    4096 Jan 16 17:29 ..
-rw-rw-r-- 1 scott users 1484108 Jan 15 21:22 004.000.jpg
-rw-rw-r-- 1 scott users 1409673 Jan 15 21:22 004.001.jpg
-rw-rw-r-- 1 scott users 1955778 Jan 15 21:22 004.002.jpg
-rw-rw-r-- 1 scott users 1691599 Jan 15 21:22 004.003.jpg
-rw-rw-r-- 1 scott users 2082375 Jan 15 21:22 004.004.jpg
-rw-rw-r-- 1 scott users 1903080 Jan 15 21:22 004.005.jpg
-rw-rw-r-- 1 scott users 1450467 Jan 15 21:22 004.006.jpg
-rw-rw-r-- 1 scott users 1482119 Jan 15 21:22 004.007.jpg
-rw-rw-r-- 1 scott users 1588513 Jan 15 21:22 004.008.jpg
-rw-rw-r-- 1 scott users 1340706 Jan 15 21:22 004.009.jpg
-rw-rw-r-- 1 scott users 1987103 Jan 15 21:22 004.010.jpg
-rw-rw-r-- 1 scott users 1401696 Jan 15 21:22 004.011.jpg
-rw-rw-r-- 1 scott users 1366334 Jan 15 21:22 004.012.jpg
-rw-rw-r-- 1 scott users 1386171 Jan 15 21:22 004.013.jpg
-rw-rw-r-- 1 scott users 1251408 Jan 15 21:22 004.014.jpg
-rw-rw-r-- 1 scott users 1740160 Jan 15 21:22 004.015.jpg
-rw-rw-r-- 1 scott users 1785184 Jan 15 21:22 004.016.jpg
-rw-rw-r-- 1 scott users 1301252 Jan 15 21:22 004.017.jpg
-rw-rw-r-- 1 scott users 2336388 Jan 15 21:22 006.000.jpg
-rw-rw-r-- 1 scott users 2517926 Jan 15 21:23 006.001.jpg
-rw-rw-r-- 1 scott users 2611382 Jan 15 21:23 006.002.jpg
-rw-rw-r-- 1 scott users 3070645 Jan 15 21:23 006.003.jpg
-rw-rw-r-- 1 scott users 2041712 Jan 15 21:23 006.004.jpg
-rw-rw-r-- 1 scott users 2483497 Jan 15 21:23 006.005.jpg
-rw-rw-r-- 1 scott users 2491117 Jan 15 21:23 006.006.jpg
-rw-rw-r-- 1 scott users 2251146 Jan 15 21:23 006.007.jpg
-rw-rw-r-- 1 scott users 2089409 Jan 15 21:23 006.008.jpg
-rw-rw-r-- 1 scott users 1913789 Jan 15 21:23 006.009.jpg
-rw-rw-r-- 1 scott users 2642549 Jan 15 21:23 006.010.jpg
-rw-rw-r-- 1 scott users 2220112 Jan 15 21:23 006.011.jpg
-rw-rw-r-- 1 scott users 2894774 Jan 15 21:23 008.000.jpg
-rw-rw-r-- 1 scott users 3651924 Jan 15 21:23 008.001.jpg
-rw-rw-r-- 1 scott users 3986835 Jan 15 21:23 008.002.jpg
-rw-rw-r-- 1 scott users 2934433 Jan 15 21:23 008.003.jpg
-rw-rw-r-- 1 scott users 2933819 Jan 15 21:23 008.004.jpg
-rw-rw-r-- 1 scott users 3399118 Jan 15 21:23 008.005.jpg
-rw-rw-r-- 1 scott users 2751715 Jan 15 21:23 008.006.jpg
-rw-rw-r-- 1 scott users 2994194 Jan 15 21:23 008.007.jpg
-rw-rw-r-- 1 scott users 3096026 Jan 15 21:23 008.008.jpg
-rw-rw-r-- 1 scott users 3322134 Jan 15 21:23 009.000.jpg
-rw-rw-r-- 1 scott users 4141971 Jan 15 21:23 009.001.jpg
-rw-rw-r-- 1 scott users 4017320 Jan 15 21:23 009.002.jpg
-rw-rw-r-- 1 scott users 3591672 Jan 15 21:23 009.003.jpg
-rw-rw-r-- 1 scott users 3646964 Jan 15 21:23 009.004.jpg
-rw-rw-r-- 1 scott users 3187437 Jan 15 21:23 009.005.jpg
-rw-rw-r-- 1 scott users 3124261 Jan 15 21:23 009.006.jpg
-rw-rw-r-- 1 scott users 3650744 Jan 15 21:23 009.007.jpg
-rw-rw-r-- 1 scott users 1569677 Jan 15 23:46 012.000.jpg
-rw-rw-r-- 1 scott users 1824936 Jan 15 23:46 012.001.jpg
-rw-rw-r-- 1 scott users 1475802 Jan 15 23:46 012.002.jpg
-rw-rw-r-- 1 scott users 1562752 Jan 15 23:46 012.003.jpg
-rw-rw-r-- 1 scott users 1286967 Jan 15 23:46 012.004.jpg
-rw-rw-r-- 1 scott users 1457695 Jan 15 23:46 012.005.jpg
-rw-rw-r-- 1 scott users 2117324 Jan 15 23:46 016.000.jpg
-rw-rw-r-- 1 scott users 2256723 Jan 15 23:46 016.001.jpg
-rw-rw-r-- 1 scott users 2058904 Jan 15 23:46 016.002.jpg
-rw-rw-r-- 1 scott users 1875627 Jan 15 23:46 016.003.jpg
-rw-rw-r-- 1 scott users 1538338 Jan 15 23:47 018.000.jpg
-rw-rw-r-- 1 scott users 1564405 Jan 15 23:47 018.001.jpg
-rw-rw-r-- 1 scott users 1439114 Jan 15 23:47 018.002.jpg
-rw-rw-r-- 1 scott users 1345511 Jan 15 23:47 018.003.jpg
-rw-rw-r-- 1 scott users 3394358 Jan 15 23:46 024.000.jpg
-rw-rw-r-- 1 scott users 3040256 Jan 15 23:46 024.001.jpg
-rw-rw-r-- 1 scott users 2746849 Jan 15 23:46 024.002.jpg
-rw-rw-r-- 1 scott users 1608755 Jan 15 23:47 024.003.000.jpg
-rw-rw-r-- 1 scott users 3102903 Jan 15 23:47 036.000.jpg
-rw-rw-r-- 1 scott users 2784731 Jan 15 23:47 036.001.jpg
-rw-rw-r-- 1 scott users 1009604 Jan 15 23:47 036.002.000.jpg
-rw-rw-r-- 1 scott users 2560950 Jan 17 00:32 072.000.jpg
-rw-rw-r-- 1 scott users    2032 Jan 17 00:32 aspects.out
-rwxrwxr-x 1 scott users    5575 Jan 16 17:32 describe.txt
-rw-rw-r-- 1 scott users     929 Jan 17 00:32 error
-rw-rw-r-- 1 scott users       0 Jan 17 00:32 files.out
-rw-rw-r-- 1 scott users      41 Nov 24 10:09 meta.ini
drwxr-xr-x 3 scott users    4096 Nov 20 20:09 orig
drwxrwxr-x 2 scott users    4096 Jan 15 00:43 save
-rw-rw-r-- 1 scott users      22 Nov 13 17:05 title
drwxrwxr-x 2 scott users    4096 Jan 17 00:32 tmp
