total 354248
drwxr-xr-x  4 scott users     4096 Jan 23 23:03 .
drwxrwxr-x 10 scott users     4096 Jan 23 19:55 ..
-rw-rw-r--  1 scott users  3921372 Jan 23 22:56 004.000.jpg
-rw-rw-r--  1 scott users  3301768 Jan 23 22:56 004.001.jpg
-rw-rw-r--  1 scott users  2550651 Jan 23 22:56 004.002.jpg
-rw-rw-r--  1 scott users  4304213 Jan 23 22:56 004.003.jpg
-rw-rw-r--  1 scott users  3496863 Jan 23 22:56 004.004.jpg
-rw-rw-r--  1 scott users  2807708 Jan 23 22:56 004.005.jpg
-rw-rw-r--  1 scott users  3296148 Jan 23 22:56 004.006.jpg
-rw-rw-r--  1 scott users  3219707 Jan 23 22:56 004.007.jpg
-rw-rw-r--  1 scott users  3919407 Jan 23 22:56 004.008.jpg
-rw-rw-r--  1 scott users  4870780 Jan 23 22:56 004.009.jpg
-rw-rw-r--  1 scott users  4051203 Jan 23 22:56 004.010.jpg
-rw-rw-r--  1 scott users  4733325 Jan 23 22:56 004.011.jpg
-rw-rw-r--  1 scott users  4033752 Jan 23 22:56 004.012.jpg
-rw-rw-r--  1 scott users  7241038 Jan 23 22:56 004.013.jpg
-rw-rw-r--  1 scott users  5915311 Jan 23 22:56 004.014.jpg
-rw-rw-r--  1 scott users  5807030 Jan 23 22:56 004.015.jpg
-rw-rw-r--  1 scott users  5337746 Jan 23 22:56 004.016.jpg
-rw-rw-r--  1 scott users  2831932 Jan 23 22:56 004.017.jpg
-rw-rw-r--  1 scott users  5924209 Jan 23 22:57 006.000.jpg
-rw-rw-r--  1 scott users  3836383 Jan 23 22:57 006.001.jpg
-rw-rw-r--  1 scott users  6055276 Jan 23 22:57 006.002.jpg
-rw-rw-r--  1 scott users  4554819 Jan 23 22:57 006.003.jpg
-rw-rw-r--  1 scott users  5159170 Jan 23 22:57 006.004.jpg
-rw-rw-r--  1 scott users  5286759 Jan 23 22:57 006.005.jpg
-rw-rw-r--  1 scott users  6782099 Jan 23 22:57 006.006.jpg
-rw-rw-r--  1 scott users  6897789 Jan 23 22:57 006.007.jpg
-rw-rw-r--  1 scott users  7361548 Jan 23 22:57 006.008.jpg
-rw-rw-r--  1 scott users  9821491 Jan 23 22:57 006.009.jpg
-rw-rw-r--  1 scott users  8141594 Jan 23 22:57 006.010.jpg
-rw-rw-r--  1 scott users  5854338 Jan 23 22:57 006.011.jpg
-rw-rw-r--  1 scott users  7233832 Jan 23 22:57 008.000.jpg
-rw-rw-r--  1 scott users  6895861 Jan 23 22:57 008.001.jpg
-rw-rw-r--  1 scott users  6313552 Jan 23 22:57 008.002.jpg
-rw-rw-r--  1 scott users  6520072 Jan 23 22:57 008.003.jpg
-rw-rw-r--  1 scott users  8793886 Jan 23 22:58 008.004.jpg
-rw-rw-r--  1 scott users  8804658 Jan 23 22:58 008.005.jpg
-rw-rw-r--  1 scott users 11291977 Jan 23 22:58 008.006.jpg
-rw-rw-r--  1 scott users 11736766 Jan 23 22:58 008.007.jpg
-rw-rw-r--  1 scott users  8193891 Jan 23 22:58 008.008.jpg
-rw-rw-r--  1 scott users  7647104 Jan 23 22:58 009.000.jpg
-rw-rw-r--  1 scott users  8236634 Jan 23 22:58 009.001.jpg
-rw-rw-r--  1 scott users  7217437 Jan 23 22:58 009.002.jpg
-rw-rw-r--  1 scott users  7794913 Jan 23 22:58 009.003.jpg
-rw-rw-r--  1 scott users 10155320 Jan 23 22:58 009.004.jpg
-rw-rw-r--  1 scott users 10880447 Jan 23 22:58 009.005.jpg
-rw-rw-r--  1 scott users 14428504 Jan 23 22:59 009.006.jpg
-rw-rw-r--  1 scott users  9418079 Jan 23 22:59 009.007.jpg
-rw-rw-r--  1 scott users  1838484 Jan 23 23:01 012.000.jpg
-rw-rw-r--  1 scott users  1950721 Jan 23 23:01 012.001.jpg
-rw-rw-r--  1 scott users  1880367 Jan 23 23:01 012.002.jpg
-rw-rw-r--  1 scott users  2335941 Jan 23 23:01 012.003.jpg
-rw-rw-r--  1 scott users  2822051 Jan 23 23:01 012.004.jpg
-rw-rw-r--  1 scott users  2369938 Jan 23 23:01 012.005.jpg
-rw-rw-r--  1 scott users  2637184 Jan 23 23:00 016.000.jpg
-rw-rw-r--  1 scott users  2343828 Jan 23 23:00 016.001.jpg
-rw-rw-r--  1 scott users  3026318 Jan 23 23:00 016.002.jpg
-rw-rw-r--  1 scott users  3750410 Jan 23 23:00 016.003.jpg
-rw-rw-r--  1 scott users  1836718 Jan 23 23:01 018.000.jpg
-rw-rw-r--  1 scott users  1619700 Jan 23 23:01 018.001.jpg
-rw-rw-r--  1 scott users  2090218 Jan 23 23:01 018.002.jpg
-rw-rw-r--  1 scott users  2313468 Jan 23 23:01 018.003.jpg
-rw-rw-r--  1 scott users  3790850 Jan 23 23:00 024.000.jpg
-rw-rw-r--  1 scott users  4216820 Jan 23 23:00 024.001.jpg
-rw-rw-r--  1 scott users  5192563 Jan 23 23:00 024.002.jpg
-rw-rw-r--  1 scott users  1766476 Jan 23 23:02 024.003.000.jpg
-rw-rw-r--  1 scott users  3458264 Jan 23 23:02 036.000.jpg
-rw-rw-r--  1 scott users  4404213 Jan 23 23:02 036.001.jpg
-rw-rw-r--  1 scott users  1043590 Jan 23 23:02 036.002.000.jpg
-rw-rw-r--  1 scott users  3010063 Jan 23 23:03 072.000.jpg
-rw-rw-r--  1 scott users     2050 Jan 23 23:03 aspects.out
-rw-rw-r--  1 scott users      929 Jan 23 23:03 error
-rw-rw-r--  1 scott users        0 Jan 23 23:03 files.out
-rw-rw-r--  1 scott users       29 Jan 23 19:52 meta.ini
drwxr-xr-x  3 scott users     4096 Nov 16 07:43 orig
-rw-r--r--  1 scott users      582 Nov 16 07:43 out
drwxrwxr-x  2 scott users     4096 Jan 23 23:02 tmp
