total 48728
drwx--x--x  4 scott users    4096 Feb  6 19:41 .
drwxrwx--x 18 scott users    4096 Feb  5 13:04 ..
-rw-rw-r--  1 scott users 1451719 Jan 18 20:33 004.000.jpg
-rw-rw-r--  1 scott users 1469969 Jan 18 20:33 004.001.jpg
-rw-rw-r--  1 scott users 2667624 Jan 18 20:33 004.002.jpg
-rw-rw-r--  1 scott users 2155929 Jan 18 20:33 004.003.jpg
-rw-rw-r--  1 scott users 1321057 Jan 18 20:33 004.004.jpg
-rw-rw-r--  1 scott users 1609689 Jan 18 20:33 004.005.jpg
-rw-rw-r--  1 scott users 2122165 Jan 18 20:33 004.006.jpg
-rw-rw-r--  1 scott users 1149402 Jan 18 20:33 004.007.jpg
-rw-rw-r--  1 scott users 1809882 Jan 18 20:33 004.008.jpg
-rw-rw-r--  1 scott users 2210674 Jan 18 20:33 006.000.jpg
-rw-rw-r--  1 scott users 3390143 Jan 18 20:33 006.001.jpg
-rw-rw-r--  1 scott users 2764085 Jan 18 20:33 006.002.jpg
-rw-rw-r--  1 scott users 2334874 Jan 18 20:33 006.003.jpg
-rw-rw-r--  1 scott users 2717566 Jan 18 20:33 006.004.jpg
-rw-rw-r--  1 scott users 2378523 Jan 18 20:33 006.005.jpg
lrwxrwxrwx  1 scott users      11 Feb  5 13:48 008.000.jpg -> 004.000.jpg
lrwxrwxrwx  1 scott users      11 Feb  5 13:48 008.001.jpg -> 004.001.jpg
lrwxrwxrwx  1 scott users      11 Feb  5 13:48 008.002.jpg -> 004.002.jpg
lrwxrwxrwx  1 scott users      11 Feb  5 13:48 008.003.jpg -> 004.003.jpg
lrwxrwxrwx  1 scott users      11 Feb  5 13:48 008.004.jpg -> 004.004.jpg
lrwxrwxrwx  1 scott users      11 Feb  5 13:48 008.005.jpg -> 004.005.jpg
lrwxrwxrwx  1 scott users      11 Feb  5 13:48 008.006.jpg -> 004.006.jpg
lrwxrwxrwx  1 scott users      11 Feb  5 13:48 008.007.jpg -> 004.007.jpg
lrwxrwxrwx  1 scott users      11 Feb  5 13:48 008.008.jpg -> 004.008.jpg
-rw-rw-r--  1 scott users 3658081 Jan 18 20:33 009.000.jpg
-rw-rw-r--  1 scott users 4714084 Jan 18 20:33 009.001.jpg
-rw-rw-r--  1 scott users 4003484 Jan 18 20:33 009.002.jpg
-rw-rw-r--  1 scott users 3436945 Jan 18 20:33 009.003.jpg
lrwxrwxrwx  1 scott users      11 Feb  5 19:29 012.000.jpg -> 006.000.jpg
lrwxrwxrwx  1 scott users      11 Feb  5 19:29 012.001.jpg -> 006.001.jpg
lrwxrwxrwx  1 scott users      11 Feb  5 19:29 012.002.jpg -> 006.002.jpg
lrwxrwxrwx  1 scott users      11 Feb  5 19:29 012.003.jpg -> 006.003.jpg
lrwxrwxrwx  1 scott users      11 Feb  5 19:29 012.004.jpg -> 006.004.jpg
lrwxrwxrwx  1 scott users      11 Feb  5 19:29 012.005.jpg -> 006.005.jpg
lrwxrwxrwx  1 scott users      11 Feb  5 19:29 018.000.jpg -> 006.000.jpg
lrwxrwxrwx  1 scott users      11 Feb  5 19:29 018.001.jpg -> 006.001.jpg
lrwxrwxrwx  1 scott users      11 Feb  5 19:29 018.002.jpg -> 006.002.jpg
lrwxrwxrwx  1 scott users      11 Feb  5 19:29 018.003.jpg -> 006.003.jpg
lrwxrwxrwx  1 scott users      11 Feb  5 19:29 018.004.jpg -> 006.004.jpg
lrwxrwxrwx  1 scott users      11 Feb  5 19:29 018.005.jpg -> 006.005.jpg
-rw-rw-r--  1 scott users  906400 Jan 26 05:57 240.240.gif
-rw-rw-r--  1 scott users 1546047 Jan 26 05:57 420.240.gif
-rw-rw-r--  1 scott users    2112 Feb  6 19:42 aspects.out
-rw-rw-r--  1 scott users    2647 Jan 18 20:45 describe.txt
-rw-rw-r--  1 scott users    2767 Feb  6 19:41 div.out
-rw-rw-r--  1 scott users     744 Feb  6 19:42 error
-rw-rw-r--  1 scott users       0 Feb  6 19:42 files.out
-rw-rw-r--  1 scott users      42 Nov 24 00:15 meta.ini
drwxrwxr-x  2 scott users    4096 Jan 18 20:33 orig
drwxrwxr-x  2 scott users    4096 Feb  6 19:41 tmp
