072.000.jpg 17068 320 53.3375
018.000.jpg 14400 1080 13.3333
018.001.jpg 14400 1080 13.3333
018.002.jpg 14400 1080 13.3333
018.003.jpg 14400 1080 13.3333
036.000.jpg 14400 540 26.6667
036.001.jpg 14400 540 26.6667
024.000.jpg 12801 720 17.7792
024.001.jpg 12801 720 17.7792
024.002.jpg 12801 720 17.7792
036.002.000.jpg 11200 1140 9.82456
012.000.jpg 9600 1080 8.88889
012.001.jpg 9600 1080 8.88889
012.002.jpg 9600 1080 8.88889
012.003.jpg 9600 1080 8.88889
012.004.jpg 9600 1080 8.88889
012.005.jpg 9600 1080 8.88889
009.000.jpg 7200 1080 6.66667
009.001.jpg 7200 1080 6.66667
009.002.jpg 7200 1080 6.66667
009.003.jpg 7200 1080 6.66667
009.004.jpg 7200 1080 6.66667
009.005.jpg 7200 1080 6.66667
009.006.jpg 7200 1080 6.66667
009.007.jpg 7200 1080 6.66667
008.000.jpg 6400 1080 5.92593
008.001.jpg 6400 1080 5.92593
008.002.jpg 6400 1080 5.92593
008.003.jpg 6400 1080 5.92593
008.004.jpg 6400 1080 5.92593
008.005.jpg 6400 1080 5.92593
008.006.jpg 6400 1080 5.92593
008.007.jpg 6400 1080 5.92593
008.008.jpg 6400 1080 5.92593
006.000.jpg 4800 1080 4.44444
006.001.jpg 4800 1080 4.44444
006.002.jpg 4800 1080 4.44444
006.003.jpg 4800 1080 4.44444
006.004.jpg 4800 1080 4.44444
006.005.jpg 4800 1080 4.44444
006.006.jpg 4800 1080 4.44444
006.007.jpg 4800 1080 4.44444
006.008.jpg 4800 1080 4.44444
006.009.jpg 4800 1080 4.44444
006.010.jpg 4800 1080 4.44444
006.011.jpg 4800 1080 4.44444
