total 120888
drwxrwxr-x  4 scott users    4096 Jan 22 22:00 .
drwxrwxr-x 11 scott users    4096 Jan 22 21:44 ..
-rw-rw-r--  1 scott users 2510525 Jan 22 21:49 006.000.jpg
-rw-rw-r--  1 scott users 2686474 Jan 22 21:49 006.001.jpg
-rw-rw-r--  1 scott users 2292316 Jan 22 21:49 006.002.jpg
-rw-rw-r--  1 scott users 1820398 Jan 22 21:49 006.003.jpg
-rw-rw-r--  1 scott users 1320561 Jan 22 21:49 006.004.jpg
-rw-rw-r--  1 scott users 1511370 Jan 22 21:49 006.005.jpg
-rw-rw-r--  1 scott users 1502058 Jan 22 21:49 006.006.jpg
-rw-rw-r--  1 scott users 1961852 Jan 22 21:49 006.007.jpg
-rw-rw-r--  1 scott users 1897675 Jan 22 21:49 006.008.jpg
-rw-rw-r--  1 scott users 1630900 Jan 22 21:49 006.009.jpg
-rw-rw-r--  1 scott users 1782368 Jan 22 21:49 006.010.jpg
-rw-rw-r--  1 scott users 1464127 Jan 22 21:49 006.011.jpg
-rw-rw-r--  1 scott users 3316641 Jan 22 21:49 008.000.jpg
-rw-rw-r--  1 scott users 3547296 Jan 22 21:49 008.001.jpg
-rw-rw-r--  1 scott users 2447875 Jan 22 21:49 008.002.jpg
-rw-rw-r--  1 scott users 1709972 Jan 22 21:49 008.003.jpg
-rw-rw-r--  1 scott users 2125925 Jan 22 21:49 008.004.jpg
-rw-rw-r--  1 scott users 2463598 Jan 22 21:49 008.005.jpg
-rw-rw-r--  1 scott users 2531740 Jan 22 21:49 008.006.jpg
-rw-rw-r--  1 scott users 2354603 Jan 22 21:49 008.007.jpg
-rw-rw-r--  1 scott users 1892789 Jan 22 21:49 008.008.jpg
-rw-rw-r--  1 scott users 3840339 Jan 22 21:49 009.000.jpg
-rw-rw-r--  1 scott users 3647711 Jan 22 21:49 009.001.jpg
-rw-rw-r--  1 scott users 2556318 Jan 22 21:49 009.002.jpg
-rw-rw-r--  1 scott users 2097047 Jan 22 21:49 009.003.jpg
-rw-rw-r--  1 scott users 2644935 Jan 22 21:49 009.004.jpg
-rw-rw-r--  1 scott users 2717813 Jan 22 21:49 009.005.jpg
-rw-rw-r--  1 scott users 2640062 Jan 22 21:49 009.006.jpg
-rw-rw-r--  1 scott users 2237140 Jan 22 21:49 009.007.jpg
-rw-rw-r--  1 scott users 5201428 Jan 22 21:49 012.000.jpg
-rw-rw-r--  1 scott users 4115191 Jan 22 21:49 012.001.jpg
-rw-rw-r--  1 scott users 2834500 Jan 22 21:49 012.002.jpg
-rw-rw-r--  1 scott users 3465674 Jan 22 21:49 012.003.jpg
-rw-rw-r--  1 scott users 3532554 Jan 22 21:49 012.004.jpg
-rw-rw-r--  1 scott users 3244400 Jan 22 21:49 012.005.jpg
-rw-rw-r--  1 scott users 7500087 Jan 22 21:50 018.000.jpg
-rw-rw-r--  1 scott users 4655481 Jan 22 21:50 018.001.jpg
-rw-rw-r--  1 scott users 5366567 Jan 22 21:50 018.002.jpg
-rw-rw-r--  1 scott users 4875462 Jan 22 21:50 018.003.jpg
-rw-rw-r--  1 scott users 2289008 Jan 22 22:00 024.000.jpg
-rw-rw-r--  1 scott users 1616474 Jan 22 22:00 024.001.jpg
-rw-rw-r--  1 scott users 1770846 Jan 22 22:00 024.002.jpg
-rw-rw-r--  1 scott users 1612725 Jan 22 22:00 036.000.jpg
-rw-rw-r--  1 scott users 1425039 Jan 22 22:00 036.001.jpg
-rw-rw-r--  1 scott users 1924072 Jan 22 22:00 036.002.000.jpg
-rw-rw-r--  1 scott users 1085086 Jan 22 22:00 072.000.jpg
-rw-rw-r--  1 scott users    1389 Jan 22 22:00 aspects.out
-rw-rw-r--  1 scott users     929 Jan 22 22:00 error
-rw-rw-r--  1 scott users       0 Jan 22 22:00 files.out
-rw-rw-r--  1 scott users      41 Jan 22 21:35 meta.ini
drwxr-xr-x  2 scott users    4096 Jan 22 21:38 orig
drwxrwxr-x  2 scott users    4096 Jan 22 22:00 tmp
