total 76436
drwxr-xr-x 4 scott users    4096 Jan 22 17:41 .
drwxrwxr-x 9 scott users    4096 Jan 22 17:35 ..
-rw-rw-r-- 1 scott users 2128361 Jan 22 17:40 004.000.jpg
-rw-rw-r-- 1 scott users 2410385 Jan 22 17:40 004.001.jpg
-rw-rw-r-- 1 scott users 2616312 Jan 22 17:40 004.002.jpg
-rw-rw-r-- 1 scott users 2322471 Jan 22 17:40 004.003.jpg
-rw-rw-r-- 1 scott users 1908623 Jan 22 17:40 004.004.jpg
-rw-rw-r-- 1 scott users 1947697 Jan 22 17:40 004.005.jpg
-rw-rw-r-- 1 scott users 2155997 Jan 22 17:40 004.006.jpg
-rw-rw-r-- 1 scott users 2536403 Jan 22 17:40 004.007.jpg
-rw-rw-r-- 1 scott users 3256017 Jan 22 17:40 004.008.jpg
-rw-rw-r-- 1 scott users 3110906 Jan 22 17:40 006.000.jpg
-rw-rw-r-- 1 scott users 4039279 Jan 22 17:40 006.001.jpg
-rw-rw-r-- 1 scott users 3092308 Jan 22 17:40 006.002.jpg
-rw-rw-r-- 1 scott users 3100138 Jan 22 17:40 006.003.jpg
-rw-rw-r-- 1 scott users 3279670 Jan 22 17:40 006.004.jpg
-rw-rw-r-- 1 scott users 4673458 Jan 22 17:40 006.005.jpg
-rw-rw-r-- 1 scott users 5245643 Jan 22 17:40 009.000.jpg
-rw-rw-r-- 1 scott users 5014893 Jan 22 17:40 009.001.jpg
-rw-rw-r-- 1 scott users 4566158 Jan 22 17:40 009.002.jpg
-rw-rw-r-- 1 scott users 6480020 Jan 22 17:40 009.003.jpg
-rw-rw-r-- 1 scott users 1873320 Jan 22 17:41 012.000.jpg
-rw-rw-r-- 1 scott users 1842678 Jan 22 17:41 012.001.jpg
-rw-rw-r-- 1 scott users 2470384 Jan 22 17:41 012.002.jpg
-rw-rw-r-- 1 scott users 1646200 Jan 22 17:41 018.000.jpg
-rw-rw-r-- 1 scott users 2074716 Jan 22 17:41 018.001.jpg
-rw-rw-r-- 1 scott users  679212 Jan 22 17:41 018.002.000.jpg
-rw-rw-r-- 1 scott users 3724569 Jan 22 17:41 036.000.jpg
-rw-rw-r-- 1 scott users     802 Jan 22 17:41 aspects.out
-rw-rw-r-- 1 scott users     929 Jan 22 17:41 error
-rw-rw-r-- 1 scott users       0 Jan 22 17:41 files.out
-rw-rw-r-- 1 scott users      40 Jan 22 17:35 meta.ini
drwxr-xr-x 3 scott users    4096 Jan 22 17:37 orig
drwxrwxr-x 2 scott users    4096 Jan 22 17:41 tmp
