total 183680
drwxr-xr-x  4 scott users    4096 Jan 17 00:41 .
drwxrwxr-x 27 scott users    4096 Jan 16 21:35 ..
-rw-rw-r--  1 scott users 2641454 Jan 16 20:20 004.000.jpg
-rw-rw-r--  1 scott users 2258257 Jan 16 20:20 004.001.jpg
-rw-rw-r--  1 scott users 1474339 Jan 16 20:20 004.002.jpg
-rw-rw-r--  1 scott users 2229888 Jan 16 20:20 004.003.jpg
-rw-rw-r--  1 scott users 2104886 Jan 16 20:20 004.004.jpg
-rw-rw-r--  1 scott users 2122421 Jan 16 20:20 004.005.jpg
-rw-rw-r--  1 scott users 2329968 Jan 16 20:20 004.006.jpg
-rw-rw-r--  1 scott users 1695257 Jan 16 20:20 004.007.jpg
-rw-rw-r--  1 scott users 1719905 Jan 16 20:20 004.008.jpg
-rw-rw-r--  1 scott users 2456957 Jan 16 20:20 004.009.jpg
-rw-rw-r--  1 scott users 2130006 Jan 16 20:21 004.010.jpg
-rw-rw-r--  1 scott users 1682751 Jan 16 20:21 004.011.jpg
-rw-rw-r--  1 scott users 1879586 Jan 16 20:21 004.012.jpg
-rw-rw-r--  1 scott users 1553140 Jan 16 20:21 004.013.jpg
-rw-rw-r--  1 scott users 1688573 Jan 16 20:21 004.014.jpg
-rw-rw-r--  1 scott users 1546235 Jan 16 20:21 004.015.jpg
-rw-rw-r--  1 scott users 2024620 Jan 16 20:21 004.016.jpg
-rw-rw-r--  1 scott users 1943564 Jan 16 20:21 004.017.jpg
-rw-rw-r--  1 scott users 3813470 Jan 16 20:21 006.000.jpg
-rw-rw-r--  1 scott users 2563189 Jan 16 20:21 006.001.jpg
-rw-rw-r--  1 scott users 3309188 Jan 16 20:21 006.002.jpg
-rw-rw-r--  1 scott users 3154972 Jan 16 20:21 006.003.jpg
-rw-rw-r--  1 scott users 3032833 Jan 16 20:21 006.004.jpg
-rw-rw-r--  1 scott users 2721698 Jan 16 20:21 006.005.jpg
-rw-rw-r--  1 scott users 3724192 Jan 16 20:21 006.006.jpg
-rw-rw-r--  1 scott users 2545686 Jan 16 20:21 006.007.jpg
-rw-rw-r--  1 scott users 2625608 Jan 16 20:21 006.008.jpg
-rw-rw-r--  1 scott users 2499375 Jan 16 20:21 006.009.jpg
-rw-rw-r--  1 scott users 2506158 Jan 16 20:21 006.010.jpg
-rw-rw-r--  1 scott users 3011874 Jan 16 20:21 006.011.jpg
-rw-rw-r--  1 scott users 4909472 Jan 16 20:21 008.000.jpg
-rw-rw-r--  1 scott users 3716155 Jan 16 20:21 008.001.jpg
-rw-rw-r--  1 scott users 4239505 Jan 16 20:21 008.002.jpg
-rw-rw-r--  1 scott users 4039026 Jan 16 20:21 008.003.jpg
-rw-rw-r--  1 scott users 4182071 Jan 16 20:21 008.004.jpg
-rw-rw-r--  1 scott users 3814636 Jan 16 20:21 008.005.jpg
-rw-rw-r--  1 scott users 3436837 Jan 16 20:21 008.006.jpg
-rw-rw-r--  1 scott users 3235101 Jan 16 20:21 008.007.jpg
-rw-rw-r--  1 scott users 3972909 Jan 16 20:21 008.008.jpg
-rw-rw-r--  1 scott users 5450659 Jan 16 20:21 009.000.jpg
-rw-rw-r--  1 scott users 4246732 Jan 16 20:21 009.001.jpg
-rw-rw-r--  1 scott users 5002914 Jan 16 20:21 009.002.jpg
-rw-rw-r--  1 scott users 3911802 Jan 16 20:22 009.003.jpg
-rw-rw-r--  1 scott users 5102955 Jan 16 20:22 009.004.jpg
-rw-rw-r--  1 scott users 3801283 Jan 16 20:22 009.005.jpg
-rw-rw-r--  1 scott users 3531016 Jan 16 20:22 009.006.jpg
-rw-rw-r--  1 scott users 4489084 Jan 16 20:22 009.007.jpg
-rw-rw-r--  1 scott users 1876140 Jan 16 20:23 012.000.jpg
-rw-rw-r--  1 scott users 1783693 Jan 16 20:23 012.001.jpg
-rw-rw-r--  1 scott users 1674870 Jan 16 20:23 012.002.jpg
-rw-rw-r--  1 scott users 1817905 Jan 16 20:23 012.003.jpg
-rw-rw-r--  1 scott users 1478850 Jan 16 20:23 012.004.jpg
-rw-rw-r--  1 scott users 1611944 Jan 16 20:23 012.005.jpg
-rw-rw-r--  1 scott users 2504221 Jan 16 20:22 016.000.jpg
-rw-rw-r--  1 scott users 2339149 Jan 16 20:22 016.001.jpg
-rw-rw-r--  1 scott users 2310421 Jan 16 20:22 016.002.jpg
-rw-rw-r--  1 scott users 1928679 Jan 16 20:22 016.003.jpg
-rw-rw-r--  1 scott users 1617422 Jan 16 20:23 018.000.jpg
-rw-rw-r--  1 scott users 1478376 Jan 16 20:23 018.001.jpg
-rw-rw-r--  1 scott users 1502313 Jan 16 20:23 018.002.jpg
-rw-rw-r--  1 scott users 1375252 Jan 16 20:23 018.003.jpg
-rw-rw-r--  1 scott users 3661197 Jan 16 20:22 024.000.jpg
-rw-rw-r--  1 scott users 3493770 Jan 16 20:22 024.001.jpg
-rw-rw-r--  1 scott users 3091210 Jan 16 20:22 024.002.jpg
-rw-rw-r--  1 scott users 1307450 Jan 16 20:24 024.003.000.jpg
-rw-rw-r--  1 scott users 3096915 Jan 16 20:24 036.000.jpg
-rw-rw-r--  1 scott users 2877568 Jan 16 20:24 036.001.jpg
-rw-rw-r--  1 scott users  778437 Jan 16 20:24 036.002.000.jpg
-rw-rw-r--  1 scott users 2230193 Jan 17 00:41 072.000.jpg
-rw-rw-r--  1 scott users    2032 Jan 17 00:41 aspects.out
-rwxrwxr-x  1 scott users    5720 Jan 16 20:24 describe.txt
-rw-rw-r--  1 scott users     929 Jan 17 00:41 error
-rw-rw-r--  1 scott users       0 Jan 17 00:41 files.out
-rw-rw-r--  1 scott users      40 Nov 24 10:58 meta.ini
drwxr-xr-x  2 scott users    4096 Jan 16 20:20 orig
drwxrwxr-x  2 scott users    4096 Jan 17 00:41 tmp
