total 213760
drwxr-xr-x  4 scott users    4096 Jan 17 15:10 .
drwxrwxr-x 27 scott users    4096 Jan 16 21:35 ..
-rw-rw-r--  1 scott users 3769412 Jan 17 11:54 004.000.jpg
-rw-rw-r--  1 scott users 1685917 Jan 17 11:54 004.001.jpg
-rw-rw-r--  1 scott users 2954770 Jan 17 11:54 004.002.jpg
-rw-rw-r--  1 scott users 2629739 Jan 17 11:54 004.003.jpg
-rw-rw-r--  1 scott users 2205620 Jan 17 11:54 004.004.jpg
-rw-rw-r--  1 scott users 2639353 Jan 17 11:54 004.005.jpg
-rw-rw-r--  1 scott users 3043194 Jan 17 11:54 004.006.jpg
-rw-rw-r--  1 scott users 2947731 Jan 17 11:54 004.007.jpg
-rw-rw-r--  1 scott users 2139436 Jan 17 11:54 004.008.jpg
-rw-rw-r--  1 scott users 2179202 Jan 17 11:54 004.009.jpg
-rw-rw-r--  1 scott users 1641864 Jan 17 11:54 004.010.jpg
-rw-rw-r--  1 scott users 3141819 Jan 17 11:54 004.011.jpg
-rw-rw-r--  1 scott users 2335523 Jan 17 11:54 004.012.jpg
-rw-rw-r--  1 scott users 1908802 Jan 17 11:54 004.013.jpg
-rw-rw-r--  1 scott users 2188253 Jan 17 11:54 004.014.jpg
-rw-rw-r--  1 scott users 2585837 Jan 17 11:54 004.015.jpg
-rw-rw-r--  1 scott users 3068217 Jan 17 11:54 004.016.jpg
-rw-rw-r--  1 scott users 2088086 Jan 17 11:54 004.017.jpg
-rw-rw-r--  1 scott users 4827169 Jan 17 11:54 006.000.jpg
-rw-rw-r--  1 scott users 3612544 Jan 17 11:54 006.001.jpg
-rw-rw-r--  1 scott users 3822692 Jan 17 11:54 006.002.jpg
-rw-rw-r--  1 scott users 3722959 Jan 17 11:54 006.003.jpg
-rw-rw-r--  1 scott users 4191398 Jan 17 11:54 006.004.jpg
-rw-rw-r--  1 scott users 3953540 Jan 17 11:54 006.005.jpg
-rw-rw-r--  1 scott users 2779128 Jan 17 11:54 006.006.jpg
-rw-rw-r--  1 scott users 4194102 Jan 17 11:54 006.007.jpg
-rw-rw-r--  1 scott users 3458858 Jan 17 11:54 006.008.jpg
-rw-rw-r--  1 scott users 2977933 Jan 17 11:54 006.009.jpg
-rw-rw-r--  1 scott users 4669404 Jan 17 11:54 006.010.jpg
-rw-rw-r--  1 scott users 3093741 Jan 17 11:54 006.011.jpg
-rw-rw-r--  1 scott users 5490199 Jan 17 11:54 008.000.jpg
-rw-rw-r--  1 scott users 5586657 Jan 17 11:54 008.001.jpg
-rw-rw-r--  1 scott users 4931633 Jan 17 11:54 008.002.jpg
-rw-rw-r--  1 scott users 6001029 Jan 17 11:55 008.003.jpg
-rw-rw-r--  1 scott users 4319933 Jan 17 11:55 008.004.jpg
-rw-rw-r--  1 scott users 4799712 Jan 17 11:55 008.005.jpg
-rw-rw-r--  1 scott users 4248671 Jan 17 11:55 008.006.jpg
-rw-rw-r--  1 scott users 4782965 Jan 17 11:55 008.007.jpg
-rw-rw-r--  1 scott users 5192068 Jan 17 11:55 008.008.jpg
-rw-rw-r--  1 scott users 6237975 Jan 17 11:55 009.000.jpg
-rw-rw-r--  1 scott users 6037522 Jan 17 11:55 009.001.jpg
-rw-rw-r--  1 scott users 6378809 Jan 17 11:55 009.002.jpg
-rw-rw-r--  1 scott users 5501373 Jan 17 11:55 009.003.jpg
-rw-rw-r--  1 scott users 4667393 Jan 17 11:55 009.004.jpg
-rw-rw-r--  1 scott users 5772776 Jan 17 11:55 009.005.jpg
-rw-rw-r--  1 scott users 4633173 Jan 17 11:55 009.006.jpg
-rw-rw-r--  1 scott users 6118889 Jan 17 11:55 009.007.jpg
-rw-rw-r--  1 scott users 1433028 Jan 17 11:56 012.000.jpg
-rw-rw-r--  1 scott users 1501484 Jan 17 11:56 012.001.jpg
-rw-rw-r--  1 scott users 1466918 Jan 17 11:56 012.002.jpg
-rw-rw-r--  1 scott users 1247625 Jan 17 11:56 012.003.jpg
-rw-rw-r--  1 scott users 1217667 Jan 17 11:56 012.004.jpg
-rw-rw-r--  1 scott users 1406487 Jan 17 11:56 012.005.jpg
-rw-rw-r--  1 scott users 1957293 Jan 17 11:56 016.000.jpg
-rw-rw-r--  1 scott users 2077082 Jan 17 11:56 016.001.jpg
-rw-rw-r--  1 scott users 1610440 Jan 17 11:56 016.002.jpg
-rw-rw-r--  1 scott users 1678508 Jan 17 11:56 016.003.jpg
-rw-rw-r--  1 scott users 1264919 Jan 17 11:57 018.000.jpg
-rw-rw-r--  1 scott users 1345380 Jan 17 11:57 018.001.jpg
-rw-rw-r--  1 scott users 1152963 Jan 17 11:57 018.002.jpg
-rw-rw-r--  1 scott users 1174158 Jan 17 11:57 018.003.jpg
-rw-rw-r--  1 scott users 2934196 Jan 17 11:56 024.000.jpg
-rw-rw-r--  1 scott users 2714610 Jan 17 11:56 024.001.jpg
-rw-rw-r--  1 scott users 2622683 Jan 17 11:56 024.002.jpg
-rw-rw-r--  1 scott users 1160136 Jan 17 11:57 024.003.000.jpg
-rw-rw-r--  1 scott users 2610784 Jan 17 11:57 036.000.jpg
-rw-rw-r--  1 scott users 2327194 Jan 17 11:57 036.001.jpg
-rw-rw-r--  1 scott users  710189 Jan 17 11:57 036.002.000.jpg
-rw-rw-r--  1 scott users 1929189 Jan 17 15:10 072.000.jpg
-rw-rw-r--  1 scott users    2032 Jan 17 15:10 aspects.out
-rwxrwxr-x  1 scott users    5721 Jan 17 11:58 describe.txt
-rw-rw-r--  1 scott users     929 Jan 17 15:10 error
-rw-rw-r--  1 scott users       0 Jan 17 15:10 files.out
-rw-rw-r--  1 scott users      41 Nov 24 14:41 meta.ini
drwxr-xr-x  3 scott users    4096 Nov  6 12:15 orig
drwxrwxr-x  2 scott users    4096 Jan 17 15:10 tmp
