total 36996
drwx--x--x  4 scott users    4096 Feb  6 19:41 .
drwxrwx--x 18 scott users    4096 Feb  5 13:04 ..
-rw-rw-r--  1 scott users 1205206 Jan 18 20:20 004.000.jpg
-rw-rw-r--  1 scott users 1062928 Jan 18 20:20 004.001.jpg
-rw-rw-r--  1 scott users 1507315 Jan 18 20:20 004.002.jpg
-rw-rw-r--  1 scott users 1118110 Jan 18 20:20 004.003.jpg
-rw-rw-r--  1 scott users 1436736 Jan 18 20:20 004.004.jpg
-rw-rw-r--  1 scott users 1251280 Jan 18 20:20 004.005.jpg
-rw-rw-r--  1 scott users 1538045 Jan 18 20:20 004.006.jpg
-rw-rw-r--  1 scott users 1478134 Jan 18 20:20 004.007.jpg
-rw-rw-r--  1 scott users 1295647 Jan 18 20:20 004.008.jpg
-rw-rw-r--  1 scott users 1697169 Jan 18 20:20 006.000.jpg
-rw-rw-r--  1 scott users 2079351 Jan 18 20:20 006.001.jpg
-rw-rw-r--  1 scott users 1615158 Jan 18 20:20 006.002.jpg
-rw-rw-r--  1 scott users 2183534 Jan 18 20:20 006.003.jpg
-rw-rw-r--  1 scott users 2297021 Jan 18 20:20 006.004.jpg
-rw-rw-r--  1 scott users 2015558 Jan 18 20:20 006.005.jpg
lrwxrwxrwx  1 scott users      11 Feb  5 13:48 008.000.jpg -> 004.000.jpg
lrwxrwxrwx  1 scott users      11 Feb  5 13:48 008.001.jpg -> 004.001.jpg
lrwxrwxrwx  1 scott users      11 Feb  5 13:48 008.002.jpg -> 004.002.jpg
lrwxrwxrwx  1 scott users      11 Feb  5 13:48 008.003.jpg -> 004.003.jpg
lrwxrwxrwx  1 scott users      11 Feb  5 13:48 008.004.jpg -> 004.004.jpg
lrwxrwxrwx  1 scott users      11 Feb  5 13:48 008.005.jpg -> 004.005.jpg
lrwxrwxrwx  1 scott users      11 Feb  5 13:48 008.006.jpg -> 004.006.jpg
lrwxrwxrwx  1 scott users      11 Feb  5 13:48 008.007.jpg -> 004.007.jpg
lrwxrwxrwx  1 scott users      11 Feb  5 13:48 008.008.jpg -> 004.008.jpg
-rw-rw-r--  1 scott users 2608127 Jan 18 20:20 009.000.jpg
-rw-rw-r--  1 scott users 2802188 Jan 18 20:20 009.001.jpg
-rw-rw-r--  1 scott users 3424899 Jan 18 20:20 009.002.jpg
-rw-rw-r--  1 scott users 3083176 Jan 18 20:20 009.003.jpg
lrwxrwxrwx  1 scott users      11 Feb  5 19:29 012.000.jpg -> 006.000.jpg
lrwxrwxrwx  1 scott users      11 Feb  5 19:29 012.001.jpg -> 006.001.jpg
lrwxrwxrwx  1 scott users      11 Feb  5 19:29 012.002.jpg -> 006.002.jpg
lrwxrwxrwx  1 scott users      11 Feb  5 19:29 012.003.jpg -> 006.003.jpg
lrwxrwxrwx  1 scott users      11 Feb  5 19:29 012.004.jpg -> 006.004.jpg
lrwxrwxrwx  1 scott users      11 Feb  5 19:29 012.005.jpg -> 006.005.jpg
lrwxrwxrwx  1 scott users      11 Feb  5 19:29 018.000.jpg -> 006.000.jpg
lrwxrwxrwx  1 scott users      11 Feb  5 19:29 018.001.jpg -> 006.001.jpg
lrwxrwxrwx  1 scott users      11 Feb  5 19:29 018.002.jpg -> 006.002.jpg
lrwxrwxrwx  1 scott users      11 Feb  5 19:29 018.003.jpg -> 006.003.jpg
lrwxrwxrwx  1 scott users      11 Feb  5 19:29 018.004.jpg -> 006.004.jpg
lrwxrwxrwx  1 scott users      11 Feb  5 19:29 018.005.jpg -> 006.005.jpg
-rw-rw-r--  1 scott users  796082 Jan 26 05:55 240.240.gif
-rw-rw-r--  1 scott users 1310007 Jan 26 05:55 420.240.gif
-rw-rw-r--  1 scott users    2112 Feb  6 19:41 aspects.out
-rw-rw-r--  1 scott users    2643 Jan 18 20:44 describe.txt
-rw-rw-r--  1 scott users    2763 Feb  6 19:41 div.out
-rw-rw-r--  1 scott users     744 Feb  6 19:41 error
-rw-rw-r--  1 scott users       0 Feb  6 19:41 files.out
-rw-rw-r--  1 scott users      34 Nov 24 00:11 meta.ini
drwxrwxr-x  2 scott users    4096 Jan 18 20:20 orig
drwxrwxr-x  2 scott users    4096 Feb  6 19:41 tmp
