total 68700
drwx--x--x  4 scott users    4096 Feb  6 19:40 .
drwxrwx--x 18 scott users    4096 Feb  5 13:04 ..
-rw-rw-r--  1 scott users 2465359 Jan 18 20:10 004.000.jpg
-rw-rw-r--  1 scott users 2495657 Jan 18 20:10 004.001.jpg
-rw-rw-r--  1 scott users 2754592 Jan 18 20:10 004.002.jpg
-rw-rw-r--  1 scott users 2562570 Jan 18 20:10 004.003.jpg
-rw-rw-r--  1 scott users 1553016 Jan 18 20:10 004.004.jpg
-rw-rw-r--  1 scott users 2550483 Jan 18 20:10 004.005.jpg
-rw-rw-r--  1 scott users 3821644 Jan 18 20:10 004.006.jpg
-rw-rw-r--  1 scott users 2542564 Jan 18 20:10 004.007.jpg
-rw-rw-r--  1 scott users 1753503 Jan 18 20:10 004.008.jpg
-rw-rw-r--  1 scott users 3333887 Jan 18 20:10 006.000.jpg
-rw-rw-r--  1 scott users 4352129 Jan 18 20:10 006.001.jpg
-rw-rw-r--  1 scott users 3514028 Jan 18 20:10 006.002.jpg
-rw-rw-r--  1 scott users 3225253 Jan 18 20:10 006.003.jpg
-rw-rw-r--  1 scott users 5072437 Jan 18 20:10 006.004.jpg
-rw-rw-r--  1 scott users 3073599 Jan 18 20:10 006.005.jpg
lrwxrwxrwx  1 scott users      11 Feb  5 13:48 008.000.jpg -> 004.000.jpg
lrwxrwxrwx  1 scott users      11 Feb  5 13:48 008.001.jpg -> 004.001.jpg
lrwxrwxrwx  1 scott users      11 Feb  5 13:48 008.002.jpg -> 004.002.jpg
lrwxrwxrwx  1 scott users      11 Feb  5 13:48 008.003.jpg -> 004.003.jpg
lrwxrwxrwx  1 scott users      11 Feb  5 13:48 008.004.jpg -> 004.004.jpg
lrwxrwxrwx  1 scott users      11 Feb  5 13:48 008.005.jpg -> 004.005.jpg
lrwxrwxrwx  1 scott users      11 Feb  5 13:48 008.006.jpg -> 004.006.jpg
lrwxrwxrwx  1 scott users      11 Feb  5 13:48 008.007.jpg -> 004.007.jpg
lrwxrwxrwx  1 scott users      11 Feb  5 13:48 008.008.jpg -> 004.008.jpg
-rw-rw-r--  1 scott users 5281893 Jan 18 20:10 009.000.jpg
-rw-rw-r--  1 scott users 5989625 Jan 18 20:10 009.001.jpg
-rw-rw-r--  1 scott users 6314203 Jan 18 20:10 009.002.jpg
-rw-rw-r--  1 scott users 5090296 Jan 18 20:10 009.003.jpg
lrwxrwxrwx  1 scott users      11 Feb  5 19:29 012.000.jpg -> 006.000.jpg
lrwxrwxrwx  1 scott users      11 Feb  5 19:29 012.001.jpg -> 006.001.jpg
lrwxrwxrwx  1 scott users      11 Feb  5 19:29 012.002.jpg -> 006.002.jpg
lrwxrwxrwx  1 scott users      11 Feb  5 19:29 012.003.jpg -> 006.003.jpg
lrwxrwxrwx  1 scott users      11 Feb  5 19:29 012.004.jpg -> 006.004.jpg
lrwxrwxrwx  1 scott users      11 Feb  5 19:29 012.005.jpg -> 006.005.jpg
lrwxrwxrwx  1 scott users      11 Feb  5 19:29 018.000.jpg -> 006.000.jpg
lrwxrwxrwx  1 scott users      11 Feb  5 19:29 018.001.jpg -> 006.001.jpg
lrwxrwxrwx  1 scott users      11 Feb  5 19:29 018.002.jpg -> 006.002.jpg
lrwxrwxrwx  1 scott users      11 Feb  5 19:29 018.003.jpg -> 006.003.jpg
lrwxrwxrwx  1 scott users      11 Feb  5 19:29 018.004.jpg -> 006.004.jpg
lrwxrwxrwx  1 scott users      11 Feb  5 19:29 018.005.jpg -> 006.005.jpg
-rw-rw-r--  1 scott users  926997 Jan 26 05:54 240.240.gif
-rw-rw-r--  1 scott users 1597389 Jan 26 05:54 420.240.gif
-rw-rw-r--  1 scott users    2112 Feb  6 19:40 aspects.out
-rw-rw-r--  1 scott users    2643 Jan 18 20:44 describe.txt
-rw-rw-r--  1 scott users    2763 Feb  6 19:40 div.out
-rw-rw-r--  1 scott users     744 Feb  6 19:40 error
-rw-rw-r--  1 scott users       0 Feb  6 19:40 files.out
-rw-rw-r--  1 scott users      34 Nov 24 00:07 meta.ini
drwxrwxr-x  2 scott users    4096 Jan 18 20:10 orig
drwxrwxr-x  2 scott users    4096 Feb  6 19:40 tmp
