006.000.jpg 11520 1080 10.6667
006.001.jpg 11520 1080 10.6667
006.002.jpg 11520 1080 10.6667
012.000.jpg 11520 1080 10.6667
012.001.jpg 11520 1080 10.6667
012.002.jpg 11520 1080 10.6667
009.000.jpg 10239 640 15.9984
009.001.jpg 10239 640 15.9984
003.000.jpg 5760 1080 5.33333
003.001.jpg 5760 1080 5.33333
003.002.jpg 5760 1080 5.33333
003.003.jpg 5760 1080 5.33333
003.004.jpg 5760 1080 5.33333
003.005.jpg 5760 1080 5.33333
420.240.gif[10] 420 240 1.75
420.240.gif[11] 420 240 1.75
420.240.gif[12] 420 240 1.75
420.240.gif[13] 420 240 1.75
420.240.gif[14] 420 240 1.75
420.240.gif[15] 420 240 1.75
420.240.gif[16] 420 240 1.75
420.240.gif[17] 420 240 1.75
420.240.gif 420 240 1.75
420.240.gif 420 240 1.75
420.240.gif 420 240 1.75
420.240.gif 420 240 1.75
420.240.gif 420 240 1.75
420.240.gif 420 240 1.75
420.240.gif 420 240 1.75
420.240.gif 420 240 1.75
420.240.gif 420 240 1.75
420.240.gif 420 240 1.75
240.240.gif[10] 240 240 1
240.240.gif[11] 240 240 1
240.240.gif[12] 240 240 1
240.240.gif[13] 240 240 1
240.240.gif[14] 240 240 1
240.240.gif[15] 240 240 1
240.240.gif[16] 240 240 1
240.240.gif[17] 240 240 1
240.240.gif 240 240 1
240.240.gif 240 240 1
240.240.gif 240 240 1
240.240.gif 240 240 1
240.240.gif 240 240 1
240.240.gif 240 240 1
240.240.gif 240 240 1
240.240.gif 240 240 1
240.240.gif 240 240 1
240.240.gif 240 240 1
