total 29076
drwx--x--x  4 scott users    4096 Jan 27 17:34 .
drwxrwxr-x 20 scott users    4096 Jan 27 17:25 ..
-rw-rw-r--  1 scott users 1429454 Jan 27 17:33 003.000.jpg
-rw-rw-r--  1 scott users 1879390 Jan 27 17:33 003.001.jpg
-rw-rw-r--  1 scott users 1819247 Jan 27 17:33 003.002.jpg
-rw-rw-r--  1 scott users 1426561 Jan 27 17:33 003.003.jpg
-rw-rw-r--  1 scott users 1309154 Jan 27 17:33 003.004.jpg
-rw-rw-r--  1 scott users 1251305 Jan 27 17:33 003.005.jpg
-rw-rw-r--  1 scott users 3320193 Jan 27 17:33 006.000.jpg
-rw-rw-r--  1 scott users 3244863 Jan 27 17:33 006.001.jpg
-rw-rw-r--  1 scott users 2570862 Jan 27 17:33 006.002.jpg
-rw-rw-r--  1 scott users 5144603 Jan 27 17:33 009.000.jpg
-rw-rw-r--  1 scott users 4014232 Jan 27 17:33 009.001.jpg
-rw-rw-r--  1 scott users 2308180 Jan 27 17:34 018.000.jpg
-rw-rw-r--  1 scott users     350 Jan 27 17:34 aspects.out
-rw-rw-r--  1 scott users     929 Jan 27 17:34 error
-rw-rw-r--  1 scott users       0 Jan 27 17:34 files.out
-rw-rw-r--  1 scott users      36 Jan 27 17:25 meta.ini
drwxrwxr-x  2 scott users    4096 Jan 27 15:26 orig
drwxrwxr-x  2 scott users    4096 Jan 27 17:33 tmp
