total 21508
drwx--x--x  4 scott users    4096 Feb  6 18:30 .
drwx--x--x 21 scott users    4096 Feb  6 17:50 ..
-rw-rw-r--  1 scott users 1416644 Jan 17 19:18 003.000.jpg
-rw-rw-r--  1 scott users 1054408 Jan 17 19:18 003.001.jpg
-rw-rw-r--  1 scott users 1186355 Jan 17 19:18 003.002.jpg
-rw-rw-r--  1 scott users 1459696 Jan 17 19:18 003.003.jpg
-rw-rw-r--  1 scott users 1680190 Jan 17 19:18 003.004.jpg
-rw-rw-r--  1 scott users 2024877 Jan 17 19:18 003.005.jpg
-rw-rw-r--  1 scott users 2475402 Jan 17 19:19 006.000.jpg
-rw-rw-r--  1 scott users 2648626 Jan 17 19:19 006.001.jpg
-rw-rw-r--  1 scott users 3716643 Jan 17 19:19 006.002.jpg
-rw-rw-r--  1 scott users  840282 Feb  6 18:31 009.000.jpg
-rw-rw-r--  1 scott users 1098260 Feb  6 18:31 009.001.jpg
lrwxrwxrwx  1 scott users      11 Feb  5 19:20 012.000.jpg -> 006.000.jpg
lrwxrwxrwx  1 scott users      11 Feb  5 19:20 012.001.jpg -> 006.001.jpg
lrwxrwxrwx  1 scott users      11 Feb  5 19:20 012.002.jpg -> 006.002.jpg
lrwxrwxrwx  1 scott users      11 Feb  5 19:20 012.003.jpg -> 006.003.jpg
lrwxrwxrwx  1 scott users      11 Feb  5 19:20 012.004.jpg -> 006.004.jpg
lrwxrwxrwx  1 scott users      11 Feb  5 19:20 012.005.jpg -> 006.005.jpg
-rw-rw-r--  1 scott users  923233 Jan 26 11:04 240.240.gif
-rw-rw-r--  1 scott users 1433127 Jan 26 11:04 420.240.gif
-rw-rw-r--  1 scott users    1262 Feb  6 18:31 aspects.out
-rw-rw-r--  1 scott users    1415 Jan 17 19:19 describe.txt
-rw-rw-r--  1 scott users    1487 Feb  6 17:58 div.out
-rw-rw-r--  1 scott users    1050 Feb  6 18:31 error
-rw-rw-r--  1 scott users       0 Feb  6 18:31 files.out
-rw-rw-r--  1 scott users      37 Dec 26 22:24 meta.ini
drwxrwxr-x  2 scott users    4096 Jan 17 19:18 orig
drwxrwxr-x  2 scott users    4096 Feb  6 18:30 tmp
