total 199796
drwxr-xr-x  4 scott users    4096 Jan 17 16:24 .
drwxrwxr-x 27 scott users    4096 Jan 16 21:35 ..
-rw-rw-r--  1 scott users 2008662 Jan 17 14:43 004.000.jpg
-rw-rw-r--  1 scott users 1653790 Jan 17 14:43 004.001.jpg
-rw-rw-r--  1 scott users 1716617 Jan 17 14:44 004.002.jpg
-rw-rw-r--  1 scott users 2369103 Jan 17 14:44 004.003.jpg
-rw-rw-r--  1 scott users 2117194 Jan 17 14:44 004.004.jpg
-rw-rw-r--  1 scott users 1566905 Jan 17 14:44 004.005.jpg
-rw-rw-r--  1 scott users 2462947 Jan 17 14:44 004.006.jpg
-rw-rw-r--  1 scott users 2807078 Jan 17 14:44 004.007.jpg
-rw-rw-r--  1 scott users 1896921 Jan 17 14:44 004.008.jpg
-rw-rw-r--  1 scott users 2273608 Jan 17 14:44 004.009.jpg
-rw-rw-r--  1 scott users 1983801 Jan 17 14:44 004.010.jpg
-rw-rw-r--  1 scott users 1411963 Jan 17 14:44 004.011.jpg
-rw-rw-r--  1 scott users 2305154 Jan 17 14:44 004.012.jpg
-rw-rw-r--  1 scott users 2445002 Jan 17 14:44 004.013.jpg
-rw-rw-r--  1 scott users 2389459 Jan 17 14:44 004.014.jpg
-rw-rw-r--  1 scott users 1855625 Jan 17 14:44 004.015.jpg
-rw-rw-r--  1 scott users 2654293 Jan 17 14:44 004.016.jpg
-rw-rw-r--  1 scott users 2113417 Jan 17 14:44 004.017.jpg
-rw-rw-r--  1 scott users 3287414 Jan 17 14:44 006.000.jpg
-rw-rw-r--  1 scott users 2080838 Jan 17 14:44 006.001.jpg
-rw-rw-r--  1 scott users 3408460 Jan 17 14:44 006.002.jpg
-rw-rw-r--  1 scott users 2636845 Jan 17 14:44 006.003.jpg
-rw-rw-r--  1 scott users 3668825 Jan 17 14:44 006.004.jpg
-rw-rw-r--  1 scott users 3518093 Jan 17 14:44 006.005.jpg
-rw-rw-r--  1 scott users 3289541 Jan 17 14:44 006.006.jpg
-rw-rw-r--  1 scott users 2383127 Jan 17 14:44 006.007.jpg
-rw-rw-r--  1 scott users 3419080 Jan 17 14:44 006.008.jpg
-rw-rw-r--  1 scott users 3724644 Jan 17 14:44 006.009.jpg
-rw-rw-r--  1 scott users 3172511 Jan 17 14:44 006.010.jpg
-rw-rw-r--  1 scott users 3459900 Jan 17 14:44 006.011.jpg
-rw-rw-r--  1 scott users 3664907 Jan 17 14:44 008.000.jpg
-rw-rw-r--  1 scott users 4095762 Jan 17 14:44 008.001.jpg
-rw-rw-r--  1 scott users 3687459 Jan 17 14:44 008.002.jpg
-rw-rw-r--  1 scott users 5273643 Jan 17 14:44 008.003.jpg
-rw-rw-r--  1 scott users 4176248 Jan 17 14:44 008.004.jpg
-rw-rw-r--  1 scott users 3406612 Jan 17 14:44 008.005.jpg
-rw-rw-r--  1 scott users 4759030 Jan 17 14:44 008.006.jpg
-rw-rw-r--  1 scott users 4251585 Jan 17 14:44 008.007.jpg
-rw-rw-r--  1 scott users 4774535 Jan 17 14:44 008.008.jpg
-rw-rw-r--  1 scott users 4099991 Jan 17 14:45 009.000.jpg
-rw-rw-r--  1 scott users 4703554 Jan 17 14:45 009.001.jpg
-rw-rw-r--  1 scott users 4075585 Jan 17 14:45 009.002.jpg
-rw-rw-r--  1 scott users 5743949 Jan 17 14:45 009.003.jpg
-rw-rw-r--  1 scott users 4449808 Jan 17 14:45 009.004.jpg
-rw-rw-r--  1 scott users 4650572 Jan 17 14:45 009.005.jpg
-rw-rw-r--  1 scott users 5190920 Jan 17 14:45 009.006.jpg
-rw-rw-r--  1 scott users 5178134 Jan 17 14:45 009.007.jpg
-rw-rw-r--  1 scott users 1702655 Jan 17 14:46 012.000.jpg
-rw-rw-r--  1 scott users 1836008 Jan 17 14:46 012.001.jpg
-rw-rw-r--  1 scott users 2166982 Jan 17 14:46 012.002.jpg
-rw-rw-r--  1 scott users 1682145 Jan 17 14:46 012.003.jpg
-rw-rw-r--  1 scott users 2234684 Jan 17 14:46 012.004.jpg
-rw-rw-r--  1 scott users 2052619 Jan 17 14:46 012.005.jpg
-rw-rw-r--  1 scott users 2407133 Jan 17 14:45 016.000.jpg
-rw-rw-r--  1 scott users 2718192 Jan 17 14:45 016.001.jpg
-rw-rw-r--  1 scott users 2261188 Jan 17 14:45 016.002.jpg
-rw-rw-r--  1 scott users 2807674 Jan 17 14:45 016.003.jpg
-rw-rw-r--  1 scott users 1622887 Jan 17 14:46 018.000.jpg
-rw-rw-r--  1 scott users 1744249 Jan 17 14:46 018.001.jpg
-rw-rw-r--  1 scott users 1574348 Jan 17 14:46 018.002.jpg
-rw-rw-r--  1 scott users 1907161 Jan 17 14:46 018.003.jpg
-rw-rw-r--  1 scott users 3539002 Jan 17 14:45 024.000.jpg
-rw-rw-r--  1 scott users 3849830 Jan 17 14:45 024.001.jpg
-rw-rw-r--  1 scott users 4289031 Jan 17 14:45 024.002.jpg
-rw-rw-r--  1 scott users 1477030 Jan 17 14:47 024.003.000.jpg
-rw-rw-r--  1 scott users 3366480 Jan 17 14:47 036.000.jpg
-rw-rw-r--  1 scott users 3482771 Jan 17 14:47 036.001.jpg
-rw-rw-r--  1 scott users  866311 Jan 17 14:47 036.002.000.jpg
-rw-rw-r--  1 scott users 2552645 Jan 17 16:24 072.000.jpg
-rw-rw-r--  1 scott users    2032 Jan 17 16:24 aspects.out
-rwxrwxr-x  1 scott users    5720 Jan 17 14:47 describe.txt
-rw-rw-r--  1 scott users     929 Jan 17 16:24 error
-rw-rw-r--  1 scott users       0 Jan 17 16:24 files.out
-rw-rw-r--  1 scott users      41 Nov 24 14:45 meta.ini
drwxr-xr-x  3 scott users    4096 Nov  6 14:34 orig
-rw-rw-r--  1 scott users      22 Nov 13 16:29 title
drwxrwxr-x  2 scott users    4096 Jan 17 16:24 tmp
