total 144468
drwxr-xr-x 4 scott users    4096 Jan 17 00:34 .
drwxrwxr-x 9 scott users    4096 Jan 16 19:38 ..
-rw-rw-r-- 1 scott users 1277991 Jan 16 00:41 004.000.jpg
-rw-rw-r-- 1 scott users 1783304 Jan 16 00:41 004.001.jpg
-rw-rw-r-- 1 scott users 1861776 Jan 16 00:41 004.002.jpg
-rw-rw-r-- 1 scott users 1312916 Jan 16 00:41 004.003.jpg
-rw-rw-r-- 1 scott users 2206792 Jan 16 00:41 004.004.jpg
-rw-rw-r-- 1 scott users 1815325 Jan 16 00:41 004.005.jpg
-rw-rw-r-- 1 scott users 2048772 Jan 16 00:41 004.006.jpg
-rw-rw-r-- 1 scott users 1822565 Jan 16 00:41 004.007.jpg
-rw-rw-r-- 1 scott users 1592854 Jan 16 00:41 004.008.jpg
-rw-rw-r-- 1 scott users 1237707 Jan 16 00:41 004.009.jpg
-rw-rw-r-- 1 scott users 1315665 Jan 16 00:41 004.010.jpg
-rw-rw-r-- 1 scott users 1428113 Jan 16 00:41 004.011.jpg
-rw-rw-r-- 1 scott users 1870766 Jan 16 00:41 004.012.jpg
-rw-rw-r-- 1 scott users 1301613 Jan 16 00:41 004.013.jpg
-rw-rw-r-- 1 scott users 1445466 Jan 16 00:41 004.014.jpg
-rw-rw-r-- 1 scott users 1711022 Jan 16 00:41 004.015.jpg
-rw-rw-r-- 1 scott users 1575359 Jan 16 00:41 004.016.jpg
-rw-rw-r-- 1 scott users 2118477 Jan 16 00:41 004.017.jpg
-rw-rw-r-- 1 scott users 2023982 Jan 16 00:41 006.000.jpg
-rw-rw-r-- 1 scott users 2913832 Jan 16 00:41 006.001.jpg
-rw-rw-r-- 1 scott users 2490516 Jan 16 00:41 006.002.jpg
-rw-rw-r-- 1 scott users 2864425 Jan 16 00:41 006.003.jpg
-rw-rw-r-- 1 scott users 2956329 Jan 16 00:41 006.004.jpg
-rw-rw-r-- 1 scott users 2509772 Jan 16 00:41 006.005.jpg
-rw-rw-r-- 1 scott users 1977658 Jan 16 00:41 006.006.jpg
-rw-rw-r-- 1 scott users 2013708 Jan 16 00:41 006.007.jpg
-rw-rw-r-- 1 scott users 2471193 Jan 16 00:41 006.008.jpg
-rw-rw-r-- 1 scott users 2169385 Jan 16 00:42 006.009.jpg
-rw-rw-r-- 1 scott users 2683810 Jan 16 00:42 006.010.jpg
-rw-rw-r-- 1 scott users 2763295 Jan 16 00:42 006.011.jpg
-rw-rw-r-- 1 scott users 3078627 Jan 16 00:42 008.000.jpg
-rw-rw-r-- 1 scott users 3204099 Jan 16 00:42 008.001.jpg
-rw-rw-r-- 1 scott users 4022620 Jan 16 00:42 008.002.jpg
-rw-rw-r-- 1 scott users 3869088 Jan 16 00:42 008.003.jpg
-rw-rw-r-- 1 scott users 2835425 Jan 16 00:42 008.004.jpg
-rw-rw-r-- 1 scott users 2755090 Jan 16 00:42 008.005.jpg
-rw-rw-r-- 1 scott users 3192518 Jan 16 00:42 008.006.jpg
-rw-rw-r-- 1 scott users 3169966 Jan 16 00:42 008.007.jpg
-rw-rw-r-- 1 scott users 3709975 Jan 16 00:42 008.008.jpg
-rw-rw-r-- 1 scott users 3413216 Jan 16 00:42 009.000.jpg
-rw-rw-r-- 1 scott users 4029777 Jan 16 00:42 009.001.jpg
-rw-rw-r-- 1 scott users 4371593 Jan 16 00:42 009.002.jpg
-rw-rw-r-- 1 scott users 3973087 Jan 16 00:42 009.003.jpg
-rw-rw-r-- 1 scott users 3006940 Jan 16 00:42 009.004.jpg
-rw-rw-r-- 1 scott users 3468732 Jan 16 00:42 009.005.jpg
-rw-rw-r-- 1 scott users 3579184 Jan 16 00:42 009.006.jpg
-rw-rw-r-- 1 scott users 4037283 Jan 16 00:42 009.007.jpg
-rw-rw-r-- 1 scott users  972181 Jan 16 00:47 012.000.jpg
-rw-rw-r-- 1 scott users 1024968 Jan 16 00:47 012.001.jpg
-rw-rw-r-- 1 scott users 1186532 Jan 16 00:47 012.002.jpg
-rw-rw-r-- 1 scott users  773868 Jan 16 00:47 012.003.jpg
-rw-rw-r-- 1 scott users 1009968 Jan 16 00:47 012.004.jpg
-rw-rw-r-- 1 scott users 1179430 Jan 16 00:47 012.005.jpg
-rw-rw-r-- 1 scott users 1199043 Jan 16 00:46 016.000.jpg
-rw-rw-r-- 1 scott users 1656742 Jan 16 00:46 016.001.jpg
-rw-rw-r-- 1 scott users 1101890 Jan 16 00:46 016.002.jpg
-rw-rw-r-- 1 scott users 1371234 Jan 16 00:46 016.003.jpg
-rw-rw-r-- 1 scott users  860466 Jan 16 00:47 018.000.jpg
-rw-rw-r-- 1 scott users 1091540 Jan 16 00:47 018.001.jpg
-rw-rw-r-- 1 scott users  797723 Jan 16 00:47 018.002.jpg
-rw-rw-r-- 1 scott users 1047153 Jan 16 00:47 018.003.jpg
-rw-rw-r-- 1 scott users 1997823 Jan 16 00:46 024.000.jpg
-rw-rw-r-- 1 scott users 1962145 Jan 16 00:46 024.001.jpg
-rw-rw-r-- 1 scott users 2189744 Jan 16 00:46 024.002.jpg
-rw-rw-r-- 1 scott users 1008315 Jan 16 00:48 024.003.000.jpg
-rw-rw-r-- 1 scott users 1952621 Jan 16 00:48 036.000.jpg
-rw-rw-r-- 1 scott users 1845024 Jan 16 00:48 036.001.jpg
-rw-rw-r-- 1 scott users  633674 Jan 16 00:48 036.002.000.jpg
-rw-rw-r-- 1 scott users 1615929 Jan 17 00:34 072.000.jpg
-rw-rw-r-- 1 scott users    2032 Jan 17 00:34 aspects.out
-rwxrwxr-x 1 scott users    5719 Jan 16 17:39 describe.txt
-rw-rw-r-- 1 scott users     929 Jan 17 00:34 error
-rw-rw-r-- 1 scott users       0 Jan 17 00:34 files.out
-rw-rw-r-- 1 scott users      39 Nov 24 14:26 meta.ini
drwxr-xr-x 2 scott users    4096 Jan 16 00:41 orig
-rw-r--r-- 1 scott users     508 Sep 26 13:38 out
drwxrwxr-x 2 scott users    4096 Jan 17 00:34 tmp
