total 179984
drwxr-xr-x  4 scott users    4096 Jan 17 16:26 .
drwxrwxr-x 27 scott users    4096 Jan 16 21:35 ..
-rw-rw-r--  1 scott users 1850655 Jan 17 15:24 004.000.jpg
-rw-rw-r--  1 scott users 1893479 Jan 17 15:24 004.001.jpg
-rw-rw-r--  1 scott users 2002561 Jan 17 15:24 004.002.jpg
-rw-rw-r--  1 scott users 1593608 Jan 17 15:24 004.003.jpg
-rw-rw-r--  1 scott users 1907309 Jan 17 15:24 004.004.jpg
-rw-rw-r--  1 scott users 1784031 Jan 17 15:24 004.005.jpg
-rw-rw-r--  1 scott users 1721329 Jan 17 15:24 004.006.jpg
-rw-rw-r--  1 scott users  904437 Jan 17 15:24 004.007.jpg
-rw-rw-r--  1 scott users 1343431 Jan 17 15:24 004.008.jpg
-rw-rw-r--  1 scott users 2033648 Jan 17 15:24 004.009.jpg
-rw-rw-r--  1 scott users 2207738 Jan 17 15:24 004.010.jpg
-rw-rw-r--  1 scott users 2210689 Jan 17 15:24 004.011.jpg
-rw-rw-r--  1 scott users 2369347 Jan 17 15:24 004.012.jpg
-rw-rw-r--  1 scott users 1823793 Jan 17 15:24 004.013.jpg
-rw-rw-r--  1 scott users 1961500 Jan 17 15:24 004.014.jpg
-rw-rw-r--  1 scott users 2230108 Jan 17 15:24 004.015.jpg
-rw-rw-r--  1 scott users 2276018 Jan 17 15:24 004.016.jpg
-rw-rw-r--  1 scott users 2227324 Jan 17 15:25 004.017.jpg
-rw-rw-r--  1 scott users 2915328 Jan 17 15:25 006.000.jpg
-rw-rw-r--  1 scott users 2830940 Jan 17 15:25 006.001.jpg
-rw-rw-r--  1 scott users 2271358 Jan 17 15:25 006.002.jpg
-rw-rw-r--  1 scott users 3009567 Jan 17 15:25 006.003.jpg
-rw-rw-r--  1 scott users 2140954 Jan 17 15:25 006.004.jpg
-rw-rw-r--  1 scott users 1843665 Jan 17 15:25 006.005.jpg
-rw-rw-r--  1 scott users 3316285 Jan 17 15:25 006.006.jpg
-rw-rw-r--  1 scott users 3142455 Jan 17 15:25 006.007.jpg
-rw-rw-r--  1 scott users 3311318 Jan 17 15:25 006.008.jpg
-rw-rw-r--  1 scott users 2852553 Jan 17 15:25 006.009.jpg
-rw-rw-r--  1 scott users 3306287 Jan 17 15:25 006.010.jpg
-rw-rw-r--  1 scott users 3431279 Jan 17 15:25 006.011.jpg
-rw-rw-r--  1 scott users 3743122 Jan 17 15:25 008.000.jpg
-rw-rw-r--  1 scott users 3600691 Jan 17 15:25 008.001.jpg
-rw-rw-r--  1 scott users 3697245 Jan 17 15:25 008.002.jpg
-rw-rw-r--  1 scott users 2639264 Jan 17 15:25 008.003.jpg
-rw-rw-r--  1 scott users 3385168 Jan 17 15:25 008.004.jpg
-rw-rw-r--  1 scott users 4423713 Jan 17 15:25 008.005.jpg
-rw-rw-r--  1 scott users 4192869 Jan 17 15:25 008.006.jpg
-rw-rw-r--  1 scott users 4208550 Jan 17 15:25 008.007.jpg
-rw-rw-r--  1 scott users 4506117 Jan 17 15:25 008.008.jpg
-rw-rw-r--  1 scott users 4082887 Jan 17 15:25 009.000.jpg
-rw-rw-r--  1 scott users 3952874 Jan 17 15:25 009.001.jpg
-rw-rw-r--  1 scott users 4377913 Jan 17 15:25 009.002.jpg
-rw-rw-r--  1 scott users 2614611 Jan 17 15:25 009.003.jpg
-rw-rw-r--  1 scott users 4689218 Jan 17 15:25 009.004.jpg
-rw-rw-r--  1 scott users 5079088 Jan 17 15:25 009.005.jpg
-rw-rw-r--  1 scott users 4620889 Jan 17 15:26 009.006.jpg
-rw-rw-r--  1 scott users 4977490 Jan 17 15:26 009.007.jpg
-rw-rw-r--  1 scott users 1795360 Jan 17 15:27 012.000.jpg
-rw-rw-r--  1 scott users 1561567 Jan 17 15:27 012.001.jpg
-rw-rw-r--  1 scott users 1191815 Jan 17 15:27 012.002.jpg
-rw-rw-r--  1 scott users 1865149 Jan 17 15:27 012.003.jpg
-rw-rw-r--  1 scott users 1864040 Jan 17 15:27 012.004.jpg
-rw-rw-r--  1 scott users 2099089 Jan 17 15:27 012.005.jpg
-rw-rw-r--  1 scott users 2271361 Jan 17 15:26 016.000.jpg
-rw-rw-r--  1 scott users 1895302 Jan 17 15:26 016.001.jpg
-rw-rw-r--  1 scott users 2255443 Jan 17 15:26 016.002.jpg
-rw-rw-r--  1 scott users 2532283 Jan 17 15:26 016.003.jpg
-rw-rw-r--  1 scott users 1496045 Jan 17 15:27 018.000.jpg
-rw-rw-r--  1 scott users 1239276 Jan 17 15:27 018.001.jpg
-rw-rw-r--  1 scott users 1653023 Jan 17 15:27 018.002.jpg
-rw-rw-r--  1 scott users 1782577 Jan 17 15:27 018.003.jpg
-rw-rw-r--  1 scott users 3357489 Jan 17 15:26 024.000.jpg
-rw-rw-r--  1 scott users 3069835 Jan 17 15:26 024.001.jpg
-rw-rw-r--  1 scott users 3963078 Jan 17 15:26 024.002.jpg
-rw-rw-r--  1 scott users 1380006 Jan 17 15:28 024.003.000.jpg
-rw-rw-r--  1 scott users 2735667 Jan 17 15:27 036.000.jpg
-rw-rw-r--  1 scott users 3437114 Jan 17 15:27 036.001.jpg
-rw-rw-r--  1 scott users  816844 Jan 17 15:28 036.002.000.jpg
-rw-rw-r--  1 scott users 2351921 Jan 17 16:26 072.000.jpg
-rw-rw-r--  1 scott users    2032 Jan 17 16:26 aspects.out
-rwxrwxr-x  1 scott users    5722 Jan 17 15:28 describe.txt
-rw-rw-r--  1 scott users     929 Jan 17 16:26 error
-rw-rw-r--  1 scott users       0 Jan 17 16:26 files.out
-rw-rw-r--  1 scott users      43 Nov 24 14:47 meta.ini
drwxr-xr-x  3 scott users    4096 Nov  6 14:40 orig
-rw-rw-r--  1 scott users      22 Nov 13 16:29 title
drwxrwxr-x  2 scott users    4096 Jan 17 16:26 tmp
