total 116916
drwxrwxr-x 4 scott users    4096 Jan 17 14:09 .
drwxrwxr-x 9 scott users    4096 Jan 17 13:57 ..
-rw-rw-r-- 1 scott users 1694725 Jan 17 14:07 004.000.jpg
-rw-rw-r-- 1 scott users 1281083 Jan 17 14:07 004.001.jpg
-rw-rw-r-- 1 scott users 1182116 Jan 17 14:07 004.002.jpg
-rw-rw-r-- 1 scott users 1259741 Jan 17 14:07 004.003.jpg
-rw-rw-r-- 1 scott users 1308000 Jan 17 14:07 004.004.jpg
-rw-rw-r-- 1 scott users 1285425 Jan 17 14:07 004.005.jpg
-rw-rw-r-- 1 scott users 1142550 Jan 17 14:07 004.006.jpg
-rw-rw-r-- 1 scott users 1470545 Jan 17 14:07 004.007.jpg
-rw-rw-r-- 1 scott users 1200655 Jan 17 14:07 004.008.jpg
-rw-rw-r-- 1 scott users 1371026 Jan 17 14:07 004.009.jpg
-rw-rw-r-- 1 scott users 1587285 Jan 17 14:07 004.010.jpg
-rw-rw-r-- 1 scott users 1365069 Jan 17 14:07 004.011.jpg
-rw-rw-r-- 1 scott users 1167408 Jan 17 14:07 004.012.jpg
-rw-rw-r-- 1 scott users 1358083 Jan 17 14:07 004.013.jpg
-rw-rw-r-- 1 scott users 1274771 Jan 17 14:07 004.014.jpg
-rw-rw-r-- 1 scott users 1334872 Jan 17 14:07 004.015.jpg
-rw-rw-r-- 1 scott users 1218820 Jan 17 14:07 004.016.jpg
-rw-rw-r-- 1 scott users 1637453 Jan 17 14:07 004.017.jpg
-rw-rw-r-- 1 scott users 2407358 Jan 17 14:07 006.000.jpg
-rw-rw-r-- 1 scott users 1756720 Jan 17 14:07 006.001.jpg
-rw-rw-r-- 1 scott users 1964562 Jan 17 14:07 006.002.jpg
-rw-rw-r-- 1 scott users 1894091 Jan 17 14:07 006.003.jpg
-rw-rw-r-- 1 scott users 1711940 Jan 17 14:07 006.004.jpg
-rw-rw-r-- 1 scott users 2107726 Jan 17 14:07 006.005.jpg
-rw-rw-r-- 1 scott users 1980867 Jan 17 14:07 006.006.jpg
-rw-rw-r-- 1 scott users 2343025 Jan 17 14:07 006.007.jpg
-rw-rw-r-- 1 scott users 1811721 Jan 17 14:07 006.008.jpg
-rw-rw-r-- 1 scott users 1988617 Jan 17 14:07 006.009.jpg
-rw-rw-r-- 1 scott users 1944364 Jan 17 14:07 006.010.jpg
-rw-rw-r-- 1 scott users 2254895 Jan 17 14:07 006.011.jpg
-rw-rw-r-- 1 scott users 2986016 Jan 17 14:07 008.000.jpg
-rw-rw-r-- 1 scott users 2443319 Jan 17 14:07 008.001.jpg
-rw-rw-r-- 1 scott users 2594443 Jan 17 14:07 008.002.jpg
-rw-rw-r-- 1 scott users 2623936 Jan 17 14:07 008.003.jpg
-rw-rw-r-- 1 scott users 2574826 Jan 17 14:07 008.004.jpg
-rw-rw-r-- 1 scott users 2952915 Jan 17 14:07 008.005.jpg
-rw-rw-r-- 1 scott users 2527607 Jan 17 14:07 008.006.jpg
-rw-rw-r-- 1 scott users 2612993 Jan 17 14:07 008.007.jpg
-rw-rw-r-- 1 scott users 2867860 Jan 17 14:07 008.008.jpg
-rw-rw-r-- 1 scott users 3162171 Jan 17 14:07 009.000.jpg
-rw-rw-r-- 1 scott users 2866164 Jan 17 14:07 009.001.jpg
-rw-rw-r-- 1 scott users 2735299 Jan 17 14:08 009.002.jpg
-rw-rw-r-- 1 scott users 2842092 Jan 17 14:08 009.003.jpg
-rw-rw-r-- 1 scott users 3309902 Jan 17 14:08 009.004.jpg
-rw-rw-r-- 1 scott users 2738362 Jan 17 14:08 009.005.jpg
-rw-rw-r-- 1 scott users 2906632 Jan 17 14:08 009.006.jpg
-rw-rw-r-- 1 scott users 3205256 Jan 17 14:08 009.007.jpg
-rw-rw-r-- 1 scott users  909316 Jan 17 14:08 012.000.jpg
-rw-rw-r-- 1 scott users  835628 Jan 17 14:08 012.001.jpg
-rw-rw-r-- 1 scott users  835982 Jan 17 14:08 012.002.jpg
-rw-rw-r-- 1 scott users  950828 Jan 17 14:08 012.003.jpg
-rw-rw-r-- 1 scott users  816798 Jan 17 14:08 012.004.jpg
-rw-rw-r-- 1 scott users  911864 Jan 17 14:08 012.005.jpg
-rw-rw-r-- 1 scott users 1193818 Jan 17 14:08 016.000.jpg
-rw-rw-r-- 1 scott users 1141192 Jan 17 14:08 016.001.jpg
-rw-rw-r-- 1 scott users 1212917 Jan 17 14:08 016.002.jpg
-rw-rw-r-- 1 scott users 1128511 Jan 17 14:08 016.003.jpg
-rw-rw-r-- 1 scott users  757543 Jan 17 14:08 018.000.jpg
-rw-rw-r-- 1 scott users  699657 Jan 17 14:08 018.001.jpg
-rw-rw-r-- 1 scott users  756718 Jan 17 14:08 018.002.jpg
-rw-rw-r-- 1 scott users  753922 Jan 17 14:08 018.003.jpg
-rw-rw-r-- 1 scott users 1749849 Jan 17 14:08 024.000.jpg
-rw-rw-r-- 1 scott users 1799649 Jan 17 14:08 024.001.jpg
-rw-rw-r-- 1 scott users 1739886 Jan 17 14:08 024.002.jpg
-rw-rw-r-- 1 scott users  644588 Jan 17 14:09 024.003.000.jpg
-rw-rw-r-- 1 scott users 1461502 Jan 17 14:09 036.000.jpg
-rw-rw-r-- 1 scott users 1514409 Jan 17 14:09 036.001.jpg
-rw-rw-r-- 1 scott users  389247 Jan 17 14:09 036.002.000.jpg
-rw-rw-r-- 1 scott users 1092993 Jan 17 14:09 072.000.jpg
-rw-rw-r-- 1 scott users    2060 Jan 17 14:09 aspects.out
-rw-rw-r-- 1 scott users     929 Jan 17 14:09 error
-rw-rw-r-- 1 scott users       0 Jan 17 14:09 files.out
-rw-rw-r-- 1 scott users      42 Dec 19 21:53 meta.ini
drwxr-xr-x 2 scott users    4096 Jan 17 13:40 orig
drwxrwxr-x 2 scott users    4096 Jan 17 14:09 tmp
