total 153164
drwxr-xr-x 4 scott users    4096 Jan 17 17:51 .
drwxrwxr-x 9 scott users   16384 Jan 17 16:46 ..
-rw-rw-r-- 1 scott users 1792245 Jan 17 17:48 004.000.jpg
-rw-rw-r-- 1 scott users 1523724 Jan 17 17:48 004.001.jpg
-rw-rw-r-- 1 scott users 1610744 Jan 17 17:48 004.002.jpg
-rw-rw-r-- 1 scott users 1632016 Jan 17 17:48 004.003.jpg
-rw-rw-r-- 1 scott users 1699173 Jan 17 17:48 004.004.jpg
-rw-rw-r-- 1 scott users 1923114 Jan 17 17:48 004.005.jpg
-rw-rw-r-- 1 scott users 1724458 Jan 17 17:48 004.006.jpg
-rw-rw-r-- 1 scott users 1856508 Jan 17 17:48 004.007.jpg
-rw-rw-r-- 1 scott users 1477464 Jan 17 17:48 004.008.jpg
-rw-rw-r-- 1 scott users 1438820 Jan 17 17:48 004.009.jpg
-rw-rw-r-- 1 scott users 1604803 Jan 17 17:48 004.010.jpg
-rw-rw-r-- 1 scott users 1097011 Jan 17 17:48 004.011.jpg
-rw-rw-r-- 1 scott users 1304903 Jan 17 17:48 004.012.jpg
-rw-rw-r-- 1 scott users 1256957 Jan 17 17:48 004.013.jpg
-rw-rw-r-- 1 scott users 1762751 Jan 17 17:48 004.014.jpg
-rw-rw-r-- 1 scott users 1714225 Jan 17 17:48 004.015.jpg
-rw-rw-r-- 1 scott users 1626941 Jan 17 17:48 004.016.jpg
-rw-rw-r-- 1 scott users 1589876 Jan 17 17:48 004.017.jpg
-rw-rw-r-- 1 scott users 2437302 Jan 17 17:48 006.000.jpg
-rw-rw-r-- 1 scott users 2496585 Jan 17 17:48 006.001.jpg
-rw-rw-r-- 1 scott users 2539893 Jan 17 17:48 006.002.jpg
-rw-rw-r-- 1 scott users 2719147 Jan 17 17:48 006.003.jpg
-rw-rw-r-- 1 scott users 2563658 Jan 17 17:48 006.004.jpg
-rw-rw-r-- 1 scott users 2496187 Jan 17 17:48 006.005.jpg
-rw-rw-r-- 1 scott users 2321268 Jan 17 17:48 006.006.jpg
-rw-rw-r-- 1 scott users 1816473 Jan 17 17:48 006.007.jpg
-rw-rw-r-- 1 scott users 1865642 Jan 17 17:48 006.008.jpg
-rw-rw-r-- 1 scott users 2467193 Jan 17 17:48 006.009.jpg
-rw-rw-r-- 1 scott users 2343892 Jan 17 17:48 006.010.jpg
-rw-rw-r-- 1 scott users 2586907 Jan 17 17:48 006.011.jpg
-rw-rw-r-- 1 scott users 3326964 Jan 17 17:48 008.000.jpg
-rw-rw-r-- 1 scott users 3245048 Jan 17 17:48 008.001.jpg
-rw-rw-r-- 1 scott users 3625779 Jan 17 17:48 008.002.jpg
-rw-rw-r-- 1 scott users 3582828 Jan 17 17:48 008.003.jpg
-rw-rw-r-- 1 scott users 2948014 Jan 17 17:48 008.004.jpg
-rw-rw-r-- 1 scott users 2712245 Jan 17 17:48 008.005.jpg
-rw-rw-r-- 1 scott users 2568996 Jan 17 17:48 008.006.jpg
-rw-rw-r-- 1 scott users 3477636 Jan 17 17:48 008.007.jpg
-rw-rw-r-- 1 scott users 3217270 Jan 17 17:48 008.008.jpg
-rw-rw-r-- 1 scott users 3637862 Jan 17 17:48 009.000.jpg
-rw-rw-r-- 1 scott users 3840262 Jan 17 17:48 009.001.jpg
-rw-rw-r-- 1 scott users 3937635 Jan 17 17:48 009.002.jpg
-rw-rw-r-- 1 scott users 3842157 Jan 17 17:48 009.003.jpg
-rw-rw-r-- 1 scott users 3392658 Jan 17 17:48 009.004.jpg
-rw-rw-r-- 1 scott users 2632981 Jan 17 17:48 009.005.jpg
-rw-rw-r-- 1 scott users 3720807 Jan 17 17:48 009.006.jpg
-rw-rw-r-- 1 scott users 3679750 Jan 17 17:49 009.007.jpg
-rw-rw-r-- 1 scott users 1514779 Jan 17 17:50 012.000.jpg
-rw-rw-r-- 1 scott users 1616110 Jan 17 17:50 012.001.jpg
-rw-rw-r-- 1 scott users 1625239 Jan 17 17:50 012.002.jpg
-rw-rw-r-- 1 scott users 1335989 Jan 17 17:50 012.003.jpg
-rw-rw-r-- 1 scott users 1354439 Jan 17 17:50 012.004.jpg
-rw-rw-r-- 1 scott users 1503900 Jan 17 17:50 012.005.jpg
-rw-rw-r-- 1 scott users 1960056 Jan 17 17:49 016.000.jpg
-rw-rw-r-- 1 scott users 2324678 Jan 17 17:49 016.001.jpg
-rw-rw-r-- 1 scott users 1807497 Jan 17 17:49 016.002.jpg
-rw-rw-r-- 1 scott users 1898758 Jan 17 17:49 016.003.jpg
-rw-rw-r-- 1 scott users 1412066 Jan 17 17:50 018.000.jpg
-rw-rw-r-- 1 scott users 1578493 Jan 17 17:50 018.001.jpg
-rw-rw-r-- 1 scott users 1258739 Jan 17 17:50 018.002.jpg
-rw-rw-r-- 1 scott users 1433004 Jan 17 17:50 018.003.jpg
-rw-rw-r-- 1 scott users 3131601 Jan 17 17:49 024.000.jpg
-rw-rw-r-- 1 scott users 2961882 Jan 17 17:49 024.001.jpg
-rw-rw-r-- 1 scott users 2857861 Jan 17 17:49 024.002.jpg
-rw-rw-r-- 1 scott users 1445608 Jan 17 17:50 024.003.000.jpg
-rw-rw-r-- 1 scott users 2990759 Jan 17 17:50 036.000.jpg
-rw-rw-r-- 1 scott users 2691839 Jan 17 17:50 036.001.jpg
-rw-rw-r-- 1 scott users  888513 Jan 17 17:50 036.002.000.jpg
-rw-rw-r-- 1 scott users 2375366 Jan 17 17:51 072.000.jpg
-rw-rw-r-- 1 scott users    1896 Jan 17 17:51 aspects.out
-rw-rw-r-- 1 scott users     929 Jan 17 17:51 error
-rw-rw-r-- 1 scott users       0 Jan 17 17:51 files.out
-rw-rw-r-- 1 scott users      42 Nov 23 16:17 meta.ini
drwxr-xr-x 2 scott users    4096 Jan 17 16:50 orig
drwxrwxr-x 2 scott users    4096 Jan 17 17:50 tmp
