total 238884
drwx--x--x 5 scott users    4096 Jan 17 00:33 .
drwxrwxr-x 8 scott users    4096 Jan 16 17:29 ..
-rw-rw-r-- 1 scott users 2442784 Jan 15 21:29 004.000.jpg
-rw-rw-r-- 1 scott users 2901929 Jan 15 21:29 004.001.jpg
-rw-rw-r-- 1 scott users 2584552 Jan 15 21:29 004.002.jpg
-rw-rw-r-- 1 scott users 2909430 Jan 15 21:29 004.003.jpg
-rw-rw-r-- 1 scott users 1599877 Jan 15 21:29 004.004.jpg
-rw-rw-r-- 1 scott users 2453380 Jan 15 21:29 004.005.jpg
-rw-rw-r-- 1 scott users 3053891 Jan 15 21:29 004.006.jpg
-rw-rw-r-- 1 scott users 2420193 Jan 15 21:29 004.007.jpg
-rw-rw-r-- 1 scott users 2892009 Jan 15 21:29 004.008.jpg
-rw-rw-r-- 1 scott users 3054060 Jan 15 21:29 004.009.jpg
-rw-rw-r-- 1 scott users 2509955 Jan 15 21:29 004.010.jpg
-rw-rw-r-- 1 scott users 2103654 Jan 15 21:29 004.011.jpg
-rw-rw-r-- 1 scott users 2616342 Jan 15 21:29 004.012.jpg
-rw-rw-r-- 1 scott users 2796213 Jan 15 21:29 004.013.jpg
-rw-rw-r-- 1 scott users 2194922 Jan 15 21:29 004.014.jpg
-rw-rw-r-- 1 scott users 2139272 Jan 15 21:29 004.015.jpg
-rw-rw-r-- 1 scott users 2651331 Jan 15 21:29 004.016.jpg
-rw-rw-r-- 1 scott users 2265461 Jan 15 21:29 004.017.jpg
-rw-rw-r-- 1 scott users 3964320 Jan 15 21:29 006.000.jpg
-rw-rw-r-- 1 scott users 3965601 Jan 15 21:29 006.001.jpg
-rw-rw-r-- 1 scott users 3671704 Jan 15 21:29 006.002.jpg
-rw-rw-r-- 1 scott users 3301309 Jan 15 21:29 006.003.jpg
-rw-rw-r-- 1 scott users 4243269 Jan 15 21:29 006.004.jpg
-rw-rw-r-- 1 scott users 4121283 Jan 15 21:29 006.005.jpg
-rw-rw-r-- 1 scott users 4597865 Jan 15 21:29 006.006.jpg
-rw-rw-r-- 1 scott users 3064546 Jan 15 21:29 006.007.jpg
-rw-rw-r-- 1 scott users 3801845 Jan 15 21:29 006.008.jpg
-rw-rw-r-- 1 scott users 3808973 Jan 15 21:30 006.009.jpg
-rw-rw-r-- 1 scott users 3390907 Jan 15 21:30 006.010.jpg
-rw-rw-r-- 1 scott users 3666585 Jan 15 21:30 006.011.jpg
-rw-rw-r-- 1 scott users 5347776 Jan 15 21:30 008.000.jpg
-rw-rw-r-- 1 scott users 5498973 Jan 15 21:30 008.001.jpg
-rw-rw-r-- 1 scott users 4061036 Jan 15 21:30 008.002.jpg
-rw-rw-r-- 1 scott users 5476777 Jan 15 21:30 008.003.jpg
-rw-rw-r-- 1 scott users 5947356 Jan 15 21:30 008.004.jpg
-rw-rw-r-- 1 scott users 4622848 Jan 15 21:30 008.005.jpg
-rw-rw-r-- 1 scott users 5416607 Jan 15 21:30 008.006.jpg
-rw-rw-r-- 1 scott users 4334226 Jan 15 21:30 008.007.jpg
-rw-rw-r-- 1 scott users 4916579 Jan 15 21:30 008.008.jpg
-rw-rw-r-- 1 scott users 6075924 Jan 15 21:30 009.000.jpg
-rw-rw-r-- 1 scott users 5532160 Jan 15 21:30 009.001.jpg
-rw-rw-r-- 1 scott users 5438048 Jan 15 21:30 009.002.jpg
-rw-rw-r-- 1 scott users 6239128 Jan 15 21:30 009.003.jpg
-rw-rw-r-- 1 scott users 5904621 Jan 15 21:30 009.004.jpg
-rw-rw-r-- 1 scott users 5568066 Jan 15 21:30 009.005.jpg
-rw-rw-r-- 1 scott users 5454906 Jan 15 21:30 009.006.jpg
-rw-rw-r-- 1 scott users 5410642 Jan 15 21:30 009.007.jpg
-rw-rw-r-- 1 scott users 2302016 Jan 15 23:49 012.000.jpg
-rw-rw-r-- 1 scott users 2147346 Jan 15 23:49 012.001.jpg
-rw-rw-r-- 1 scott users 2411044 Jan 15 23:49 012.002.jpg
-rw-rw-r-- 1 scott users 2375065 Jan 15 23:49 012.003.jpg
-rw-rw-r-- 1 scott users 2315499 Jan 15 23:49 012.004.jpg
-rw-rw-r-- 1 scott users 2089437 Jan 15 23:49 012.005.jpg
-rw-rw-r-- 1 scott users 3137647 Jan 15 23:49 016.000.jpg
-rw-rw-r-- 1 scott users 2883375 Jan 15 23:49 016.001.jpg
-rw-rw-r-- 1 scott users 3214765 Jan 15 23:49 016.002.jpg
-rw-rw-r-- 1 scott users 2990397 Jan 15 23:49 016.003.jpg
-rw-rw-r-- 1 scott users 2084316 Jan 15 23:50 018.000.jpg
-rw-rw-r-- 1 scott users 2023453 Jan 15 23:50 018.001.jpg
-rw-rw-r-- 1 scott users 2099177 Jan 15 23:50 018.002.jpg
-rw-rw-r-- 1 scott users 1966134 Jan 15 23:50 018.003.jpg
-rw-rw-r-- 1 scott users 4447800 Jan 15 23:49 024.000.jpg
-rw-rw-r-- 1 scott users 4785391 Jan 15 23:49 024.001.jpg
-rw-rw-r-- 1 scott users 4402445 Jan 15 23:49 024.002.jpg
-rw-rw-r-- 1 scott users 1871067 Jan 15 23:50 024.003.000.jpg
-rw-rw-r-- 1 scott users 4108761 Jan 15 23:50 036.000.jpg
-rw-rw-r-- 1 scott users 4068827 Jan 15 23:50 036.001.jpg
-rw-rw-r-- 1 scott users 1113745 Jan 15 23:50 036.002.000.jpg
-rw-rw-r-- 1 scott users 3158888 Jan 17 00:33 072.000.jpg
-rw-rw-r-- 1 scott users    2032 Jan 17 00:33 aspects.out
-rwxrwxr-x 1 scott users    5576 Jan 16 17:32 describe.txt
-rw-rw-r-- 1 scott users     929 Jan 17 00:33 error
-rw-rw-r-- 1 scott users       0 Jan 17 00:33 files.out
-rw-rw-r-- 1 scott users      44 Nov 24 10:06 meta.ini
drwxrwxr-x 4 scott users    4096 Nov 20 20:09 orig
-rw-rw-r-- 1 scott users    3934 Dec 17 21:16 out
drwxrwxr-x 2 scott users    4096 Jan 15 00:52 save
-rw-rw-r-- 1 scott users      22 Nov 13 17:05 title
drwxrwxr-x 2 scott users    4096 Jan 17 00:33 tmp
