total 77396
drwxr-xr-x 4 scott users    4096 Jan 22 17:39 .
drwxrwxr-x 9 scott users    4096 Jan 22 17:35 ..
-rw-rw-r-- 1 scott users 2206231 Jan 22 17:37 004.000.jpg
-rw-rw-r-- 1 scott users 2421126 Jan 22 17:37 004.001.jpg
-rw-rw-r-- 1 scott users 2667161 Jan 22 17:37 004.002.jpg
-rw-rw-r-- 1 scott users 2451729 Jan 22 17:37 004.003.jpg
-rw-rw-r-- 1 scott users 2103222 Jan 22 17:37 004.004.jpg
-rw-rw-r-- 1 scott users 1948795 Jan 22 17:37 004.005.jpg
-rw-rw-r-- 1 scott users 2518463 Jan 22 17:37 004.006.jpg
-rw-rw-r-- 1 scott users 2446905 Jan 22 17:37 004.007.jpg
-rw-rw-r-- 1 scott users 2517742 Jan 22 17:37 004.008.jpg
-rw-rw-r-- 1 scott users 3779280 Jan 22 17:37 006.000.jpg
-rw-rw-r-- 1 scott users 3546289 Jan 22 17:37 006.001.jpg
-rw-rw-r-- 1 scott users 3360895 Jan 22 17:37 006.002.jpg
-rw-rw-r-- 1 scott users 3145682 Jan 22 17:37 006.003.jpg
-rw-rw-r-- 1 scott users 3478656 Jan 22 17:38 006.004.jpg
-rw-rw-r-- 1 scott users 4015497 Jan 22 17:38 006.005.jpg
-rw-rw-r-- 1 scott users 5201453 Jan 22 17:38 009.000.jpg
-rw-rw-r-- 1 scott users 5485228 Jan 22 17:38 009.001.jpg
-rw-rw-r-- 1 scott users 5088919 Jan 22 17:38 009.002.jpg
-rw-rw-r-- 1 scott users 5556774 Jan 22 17:38 009.003.jpg
-rw-rw-r-- 1 scott users 2152981 Jan 22 17:38 012.000.jpg
-rw-rw-r-- 1 scott users 2013930 Jan 22 17:38 012.001.jpg
-rw-rw-r-- 1 scott users 2347057 Jan 22 17:38 012.002.jpg
-rw-rw-r-- 1 scott users 1946257 Jan 22 17:39 018.000.jpg
-rw-rw-r-- 1 scott users 2038996 Jan 22 17:39 018.001.jpg
-rw-rw-r-- 1 scott users  746370 Jan 22 17:39 018.002.000.jpg
-rw-rw-r-- 1 scott users 3986893 Jan 22 17:39 036.000.jpg
-rw-rw-r-- 1 scott users     802 Jan 22 17:39 aspects.out
-rw-rw-r-- 1 scott users     929 Jan 22 17:39 error
-rw-rw-r-- 1 scott users       0 Jan 22 17:39 files.out
-rw-rw-r-- 1 scott users      40 Nov 24 15:01 meta.ini
drwxr-xr-x 3 scott users    4096 Jan 22 17:36 orig
drwxrwxr-x 2 scott users    4096 Jan 22 17:38 tmp
