total 136912
drwxr-xr-x  4 scott users    4096 Jan 19 16:36 .
drwxrwxr-x 10 scott users    4096 Jan 19 16:11 ..
-rw-rw-r--  1 scott users 1945443 Jan 19 16:34 008.000.jpg
-rw-rw-r--  1 scott users 1494305 Jan 19 16:34 008.001.jpg
-rw-rw-r--  1 scott users 1713841 Jan 19 16:34 008.002.jpg
-rw-rw-r--  1 scott users 1506500 Jan 19 16:34 008.003.jpg
-rw-rw-r--  1 scott users 1505886 Jan 19 16:34 008.004.jpg
-rw-rw-r--  1 scott users 1829201 Jan 19 16:34 008.005.jpg
-rw-rw-r--  1 scott users 1762541 Jan 19 16:34 008.006.jpg
-rw-rw-r--  1 scott users 1514162 Jan 19 16:34 008.007.jpg
-rw-rw-r--  1 scott users 1590394 Jan 19 16:34 008.008.jpg
-rw-rw-r--  1 scott users 1494293 Jan 19 16:34 008.009.jpg
-rw-rw-r--  1 scott users 1647512 Jan 19 16:34 008.010.jpg
-rw-rw-r--  1 scott users 1512306 Jan 19 16:34 008.011.jpg
-rw-rw-r--  1 scott users 1787623 Jan 19 16:34 008.012.jpg
-rw-rw-r--  1 scott users 1532096 Jan 19 16:34 008.013.jpg
-rw-rw-r--  1 scott users 1647053 Jan 19 16:34 008.014.jpg
-rw-rw-r--  1 scott users 1694902 Jan 19 16:34 008.015.jpg
-rw-rw-r--  1 scott users 1591100 Jan 19 16:34 008.016.jpg
-rw-rw-r--  1 scott users 1858175 Jan 19 16:34 008.017.jpg
-rw-rw-r--  1 scott users 2190175 Jan 19 16:34 009.000.jpg
-rw-rw-r--  1 scott users 1663339 Jan 19 16:34 009.001.jpg
-rw-rw-r--  1 scott users 1879522 Jan 19 16:34 009.002.jpg
-rw-rw-r--  1 scott users 1626748 Jan 19 16:34 009.003.jpg
-rw-rw-r--  1 scott users 1974540 Jan 19 16:34 009.004.jpg
-rw-rw-r--  1 scott users 1881535 Jan 19 16:34 009.005.jpg
-rw-rw-r--  1 scott users 1924446 Jan 19 16:34 009.006.jpg
-rw-rw-r--  1 scott users 1727034 Jan 19 16:34 009.007.jpg
-rw-rw-r--  1 scott users 1666091 Jan 19 16:34 009.008.jpg
-rw-rw-r--  1 scott users 1909959 Jan 19 16:34 009.009.jpg
-rw-rw-r--  1 scott users 1753507 Jan 19 16:34 009.010.jpg
-rw-rw-r--  1 scott users 1975589 Jan 19 16:34 009.011.jpg
-rw-rw-r--  1 scott users 1746008 Jan 19 16:34 009.012.jpg
-rw-rw-r--  1 scott users 1845225 Jan 19 16:34 009.013.jpg
-rw-rw-r--  1 scott users 1838670 Jan 19 16:34 009.014.jpg
-rw-rw-r--  1 scott users 2035476 Jan 19 16:34 009.015.jpg
-rw-rw-r--  1 scott users 2714937 Jan 19 16:34 012.000.jpg
-rw-rw-r--  1 scott users 2439697 Jan 19 16:34 012.001.jpg
-rw-rw-r--  1 scott users 2205506 Jan 19 16:35 012.002.jpg
-rw-rw-r--  1 scott users 2636120 Jan 19 16:35 012.003.jpg
-rw-rw-r--  1 scott users 2596352 Jan 19 16:35 012.004.jpg
-rw-rw-r--  1 scott users 2275120 Jan 19 16:35 012.005.jpg
-rw-rw-r--  1 scott users 2347649 Jan 19 16:35 012.006.jpg
-rw-rw-r--  1 scott users 2312664 Jan 19 16:35 012.007.jpg
-rw-rw-r--  1 scott users 2648380 Jan 19 16:35 012.008.jpg
-rw-rw-r--  1 scott users 2320073 Jan 19 16:35 012.009.jpg
-rw-rw-r--  1 scott users 2391027 Jan 19 16:35 012.010.jpg
-rw-rw-r--  1 scott users 2753885 Jan 19 16:35 012.011.jpg
-rw-rw-r--  1 scott users 3854180 Jan 19 16:35 018.000.jpg
-rw-rw-r--  1 scott users 3507564 Jan 19 16:35 018.001.jpg
-rw-rw-r--  1 scott users 3857857 Jan 19 16:35 018.002.jpg
-rw-rw-r--  1 scott users 3652271 Jan 19 16:35 018.003.jpg
-rw-rw-r--  1 scott users 3578044 Jan 19 16:35 018.004.jpg
-rw-rw-r--  1 scott users 3730706 Jan 19 16:35 018.005.jpg
-rw-rw-r--  1 scott users 3593222 Jan 19 16:35 018.006.jpg
-rw-rw-r--  1 scott users 3874748 Jan 19 16:35 018.007.jpg
-rw-rw-r--  1 scott users 1657885 Jan 19 16:35 024.000.jpg
-rw-rw-r--  1 scott users 1598855 Jan 19 16:35 024.001.jpg
-rw-rw-r--  1 scott users 1630497 Jan 19 16:35 024.002.jpg
-rw-rw-r--  1 scott users 1527846 Jan 19 16:35 024.003.jpg
-rw-rw-r--  1 scott users 1636325 Jan 19 16:35 024.004.jpg
-rw-rw-r--  1 scott users 1616166 Jan 19 16:35 024.005.jpg
-rw-rw-r--  1 scott users 1459965 Jan 19 16:36 036.000.jpg
-rw-rw-r--  1 scott users 1523877 Jan 19 16:36 036.001.jpg
-rw-rw-r--  1 scott users 1475825 Jan 19 16:36 036.002.jpg
-rw-rw-r--  1 scott users 1443946 Jan 19 16:36 036.003.jpg
-rw-rw-r--  1 scott users 5912016 Jan 19 16:36 048.003.000.jpg
-rw-rw-r--  1 scott users    1963 Jan 19 16:36 aspects.out
-rw-rw-r--  1 scott users     929 Jan 19 16:36 error
-rw-rw-r--  1 scott users       0 Jan 19 16:36 files.out
-rw-rw-r--  1 scott users      39 Nov 15 15:15 meta.ini
drwxr-xr-x  2 scott users    4096 Jan 18 22:54 orig
drwxrwxr-x  2 scott users    4096 Jan 19 16:36 tmp
