012.002.jpg 34560 1800 19.2
024.000.jpg 27648 720 38.4
008.000.jpg 23040 1800 12.8
008.001.jpg 23040 1800 12.8
008.002.jpg 23040 1800 12.8
006.000.jpg 17280 1800 9.6
006.001.jpg 17280 1800 9.6
006.002.jpg 17280 1800 9.6
006.003.jpg 17280 1800 9.6
012.000.jpg 13824 720 19.2
012.001.jpg 13824 720 19.2
004.000.jpg 11520 1800 6.4
004.001.jpg 11520 1800 6.4
004.002.jpg 11520 1800 6.4
004.003.jpg 11520 1800 6.4
004.004.jpg 11520 1800 6.4
004.005.jpg 11520 1800 6.4
003.000.jpg 8640 1800 4.8
003.001.jpg 8640 1800 4.8
003.002.jpg 8640 1800 4.8
003.003.jpg 8640 1800 4.8
003.004.jpg 8640 1800 4.8
003.005.jpg 8640 1800 4.8
003.006.jpg 8640 1800 4.8
003.007.jpg 8640 1800 4.8
