total 100320
drwx--x--x 4 scott users    4096 Jan 19 20:48 .
drwxrwx--x 9 scott users    4096 Jan 19 20:29 ..
-rw-rw-r-- 1 scott users 2277671 Jan 19 20:46 003.000.jpg
-rw-rw-r-- 1 scott users 2213843 Jan 19 20:46 003.001.jpg
-rw-rw-r-- 1 scott users 3657820 Jan 19 20:46 003.002.jpg
-rw-rw-r-- 1 scott users 2839621 Jan 19 20:46 003.003.jpg
-rw-rw-r-- 1 scott users 2628050 Jan 19 20:46 003.004.jpg
-rw-rw-r-- 1 scott users 3989381 Jan 19 20:46 003.005.jpg
-rw-rw-r-- 1 scott users 3321194 Jan 19 20:46 003.006.jpg
-rw-rw-r-- 1 scott users 2689778 Jan 19 20:46 003.007.jpg
-rw-rw-r-- 1 scott users 3153176 Jan 19 20:46 004.000.jpg
-rw-rw-r-- 1 scott users 3901247 Jan 19 20:46 004.001.jpg
-rw-rw-r-- 1 scott users 3984075 Jan 19 20:46 004.002.jpg
-rw-rw-r-- 1 scott users 3883528 Jan 19 20:47 004.003.jpg
-rw-rw-r-- 1 scott users 4863699 Jan 19 20:47 004.004.jpg
-rw-rw-r-- 1 scott users 3904110 Jan 19 20:47 004.005.jpg
-rw-rw-r-- 1 scott users 4524433 Jan 19 20:47 006.000.jpg
-rw-rw-r-- 1 scott users 6521105 Jan 19 20:47 006.001.jpg
-rw-rw-r-- 1 scott users 6666037 Jan 19 20:47 006.002.jpg
-rw-rw-r-- 1 scott users 6036443 Jan 19 20:47 006.003.jpg
-rw-rw-r-- 1 scott users 7055759 Jan 19 20:47 008.000.jpg
-rw-rw-r-- 1 scott users 7874826 Jan 19 20:47 008.001.jpg
-rw-rw-r-- 1 scott users 8796387 Jan 19 20:47 008.002.jpg
-rw-rw-r-- 1 scott users 1352711 Jan 19 20:48 012.000.jpg
-rw-rw-r-- 1 scott users 1661602 Jan 19 20:48 012.001.jpg
-rw-rw-r-- 1 scott users 1833335 Jan 19 20:48 012.002.jpg
-rw-rw-r-- 1 scott users 3015850 Jan 19 20:48 024.000.jpg
-rw-rw-r-- 1 scott users     671 Jan 19 20:48 aspects.out
-rw-rw-r-- 1 scott users     929 Jan 19 20:48 error
-rw-rw-r-- 1 scott users       0 Jan 19 20:48 files.out
-rw-rw-r-- 1 scott users      40 Nov 24 00:34 meta.ini
drwxrwxr-x 2 scott users    4096 Jan 19 20:21 orig
drwxrwxr-x 2 scott users    4096 Jan 19 20:48 tmp
