total 173796
drwxr-xr-x 4 scott users    4096 Jan 17 00:40 .
drwxrwxr-x 9 scott users    4096 Jan 16 19:37 ..
-rw-rw-r-- 1 scott users 1644485 Jan 16 19:25 004.000.jpg
-rw-rw-r-- 1 scott users 2024103 Jan 16 19:25 004.001.jpg
-rw-rw-r-- 1 scott users 2650635 Jan 16 19:25 004.002.jpg
-rw-rw-r-- 1 scott users 1782405 Jan 16 19:25 004.003.jpg
-rw-rw-r-- 1 scott users 1578135 Jan 16 19:25 004.004.jpg
-rw-rw-r-- 1 scott users 2177211 Jan 16 19:25 004.005.jpg
-rw-rw-r-- 1 scott users 1483901 Jan 16 19:25 004.006.jpg
-rw-rw-r-- 1 scott users 2585946 Jan 16 19:25 004.007.jpg
-rw-rw-r-- 1 scott users 1696672 Jan 16 19:25 004.008.jpg
-rw-rw-r-- 1 scott users 2215871 Jan 16 19:25 004.009.jpg
-rw-rw-r-- 1 scott users 1710298 Jan 16 19:25 004.010.jpg
-rw-rw-r-- 1 scott users 1812188 Jan 16 19:25 004.011.jpg
-rw-rw-r-- 1 scott users 1670915 Jan 16 19:25 004.012.jpg
-rw-rw-r-- 1 scott users 1770957 Jan 16 19:25 004.013.jpg
-rw-rw-r-- 1 scott users 1686275 Jan 16 19:25 004.014.jpg
-rw-rw-r-- 1 scott users 1847478 Jan 16 19:26 004.015.jpg
-rw-rw-r-- 1 scott users 1440444 Jan 16 19:26 004.016.jpg
-rw-rw-r-- 1 scott users 1942290 Jan 16 19:26 004.017.jpg
-rw-rw-r-- 1 scott users 2781912 Jan 16 19:26 006.000.jpg
-rw-rw-r-- 1 scott users 3550145 Jan 16 19:26 006.001.jpg
-rw-rw-r-- 1 scott users 2374938 Jan 16 19:26 006.002.jpg
-rw-rw-r-- 1 scott users 3141101 Jan 16 19:26 006.003.jpg
-rw-rw-r-- 1 scott users 2687740 Jan 16 19:26 006.004.jpg
-rw-rw-r-- 1 scott users 3149032 Jan 16 19:26 006.005.jpg
-rw-rw-r-- 1 scott users 3055128 Jan 16 19:26 006.006.jpg
-rw-rw-r-- 1 scott users 2708714 Jan 16 19:26 006.007.jpg
-rw-rw-r-- 1 scott users 2603069 Jan 16 19:26 006.008.jpg
-rw-rw-r-- 1 scott users 2528074 Jan 16 19:26 006.009.jpg
-rw-rw-r-- 1 scott users 2453868 Jan 16 19:26 006.010.jpg
-rw-rw-r-- 1 scott users 2830722 Jan 16 19:26 006.011.jpg
-rw-rw-r-- 1 scott users 3670447 Jan 16 19:26 008.000.jpg
-rw-rw-r-- 1 scott users 4464507 Jan 16 19:26 008.001.jpg
-rw-rw-r-- 1 scott users 3758180 Jan 16 19:26 008.002.jpg
-rw-rw-r-- 1 scott users 4117744 Jan 16 19:26 008.003.jpg
-rw-rw-r-- 1 scott users 3926092 Jan 16 19:26 008.004.jpg
-rw-rw-r-- 1 scott users 3552492 Jan 16 19:26 008.005.jpg
-rw-rw-r-- 1 scott users 3456836 Jan 16 19:26 008.006.jpg
-rw-rw-r-- 1 scott users 3543117 Jan 16 19:26 008.007.jpg
-rw-rw-r-- 1 scott users 3456695 Jan 16 19:26 008.008.jpg
-rw-rw-r-- 1 scott users 4234696 Jan 16 19:26 009.000.jpg
-rw-rw-r-- 1 scott users 4507917 Jan 16 19:26 009.001.jpg
-rw-rw-r-- 1 scott users 4393401 Jan 16 19:26 009.002.jpg
-rw-rw-r-- 1 scott users 4576805 Jan 16 19:26 009.003.jpg
-rw-rw-r-- 1 scott users 4425626 Jan 16 19:26 009.004.jpg
-rw-rw-r-- 1 scott users 3950995 Jan 16 19:27 009.005.jpg
-rw-rw-r-- 1 scott users 3964028 Jan 16 19:27 009.006.jpg
-rw-rw-r-- 1 scott users 3881108 Jan 16 19:27 009.007.jpg
-rw-rw-r-- 1 scott users 1793733 Jan 16 19:28 012.000.jpg
-rw-rw-r-- 1 scott users 1535338 Jan 16 19:28 012.001.jpg
-rw-rw-r-- 1 scott users 1436689 Jan 16 19:28 012.002.jpg
-rw-rw-r-- 1 scott users 1590578 Jan 16 19:28 012.003.jpg
-rw-rw-r-- 1 scott users 1388891 Jan 16 19:28 012.004.jpg
-rw-rw-r-- 1 scott users 1360633 Jan 16 19:28 012.005.jpg
-rw-rw-r-- 1 scott users 2365125 Jan 16 19:27 016.000.jpg
-rw-rw-r-- 1 scott users 1973342 Jan 16 19:27 016.001.jpg
-rw-rw-r-- 1 scott users 2022077 Jan 16 19:27 016.002.jpg
-rw-rw-r-- 1 scott users 1918646 Jan 16 19:27 016.003.jpg
-rw-rw-r-- 1 scott users 1556264 Jan 16 19:28 018.000.jpg
-rw-rw-r-- 1 scott users 1383006 Jan 16 19:28 018.001.jpg
-rw-rw-r-- 1 scott users 1407085 Jan 16 19:28 018.002.jpg
-rw-rw-r-- 1 scott users 1273521 Jan 16 19:28 018.003.jpg
-rw-rw-r-- 1 scott users 3329448 Jan 16 19:27 024.000.jpg
-rw-rw-r-- 1 scott users 3030538 Jan 16 19:27 024.001.jpg
-rw-rw-r-- 1 scott users 2747518 Jan 16 19:27 024.002.jpg
-rw-rw-r-- 1 scott users 1414459 Jan 16 19:29 024.003.000.jpg
-rw-rw-r-- 1 scott users 2940374 Jan 16 19:28 036.000.jpg
-rw-rw-r-- 1 scott users 2680787 Jan 16 19:28 036.001.jpg
-rw-rw-r-- 1 scott users  869833 Jan 16 19:29 036.002.000.jpg
-rw-rw-r-- 1 scott users 2312068 Jan 17 00:40 072.000.jpg
-rw-rw-r-- 1 scott users    2032 Jan 17 00:40 aspects.out
-rwxrwxr-x 1 scott users    5719 Jan 16 19:29 describe.txt
-rw-rw-r-- 1 scott users     929 Jan 17 00:40 error
-rw-rw-r-- 1 scott users       0 Jan 17 00:40 files.out
-rw-rw-r-- 1 scott users      40 Nov 24 14:31 meta.ini
drwxr-xr-x 2 scott users    4096 Jan 16 19:25 orig
drwxrwxr-x 2 scott users    4096 Jan 17 00:40 tmp
