total 149284
drwxr-xr-x  4 scott users    4096 Jan 19 16:24 .
drwxrwxr-x 10 scott users    4096 Jan 19 16:11 ..
-rw-rw-r--  1 scott users 2015575 Jan 19 16:13 008.000.jpg
-rw-rw-r--  1 scott users 1653322 Jan 19 16:13 008.001.jpg
-rw-rw-r--  1 scott users 1557825 Jan 19 16:13 008.002.jpg
-rw-rw-r--  1 scott users 1693080 Jan 19 16:13 008.003.jpg
-rw-rw-r--  1 scott users 1648072 Jan 19 16:13 008.004.jpg
-rw-rw-r--  1 scott users 1715687 Jan 19 16:13 008.005.jpg
-rw-rw-r--  1 scott users 1867445 Jan 19 16:13 008.006.jpg
-rw-rw-r--  1 scott users 1954261 Jan 19 16:13 008.007.jpg
-rw-rw-r--  1 scott users 1859003 Jan 19 16:13 008.008.jpg
-rw-rw-r--  1 scott users 1659406 Jan 19 16:13 008.009.jpg
-rw-rw-r--  1 scott users 1892103 Jan 19 16:13 008.010.jpg
-rw-rw-r--  1 scott users 2075901 Jan 19 16:13 008.011.jpg
-rw-rw-r--  1 scott users 1799769 Jan 19 16:13 008.012.jpg
-rw-rw-r--  1 scott users 1802346 Jan 19 16:13 008.013.jpg
-rw-rw-r--  1 scott users 1896644 Jan 19 16:13 008.014.jpg
-rw-rw-r--  1 scott users 1923060 Jan 19 16:13 008.015.jpg
-rw-rw-r--  1 scott users 1746083 Jan 19 16:13 008.016.jpg
-rw-rw-r--  1 scott users 1653145 Jan 19 16:13 008.017.jpg
-rw-rw-r--  1 scott users 2230321 Jan 19 16:13 009.000.jpg
-rw-rw-r--  1 scott users 1847983 Jan 19 16:13 009.001.jpg
-rw-rw-r--  1 scott users 1829419 Jan 19 16:13 009.002.jpg
-rw-rw-r--  1 scott users 1902792 Jan 19 16:13 009.003.jpg
-rw-rw-r--  1 scott users 1839432 Jan 19 16:13 009.004.jpg
-rw-rw-r--  1 scott users 1921714 Jan 19 16:13 009.005.jpg
-rw-rw-r--  1 scott users 2330591 Jan 19 16:13 009.006.jpg
-rw-rw-r--  1 scott users 2066301 Jan 19 16:13 009.007.jpg
-rw-rw-r--  1 scott users 1895045 Jan 19 16:13 009.008.jpg
-rw-rw-r--  1 scott users 2131258 Jan 19 16:13 009.009.jpg
-rw-rw-r--  1 scott users 2291018 Jan 19 16:13 009.010.jpg
-rw-rw-r--  1 scott users 2041285 Jan 19 16:13 009.011.jpg
-rw-rw-r--  1 scott users 2066377 Jan 19 16:13 009.012.jpg
-rw-rw-r--  1 scott users 2087403 Jan 19 16:13 009.013.jpg
-rw-rw-r--  1 scott users 2049917 Jan 19 16:13 009.014.jpg
-rw-rw-r--  1 scott users 1886427 Jan 19 16:13 009.015.jpg
-rw-rw-r--  1 scott users 2871927 Jan 19 16:13 012.000.jpg
-rw-rw-r--  1 scott users 2353926 Jan 19 16:13 012.001.jpg
-rw-rw-r--  1 scott users 2584579 Jan 19 16:13 012.002.jpg
-rw-rw-r--  1 scott users 2474800 Jan 19 16:13 012.003.jpg
-rw-rw-r--  1 scott users 2864902 Jan 19 16:13 012.004.jpg
-rw-rw-r--  1 scott users 2817827 Jan 19 16:13 012.005.jpg
-rw-rw-r--  1 scott users 2635497 Jan 19 16:13 012.006.jpg
-rw-rw-r--  1 scott users 2989684 Jan 19 16:13 012.007.jpg
-rw-rw-r--  1 scott users 2728405 Jan 19 16:13 012.008.jpg
-rw-rw-r--  1 scott users 2771022 Jan 19 16:13 012.009.jpg
-rw-rw-r--  1 scott users 2681833 Jan 19 16:13 012.010.jpg
-rw-rw-r--  1 scott users 2640463 Jan 19 16:13 012.011.jpg
-rw-rw-r--  1 scott users 4078009 Jan 19 16:14 018.000.jpg
-rw-rw-r--  1 scott users 3734095 Jan 19 16:14 018.001.jpg
-rw-rw-r--  1 scott users 3761462 Jan 19 16:14 018.002.jpg
-rw-rw-r--  1 scott users 4398724 Jan 19 16:14 018.003.jpg
-rw-rw-r--  1 scott users 4027390 Jan 19 16:14 018.004.jpg
-rw-rw-r--  1 scott users 4330822 Jan 19 16:14 018.005.jpg
-rw-rw-r--  1 scott users 4163215 Jan 19 16:14 018.006.jpg
-rw-rw-r--  1 scott users 3936175 Jan 19 16:14 018.007.jpg
-rw-rw-r--  1 scott users 1673282 Jan 19 16:24 024.000.jpg
-rw-rw-r--  1 scott users 1607911 Jan 19 16:24 024.001.jpg
-rw-rw-r--  1 scott users 1809904 Jan 19 16:24 024.002.jpg
-rw-rw-r--  1 scott users 1797477 Jan 19 16:24 024.003.jpg
-rw-rw-r--  1 scott users 1785580 Jan 19 16:24 024.004.jpg
-rw-rw-r--  1 scott users 1708418 Jan 19 16:24 024.005.jpg
-rw-rw-r--  1 scott users 1519195 Jan 19 16:24 036.000.jpg
-rw-rw-r--  1 scott users 1584253 Jan 19 16:24 036.001.jpg
-rw-rw-r--  1 scott users 1630221 Jan 19 16:24 036.002.jpg
-rw-rw-r--  1 scott users 1585508 Jan 19 16:24 036.003.jpg
-rw-rw-r--  1 scott users 6325206 Jan 19 16:25 048.003.000.jpg
-rw-rw-r--  1 scott users    1963 Jan 19 16:25 aspects.out
-rw-rw-r--  1 scott users     929 Jan 19 16:25 error
-rw-rw-r--  1 scott users       0 Jan 19 16:25 files.out
-rw-rw-r--  1 scott users      43 Nov 15 15:14 meta.ini
drwxr-xr-x  2 scott users    4096 Jan 18 22:53 orig
drwxrwxr-x  2 scott users    4096 Jan 19 16:24 tmp
