total 111592
drwxr-xr-x 4 scott users    4096 Jan 17 00:36 .
drwxrwxr-x 9 scott users   12288 Jan 16 19:38 ..
-rw-rw-r-- 1 scott users 1061665 Jan 16 12:23 004.000.jpg
-rw-rw-r-- 1 scott users  975962 Jan 16 12:23 004.001.jpg
-rw-rw-r-- 1 scott users  921147 Jan 16 12:23 004.002.jpg
-rw-rw-r-- 1 scott users  941937 Jan 16 12:23 004.003.jpg
-rw-rw-r-- 1 scott users 1419798 Jan 16 12:23 004.004.jpg
-rw-rw-r-- 1 scott users 1041395 Jan 16 12:23 004.005.jpg
-rw-rw-r-- 1 scott users 1770172 Jan 16 12:23 004.006.jpg
-rw-rw-r-- 1 scott users 1338167 Jan 16 12:23 004.007.jpg
-rw-rw-r-- 1 scott users  999717 Jan 16 12:23 004.008.jpg
-rw-rw-r-- 1 scott users 1170281 Jan 16 12:23 004.009.jpg
-rw-rw-r-- 1 scott users 1149226 Jan 16 12:23 004.010.jpg
-rw-rw-r-- 1 scott users 1672109 Jan 16 12:23 004.011.jpg
-rw-rw-r-- 1 scott users 1092017 Jan 16 12:23 004.012.jpg
-rw-rw-r-- 1 scott users 1256774 Jan 16 12:23 004.013.jpg
-rw-rw-r-- 1 scott users 1043724 Jan 16 12:23 004.014.jpg
-rw-rw-r-- 1 scott users 1010256 Jan 16 12:23 004.015.jpg
-rw-rw-r-- 1 scott users  805813 Jan 16 12:23 004.016.jpg
-rw-rw-r-- 1 scott users  908300 Jan 16 12:23 004.017.jpg
-rw-rw-r-- 1 scott users 1488412 Jan 16 12:23 006.000.jpg
-rw-rw-r-- 1 scott users 1470196 Jan 16 12:23 006.001.jpg
-rw-rw-r-- 1 scott users 1822862 Jan 16 12:23 006.002.jpg
-rw-rw-r-- 1 scott users 1584869 Jan 16 12:23 006.003.jpg
-rw-rw-r-- 1 scott users 2665259 Jan 16 12:23 006.004.jpg
-rw-rw-r-- 1 scott users 1440794 Jan 16 12:23 006.005.jpg
-rw-rw-r-- 1 scott users 1854308 Jan 16 12:23 006.006.jpg
-rw-rw-r-- 1 scott users 2142968 Jan 16 12:23 006.007.jpg
-rw-rw-r-- 1 scott users 1558540 Jan 16 12:23 006.008.jpg
-rw-rw-r-- 1 scott users 1842408 Jan 16 12:23 006.009.jpg
-rw-rw-r-- 1 scott users 1456603 Jan 16 12:23 006.010.jpg
-rw-rw-r-- 1 scott users 1268631 Jan 16 12:23 006.011.jpg
-rw-rw-r-- 1 scott users 2037223 Jan 16 12:23 008.000.jpg
-rw-rw-r-- 1 scott users 1864306 Jan 16 12:23 008.001.jpg
-rw-rw-r-- 1 scott users 2466700 Jan 16 12:23 008.002.jpg
-rw-rw-r-- 1 scott users 3121126 Jan 16 12:23 008.003.jpg
-rw-rw-r-- 1 scott users 2172272 Jan 16 12:23 008.004.jpg
-rw-rw-r-- 1 scott users 2826924 Jan 16 12:23 008.005.jpg
-rw-rw-r-- 1 scott users 2358564 Jan 16 12:23 008.006.jpg
-rw-rw-r-- 1 scott users 2054832 Jan 16 12:23 008.007.jpg
-rw-rw-r-- 1 scott users 1714190 Jan 16 12:23 008.008.jpg
-rw-rw-r-- 1 scott users 2232846 Jan 16 12:23 009.000.jpg
-rw-rw-r-- 1 scott users 2551689 Jan 16 12:23 009.001.jpg
-rw-rw-r-- 1 scott users 2892866 Jan 16 12:24 009.002.jpg
-rw-rw-r-- 1 scott users 2815671 Jan 16 12:24 009.003.jpg
-rw-rw-r-- 1 scott users 2553578 Jan 16 12:24 009.004.jpg
-rw-rw-r-- 1 scott users 3006647 Jan 16 12:24 009.005.jpg
-rw-rw-r-- 1 scott users 2572921 Jan 16 12:24 009.006.jpg
-rw-rw-r-- 1 scott users 1998350 Jan 16 12:24 009.007.jpg
-rw-rw-r-- 1 scott users  996546 Jan 16 12:25 012.000.jpg
-rw-rw-r-- 1 scott users 1131606 Jan 16 12:25 012.001.jpg
-rw-rw-r-- 1 scott users 1312740 Jan 16 12:25 012.002.jpg
-rw-rw-r-- 1 scott users 1294211 Jan 16 12:25 012.003.jpg
-rw-rw-r-- 1 scott users 1172371 Jan 16 12:25 012.004.jpg
-rw-rw-r-- 1 scott users  932626 Jan 16 12:25 012.005.jpg
-rw-rw-r-- 1 scott users 1320364 Jan 16 12:24 016.000.jpg
-rw-rw-r-- 1 scott users 1779975 Jan 16 12:24 016.001.jpg
-rw-rw-r-- 1 scott users 1631858 Jan 16 12:24 016.002.jpg
-rw-rw-r-- 1 scott users 1521907 Jan 16 12:24 016.003.jpg
-rw-rw-r-- 1 scott users  981160 Jan 16 12:25 018.000.jpg
-rw-rw-r-- 1 scott users 1118817 Jan 16 12:25 018.001.jpg
-rw-rw-r-- 1 scott users 1114952 Jan 16 12:25 018.002.jpg
-rw-rw-r-- 1 scott users  966629 Jan 16 12:25 018.003.jpg
-rw-rw-r-- 1 scott users 2127030 Jan 16 12:24 024.000.jpg
-rw-rw-r-- 1 scott users 2606390 Jan 16 12:24 024.001.jpg
-rw-rw-r-- 1 scott users 2106190 Jan 16 12:24 024.002.jpg
-rw-rw-r-- 1 scott users 1034085 Jan 16 12:25 024.003.000.jpg
-rw-rw-r-- 1 scott users 2101049 Jan 16 12:25 036.000.jpg
-rw-rw-r-- 1 scott users 2081763 Jan 16 12:25 036.001.jpg
-rw-rw-r-- 1 scott users  654092 Jan 16 12:25 036.002.000.jpg
-rw-rw-r-- 1 scott users 1682663 Jan 17 00:36 072.000.jpg
-rw-rw-r-- 1 scott users    1870 Jan 17 00:36 aspects.out
-rwxrwxr-x 1 scott users    5863 Jan 16 17:43 describe.txt
-rw-rw-r-- 1 scott users     929 Jan 17 00:36 error
-rw-rw-r-- 1 scott users       0 Jan 17 00:36 files.out
-rw-rw-r-- 1 scott users      42 Nov 24 16:30 meta.ini
drwxr-xr-x 2 scott users    4096 Jan 16 12:16 orig
-rw-r--r-- 1 scott users    2647 Dec 13 21:27 out
drwxrwxr-x 2 scott users    4096 Jan 17 00:36 tmp
