036.000.jpg 34560 540 64
009.002.jpg 17280 1080 16
009.003.jpg 17280 1080 16
018.000.jpg 17280 540 32
018.001.jpg 17280 540 32
009.000.jpg 17279 1080 15.9991
009.001.jpg 17279 1080 15.9991
012.002.jpg 15360 720 21.3333
012.000.jpg 15359 720 21.3319
012.001.jpg 15359 720 21.3319
006.001.jpg 11520 1080 10.6667
006.003.jpg 11520 1080 10.6667
006.004.jpg 11520 1080 10.6667
006.005.jpg 11520 1080 10.6667
006.000.jpg 11519 1080 10.6657
006.002.jpg 11519 1080 10.6657
004.001.jpg 7680 1080 7.11111
004.002.jpg 7680 1080 7.11111
004.004.jpg 7680 1080 7.11111
004.005.jpg 7680 1080 7.11111
004.006.jpg 7680 1080 7.11111
004.007.jpg 7680 1080 7.11111
004.008.jpg 7680 1080 7.11111
004.000.jpg 7679 1080 7.11019
004.003.jpg 7679 1080 7.11019
