total 57608
drwx--x--x  4 scott users    4096 Feb  6 19:41 .
drwxrwx--x 18 scott users    4096 Feb  5 13:04 ..
-rw-rw-r--  1 scott users 2031068 Jan 18 20:25 004.000.jpg
-rw-rw-r--  1 scott users 1871884 Jan 18 20:25 004.001.jpg
-rw-rw-r--  1 scott users 1966624 Jan 18 20:25 004.002.jpg
-rw-rw-r--  1 scott users 2647864 Jan 18 20:25 004.003.jpg
-rw-rw-r--  1 scott users 1853722 Jan 18 20:25 004.004.jpg
-rw-rw-r--  1 scott users 2227884 Jan 18 20:25 004.005.jpg
-rw-rw-r--  1 scott users 1441121 Jan 18 20:26 004.006.jpg
-rw-rw-r--  1 scott users 1959567 Jan 18 20:26 004.007.jpg
-rw-rw-r--  1 scott users 2407092 Jan 18 20:26 004.008.jpg
-rw-rw-r--  1 scott users 2995601 Jan 18 20:26 006.000.jpg
-rw-rw-r--  1 scott users 3109541 Jan 18 20:26 006.001.jpg
-rw-rw-r--  1 scott users 4001687 Jan 18 20:26 006.002.jpg
-rw-rw-r--  1 scott users 3032600 Jan 18 20:26 006.003.jpg
-rw-rw-r--  1 scott users 2410335 Jan 18 20:26 006.004.jpg
-rw-rw-r--  1 scott users 3409642 Jan 18 20:26 006.005.jpg
lrwxrwxrwx  1 scott users      11 Feb  5 13:48 008.000.jpg -> 004.000.jpg
lrwxrwxrwx  1 scott users      11 Feb  5 13:48 008.001.jpg -> 004.001.jpg
lrwxrwxrwx  1 scott users      11 Feb  5 13:48 008.002.jpg -> 004.002.jpg
lrwxrwxrwx  1 scott users      11 Feb  5 13:48 008.003.jpg -> 004.003.jpg
lrwxrwxrwx  1 scott users      11 Feb  5 13:48 008.004.jpg -> 004.004.jpg
lrwxrwxrwx  1 scott users      11 Feb  5 13:48 008.005.jpg -> 004.005.jpg
lrwxrwxrwx  1 scott users      11 Feb  5 13:48 008.006.jpg -> 004.006.jpg
lrwxrwxrwx  1 scott users      11 Feb  5 13:48 008.007.jpg -> 004.007.jpg
lrwxrwxrwx  1 scott users      11 Feb  5 13:48 008.008.jpg -> 004.008.jpg
-rw-rw-r--  1 scott users 4588449 Jan 18 20:26 009.000.jpg
-rw-rw-r--  1 scott users 5706580 Jan 18 20:26 009.001.jpg
-rw-rw-r--  1 scott users 4181764 Jan 18 20:26 009.002.jpg
-rw-rw-r--  1 scott users 4682668 Jan 18 20:26 009.003.jpg
lrwxrwxrwx  1 scott users      11 Feb  5 19:29 012.000.jpg -> 006.000.jpg
lrwxrwxrwx  1 scott users      11 Feb  5 19:29 012.001.jpg -> 006.001.jpg
lrwxrwxrwx  1 scott users      11 Feb  5 19:29 012.002.jpg -> 006.002.jpg
lrwxrwxrwx  1 scott users      11 Feb  5 19:29 012.003.jpg -> 006.003.jpg
lrwxrwxrwx  1 scott users      11 Feb  5 19:29 012.004.jpg -> 006.004.jpg
lrwxrwxrwx  1 scott users      11 Feb  5 19:29 012.005.jpg -> 006.005.jpg
lrwxrwxrwx  1 scott users      11 Feb  5 19:29 018.000.jpg -> 006.000.jpg
lrwxrwxrwx  1 scott users      11 Feb  5 19:29 018.001.jpg -> 006.001.jpg
lrwxrwxrwx  1 scott users      11 Feb  5 19:29 018.002.jpg -> 006.002.jpg
lrwxrwxrwx  1 scott users      11 Feb  5 19:29 018.003.jpg -> 006.003.jpg
lrwxrwxrwx  1 scott users      11 Feb  5 19:29 018.004.jpg -> 006.004.jpg
lrwxrwxrwx  1 scott users      11 Feb  5 19:29 018.005.jpg -> 006.005.jpg
-rw-rw-r--  1 scott users  885876 Jan 26 05:56 240.240.gif
-rw-rw-r--  1 scott users 1498667 Jan 26 05:56 420.240.gif
-rw-rw-r--  1 scott users    2122 Feb  6 19:41 aspects.out
-rw-rw-r--  1 scott users    2656 Jan 18 20:45 describe.txt
-rw-rw-r--  1 scott users    2767 Feb  6 19:41 div.out
-rw-rw-r--  1 scott users     744 Feb  6 19:41 error
-rw-rw-r--  1 scott users       0 Feb  6 19:41 files.out
-rw-rw-r--  1 scott users      41 Nov 24 00:13 meta.ini
drwxrwxr-x  2 scott users    4096 Jan 18 20:25 orig
drwxrwxr-x  2 scott users    4096 Feb  6 19:41 tmp
