036.000.jpg 46440 540 86
009.000.jpg 30960 1440 21.5
009.001.jpg 30960 1440 21.5
009.002.jpg 30960 1440 21.5
009.003.jpg 30960 1440 21.5
018.000.jpg 23220 540 43
018.001.jpg 23220 540 43
006.000.jpg 20640 1440 14.3333
006.001.jpg 20640 1440 14.3333
006.002.jpg 20640 1440 14.3333
006.003.jpg 20640 1440 14.3333
006.004.jpg 20640 1440 14.3333
006.005.jpg 20640 1440 14.3333
012.000.jpg 20640 720 28.6667
012.001.jpg 20640 720 28.6667
012.002.jpg 20640 720 28.6667
004.000.jpg 13760 1440 9.55556
004.001.jpg 13760 1440 9.55556
004.002.jpg 13760 1440 9.55556
004.003.jpg 13760 1440 9.55556
004.004.jpg 13760 1440 9.55556
004.005.jpg 13760 1440 9.55556
004.006.jpg 13760 1440 9.55556
004.007.jpg 13760 1440 9.55556
004.008.jpg 13760 1440 9.55556
018.002.000.jpg 9030 420 21.5
