total 193140
drwx--x--x  4 scott users     4096 Jan 23 19:32 .
drwxrwxr-x 13 scott users     4096 Jan 23 19:18 ..
-rw-rw-r--  1 scott users  6392885 Jan 23 19:29 004.000.jpg
-rw-rw-r--  1 scott users  5768490 Jan 23 19:29 004.001.jpg
-rw-rw-r--  1 scott users  4239647 Jan 23 19:29 004.002.jpg
-rw-rw-r--  1 scott users  4591281 Jan 23 19:29 004.003.jpg
-rw-rw-r--  1 scott users  7335812 Jan 23 19:29 004.004.jpg
-rw-rw-r--  1 scott users  6312233 Jan 23 19:29 004.005.jpg
-rw-rw-r--  1 scott users  7185087 Jan 23 19:29 004.006.jpg
-rw-rw-r--  1 scott users  8837565 Jan 23 19:29 004.007.jpg
-rw-rw-r--  1 scott users  8605485 Jan 23 19:30 004.008.jpg
-rw-rw-r--  1 scott users  9649418 Jan 23 19:30 006.000.jpg
-rw-rw-r--  1 scott users  6794691 Jan 23 19:30 006.001.jpg
-rw-rw-r--  1 scott users  7841306 Jan 23 19:30 006.002.jpg
-rw-rw-r--  1 scott users 10435311 Jan 23 19:30 006.003.jpg
-rw-rw-r--  1 scott users 10757285 Jan 23 19:30 006.004.jpg
-rw-rw-r--  1 scott users 13868007 Jan 23 19:30 006.005.jpg
-rw-rw-r--  1 scott users 13617292 Jan 23 19:30 009.000.jpg
-rw-rw-r--  1 scott users 10736206 Jan 23 19:30 009.001.jpg
-rw-rw-r--  1 scott users 16301749 Jan 23 19:30 009.002.jpg
-rw-rw-r--  1 scott users 18875778 Jan 23 19:30 009.003.jpg
-rw-rw-r--  1 scott users  2447364 Jan 23 19:32 012.000.jpg
-rw-rw-r--  1 scott users  2446980 Jan 23 19:32 012.001.jpg
-rw-rw-r--  1 scott users  3570419 Jan 23 19:32 012.002.jpg
-rw-rw-r--  1 scott users  2071764 Jan 23 19:32 018.000.jpg
-rw-rw-r--  1 scott users  3021572 Jan 23 19:32 018.001.jpg
-rw-rw-r--  1 scott users   882155 Jan 23 19:32 018.002.000.jpg
-rw-rw-r--  1 scott users  5112039 Jan 23 19:32 036.000.jpg
-rw-rw-r--  1 scott users      772 Jan 23 19:32 aspects.out
-rw-rw-r--  1 scott users      929 Jan 23 19:32 error
-rw-rw-r--  1 scott users        0 Jan 23 19:32 files.out
-rw-rw-r--  1 scott users       30 Jan 23 19:20 meta.ini
drwxrwxr-x  3 scott users     4096 Nov 20 23:46 orig
drwxrwxr-x  2 scott users     4096 Jan 23 19:31 tmp
