total 177532
drwxr-xr-x  4 scott users    4096 Jan 17 00:42 .
drwxrwxr-x 27 scott users    4096 Jan 16 21:35 ..
-rw-rw-r--  1 scott users 2292884 Jan 16 21:23 004.000.jpg
-rw-rw-r--  1 scott users 1523650 Jan 16 21:23 004.001.jpg
-rw-rw-r--  1 scott users 1855521 Jan 16 21:23 004.002.jpg
-rw-rw-r--  1 scott users 2342074 Jan 16 21:23 004.003.jpg
-rw-rw-r--  1 scott users 1593323 Jan 16 21:23 004.004.jpg
-rw-rw-r--  1 scott users 2088575 Jan 16 21:23 004.005.jpg
-rw-rw-r--  1 scott users 1906242 Jan 16 21:23 004.006.jpg
-rw-rw-r--  1 scott users 2121350 Jan 16 21:23 004.007.jpg
-rw-rw-r--  1 scott users 1848587 Jan 16 21:23 004.008.jpg
-rw-rw-r--  1 scott users 1720245 Jan 16 21:23 004.009.jpg
-rw-rw-r--  1 scott users 2062434 Jan 16 21:23 004.010.jpg
-rw-rw-r--  1 scott users 1452274 Jan 16 21:23 004.011.jpg
-rw-rw-r--  1 scott users 1598251 Jan 16 21:23 004.012.jpg
-rw-rw-r--  1 scott users 1856713 Jan 16 21:23 004.013.jpg
-rw-rw-r--  1 scott users 2408654 Jan 16 21:23 004.014.jpg
-rw-rw-r--  1 scott users 1744398 Jan 16 21:23 004.015.jpg
-rw-rw-r--  1 scott users 2230224 Jan 16 21:23 004.016.jpg
-rw-rw-r--  1 scott users 1942864 Jan 16 21:23 004.017.jpg
-rw-rw-r--  1 scott users 3214107 Jan 16 21:23 006.000.jpg
-rw-rw-r--  1 scott users 2463700 Jan 16 21:23 006.001.jpg
-rw-rw-r--  1 scott users 3307066 Jan 16 21:23 006.002.jpg
-rw-rw-r--  1 scott users 2722898 Jan 16 21:23 006.003.jpg
-rw-rw-r--  1 scott users 3102322 Jan 16 21:23 006.004.jpg
-rw-rw-r--  1 scott users 2775541 Jan 16 21:23 006.005.jpg
-rw-rw-r--  1 scott users 3049703 Jan 16 21:23 006.006.jpg
-rw-rw-r--  1 scott users 2189793 Jan 16 21:23 006.007.jpg
-rw-rw-r--  1 scott users 2746901 Jan 16 21:23 006.008.jpg
-rw-rw-r--  1 scott users 3125897 Jan 16 21:23 006.009.jpg
-rw-rw-r--  1 scott users 2822670 Jan 16 21:23 006.010.jpg
-rw-rw-r--  1 scott users 3099270 Jan 16 21:23 006.011.jpg
-rw-rw-r--  1 scott users 3823224 Jan 16 21:23 008.000.jpg
-rw-rw-r--  1 scott users 4197934 Jan 16 21:23 008.001.jpg
-rw-rw-r--  1 scott users 3684499 Jan 16 21:23 008.002.jpg
-rw-rw-r--  1 scott users 4027388 Jan 16 21:23 008.003.jpg
-rw-rw-r--  1 scott users 3572920 Jan 16 21:23 008.004.jpg
-rw-rw-r--  1 scott users 3524793 Jan 16 21:23 008.005.jpg
-rw-rw-r--  1 scott users 3457268 Jan 16 21:24 008.006.jpg
-rw-rw-r--  1 scott users 4165545 Jan 16 21:24 008.007.jpg
-rw-rw-r--  1 scott users 4171399 Jan 16 21:24 008.008.jpg
-rw-rw-r--  1 scott users 4462383 Jan 16 21:24 009.000.jpg
-rw-rw-r--  1 scott users 4525031 Jan 16 21:24 009.001.jpg
-rw-rw-r--  1 scott users 3912065 Jan 16 21:24 009.002.jpg
-rw-rw-r--  1 scott users 4687843 Jan 16 21:24 009.003.jpg
-rw-rw-r--  1 scott users 4285320 Jan 16 21:24 009.004.jpg
-rw-rw-r--  1 scott users 3704868 Jan 16 21:24 009.005.jpg
-rw-rw-r--  1 scott users 4712851 Jan 16 21:24 009.006.jpg
-rw-rw-r--  1 scott users 4334680 Jan 16 21:24 009.007.jpg
-rw-rw-r--  1 scott users 1604560 Jan 16 21:25 012.000.jpg
-rw-rw-r--  1 scott users 1647811 Jan 16 21:25 012.001.jpg
-rw-rw-r--  1 scott users 1614977 Jan 16 21:25 012.002.jpg
-rw-rw-r--  1 scott users 1406049 Jan 16 21:25 012.003.jpg
-rw-rw-r--  1 scott users 1627447 Jan 16 21:25 012.004.jpg
-rw-rw-r--  1 scott users 1699499 Jan 16 21:25 012.005.jpg
-rw-rw-r--  1 scott users 2257102 Jan 16 21:24 016.000.jpg
-rw-rw-r--  1 scott users 2084047 Jan 16 21:24 016.001.jpg
-rw-rw-r--  1 scott users 1935460 Jan 16 21:25 016.002.jpg
-rw-rw-r--  1 scott users 2136545 Jan 16 21:25 016.003.jpg
-rw-rw-r--  1 scott users 1477133 Jan 16 21:25 018.000.jpg
-rw-rw-r--  1 scott users 1380506 Jan 16 21:25 018.001.jpg
-rw-rw-r--  1 scott users 1293441 Jan 16 21:25 018.002.jpg
-rw-rw-r--  1 scott users 1504830 Jan 16 21:25 018.003.jpg
-rw-rw-r--  1 scott users 3255071 Jan 16 21:24 024.000.jpg
-rw-rw-r--  1 scott users 3025702 Jan 16 21:24 024.001.jpg
-rw-rw-r--  1 scott users 3326583 Jan 16 21:24 024.002.jpg
-rw-rw-r--  1 scott users 1285325 Jan 16 21:26 024.003.000.jpg
-rw-rw-r--  1 scott users 2857092 Jan 16 21:26 036.000.jpg
-rw-rw-r--  1 scott users 2797920 Jan 16 21:26 036.001.jpg
-rw-rw-r--  1 scott users  776902 Jan 16 21:26 036.002.000.jpg
-rw-rw-r--  1 scott users 2163143 Jan 17 00:42 072.000.jpg
-rw-rw-r--  1 scott users    2032 Jan 17 00:42 aspects.out
-rwxrwxr-x  1 scott users    5719 Jan 16 21:26 describe.txt
-rw-rw-r--  1 scott users     929 Jan 17 00:42 error
-rw-rw-r--  1 scott users       0 Jan 17 00:42 files.out
-rw-rw-r--  1 scott users      39 Nov 24 10:58 meta.ini
drwxr-xr-x  2 scott users    4096 Jan 16 21:15 orig
drwxrwxr-x  2 scott users    4096 Jan 17 00:42 tmp
