total 147212
drwxr-xr-x  4 scott users    4096 Jan 19 16:49 .
drwxrwxr-x 10 scott users    4096 Jan 19 16:11 ..
-rw-rw-r--  1 scott users 1889017 Jan 19 16:47 008.000.jpg
-rw-rw-r--  1 scott users 1933818 Jan 19 16:47 008.001.jpg
-rw-rw-r--  1 scott users 2003723 Jan 19 16:47 008.002.jpg
-rw-rw-r--  1 scott users 2141347 Jan 19 16:47 008.003.jpg
-rw-rw-r--  1 scott users 1790270 Jan 19 16:47 008.004.jpg
-rw-rw-r--  1 scott users 1848299 Jan 19 16:47 008.005.jpg
-rw-rw-r--  1 scott users 1999103 Jan 19 16:47 008.006.jpg
-rw-rw-r--  1 scott users 1639880 Jan 19 16:47 008.007.jpg
-rw-rw-r--  1 scott users 1664458 Jan 19 16:47 008.008.jpg
-rw-rw-r--  1 scott users 1839591 Jan 19 16:47 008.009.jpg
-rw-rw-r--  1 scott users 1467467 Jan 19 16:47 008.010.jpg
-rw-rw-r--  1 scott users 1691676 Jan 19 16:47 008.011.jpg
-rw-rw-r--  1 scott users 1747487 Jan 19 16:47 008.012.jpg
-rw-rw-r--  1 scott users 1651823 Jan 19 16:47 008.013.jpg
-rw-rw-r--  1 scott users 1666510 Jan 19 16:47 008.014.jpg
-rw-rw-r--  1 scott users 1718804 Jan 19 16:47 008.015.jpg
-rw-rw-r--  1 scott users 1697441 Jan 19 16:47 008.016.jpg
-rw-rw-r--  1 scott users 1819368 Jan 19 16:47 008.017.jpg
-rw-rw-r--  1 scott users 2124334 Jan 19 16:47 009.000.jpg
-rw-rw-r--  1 scott users 2249296 Jan 19 16:47 009.001.jpg
-rw-rw-r--  1 scott users 2274133 Jan 19 16:47 009.002.jpg
-rw-rw-r--  1 scott users 2271527 Jan 19 16:47 009.003.jpg
-rw-rw-r--  1 scott users 1995688 Jan 19 16:47 009.004.jpg
-rw-rw-r--  1 scott users 2211934 Jan 19 16:47 009.005.jpg
-rw-rw-r--  1 scott users 1955714 Jan 19 16:47 009.006.jpg
-rw-rw-r--  1 scott users 1829712 Jan 19 16:48 009.007.jpg
-rw-rw-r--  1 scott users 1951497 Jan 19 16:48 009.008.jpg
-rw-rw-r--  1 scott users 1914867 Jan 19 16:48 009.009.jpg
-rw-rw-r--  1 scott users 1692814 Jan 19 16:48 009.010.jpg
-rw-rw-r--  1 scott users 2028721 Jan 19 16:48 009.011.jpg
-rw-rw-r--  1 scott users 1871441 Jan 19 16:48 009.012.jpg
-rw-rw-r--  1 scott users 1774747 Jan 19 16:48 009.013.jpg
-rw-rw-r--  1 scott users 2087173 Jan 19 16:48 009.014.jpg
-rw-rw-r--  1 scott users 1982125 Jan 19 16:48 009.015.jpg
-rw-rw-r--  1 scott users 2872558 Jan 19 16:48 012.000.jpg
-rw-rw-r--  1 scott users 2954716 Jan 19 16:48 012.001.jpg
-rw-rw-r--  1 scott users 3092395 Jan 19 16:48 012.002.jpg
-rw-rw-r--  1 scott users 2689859 Jan 19 16:48 012.003.jpg
-rw-rw-r--  1 scott users 2873995 Jan 19 16:48 012.004.jpg
-rw-rw-r--  1 scott users 2434440 Jan 19 16:48 012.005.jpg
-rw-rw-r--  1 scott users 2478681 Jan 19 16:48 012.006.jpg
-rw-rw-r--  1 scott users 2522155 Jan 19 16:48 012.007.jpg
-rw-rw-r--  1 scott users 2588504 Jan 19 16:48 012.008.jpg
-rw-rw-r--  1 scott users 2478573 Jan 19 16:48 012.009.jpg
-rw-rw-r--  1 scott users 2672900 Jan 19 16:48 012.010.jpg
-rw-rw-r--  1 scott users 2560465 Jan 19 16:48 012.011.jpg
-rw-rw-r--  1 scott users 4373983 Jan 19 16:48 018.000.jpg
-rw-rw-r--  1 scott users 4545130 Jan 19 16:48 018.001.jpg
-rw-rw-r--  1 scott users 4211614 Jan 19 16:48 018.002.jpg
-rw-rw-r--  1 scott users 3789696 Jan 19 16:48 018.003.jpg
-rw-rw-r--  1 scott users 3866922 Jan 19 16:48 018.004.jpg
-rw-rw-r--  1 scott users 3724313 Jan 19 16:48 018.005.jpg
-rw-rw-r--  1 scott users 3646218 Jan 19 16:48 018.006.jpg
-rw-rw-r--  1 scott users 4076372 Jan 19 16:48 018.007.jpg
-rw-rw-r--  1 scott users 1765447 Jan 19 16:48 024.000.jpg
-rw-rw-r--  1 scott users 1742619 Jan 19 16:48 024.001.jpg
-rw-rw-r--  1 scott users 1621719 Jan 19 16:48 024.002.jpg
-rw-rw-r--  1 scott users 1522291 Jan 19 16:48 024.003.jpg
-rw-rw-r--  1 scott users 1542915 Jan 19 16:48 024.004.jpg
-rw-rw-r--  1 scott users 1596569 Jan 19 16:48 024.005.jpg
-rw-rw-r--  1 scott users 1610181 Jan 19 16:49 036.000.jpg
-rw-rw-r--  1 scott users 1484567 Jan 19 16:49 036.001.jpg
-rw-rw-r--  1 scott users 1396294 Jan 19 16:49 036.002.jpg
-rw-rw-r--  1 scott users 1444087 Jan 19 16:49 036.003.jpg
-rw-rw-r--  1 scott users 5958366 Jan 19 16:49 048.003.000.jpg
-rw-rw-r--  1 scott users    1963 Jan 19 16:49 aspects.out
-rw-rw-r--  1 scott users     929 Jan 19 16:49 error
-rw-rw-r--  1 scott users       0 Jan 19 16:49 files.out
-rw-rw-r--  1 scott users      45 Nov 15 15:16 meta.ini
drwxr-xr-x  2 scott users    4096 Jan 18 22:55 orig
drwxrwxr-x  2 scott users    4096 Jan 19 16:49 tmp
