total 84504
drwx--x--x  4 scott users    4096 Jan 18 20:16 .
drwxrwx--x 17 scott users    4096 Jan 18 19:11 ..
-rw-rw-r--  1 scott users 1574084 Jan 18 20:14 004.000.jpg
-rw-rw-r--  1 scott users 2267695 Jan 18 20:14 004.001.jpg
-rw-rw-r--  1 scott users 2942820 Jan 18 20:14 004.002.jpg
-rw-rw-r--  1 scott users 3567153 Jan 18 20:14 004.003.jpg
-rw-rw-r--  1 scott users 2692975 Jan 18 20:14 004.004.jpg
-rw-rw-r--  1 scott users 3016204 Jan 18 20:15 004.005.jpg
-rw-rw-r--  1 scott users 2879131 Jan 18 20:15 004.006.jpg
-rw-rw-r--  1 scott users 2932466 Jan 18 20:15 004.007.jpg
-rw-rw-r--  1 scott users 2021358 Jan 18 20:15 004.008.jpg
-rw-rw-r--  1 scott users 2570085 Jan 18 20:15 006.000.jpg
-rw-rw-r--  1 scott users 4225396 Jan 18 20:15 006.001.jpg
-rw-rw-r--  1 scott users 4948311 Jan 18 20:15 006.002.jpg
-rw-rw-r--  1 scott users 4337799 Jan 18 20:15 006.003.jpg
-rw-rw-r--  1 scott users 4140488 Jan 18 20:15 006.004.jpg
-rw-rw-r--  1 scott users 3699851 Jan 18 20:15 006.005.jpg
-rw-rw-r--  1 scott users 4471110 Jan 18 20:15 009.000.jpg
-rw-rw-r--  1 scott users 7285125 Jan 18 20:15 009.001.jpg
-rw-rw-r--  1 scott users 6180298 Jan 18 20:15 009.002.jpg
-rw-rw-r--  1 scott users 5999944 Jan 18 20:15 009.003.jpg
-rw-rw-r--  1 scott users 2109114 Jan 18 20:15 012.000.jpg
-rw-rw-r--  1 scott users 2510234 Jan 18 20:15 012.001.jpg
-rw-rw-r--  1 scott users 2141329 Jan 18 20:15 012.002.jpg
-rw-rw-r--  1 scott users 2009698 Jan 18 20:16 018.000.jpg
-rw-rw-r--  1 scott users 1964433 Jan 18 20:16 018.001.jpg
-rw-rw-r--  1 scott users 3975066 Jan 18 20:16 036.000.jpg
-rw-rw-r--  1 scott users     725 Jan 18 20:16 aspects.out
-rw-rw-r--  1 scott users     929 Jan 18 20:16 error
-rw-rw-r--  1 scott users       0 Jan 18 20:16 files.out
-rw-rw-r--  1 scott users      38 Nov 24 00:09 meta.ini
drwxrwxr-x  2 scott users    4096 Jan 18 20:14 orig
drwxrwxr-x  2 scott users    4096 Jan 18 20:15 tmp
