total 196860
drwxr-xr-x 4 scott users    4096 Jan 17 00:39 .
drwxrwxr-x 9 scott users    4096 Jan 16 19:37 ..
-rw-rw-r-- 1 scott users 2369346 Jan 16 19:13 004.000.jpg
-rw-rw-r-- 1 scott users 1621367 Jan 16 19:13 004.001.jpg
-rw-rw-r-- 1 scott users 2048694 Jan 16 19:13 004.002.jpg
-rw-rw-r-- 1 scott users 1400287 Jan 16 19:13 004.003.jpg
-rw-rw-r-- 1 scott users 1853661 Jan 16 19:13 004.004.jpg
-rw-rw-r-- 1 scott users 2482831 Jan 16 19:13 004.005.jpg
-rw-rw-r-- 1 scott users 2297486 Jan 16 19:13 004.006.jpg
-rw-rw-r-- 1 scott users 1397330 Jan 16 19:13 004.007.jpg
-rw-rw-r-- 1 scott users 2334970 Jan 16 19:13 004.008.jpg
-rw-rw-r-- 1 scott users 2474499 Jan 16 19:13 004.009.jpg
-rw-rw-r-- 1 scott users 1745444 Jan 16 19:13 004.010.jpg
-rw-rw-r-- 1 scott users 1611895 Jan 16 19:13 004.011.jpg
-rw-rw-r-- 1 scott users 1843832 Jan 16 19:13 004.012.jpg
-rw-rw-r-- 1 scott users 2050607 Jan 16 19:13 004.013.jpg
-rw-rw-r-- 1 scott users 2327531 Jan 16 19:13 004.014.jpg
-rw-rw-r-- 1 scott users 2736417 Jan 16 19:13 004.015.jpg
-rw-rw-r-- 1 scott users 2388724 Jan 16 19:13 004.016.jpg
-rw-rw-r-- 1 scott users 2331529 Jan 16 19:13 004.017.jpg
-rw-rw-r-- 1 scott users 3088507 Jan 16 19:13 006.000.jpg
-rw-rw-r-- 1 scott users 2953365 Jan 16 19:13 006.001.jpg
-rw-rw-r-- 1 scott users 2469667 Jan 16 19:13 006.002.jpg
-rw-rw-r-- 1 scott users 3284728 Jan 16 19:13 006.003.jpg
-rw-rw-r-- 1 scott users 2902478 Jan 16 19:13 006.004.jpg
-rw-rw-r-- 1 scott users 3134175 Jan 16 19:13 006.005.jpg
-rw-rw-r-- 1 scott users 3245525 Jan 16 19:13 006.006.jpg
-rw-rw-r-- 1 scott users 2589973 Jan 16 19:13 006.007.jpg
-rw-rw-r-- 1 scott users 2495568 Jan 16 19:13 006.008.jpg
-rw-rw-r-- 1 scott users 3723653 Jan 16 19:13 006.009.jpg
-rw-rw-r-- 1 scott users 3869740 Jan 16 19:13 006.010.jpg
-rw-rw-r-- 1 scott users 3594071 Jan 16 19:13 006.011.jpg
-rw-rw-r-- 1 scott users 4014543 Jan 16 19:13 008.000.jpg
-rw-rw-r-- 1 scott users 3486208 Jan 16 19:13 008.001.jpg
-rw-rw-r-- 1 scott users 4348070 Jan 16 19:13 008.002.jpg
-rw-rw-r-- 1 scott users 3702469 Jan 16 19:13 008.003.jpg
-rw-rw-r-- 1 scott users 4812377 Jan 16 19:14 008.004.jpg
-rw-rw-r-- 1 scott users 3360163 Jan 16 19:14 008.005.jpg
-rw-rw-r-- 1 scott users 3901250 Jan 16 19:14 008.006.jpg
-rw-rw-r-- 1 scott users 5064968 Jan 16 19:14 008.007.jpg
-rw-rw-r-- 1 scott users 4719837 Jan 16 19:14 008.008.jpg
-rw-rw-r-- 1 scott users 5077030 Jan 16 19:14 009.000.jpg
-rw-rw-r-- 1 scott users 3476486 Jan 16 19:14 009.001.jpg
-rw-rw-r-- 1 scott users 5214868 Jan 16 19:14 009.002.jpg
-rw-rw-r-- 1 scott users 4109750 Jan 16 19:14 009.003.jpg
-rw-rw-r-- 1 scott users 4759930 Jan 16 19:14 009.004.jpg
-rw-rw-r-- 1 scott users 3582935 Jan 16 19:14 009.005.jpg
-rw-rw-r-- 1 scott users 5712834 Jan 16 19:14 009.006.jpg
-rw-rw-r-- 1 scott users 5472574 Jan 16 19:14 009.007.jpg
-rw-rw-r-- 1 scott users 1748461 Jan 16 19:15 012.000.jpg
-rw-rw-r-- 1 scott users 1778544 Jan 16 19:15 012.001.jpg
-rw-rw-r-- 1 scott users 1883659 Jan 16 19:15 012.002.jpg
-rw-rw-r-- 1 scott users 1756363 Jan 16 19:15 012.003.jpg
-rw-rw-r-- 1 scott users 1871629 Jan 16 19:15 012.004.jpg
-rw-rw-r-- 1 scott users 2188704 Jan 16 19:15 012.005.jpg
-rw-rw-r-- 1 scott users 2153822 Jan 16 19:15 016.000.jpg
-rw-rw-r-- 1 scott users 2552854 Jan 16 19:15 016.001.jpg
-rw-rw-r-- 1 scott users 2459052 Jan 16 19:15 016.002.jpg
-rw-rw-r-- 1 scott users 2617300 Jan 16 19:15 016.003.jpg
-rw-rw-r-- 1 scott users 1527353 Jan 16 19:15 018.000.jpg
-rw-rw-r-- 1 scott users 1833635 Jan 16 19:15 018.001.jpg
-rw-rw-r-- 1 scott users 1561039 Jan 16 19:15 018.002.jpg
-rw-rw-r-- 1 scott users 2034771 Jan 16 19:16 018.003.jpg
-rw-rw-r-- 1 scott users 3528472 Jan 16 19:14 024.000.jpg
-rw-rw-r-- 1 scott users 3642957 Jan 16 19:15 024.001.jpg
-rw-rw-r-- 1 scott users 4060716 Jan 16 19:15 024.002.jpg
-rw-rw-r-- 1 scott users 1770219 Jan 16 19:16 024.003.000.jpg
-rw-rw-r-- 1 scott users 3364704 Jan 16 19:16 036.000.jpg
-rw-rw-r-- 1 scott users 3596751 Jan 16 19:16 036.001.jpg
-rw-rw-r-- 1 scott users 1084599 Jan 16 19:16 036.002.000.jpg
-rw-rw-r-- 1 scott users 2894403 Jan 17 00:39 072.000.jpg
-rw-rw-r-- 1 scott users    2032 Jan 17 00:39 aspects.out
-rwxrwxr-x 1 scott users    5721 Jan 16 19:16 describe.txt
-rw-rw-r-- 1 scott users     929 Jan 17 00:39 error
-rw-rw-r-- 1 scott users       0 Jan 17 00:39 files.out
-rw-rw-r-- 1 scott users      42 Nov 24 14:31 meta.ini
drwxr-xr-x 2 scott users    4096 Jan 16 19:12 orig
drwxrwxr-x 2 scott users    4096 Jan 17 00:39 tmp
