total 114520
drwxr-xr-x 4 scott users    4096 Jan 17 00:41 .
drwxrwxr-x 9 scott users    4096 Jan 16 19:37 ..
-rw-rw-r-- 1 scott users 1036024 Jan 16 19:31 004.000.jpg
-rw-rw-r-- 1 scott users  846049 Jan 16 19:31 004.001.jpg
-rw-rw-r-- 1 scott users 1265869 Jan 16 19:31 004.002.jpg
-rw-rw-r-- 1 scott users 1245698 Jan 16 19:31 004.003.jpg
-rw-rw-r-- 1 scott users  870780 Jan 16 19:31 004.004.jpg
-rw-rw-r-- 1 scott users  968973 Jan 16 19:31 004.005.jpg
-rw-rw-r-- 1 scott users 1035951 Jan 16 19:31 004.006.jpg
-rw-rw-r-- 1 scott users 1042242 Jan 16 19:31 004.007.jpg
-rw-rw-r-- 1 scott users 1045996 Jan 16 19:31 004.008.jpg
-rw-rw-r-- 1 scott users 1886844 Jan 16 19:31 004.009.jpg
-rw-rw-r-- 1 scott users 1499927 Jan 16 19:31 004.010.jpg
-rw-rw-r-- 1 scott users 1576605 Jan 16 19:31 004.011.jpg
-rw-rw-r-- 1 scott users 1107039 Jan 16 19:31 004.012.jpg
-rw-rw-r-- 1 scott users 1090228 Jan 16 19:31 004.013.jpg
-rw-rw-r-- 1 scott users 1308140 Jan 16 19:31 004.014.jpg
-rw-rw-r-- 1 scott users  815901 Jan 16 19:31 004.015.jpg
-rw-rw-r-- 1 scott users 1450010 Jan 16 19:31 004.016.jpg
-rw-rw-r-- 1 scott users 1009236 Jan 16 19:31 004.017.jpg
-rw-rw-r-- 1 scott users 1417505 Jan 16 19:31 006.000.jpg
-rw-rw-r-- 1 scott users 1733950 Jan 16 19:31 006.001.jpg
-rw-rw-r-- 1 scott users 1762295 Jan 16 19:32 006.002.jpg
-rw-rw-r-- 1 scott users 1324074 Jan 16 19:32 006.003.jpg
-rw-rw-r-- 1 scott users 1722580 Jan 16 19:32 006.004.jpg
-rw-rw-r-- 1 scott users 1401517 Jan 16 19:32 006.005.jpg
-rw-rw-r-- 1 scott users 2754658 Jan 16 19:32 006.006.jpg
-rw-rw-r-- 1 scott users 2214474 Jan 16 19:32 006.007.jpg
-rw-rw-r-- 1 scott users 1842044 Jan 16 19:32 006.008.jpg
-rw-rw-r-- 1 scott users 1663288 Jan 16 19:32 006.009.jpg
-rw-rw-r-- 1 scott users 1793133 Jan 16 19:32 006.010.jpg
-rw-rw-r-- 1 scott users 1484687 Jan 16 19:32 006.011.jpg
-rw-rw-r-- 1 scott users 1883672 Jan 16 19:32 008.000.jpg
-rw-rw-r-- 1 scott users 2515329 Jan 16 19:32 008.001.jpg
-rw-rw-r-- 1 scott users 1841466 Jan 16 19:32 008.002.jpg
-rw-rw-r-- 1 scott users 2077976 Jan 16 19:32 008.003.jpg
-rw-rw-r-- 1 scott users 2941584 Jan 16 19:32 008.004.jpg
-rw-rw-r-- 1 scott users 3081635 Jan 16 19:32 008.005.jpg
-rw-rw-r-- 1 scott users 2197347 Jan 16 19:32 008.006.jpg
-rw-rw-r-- 1 scott users 2124707 Jan 16 19:32 008.007.jpg
-rw-rw-r-- 1 scott users 2465331 Jan 16 19:32 008.008.jpg
-rw-rw-r-- 1 scott users 2080654 Jan 16 19:32 009.000.jpg
-rw-rw-r-- 1 scott users 2834149 Jan 16 19:32 009.001.jpg
-rw-rw-r-- 1 scott users 2141351 Jan 16 19:32 009.002.jpg
-rw-rw-r-- 1 scott users 2307315 Jan 16 19:32 009.003.jpg
-rw-rw-r-- 1 scott users 3915429 Jan 16 19:32 009.004.jpg
-rw-rw-r-- 1 scott users 2904261 Jan 16 19:32 009.005.jpg
-rw-rw-r-- 1 scott users 2286829 Jan 16 19:32 009.006.jpg
-rw-rw-r-- 1 scott users 2658110 Jan 16 19:32 009.007.jpg
-rw-rw-r-- 1 scott users 1110259 Jan 16 19:33 012.000.jpg
-rw-rw-r-- 1 scott users 1014670 Jan 16 19:33 012.001.jpg
-rw-rw-r-- 1 scott users 1039702 Jan 16 19:33 012.002.jpg
-rw-rw-r-- 1 scott users 1635908 Jan 16 19:33 012.003.jpg
-rw-rw-r-- 1 scott users 1171993 Jan 16 19:33 012.004.jpg
-rw-rw-r-- 1 scott users 1015857 Jan 16 19:33 012.005.jpg
-rw-rw-r-- 1 scott users 1500679 Jan 16 19:33 016.000.jpg
-rw-rw-r-- 1 scott users 1322956 Jan 16 19:33 016.001.jpg
-rw-rw-r-- 1 scott users 1981776 Jan 16 19:33 016.002.jpg
-rw-rw-r-- 1 scott users 1462291 Jan 16 19:33 016.003.jpg
-rw-rw-r-- 1 scott users 1042226 Jan 16 19:34 018.000.jpg
-rw-rw-r-- 1 scott users  938075 Jan 16 19:34 018.001.jpg
-rw-rw-r-- 1 scott users 1351035 Jan 16 19:34 018.002.jpg
-rw-rw-r-- 1 scott users  983425 Jan 16 19:34 018.003.jpg
-rw-rw-r-- 1 scott users 2126043 Jan 16 19:33 024.000.jpg
-rw-rw-r-- 1 scott users 2681390 Jan 16 19:33 024.001.jpg
-rw-rw-r-- 1 scott users 2189328 Jan 16 19:33 024.002.jpg
-rw-rw-r-- 1 scott users 1152349 Jan 16 19:35 024.003.000.jpg
-rw-rw-r-- 1 scott users 1980069 Jan 16 19:34 036.000.jpg
-rw-rw-r-- 1 scott users 2338442 Jan 16 19:34 036.001.jpg
-rw-rw-r-- 1 scott users  731184 Jan 16 19:34 036.002.000.jpg
-rw-rw-r-- 1 scott users 1835092 Jan 17 00:41 072.000.jpg
-rw-rw-r-- 1 scott users    2032 Jan 17 00:41 aspects.out
-rwxrwxr-x 1 scott users    5720 Jan 16 19:35 describe.txt
-rw-rw-r-- 1 scott users     929 Jan 17 00:41 error
-rw-rw-r-- 1 scott users       0 Jan 17 00:41 files.out
-rw-rw-r-- 1 scott users      41 Nov 24 14:32 meta.ini
drwxr-xr-x 2 scott users    4096 Jan 16 19:31 orig
drwxrwxr-x 2 scott users    4096 Jan 17 00:40 tmp
