total 162456
drwx--x--x  4 scott users     4096 Jan 23 19:39 .
drwxrwxr-x 13 scott users     4096 Jan 23 19:18 ..
-rw-rw-r--  1 scott users  5992312 Jan 23 19:35 004.000.jpg
-rw-rw-r--  1 scott users  5518881 Jan 23 19:35 004.001.jpg
-rw-rw-r--  1 scott users  4947993 Jan 23 19:35 004.002.jpg
-rw-rw-r--  1 scott users  4646522 Jan 23 19:35 004.003.jpg
-rw-rw-r--  1 scott users  5562084 Jan 23 19:35 004.004.jpg
-rw-rw-r--  1 scott users  5600636 Jan 23 19:36 004.005.jpg
-rw-rw-r--  1 scott users  4922514 Jan 23 19:36 004.006.jpg
-rw-rw-r--  1 scott users  7038180 Jan 23 19:36 004.007.jpg
-rw-rw-r--  1 scott users  5792088 Jan 23 19:36 004.008.jpg
-rw-rw-r--  1 scott users  8444729 Jan 23 19:36 006.000.jpg
-rw-rw-r--  1 scott users  8050683 Jan 23 19:36 006.001.jpg
-rw-rw-r--  1 scott users  7051496 Jan 23 19:36 006.002.jpg
-rw-rw-r--  1 scott users  8872824 Jan 23 19:36 006.003.jpg
-rw-rw-r--  1 scott users  8120023 Jan 23 19:36 006.004.jpg
-rw-rw-r--  1 scott users  9673918 Jan 23 19:36 006.005.jpg
-rw-rw-r--  1 scott users 12698215 Jan 23 19:36 009.000.jpg
-rw-rw-r--  1 scott users 10845276 Jan 23 19:36 009.001.jpg
-rw-rw-r--  1 scott users 12561806 Jan 23 19:37 009.002.jpg
-rw-rw-r--  1 scott users 14150416 Jan 23 19:37 009.003.jpg
-rw-rw-r--  1 scott users  2466780 Jan 23 19:38 012.000.jpg
-rw-rw-r--  1 scott users  1977720 Jan 23 19:38 012.001.jpg
-rw-rw-r--  1 scott users  2376359 Jan 23 19:38 012.002.jpg
-rw-rw-r--  1 scott users  2089211 Jan 23 19:38 018.000.jpg
-rw-rw-r--  1 scott users  2014845 Jan 23 19:38 018.001.jpg
-rw-rw-r--  1 scott users   736701 Jan 23 19:38 018.002.000.jpg
-rw-rw-r--  1 scott users  4124032 Jan 23 19:39 036.000.jpg
-rw-rw-r--  1 scott users      772 Jan 23 19:39 aspects.out
-rw-rw-r--  1 scott users      929 Jan 23 19:39 error
-rw-rw-r--  1 scott users        0 Jan 23 19:39 files.out
-rw-rw-r--  1 scott users       29 Jan 23 19:22 meta.ini
drwxrwxr-x  3 scott users     4096 Nov 20 23:56 orig
drwxrwxr-x  2 scott users     4096 Jan 23 19:37 tmp
