total 182180
drwxr-xr-x  4 scott users    4096 Jan 17 00:42 .
drwxrwxr-x 27 scott users    4096 Jan 16 21:35 ..
-rw-rw-r--  1 scott users 1452646 Jan 16 20:33 004.000.jpg
-rw-rw-r--  1 scott users 1764791 Jan 16 20:33 004.001.jpg
-rw-rw-r--  1 scott users 2151821 Jan 16 20:33 004.002.jpg
-rw-rw-r--  1 scott users 2091188 Jan 16 20:33 004.003.jpg
-rw-rw-r--  1 scott users 2080774 Jan 16 20:34 004.004.jpg
-rw-rw-r--  1 scott users 2120409 Jan 16 20:34 004.005.jpg
-rw-rw-r--  1 scott users 1999270 Jan 16 20:34 004.006.jpg
-rw-rw-r--  1 scott users 2300309 Jan 16 20:34 004.007.jpg
-rw-rw-r--  1 scott users 1815368 Jan 16 20:34 004.008.jpg
-rw-rw-r--  1 scott users 1364300 Jan 16 20:34 004.009.jpg
-rw-rw-r--  1 scott users 1950331 Jan 16 20:34 004.010.jpg
-rw-rw-r--  1 scott users 1880297 Jan 16 20:34 004.011.jpg
-rw-rw-r--  1 scott users 2230732 Jan 16 20:34 004.012.jpg
-rw-rw-r--  1 scott users 1679574 Jan 16 20:34 004.013.jpg
-rw-rw-r--  1 scott users 2189637 Jan 16 20:34 004.014.jpg
-rw-rw-r--  1 scott users 1597086 Jan 16 20:34 004.015.jpg
-rw-rw-r--  1 scott users 2096366 Jan 16 20:34 004.016.jpg
-rw-rw-r--  1 scott users 2418734 Jan 16 20:34 004.017.jpg
-rw-rw-r--  1 scott users 2297660 Jan 16 20:34 006.000.jpg
-rw-rw-r--  1 scott users 3076622 Jan 16 20:34 006.001.jpg
-rw-rw-r--  1 scott users 3202209 Jan 16 20:34 006.002.jpg
-rw-rw-r--  1 scott users 3092848 Jan 16 20:34 006.003.jpg
-rw-rw-r--  1 scott users 2741710 Jan 16 20:34 006.004.jpg
-rw-rw-r--  1 scott users 3376555 Jan 16 20:34 006.005.jpg
-rw-rw-r--  1 scott users 2205551 Jan 16 20:34 006.006.jpg
-rw-rw-r--  1 scott users 2991698 Jan 16 20:34 006.007.jpg
-rw-rw-r--  1 scott users 3007126 Jan 16 20:34 006.008.jpg
-rw-rw-r--  1 scott users 3103254 Jan 16 20:34 006.009.jpg
-rw-rw-r--  1 scott users 2612185 Jan 16 20:34 006.010.jpg
-rw-rw-r--  1 scott users 3501025 Jan 16 20:34 006.011.jpg
-rw-rw-r--  1 scott users 3222406 Jan 16 20:34 008.000.jpg
-rw-rw-r--  1 scott users 4252189 Jan 16 20:34 008.001.jpg
-rw-rw-r--  1 scott users 4204528 Jan 16 20:34 008.002.jpg
-rw-rw-r--  1 scott users 4305797 Jan 16 20:34 008.003.jpg
-rw-rw-r--  1 scott users 3182337 Jan 16 20:34 008.004.jpg
-rw-rw-r--  1 scott users 3833870 Jan 16 20:34 008.005.jpg
-rw-rw-r--  1 scott users 3915993 Jan 16 20:34 008.006.jpg
-rw-rw-r--  1 scott users 3790695 Jan 16 20:34 008.007.jpg
-rw-rw-r--  1 scott users 4515859 Jan 16 20:34 008.008.jpg
-rw-rw-r--  1 scott users 3609097 Jan 16 20:34 009.000.jpg
-rw-rw-r--  1 scott users 4978750 Jan 16 20:35 009.001.jpg
-rw-rw-r--  1 scott users 4614060 Jan 16 20:35 009.002.jpg
-rw-rw-r--  1 scott users 4607856 Jan 16 20:35 009.003.jpg
-rw-rw-r--  1 scott users 3824162 Jan 16 20:35 009.004.jpg
-rw-rw-r--  1 scott users 4389841 Jan 16 20:35 009.005.jpg
-rw-rw-r--  1 scott users 4144070 Jan 16 20:35 009.006.jpg
-rw-rw-r--  1 scott users 5071262 Jan 16 20:35 009.007.jpg
-rw-rw-r--  1 scott users 1545298 Jan 16 20:36 012.000.jpg
-rw-rw-r--  1 scott users 1827299 Jan 16 20:36 012.001.jpg
-rw-rw-r--  1 scott users 1821964 Jan 16 20:36 012.002.jpg
-rw-rw-r--  1 scott users 1472426 Jan 16 20:36 012.003.jpg
-rw-rw-r--  1 scott users 1756670 Jan 16 20:36 012.004.jpg
-rw-rw-r--  1 scott users 1746425 Jan 16 20:36 012.005.jpg
-rw-rw-r--  1 scott users 2153246 Jan 16 20:35 016.000.jpg
-rw-rw-r--  1 scott users 2509709 Jan 16 20:35 016.001.jpg
-rw-rw-r--  1 scott users 2004347 Jan 16 20:35 016.002.jpg
-rw-rw-r--  1 scott users 2198180 Jan 16 20:35 016.003.jpg
-rw-rw-r--  1 scott users 1457753 Jan 16 20:36 018.000.jpg
-rw-rw-r--  1 scott users 1583076 Jan 16 20:36 018.001.jpg
-rw-rw-r--  1 scott users 1354160 Jan 16 20:36 018.002.jpg
-rw-rw-r--  1 scott users 1572768 Jan 16 20:36 018.003.jpg
-rw-rw-r--  1 scott users 3372103 Jan 16 20:35 024.000.jpg
-rw-rw-r--  1 scott users 3294960 Jan 16 20:35 024.001.jpg
-rw-rw-r--  1 scott users 3503047 Jan 16 20:35 024.002.jpg
-rw-rw-r--  1 scott users 1326811 Jan 16 20:37 024.003.000.jpg
-rw-rw-r--  1 scott users 3040210 Jan 16 20:37 036.000.jpg
-rw-rw-r--  1 scott users 2927527 Jan 16 20:37 036.001.jpg
-rw-rw-r--  1 scott users  792929 Jan 16 20:37 036.002.000.jpg
-rw-rw-r--  1 scott users 2253106 Jan 17 00:42 072.000.jpg
-rw-rw-r--  1 scott users    2032 Jan 17 00:42 aspects.out
-rwxrwxr-x  1 scott users    5721 Jan 16 20:47 describe.txt
-rw-rw-r--  1 scott users     929 Jan 17 00:42 error
-rw-rw-r--  1 scott users       0 Jan 17 00:42 files.out
-rw-rw-r--  1 scott users      41 Nov 24 10:58 meta.ini
drwxr-xr-x  2 scott users    4096 Jan 16 20:33 orig
drwxrwxr-x  2 scott users    4096 Jan 17 00:42 tmp
