048.003.000.jpg 15360 1620 9.48148
018.000.jpg 11520 1080 10.6667
018.001.jpg 11520 1080 10.6667
018.002.jpg 11520 1080 10.6667
018.003.jpg 11520 1080 10.6667
018.004.jpg 11520 1080 10.6667
018.005.jpg 11520 1080 10.6667
018.006.jpg 11520 1080 10.6667
018.007.jpg 11520 1080 10.6667
036.000.jpg 11520 540 21.3333
036.001.jpg 11520 540 21.3333
036.002.jpg 11520 540 21.3333
036.003.jpg 11520 540 21.3333
024.000.jpg 10239 720 14.2208
024.001.jpg 10239 720 14.2208
024.002.jpg 10239 720 14.2208
024.003.jpg 10239 720 14.2208
024.004.jpg 10239 720 14.2208
024.005.jpg 10239 720 14.2208
012.000.jpg 7680 1080 7.11111
012.001.jpg 7680 1080 7.11111
012.002.jpg 7680 1080 7.11111
012.003.jpg 7680 1080 7.11111
012.004.jpg 7680 1080 7.11111
012.005.jpg 7680 1080 7.11111
012.006.jpg 7680 1080 7.11111
012.007.jpg 7680 1080 7.11111
012.008.jpg 7680 1080 7.11111
012.009.jpg 7680 1080 7.11111
012.010.jpg 7680 1080 7.11111
012.011.jpg 7680 1080 7.11111
009.000.jpg 5760 1080 5.33333
009.001.jpg 5760 1080 5.33333
009.002.jpg 5760 1080 5.33333
009.003.jpg 5760 1080 5.33333
009.004.jpg 5760 1080 5.33333
009.005.jpg 5760 1080 5.33333
009.006.jpg 5760 1080 5.33333
009.007.jpg 5760 1080 5.33333
009.008.jpg 5760 1080 5.33333
009.009.jpg 5760 1080 5.33333
009.010.jpg 5760 1080 5.33333
009.011.jpg 5760 1080 5.33333
009.012.jpg 5760 1080 5.33333
009.013.jpg 5760 1080 5.33333
009.014.jpg 5760 1080 5.33333
009.015.jpg 5760 1080 5.33333
008.000.jpg 5120 1080 4.74074
008.001.jpg 5120 1080 4.74074
008.002.jpg 5120 1080 4.74074
008.003.jpg 5120 1080 4.74074
008.004.jpg 5120 1080 4.74074
008.005.jpg 5120 1080 4.74074
008.006.jpg 5120 1080 4.74074
008.007.jpg 5120 1080 4.74074
008.008.jpg 5120 1080 4.74074
008.009.jpg 5120 1080 4.74074
008.010.jpg 5120 1080 4.74074
008.011.jpg 5120 1080 4.74074
008.012.jpg 5120 1080 4.74074
008.013.jpg 5120 1080 4.74074
008.014.jpg 5120 1080 4.74074
008.015.jpg 5120 1080 4.74074
008.016.jpg 5120 1080 4.74074
008.017.jpg 5120 1080 4.74074
