total 146880
drwxr-xr-x  4 scott users    4096 Jan 19 16:51 .
drwxrwxr-x 10 scott users    4096 Jan 19 16:11 ..
-rw-rw-r--  1 scott users 1922479 Jan 19 16:50 008.000.jpg
-rw-rw-r--  1 scott users 1844131 Jan 19 16:50 008.001.jpg
-rw-rw-r--  1 scott users 1746348 Jan 19 16:50 008.002.jpg
-rw-rw-r--  1 scott users 1714566 Jan 19 16:50 008.003.jpg
-rw-rw-r--  1 scott users 1744185 Jan 19 16:50 008.004.jpg
-rw-rw-r--  1 scott users 2068577 Jan 19 16:50 008.005.jpg
-rw-rw-r--  1 scott users 1954311 Jan 19 16:50 008.006.jpg
-rw-rw-r--  1 scott users 1773000 Jan 19 16:50 008.007.jpg
-rw-rw-r--  1 scott users 1687341 Jan 19 16:50 008.008.jpg
-rw-rw-r--  1 scott users 1421567 Jan 19 16:50 008.009.jpg
-rw-rw-r--  1 scott users 1879982 Jan 19 16:50 008.010.jpg
-rw-rw-r--  1 scott users 1524719 Jan 19 16:50 008.011.jpg
-rw-rw-r--  1 scott users 1703140 Jan 19 16:50 008.012.jpg
-rw-rw-r--  1 scott users 1753685 Jan 19 16:50 008.013.jpg
-rw-rw-r--  1 scott users 1872375 Jan 19 16:50 008.014.jpg
-rw-rw-r--  1 scott users 1990587 Jan 19 16:50 008.015.jpg
-rw-rw-r--  1 scott users 1716836 Jan 19 16:50 008.016.jpg
-rw-rw-r--  1 scott users 1828744 Jan 19 16:50 008.017.jpg
-rw-rw-r--  1 scott users 2090601 Jan 19 16:50 009.000.jpg
-rw-rw-r--  1 scott users 2067213 Jan 19 16:50 009.001.jpg
-rw-rw-r--  1 scott users 1992215 Jan 19 16:50 009.002.jpg
-rw-rw-r--  1 scott users 1876341 Jan 19 16:50 009.003.jpg
-rw-rw-r--  1 scott users 2297167 Jan 19 16:50 009.004.jpg
-rw-rw-r--  1 scott users 2205783 Jan 19 16:50 009.005.jpg
-rw-rw-r--  1 scott users 1981238 Jan 19 16:50 009.006.jpg
-rw-rw-r--  1 scott users 1943238 Jan 19 16:50 009.007.jpg
-rw-rw-r--  1 scott users 1667271 Jan 19 16:50 009.008.jpg
-rw-rw-r--  1 scott users 2010626 Jan 19 16:50 009.009.jpg
-rw-rw-r--  1 scott users 1817826 Jan 19 16:50 009.010.jpg
-rw-rw-r--  1 scott users 1999556 Jan 19 16:50 009.011.jpg
-rw-rw-r--  1 scott users 1901642 Jan 19 16:50 009.012.jpg
-rw-rw-r--  1 scott users 2155119 Jan 19 16:50 009.013.jpg
-rw-rw-r--  1 scott users 2059923 Jan 19 16:50 009.014.jpg
-rw-rw-r--  1 scott users 2085787 Jan 19 16:50 009.015.jpg
-rw-rw-r--  1 scott users 2788142 Jan 19 16:50 012.000.jpg
-rw-rw-r--  1 scott users 2718360 Jan 19 16:50 012.001.jpg
-rw-rw-r--  1 scott users 2508745 Jan 19 16:50 012.002.jpg
-rw-rw-r--  1 scott users 3018526 Jan 19 16:50 012.003.jpg
-rw-rw-r--  1 scott users 2851058 Jan 19 16:50 012.004.jpg
-rw-rw-r--  1 scott users 2560017 Jan 19 16:50 012.005.jpg
-rw-rw-r--  1 scott users 2322762 Jan 19 16:50 012.006.jpg
-rw-rw-r--  1 scott users 2512550 Jan 19 16:50 012.007.jpg
-rw-rw-r--  1 scott users 2662493 Jan 19 16:50 012.008.jpg
-rw-rw-r--  1 scott users 2666545 Jan 19 16:50 012.009.jpg
-rw-rw-r--  1 scott users 2856931 Jan 19 16:50 012.010.jpg
-rw-rw-r--  1 scott users 2683208 Jan 19 16:50 012.011.jpg
-rw-rw-r--  1 scott users 4163268 Jan 19 16:50 018.000.jpg
-rw-rw-r--  1 scott users 3871977 Jan 19 16:50 018.001.jpg
-rw-rw-r--  1 scott users 4502600 Jan 19 16:50 018.002.jpg
-rw-rw-r--  1 scott users 3930444 Jan 19 16:50 018.003.jpg
-rw-rw-r--  1 scott users 3678140 Jan 19 16:50 018.004.jpg
-rw-rw-r--  1 scott users 3819901 Jan 19 16:50 018.005.jpg
-rw-rw-r--  1 scott users 4060045 Jan 19 16:51 018.006.jpg
-rw-rw-r--  1 scott users 4146875 Jan 19 16:51 018.007.jpg
-rw-rw-r--  1 scott users 1661901 Jan 19 16:51 024.000.jpg
-rw-rw-r--  1 scott users 1658527 Jan 19 16:51 024.001.jpg
-rw-rw-r--  1 scott users 1626181 Jan 19 16:51 024.002.jpg
-rw-rw-r--  1 scott users 1472525 Jan 19 16:51 024.003.jpg
-rw-rw-r--  1 scott users 1618196 Jan 19 16:51 024.004.jpg
-rw-rw-r--  1 scott users 1689105 Jan 19 16:51 024.005.jpg
-rw-rw-r--  1 scott users 1491926 Jan 19 16:51 036.000.jpg
-rw-rw-r--  1 scott users 1530629 Jan 19 16:51 036.001.jpg
-rw-rw-r--  1 scott users 1398864 Jan 19 16:51 036.002.jpg
-rw-rw-r--  1 scott users 1512579 Jan 19 16:51 036.003.jpg
-rw-rw-r--  1 scott users 5946009 Jan 19 16:51 048.003.000.jpg
-rw-rw-r--  1 scott users    1963 Jan 19 16:51 aspects.out
-rw-rw-r--  1 scott users     929 Jan 19 16:51 error
-rw-rw-r--  1 scott users       0 Jan 19 16:51 files.out
-rw-rw-r--  1 scott users      49 Nov 15 15:16 meta.ini
drwxr-xr-x  2 scott users    4096 Jan 18 22:55 orig
drwxrwxr-x  2 scott users    4096 Jan 19 16:51 tmp
