total 133920
drwxr-xr-x 4 scott users    4096 Jan 17 17:00 .
drwxrwxr-x 9 scott users   16384 Jan 17 16:46 ..
-rw-rw-r-- 1 scott users 1057051 Jan 17 16:57 004.000.jpg
-rw-rw-r-- 1 scott users 1202083 Jan 17 16:57 004.001.jpg
-rw-rw-r-- 1 scott users 1281704 Jan 17 16:57 004.002.jpg
-rw-rw-r-- 1 scott users 1199593 Jan 17 16:57 004.003.jpg
-rw-rw-r-- 1 scott users 1386930 Jan 17 16:57 004.004.jpg
-rw-rw-r-- 1 scott users 1174488 Jan 17 16:57 004.005.jpg
-rw-rw-r-- 1 scott users 1435677 Jan 17 16:57 004.006.jpg
-rw-rw-r-- 1 scott users 1537920 Jan 17 16:57 004.007.jpg
-rw-rw-r-- 1 scott users 1402285 Jan 17 16:57 004.008.jpg
-rw-rw-r-- 1 scott users 1573974 Jan 17 16:57 004.009.jpg
-rw-rw-r-- 1 scott users 1664560 Jan 17 16:57 004.010.jpg
-rw-rw-r-- 1 scott users 1501588 Jan 17 16:57 004.011.jpg
-rw-rw-r-- 1 scott users 1298041 Jan 17 16:57 004.012.jpg
-rw-rw-r-- 1 scott users 1411666 Jan 17 16:57 004.013.jpg
-rw-rw-r-- 1 scott users 1508310 Jan 17 16:57 004.014.jpg
-rw-rw-r-- 1 scott users 1517250 Jan 17 16:57 004.015.jpg
-rw-rw-r-- 1 scott users 1339804 Jan 17 16:57 004.016.jpg
-rw-rw-r-- 1 scott users 1277002 Jan 17 16:57 004.017.jpg
-rw-rw-r-- 1 scott users 1615879 Jan 17 16:57 006.000.jpg
-rw-rw-r-- 1 scott users 1927526 Jan 17 16:57 006.001.jpg
-rw-rw-r-- 1 scott users 1969718 Jan 17 16:57 006.002.jpg
-rw-rw-r-- 1 scott users 1800371 Jan 17 16:57 006.003.jpg
-rw-rw-r-- 1 scott users 1979394 Jan 17 16:57 006.004.jpg
-rw-rw-r-- 1 scott users 2402837 Jan 17 16:57 006.005.jpg
-rw-rw-r-- 1 scott users 2385909 Jan 17 16:57 006.006.jpg
-rw-rw-r-- 1 scott users 2370371 Jan 17 16:57 006.007.jpg
-rw-rw-r-- 1 scott users 2089141 Jan 17 16:57 006.008.jpg
-rw-rw-r-- 1 scott users 2137986 Jan 17 16:57 006.009.jpg
-rw-rw-r-- 1 scott users 2302384 Jan 17 16:57 006.010.jpg
-rw-rw-r-- 1 scott users 1832794 Jan 17 16:57 006.011.jpg
-rw-rw-r-- 1 scott users 2262028 Jan 17 16:57 008.000.jpg
-rw-rw-r-- 1 scott users 2481556 Jan 17 16:57 008.001.jpg
-rw-rw-r-- 1 scott users 2580287 Jan 17 16:57 008.002.jpg
-rw-rw-r-- 1 scott users 2985867 Jan 17 16:58 008.003.jpg
-rw-rw-r-- 1 scott users 2978223 Jan 17 16:58 008.004.jpg
-rw-rw-r-- 1 scott users 3178893 Jan 17 16:58 008.005.jpg
-rw-rw-r-- 1 scott users 2717117 Jan 17 16:58 008.006.jpg
-rw-rw-r-- 1 scott users 3025506 Jan 17 16:58 008.007.jpg
-rw-rw-r-- 1 scott users 2623418 Jan 17 16:58 008.008.jpg
-rw-rw-r-- 1 scott users 2634978 Jan 17 16:58 009.000.jpg
-rw-rw-r-- 1 scott users 2879834 Jan 17 16:58 009.001.jpg
-rw-rw-r-- 1 scott users 2757424 Jan 17 16:58 009.002.jpg
-rw-rw-r-- 1 scott users 3439240 Jan 17 16:58 009.003.jpg
-rw-rw-r-- 1 scott users 3638072 Jan 17 16:58 009.004.jpg
-rw-rw-r-- 1 scott users 3227365 Jan 17 16:58 009.005.jpg
-rw-rw-r-- 1 scott users 3309333 Jan 17 16:58 009.006.jpg
-rw-rw-r-- 1 scott users 2970025 Jan 17 16:58 009.007.jpg
-rw-rw-r-- 1 scott users 1170541 Jan 17 16:59 012.000.jpg
-rw-rw-r-- 1 scott users 1257618 Jan 17 16:59 012.001.jpg
-rw-rw-r-- 1 scott users 1346097 Jan 17 16:59 012.002.jpg
-rw-rw-r-- 1 scott users 1444116 Jan 17 16:59 012.003.jpg
-rw-rw-r-- 1 scott users 1426925 Jan 17 16:59 012.004.jpg
-rw-rw-r-- 1 scott users 1336004 Jan 17 16:59 012.005.jpg
-rw-rw-r-- 1 scott users 1566258 Jan 17 16:59 016.000.jpg
-rw-rw-r-- 1 scott users 1771486 Jan 17 16:59 016.001.jpg
-rw-rw-r-- 1 scott users 1881866 Jan 17 16:59 016.002.jpg
-rw-rw-r-- 1 scott users 1933619 Jan 17 16:59 016.003.jpg
-rw-rw-r-- 1 scott users 1183478 Jan 17 16:59 018.000.jpg
-rw-rw-r-- 1 scott users 1252049 Jan 17 16:59 018.001.jpg
-rw-rw-r-- 1 scott users 1385779 Jan 17 16:59 018.002.jpg
-rw-rw-r-- 1 scott users 1313459 Jan 17 16:59 018.003.jpg
-rw-rw-r-- 1 scott users 2428579 Jan 17 16:58 024.000.jpg
-rw-rw-r-- 1 scott users 2791900 Jan 17 16:58 024.001.jpg
-rw-rw-r-- 1 scott users 2762709 Jan 17 16:59 024.002.jpg
-rw-rw-r-- 1 scott users 1314809 Jan 17 17:00 024.003.000.jpg
-rw-rw-r-- 1 scott users 2435901 Jan 17 16:59 036.000.jpg
-rw-rw-r-- 1 scott users 2699178 Jan 17 16:59 036.001.jpg
-rw-rw-r-- 1 scott users  813017 Jan 17 17:00 036.002.000.jpg
-rw-rw-r-- 1 scott users 2166817 Jan 17 17:00 072.000.jpg
-rw-rw-r-- 1 scott users    1896 Jan 17 17:00 aspects.out
-rw-rw-r-- 1 scott users     929 Jan 17 17:00 error
-rw-rw-r-- 1 scott users       0 Jan 17 17:00 files.out
-rw-rw-r-- 1 scott users      42 Nov 23 16:16 meta.ini
drwxr-xr-x 2 scott users    4096 Jan 17 16:46 orig
drwxrwxr-x 2 scott users    4096 Jan 17 17:00 tmp
