total 141344
drwxr-xr-x  4 scott users    4096 Jan 19 16:41 .
drwxrwxr-x 10 scott users    4096 Jan 19 16:11 ..
-rw-rw-r--  1 scott users 1490581 Jan 19 16:39 008.000.jpg
-rw-rw-r--  1 scott users 1688898 Jan 19 16:39 008.001.jpg
-rw-rw-r--  1 scott users 1882243 Jan 19 16:39 008.002.jpg
-rw-rw-r--  1 scott users 1645406 Jan 19 16:39 008.003.jpg
-rw-rw-r--  1 scott users 1675721 Jan 19 16:39 008.004.jpg
-rw-rw-r--  1 scott users 1720894 Jan 19 16:39 008.005.jpg
-rw-rw-r--  1 scott users 1899035 Jan 19 16:39 008.006.jpg
-rw-rw-r--  1 scott users 1920588 Jan 19 16:39 008.007.jpg
-rw-rw-r--  1 scott users 1400857 Jan 19 16:39 008.008.jpg
-rw-rw-r--  1 scott users 1799915 Jan 19 16:39 008.009.jpg
-rw-rw-r--  1 scott users 1889246 Jan 19 16:39 008.010.jpg
-rw-rw-r--  1 scott users 1478189 Jan 19 16:39 008.011.jpg
-rw-rw-r--  1 scott users 1640246 Jan 19 16:39 008.012.jpg
-rw-rw-r--  1 scott users 1709436 Jan 19 16:39 008.013.jpg
-rw-rw-r--  1 scott users 1743267 Jan 19 16:39 008.014.jpg
-rw-rw-r--  1 scott users 1635943 Jan 19 16:39 008.015.jpg
-rw-rw-r--  1 scott users 1861727 Jan 19 16:39 008.016.jpg
-rw-rw-r--  1 scott users 1542121 Jan 19 16:39 008.017.jpg
-rw-rw-r--  1 scott users 1685670 Jan 19 16:40 009.000.jpg
-rw-rw-r--  1 scott users 1862941 Jan 19 16:40 009.001.jpg
-rw-rw-r--  1 scott users 2196683 Jan 19 16:40 009.002.jpg
-rw-rw-r--  1 scott users 1793763 Jan 19 16:40 009.003.jpg
-rw-rw-r--  1 scott users 1962498 Jan 19 16:40 009.004.jpg
-rw-rw-r--  1 scott users 2009115 Jan 19 16:40 009.005.jpg
-rw-rw-r--  1 scott users 2173512 Jan 19 16:40 009.006.jpg
-rw-rw-r--  1 scott users 1643498 Jan 19 16:40 009.007.jpg
-rw-rw-r--  1 scott users 1978695 Jan 19 16:40 009.008.jpg
-rw-rw-r--  1 scott users 2099252 Jan 19 16:40 009.009.jpg
-rw-rw-r--  1 scott users 1757477 Jan 19 16:40 009.010.jpg
-rw-rw-r--  1 scott users 1835888 Jan 19 16:40 009.011.jpg
-rw-rw-r--  1 scott users 2014234 Jan 19 16:40 009.012.jpg
-rw-rw-r--  1 scott users 1852112 Jan 19 16:40 009.013.jpg
-rw-rw-r--  1 scott users 2041630 Jan 19 16:40 009.014.jpg
-rw-rw-r--  1 scott users 1728496 Jan 19 16:40 009.015.jpg
-rw-rw-r--  1 scott users 2349276 Jan 19 16:40 012.000.jpg
-rw-rw-r--  1 scott users 2711789 Jan 19 16:40 012.001.jpg
-rw-rw-r--  1 scott users 2477612 Jan 19 16:40 012.002.jpg
-rw-rw-r--  1 scott users 2567088 Jan 19 16:40 012.003.jpg
-rw-rw-r--  1 scott users 2902812 Jan 19 16:40 012.004.jpg
-rw-rw-r--  1 scott users 2322502 Jan 19 16:40 012.005.jpg
-rw-rw-r--  1 scott users 2755019 Jan 19 16:40 012.006.jpg
-rw-rw-r--  1 scott users 2417128 Jan 19 16:40 012.007.jpg
-rw-rw-r--  1 scott users 2503903 Jan 19 16:40 012.008.jpg
-rw-rw-r--  1 scott users 2597073 Jan 19 16:40 012.009.jpg
-rw-rw-r--  1 scott users 2620284 Jan 19 16:40 012.010.jpg
-rw-rw-r--  1 scott users 2425742 Jan 19 16:40 012.011.jpg
-rw-rw-r--  1 scott users 3551132 Jan 19 16:40 018.000.jpg
-rw-rw-r--  1 scott users 3989423 Jan 19 16:40 018.001.jpg
-rw-rw-r--  1 scott users 3973813 Jan 19 16:40 018.002.jpg
-rw-rw-r--  1 scott users 3820465 Jan 19 16:40 018.003.jpg
-rw-rw-r--  1 scott users 4079624 Jan 19 16:40 018.004.jpg
-rw-rw-r--  1 scott users 3596302 Jan 19 16:40 018.005.jpg
-rw-rw-r--  1 scott users 3867835 Jan 19 16:40 018.006.jpg
-rw-rw-r--  1 scott users 3773101 Jan 19 16:40 018.007.jpg
-rw-rw-r--  1 scott users 1648886 Jan 19 16:41 024.000.jpg
-rw-rw-r--  1 scott users 1691050 Jan 19 16:41 024.001.jpg
-rw-rw-r--  1 scott users 1667712 Jan 19 16:41 024.002.jpg
-rw-rw-r--  1 scott users 1677113 Jan 19 16:41 024.003.jpg
-rw-rw-r--  1 scott users 1648395 Jan 19 16:41 024.004.jpg
-rw-rw-r--  1 scott users 1600895 Jan 19 16:41 024.005.jpg
-rw-rw-r--  1 scott users 1491395 Jan 19 16:41 036.000.jpg
-rw-rw-r--  1 scott users 1559287 Jan 19 16:41 036.001.jpg
-rw-rw-r--  1 scott users 1514037 Jan 19 16:41 036.002.jpg
-rw-rw-r--  1 scott users 1464408 Jan 19 16:41 036.003.jpg
-rw-rw-r--  1 scott users 6039654 Jan 19 16:41 048.003.000.jpg
-rw-rw-r--  1 scott users    1963 Jan 19 16:41 aspects.out
-rw-rw-r--  1 scott users     929 Jan 19 16:41 error
-rw-rw-r--  1 scott users       0 Jan 19 16:41 files.out
-rw-rw-r--  1 scott users      41 Nov 15 15:15 meta.ini
drwxr-xr-x  2 scott users    4096 Jan 18 22:54 orig
drwxrwxr-x  2 scott users    4096 Jan 19 16:41 tmp
