total 162096
drwxr-xr-x 4 scott users    4096 Jan 17 00:25 .
drwxrwxr-x 9 scott users    4096 Jan 16 21:58 ..
-rw-rw-r-- 1 scott users 1905352 Jan 16 23:12 004.000.jpg
-rw-rw-r-- 1 scott users 2313054 Jan 16 23:12 004.001.jpg
-rw-rw-r-- 1 scott users 1668132 Jan 16 23:12 004.002.jpg
-rw-rw-r-- 1 scott users 1727996 Jan 16 23:13 004.003.jpg
-rw-rw-r-- 1 scott users 1612966 Jan 16 23:13 004.004.jpg
-rw-rw-r-- 1 scott users 1527987 Jan 16 23:13 004.005.jpg
-rw-rw-r-- 1 scott users 1901550 Jan 16 23:13 004.006.jpg
-rw-rw-r-- 1 scott users 1818391 Jan 16 23:13 004.007.jpg
-rw-rw-r-- 1 scott users 1696606 Jan 16 23:13 004.008.jpg
-rw-rw-r-- 1 scott users 1644833 Jan 16 23:13 004.009.jpg
-rw-rw-r-- 1 scott users 1850097 Jan 16 23:13 004.010.jpg
-rw-rw-r-- 1 scott users 1671376 Jan 16 23:13 004.011.jpg
-rw-rw-r-- 1 scott users 1759980 Jan 16 23:13 004.012.jpg
-rw-rw-r-- 1 scott users 1763002 Jan 16 23:13 004.013.jpg
-rw-rw-r-- 1 scott users 1754579 Jan 16 23:13 004.014.jpg
-rw-rw-r-- 1 scott users 1535327 Jan 16 23:13 004.015.jpg
-rw-rw-r-- 1 scott users 1410182 Jan 16 23:13 004.016.jpg
-rw-rw-r-- 1 scott users 1749112 Jan 16 23:13 004.017.jpg
-rw-rw-r-- 1 scott users 2873527 Jan 16 23:13 006.000.jpg
-rw-rw-r-- 1 scott users 3016173 Jan 16 23:13 006.001.jpg
-rw-rw-r-- 1 scott users 2365414 Jan 16 23:13 006.002.jpg
-rw-rw-r-- 1 scott users 2488883 Jan 16 23:13 006.003.jpg
-rw-rw-r-- 1 scott users 2779425 Jan 16 23:13 006.004.jpg
-rw-rw-r-- 1 scott users 2644375 Jan 16 23:13 006.005.jpg
-rw-rw-r-- 1 scott users 2698464 Jan 16 23:13 006.006.jpg
-rw-rw-r-- 1 scott users 2473615 Jan 16 23:13 006.007.jpg
-rw-rw-r-- 1 scott users 2834599 Jan 16 23:13 006.008.jpg
-rw-rw-r-- 1 scott users 2459832 Jan 16 23:13 006.009.jpg
-rw-rw-r-- 1 scott users 2341164 Jan 16 23:13 006.010.jpg
-rw-rw-r-- 1 scott users 2363570 Jan 16 23:13 006.011.jpg
-rw-rw-r-- 1 scott users 4222493 Jan 16 23:13 008.000.jpg
-rw-rw-r-- 1 scott users 3408834 Jan 16 23:13 008.001.jpg
-rw-rw-r-- 1 scott users 3151428 Jan 16 23:13 008.002.jpg
-rw-rw-r-- 1 scott users 3730463 Jan 16 23:13 008.003.jpg
-rw-rw-r-- 1 scott users 3347873 Jan 16 23:13 008.004.jpg
-rw-rw-r-- 1 scott users 3524284 Jan 16 23:13 008.005.jpg
-rw-rw-r-- 1 scott users 3533973 Jan 16 23:13 008.006.jpg
-rw-rw-r-- 1 scott users 3290251 Jan 16 23:13 008.007.jpg
-rw-rw-r-- 1 scott users 3180935 Jan 16 23:13 008.008.jpg
-rw-rw-r-- 1 scott users 4846603 Jan 16 23:13 009.000.jpg
-rw-rw-r-- 1 scott users 3420378 Jan 16 23:13 009.001.jpg
-rw-rw-r-- 1 scott users 3927334 Jan 16 23:13 009.002.jpg
-rw-rw-r-- 1 scott users 3988714 Jan 16 23:13 009.003.jpg
-rw-rw-r-- 1 scott users 4109815 Jan 16 23:13 009.004.jpg
-rw-rw-r-- 1 scott users 3903225 Jan 16 23:13 009.005.jpg
-rw-rw-r-- 1 scott users 3541181 Jan 16 23:13 009.006.jpg
-rw-rw-r-- 1 scott users 3641606 Jan 16 23:13 009.007.jpg
-rw-rw-r-- 1 scott users 1660711 Jan 16 23:14 012.000.jpg
-rw-rw-r-- 1 scott users 1406946 Jan 16 23:14 012.001.jpg
-rw-rw-r-- 1 scott users 1604052 Jan 16 23:14 012.002.jpg
-rw-rw-r-- 1 scott users 1501215 Jan 16 23:14 012.003.jpg
-rw-rw-r-- 1 scott users 1501904 Jan 16 23:14 012.004.jpg
-rw-rw-r-- 1 scott users 1441178 Jan 16 23:14 012.005.jpg
-rw-rw-r-- 1 scott users 2172122 Jan 16 23:14 016.000.jpg
-rw-rw-r-- 1 scott users 1994282 Jan 16 23:14 016.001.jpg
-rw-rw-r-- 1 scott users 2007378 Jan 16 23:14 016.002.jpg
-rw-rw-r-- 1 scott users 1974889 Jan 16 23:14 016.003.jpg
-rw-rw-r-- 1 scott users 1330292 Jan 16 23:15 018.000.jpg
-rw-rw-r-- 1 scott users 1329123 Jan 16 23:15 018.001.jpg
-rw-rw-r-- 1 scott users 1295895 Jan 16 23:15 018.002.jpg
-rw-rw-r-- 1 scott users 1234086 Jan 16 23:15 018.003.jpg
-rw-rw-r-- 1 scott users 3068601 Jan 16 23:14 024.000.jpg
-rw-rw-r-- 1 scott users 3105075 Jan 16 23:14 024.001.jpg
-rw-rw-r-- 1 scott users 2945687 Jan 16 23:14 024.002.jpg
-rw-rw-r-- 1 scott users 1094680 Jan 16 23:15 024.003.000.jpg
-rw-rw-r-- 1 scott users 2660309 Jan 16 23:15 036.000.jpg
-rw-rw-r-- 1 scott users 2529787 Jan 16 23:15 036.001.jpg
-rw-rw-r-- 1 scott users  644375 Jan 16 23:15 036.002.000.jpg
-rw-rw-r-- 1 scott users 1879620 Jan 17 00:25 072.000.jpg
-rw-rw-r-- 1 scott users    2002 Jan 17 00:25 aspects.out
-rw-rw-r-- 1 scott users    5864 Jan 16 23:15 describe.txt
-rw-rw-r-- 1 scott users     929 Jan 17 00:25 error
-rw-rw-r-- 1 scott users       0 Jan 17 00:25 files.out
-rw-rw-r-- 1 scott users      42 Dec 12 19:27 meta.ini
drwxr-xr-x 2 scott users    4096 Jan 16 23:12 orig
drwxrwxr-x 2 scott users    4096 Jan 17 00:25 tmp
