006.000.jpg 11520 1200 9.6
006.001.jpg 11520 1200 9.6
006.002.jpg 11520 1200 9.6
012.000.jpg 11520 1200 9.6
012.001.jpg 11520 1200 9.6
012.002.jpg 11520 1200 9.6
009.000.jpg 9216 640 14.4
009.001.jpg 9216 640 14.4
003.000.jpg 5760 1200 4.8
003.001.jpg 5760 1200 4.8
003.002.jpg 5760 1200 4.8
003.003.jpg 5760 1200 4.8
003.004.jpg 5760 1200 4.8
003.005.jpg 5760 1200 4.8
420.240.gif[10] 384 240 1.6
420.240.gif[11] 384 240 1.6
420.240.gif[12] 384 240 1.6
420.240.gif[13] 384 240 1.6
420.240.gif[14] 384 240 1.6
420.240.gif[15] 384 240 1.6
420.240.gif[16] 384 240 1.6
420.240.gif[17] 384 240 1.6
420.240.gif 384 240 1.6
420.240.gif 384 240 1.6
420.240.gif 384 240 1.6
420.240.gif 384 240 1.6
420.240.gif 384 240 1.6
420.240.gif 384 240 1.6
420.240.gif 384 240 1.6
420.240.gif 384 240 1.6
420.240.gif 384 240 1.6
420.240.gif 384 240 1.6
240.240.gif[10] 240 240 1
240.240.gif[11] 240 240 1
240.240.gif[12] 240 240 1
240.240.gif[13] 240 240 1
240.240.gif[14] 240 240 1
240.240.gif[15] 240 240 1
240.240.gif[16] 240 240 1
240.240.gif[17] 240 240 1
240.240.gif 240 240 1
240.240.gif 240 240 1
240.240.gif 240 240 1
240.240.gif 240 240 1
240.240.gif 240 240 1
240.240.gif 240 240 1
240.240.gif 240 240 1
240.240.gif 240 240 1
240.240.gif 240 240 1
240.240.gif 240 240 1
