036.000.jpg 51840 540 96
009.000.jpg 34560 1440 24
009.001.jpg 34560 1440 24
009.002.jpg 34560 1440 24
009.003.jpg 34560 1440 24
018.000.jpg 25920 540 48
018.001.jpg 25920 540 48
006.000.jpg 23040 1440 16
006.001.jpg 23040 1440 16
006.002.jpg 23040 1440 16
006.003.jpg 23040 1440 16
006.004.jpg 23040 1440 16
006.005.jpg 23040 1440 16
012.000.jpg 23040 720 32
012.001.jpg 23040 720 32
012.002.jpg 23040 720 32
004.000.jpg 15360 1440 10.6667
004.001.jpg 15360 1440 10.6667
004.002.jpg 15360 1440 10.6667
004.003.jpg 15360 1440 10.6667
004.004.jpg 15360 1440 10.6667
004.005.jpg 15360 1440 10.6667
004.006.jpg 15360 1440 10.6667
004.007.jpg 15360 1440 10.6667
004.008.jpg 15360 1440 10.6667
018.002.000.jpg 10080 420 24
