total 242276
drwxr-xr-x  4 scott users     4096 Jan 23 19:27 .
drwxrwxr-x 13 scott users     4096 Jan 23 19:18 ..
-rw-rw-r--  1 scott users  9644748 Jan 23 19:24 004.000.jpg
-rw-rw-r--  1 scott users  9114626 Jan 23 19:24 004.001.jpg
-rw-rw-r--  1 scott users  7279078 Jan 23 19:24 004.002.jpg
-rw-rw-r--  1 scott users  9892912 Jan 23 19:24 004.003.jpg
-rw-rw-r--  1 scott users  7022336 Jan 23 19:24 004.004.jpg
-rw-rw-r--  1 scott users  8455716 Jan 23 19:24 004.005.jpg
-rw-rw-r--  1 scott users  8391182 Jan 23 19:24 004.006.jpg
-rw-rw-r--  1 scott users  9356507 Jan 23 19:24 004.007.jpg
-rw-rw-r--  1 scott users  7225321 Jan 23 19:24 004.008.jpg
-rw-rw-r--  1 scott users 14168827 Jan 23 19:24 006.000.jpg
-rw-rw-r--  1 scott users 11891402 Jan 23 19:24 006.001.jpg
-rw-rw-r--  1 scott users 13161775 Jan 23 19:24 006.002.jpg
-rw-rw-r--  1 scott users 12251999 Jan 23 19:24 006.003.jpg
-rw-rw-r--  1 scott users 13235656 Jan 23 19:24 006.004.jpg
-rw-rw-r--  1 scott users 11771591 Jan 23 19:25 006.005.jpg
-rw-rw-r--  1 scott users 20437370 Jan 23 19:25 009.000.jpg
-rw-rw-r--  1 scott users 18807494 Jan 23 19:25 009.001.jpg
-rw-rw-r--  1 scott users 18516203 Jan 23 19:25 009.002.jpg
-rw-rw-r--  1 scott users 18775393 Jan 23 19:25 009.003.jpg
-rw-rw-r--  1 scott users  2733723 Jan 23 19:27 012.000.jpg
-rw-rw-r--  1 scott users  2850357 Jan 23 19:27 012.001.jpg
-rw-rw-r--  1 scott users  2608061 Jan 23 19:27 012.002.jpg
-rw-rw-r--  1 scott users  2470086 Jan 23 19:27 018.000.jpg
-rw-rw-r--  1 scott users  2322761 Jan 23 19:27 018.001.jpg
-rw-rw-r--  1 scott users   821221 Jan 23 19:27 018.002.000.jpg
-rw-rw-r--  1 scott users  4794039 Jan 23 19:27 036.000.jpg
-rw-rw-r--  1 scott users      718 Jan 23 19:27 aspects.out
-rw-rw-r--  1 scott users      929 Jan 23 19:27 error
-rw-rw-r--  1 scott users        0 Jan 23 19:27 files.out
-rw-rw-r--  1 scott users       29 Jan 23 19:20 meta.ini
drwxr-xr-x  3 scott users     4096 Dec 15 19:46 orig
-rw-r--r--  1 scott users     3426 Dec 31 21:45 out
drwxrwxr-x  2 scott users     4096 Jan 23 19:26 tmp
