total 74964
drwx--x--x  4 scott users    4096 Feb  6 19:39 .
drwxrwx--x 18 scott users    4096 Feb  5 13:04 ..
-rw-rw-r--  1 scott users 2758623 Jan 18 19:54 004.000.jpg
-rw-rw-r--  1 scott users 3335983 Jan 18 19:54 004.001.jpg
-rw-rw-r--  1 scott users 2230521 Jan 18 19:54 004.002.jpg
-rw-rw-r--  1 scott users 2395118 Jan 18 19:54 004.003.jpg
-rw-rw-r--  1 scott users 2453344 Jan 18 19:54 004.004.jpg
-rw-rw-r--  1 scott users 2632374 Jan 18 19:54 004.005.jpg
-rw-rw-r--  1 scott users 3196132 Jan 18 19:54 004.006.jpg
-rw-rw-r--  1 scott users 2595082 Jan 18 19:54 004.007.jpg
-rw-rw-r--  1 scott users 3176740 Jan 18 19:54 004.008.jpg
-rw-rw-r--  1 scott users 4844509 Jan 18 19:54 006.000.jpg
-rw-rw-r--  1 scott users 3500271 Jan 18 19:54 006.001.jpg
-rw-rw-r--  1 scott users 3751096 Jan 18 19:54 006.002.jpg
-rw-rw-r--  1 scott users 3762562 Jan 18 19:54 006.003.jpg
-rw-rw-r--  1 scott users 4598807 Jan 18 19:54 006.004.jpg
-rw-rw-r--  1 scott users 4442012 Jan 18 19:54 006.005.jpg
lrwxrwxrwx  1 scott users      11 Feb  5 13:48 008.000.jpg -> 004.000.jpg
lrwxrwxrwx  1 scott users      11 Feb  5 13:48 008.001.jpg -> 004.001.jpg
lrwxrwxrwx  1 scott users      11 Feb  5 13:48 008.002.jpg -> 004.002.jpg
lrwxrwxrwx  1 scott users      11 Feb  5 13:48 008.003.jpg -> 004.003.jpg
lrwxrwxrwx  1 scott users      11 Feb  5 13:48 008.004.jpg -> 004.004.jpg
lrwxrwxrwx  1 scott users      11 Feb  5 13:48 008.005.jpg -> 004.005.jpg
lrwxrwxrwx  1 scott users      11 Feb  5 13:48 008.006.jpg -> 004.006.jpg
lrwxrwxrwx  1 scott users      11 Feb  5 13:48 008.007.jpg -> 004.007.jpg
lrwxrwxrwx  1 scott users      11 Feb  5 13:48 008.008.jpg -> 004.008.jpg
-rw-rw-r--  1 scott users 6368721 Jan 18 19:55 009.000.jpg
-rw-rw-r--  1 scott users 5750535 Jan 18 19:55 009.001.jpg
-rw-rw-r--  1 scott users 6034644 Jan 18 19:55 009.002.jpg
-rw-rw-r--  1 scott users 6813279 Jan 18 19:55 009.003.jpg
lrwxrwxrwx  1 scott users      11 Feb  5 19:29 012.000.jpg -> 006.000.jpg
lrwxrwxrwx  1 scott users      11 Feb  5 19:29 012.001.jpg -> 006.001.jpg
lrwxrwxrwx  1 scott users      11 Feb  5 19:29 012.002.jpg -> 006.002.jpg
lrwxrwxrwx  1 scott users      11 Feb  5 19:29 012.003.jpg -> 006.003.jpg
lrwxrwxrwx  1 scott users      11 Feb  5 19:29 012.004.jpg -> 006.004.jpg
lrwxrwxrwx  1 scott users      11 Feb  5 19:29 012.005.jpg -> 006.005.jpg
lrwxrwxrwx  1 scott users      11 Feb  5 19:29 018.000.jpg -> 006.000.jpg
lrwxrwxrwx  1 scott users      11 Feb  5 19:29 018.001.jpg -> 006.001.jpg
lrwxrwxrwx  1 scott users      11 Feb  5 19:29 018.002.jpg -> 006.002.jpg
lrwxrwxrwx  1 scott users      11 Feb  5 19:29 018.003.jpg -> 006.003.jpg
lrwxrwxrwx  1 scott users      11 Feb  5 19:29 018.004.jpg -> 006.004.jpg
lrwxrwxrwx  1 scott users      11 Feb  5 19:29 018.005.jpg -> 006.005.jpg
-rw-rw-r--  1 scott users  760976 Jan 26 05:52 240.240.gif
-rw-rw-r--  1 scott users 1289352 Jan 26 05:52 420.240.gif
-rw-rw-r--  1 scott users    2112 Feb  6 19:39 aspects.out
-rw-rw-r--  1 scott users    2643 Jan 18 20:44 describe.txt
-rw-rw-r--  1 scott users    2763 Feb  6 19:39 div.out
-rw-rw-r--  1 scott users     744 Feb  6 19:39 error
-rw-rw-r--  1 scott users       0 Feb  6 19:39 files.out
-rw-rw-r--  1 scott users      34 Nov 24 00:06 meta.ini
drwxrwxr-x  2 scott users    4096 Jan 18 19:54 orig
-rw-rw-r--  1 scott users    2762 Dec 21 11:10 out
drwxrwxr-x  2 scott users    4096 Feb  6 19:39 tmp
