001.000.jpg 5760 1880 3.06383
001.001.jpg 5760 1880 3.06383
001.002.jpg 5760 1880 3.06383
001.003.jpg 5760 1880 3.06383
001.004.jpg 5760 1880 3.06383
001.005.jpg 5760 1880 3.06383
001.006.jpg 5760 1880 3.06383
001.007.jpg 5760 1880 3.06383
001.008.jpg 5760 1880 3.06383
001.009.jpg 5760 1880 3.06383
001.010.jpg 5760 1880 3.06383
001.011.jpg 5760 1880 3.06383
001.012.jpg 5760 1880 3.06383
001.013.jpg 5760 1880 3.06383
001.014.jpg 5760 1880 3.06383
001.015.jpg 5760 1880 3.06383
001.016.jpg 5760 1880 3.06383
001.017.jpg 5760 1880 3.06383
001.018.jpg 5760 1880 3.06383
001.019.jpg 5760 1880 3.06383
001.020.jpg 5760 1880 3.06383
001.021.jpg 5760 1880 3.06383
