total 80124
drwx--x--x  4 scott users    4096 Feb  6 19:39 .
drwxrwx--x 18 scott users    4096 Feb  5 13:04 ..
-rw-rw-r--  1 scott users 2624953 Jan 18 19:59 004.000.jpg
-rw-rw-r--  1 scott users 3505843 Jan 18 19:59 004.001.jpg
-rw-rw-r--  1 scott users 2522403 Jan 18 20:00 004.002.jpg
-rw-rw-r--  1 scott users 2568613 Jan 18 20:00 004.003.jpg
-rw-rw-r--  1 scott users 3149825 Jan 18 20:00 004.004.jpg
-rw-rw-r--  1 scott users 2941947 Jan 18 20:00 004.005.jpg
-rw-rw-r--  1 scott users 2803855 Jan 18 20:00 004.006.jpg
-rw-rw-r--  1 scott users 3214763 Jan 18 20:00 004.007.jpg
-rw-rw-r--  1 scott users 3078152 Jan 18 20:00 004.008.jpg
-rw-rw-r--  1 scott users 4786047 Jan 18 20:00 006.000.jpg
-rw-rw-r--  1 scott users 3885168 Jan 18 20:00 006.001.jpg
-rw-rw-r--  1 scott users 4225396 Jan 18 20:00 006.002.jpg
-rw-rw-r--  1 scott users 4498474 Jan 18 20:00 006.003.jpg
-rw-rw-r--  1 scott users 4868087 Jan 18 20:00 006.004.jpg
-rw-rw-r--  1 scott users 4309593 Jan 18 20:00 006.005.jpg
lrwxrwxrwx  1 scott users      11 Feb  5 13:48 008.000.jpg -> 004.000.jpg
lrwxrwxrwx  1 scott users      11 Feb  5 13:48 008.001.jpg -> 004.001.jpg
lrwxrwxrwx  1 scott users      11 Feb  5 13:48 008.002.jpg -> 004.002.jpg
lrwxrwxrwx  1 scott users      11 Feb  5 13:48 008.003.jpg -> 004.003.jpg
lrwxrwxrwx  1 scott users      11 Feb  5 13:48 008.004.jpg -> 004.004.jpg
lrwxrwxrwx  1 scott users      11 Feb  5 13:48 008.005.jpg -> 004.005.jpg
lrwxrwxrwx  1 scott users      11 Feb  5 13:48 008.006.jpg -> 004.006.jpg
lrwxrwxrwx  1 scott users      11 Feb  5 13:48 008.007.jpg -> 004.007.jpg
lrwxrwxrwx  1 scott users      11 Feb  5 13:48 008.008.jpg -> 004.008.jpg
-rw-rw-r--  1 scott users 6553657 Jan 18 20:00 009.000.jpg
-rw-rw-r--  1 scott users 6362637 Jan 18 20:00 009.001.jpg
-rw-rw-r--  1 scott users 6750522 Jan 18 20:00 009.002.jpg
-rw-rw-r--  1 scott users 6957204 Jan 18 20:00 009.003.jpg
lrwxrwxrwx  1 scott users      11 Feb  5 19:29 012.000.jpg -> 006.000.jpg
lrwxrwxrwx  1 scott users      11 Feb  5 19:29 012.001.jpg -> 006.001.jpg
lrwxrwxrwx  1 scott users      11 Feb  5 19:29 012.002.jpg -> 006.002.jpg
lrwxrwxrwx  1 scott users      11 Feb  5 19:29 012.003.jpg -> 006.003.jpg
lrwxrwxrwx  1 scott users      11 Feb  5 19:29 012.004.jpg -> 006.004.jpg
lrwxrwxrwx  1 scott users      11 Feb  5 19:29 012.005.jpg -> 006.005.jpg
lrwxrwxrwx  1 scott users      11 Feb  5 19:29 018.000.jpg -> 006.000.jpg
lrwxrwxrwx  1 scott users      11 Feb  5 19:29 018.001.jpg -> 006.001.jpg
lrwxrwxrwx  1 scott users      11 Feb  5 19:29 018.002.jpg -> 006.002.jpg
lrwxrwxrwx  1 scott users      11 Feb  5 19:29 018.003.jpg -> 006.003.jpg
lrwxrwxrwx  1 scott users      11 Feb  5 19:29 018.004.jpg -> 006.004.jpg
lrwxrwxrwx  1 scott users      11 Feb  5 19:29 018.005.jpg -> 006.005.jpg
-rw-rw-r--  1 scott users  865397 Jan 26 05:53 240.240.gif
-rw-rw-r--  1 scott users 1489081 Jan 26 05:52 420.240.gif
-rw-rw-r--  1 scott users    2112 Feb  6 19:39 aspects.out
-rw-rw-r--  1 scott users    2642 Jan 18 20:44 describe.txt
-rw-rw-r--  1 scott users    2762 Feb  6 19:39 div.out
-rw-rw-r--  1 scott users     744 Feb  6 19:39 error
-rw-rw-r--  1 scott users       0 Feb  6 19:39 files.out
-rw-rw-r--  1 scott users      32 Nov 24 00:06 meta.ini
drwxrwxr-x  2 scott users    4096 Jan 18 19:59 orig
drwxrwxr-x  2 scott users    4096 Feb  6 19:39 tmp
