total 291532
drwxr-xr-x  4 scott users     4096 Jan 23 20:36 .
drwxrwxr-x 10 scott users     4096 Jan 23 19:55 ..
-rw-rw-r--  1 scott users  3585940 Jan 23 20:29 004.000.jpg
-rw-rw-r--  1 scott users  3676079 Jan 23 20:29 004.001.jpg
-rw-rw-r--  1 scott users  2740619 Jan 23 20:30 004.002.jpg
-rw-rw-r--  1 scott users  4160299 Jan 23 20:30 004.003.jpg
-rw-rw-r--  1 scott users  3226808 Jan 23 20:30 004.004.jpg
-rw-rw-r--  1 scott users  3828239 Jan 23 20:30 004.005.jpg
-rw-rw-r--  1 scott users  3221966 Jan 23 20:30 004.006.jpg
-rw-rw-r--  1 scott users  2980812 Jan 23 20:30 004.007.jpg
-rw-rw-r--  1 scott users  2148203 Jan 23 20:30 004.008.jpg
-rw-rw-r--  1 scott users  5740584 Jan 23 20:30 004.009.jpg
-rw-rw-r--  1 scott users  4823677 Jan 23 20:30 004.010.jpg
-rw-rw-r--  1 scott users  3605762 Jan 23 20:30 004.011.jpg
-rw-rw-r--  1 scott users  4403696 Jan 23 20:30 004.012.jpg
-rw-rw-r--  1 scott users  4319163 Jan 23 20:30 004.013.jpg
-rw-rw-r--  1 scott users  2363715 Jan 23 20:30 004.014.jpg
-rw-rw-r--  1 scott users  2403535 Jan 23 20:30 004.015.jpg
-rw-rw-r--  1 scott users  2189918 Jan 23 20:30 004.016.jpg
-rw-rw-r--  1 scott users  2606835 Jan 23 20:30 004.017.jpg
-rw-rw-r--  1 scott users  4914766 Jan 23 20:30 006.000.jpg
-rw-rw-r--  1 scott users  5096693 Jan 23 20:30 006.001.jpg
-rw-rw-r--  1 scott users  5688210 Jan 23 20:30 006.002.jpg
-rw-rw-r--  1 scott users  5535433 Jan 23 20:30 006.003.jpg
-rw-rw-r--  1 scott users  4836913 Jan 23 20:30 006.004.jpg
-rw-rw-r--  1 scott users  3515017 Jan 23 20:30 006.005.jpg
-rw-rw-r--  1 scott users  8302721 Jan 23 20:30 006.006.jpg
-rw-rw-r--  1 scott users  5861945 Jan 23 20:31 006.007.jpg
-rw-rw-r--  1 scott users  7211209 Jan 23 20:31 006.008.jpg
-rw-rw-r--  1 scott users  3874982 Jan 23 20:31 006.009.jpg
-rw-rw-r--  1 scott users  3592286 Jan 23 20:31 006.010.jpg
-rw-rw-r--  1 scott users  3614966 Jan 23 20:31 006.011.jpg
-rw-rw-r--  1 scott users  7271943 Jan 23 20:31 008.000.jpg
-rw-rw-r--  1 scott users  6909803 Jan 23 20:31 008.001.jpg
-rw-rw-r--  1 scott users  7058025 Jan 23 20:31 008.002.jpg
-rw-rw-r--  1 scott users  6206169 Jan 23 20:31 008.003.jpg
-rw-rw-r--  1 scott users  7938098 Jan 23 20:31 008.004.jpg
-rw-rw-r--  1 scott users  8438080 Jan 23 20:31 008.005.jpg
-rw-rw-r--  1 scott users  8739723 Jan 23 20:31 008.006.jpg
-rw-rw-r--  1 scott users  4773345 Jan 23 20:31 008.007.jpg
-rw-rw-r--  1 scott users  4803006 Jan 23 20:31 008.008.jpg
-rw-rw-r--  1 scott users  8010618 Jan 23 20:32 009.000.jpg
-rw-rw-r--  1 scott users  7703370 Jan 23 20:32 009.001.jpg
-rw-rw-r--  1 scott users  7615361 Jan 23 20:32 009.002.jpg
-rw-rw-r--  1 scott users  6297686 Jan 23 20:32 009.003.jpg
-rw-rw-r--  1 scott users 11717032 Jan 23 20:32 009.004.jpg
-rw-rw-r--  1 scott users  9678716 Jan 23 20:32 009.005.jpg
-rw-rw-r--  1 scott users  5656198 Jan 23 20:32 009.006.jpg
-rw-rw-r--  1 scott users  5431338 Jan 23 20:32 009.007.jpg
-rw-rw-r--  1 scott users  1803034 Jan 23 20:34 012.000.jpg
-rw-rw-r--  1 scott users  1952796 Jan 23 20:34 012.001.jpg
-rw-rw-r--  1 scott users  1582565 Jan 23 20:34 012.002.jpg
-rw-rw-r--  1 scott users  2342586 Jan 23 20:34 012.003.jpg
-rw-rw-r--  1 scott users  1866249 Jan 23 20:34 012.004.jpg
-rw-rw-r--  1 scott users  1328091 Jan 23 20:34 012.005.jpg
-rw-rw-r--  1 scott users  2488359 Jan 23 20:34 016.000.jpg
-rw-rw-r--  1 scott users  2443185 Jan 23 20:34 016.001.jpg
-rw-rw-r--  1 scott users  2752377 Jan 23 20:34 016.002.jpg
-rw-rw-r--  1 scott users  2294091 Jan 23 20:34 016.003.jpg
-rw-rw-r--  1 scott users  1697285 Jan 23 20:35 018.000.jpg
-rw-rw-r--  1 scott users  1568607 Jan 23 20:35 018.001.jpg
-rw-rw-r--  1 scott users  2034947 Jan 23 20:35 018.002.jpg
-rw-rw-r--  1 scott users  1263867 Jan 23 20:35 018.003.jpg
-rw-rw-r--  1 scott users  3756273 Jan 23 20:34 024.000.jpg
-rw-rw-r--  1 scott users  3928024 Jan 23 20:34 024.001.jpg
-rw-rw-r--  1 scott users  3198685 Jan 23 20:34 024.002.jpg
-rw-rw-r--  1 scott users  1574145 Jan 23 20:36 024.003.000.jpg
-rw-rw-r--  1 scott users  3265777 Jan 23 20:35 036.000.jpg
-rw-rw-r--  1 scott users  3305153 Jan 23 20:35 036.001.jpg
-rw-rw-r--  1 scott users   955904 Jan 23 20:36 036.002.000.jpg
-rw-rw-r--  1 scott users  2618838 Jan 23 20:36 072.000.jpg
-rw-rw-r--  1 scott users     2050 Jan 23 20:36 aspects.out
-rw-rw-r--  1 scott users      929 Jan 23 20:36 error
-rw-rw-r--  1 scott users        0 Jan 23 20:36 files.out
-rw-rw-r--  1 scott users       28 Jan 23 19:53 meta.ini
drwxr-xr-x  3 scott users     4096 Nov 16 07:43 orig
-rw-rw-r--  1 scott users    14038 Nov 16 07:43 out
drwxrwxr-x  2 scott users     4096 Jan 23 20:36 tmp
