total 121720
drwxr-xr-x 4 scott users    4096 Jan 17 00:38 .
drwxrwxr-x 9 scott users   12288 Jan 16 19:38 ..
-rw-rw-r-- 1 scott users 1015062 Jan 16 14:16 004.000.jpg
-rw-rw-r-- 1 scott users 1198538 Jan 16 14:16 004.001.jpg
-rw-rw-r-- 1 scott users 1239902 Jan 16 14:16 004.002.jpg
-rw-rw-r-- 1 scott users  827977 Jan 16 14:16 004.003.jpg
-rw-rw-r-- 1 scott users 1609143 Jan 16 14:16 004.004.jpg
-rw-rw-r-- 1 scott users 1471822 Jan 16 14:16 004.005.jpg
-rw-rw-r-- 1 scott users 1502593 Jan 16 14:16 004.006.jpg
-rw-rw-r-- 1 scott users 1436912 Jan 16 14:16 004.007.jpg
-rw-rw-r-- 1 scott users 1607761 Jan 16 14:16 004.008.jpg
-rw-rw-r-- 1 scott users 1870074 Jan 16 14:16 004.009.jpg
-rw-rw-r-- 1 scott users 1778022 Jan 16 14:16 004.010.jpg
-rw-rw-r-- 1 scott users 1014131 Jan 16 14:16 004.011.jpg
-rw-rw-r-- 1 scott users 1111262 Jan 16 14:16 004.012.jpg
-rw-rw-r-- 1 scott users  612997 Jan 16 14:16 004.013.jpg
-rw-rw-r-- 1 scott users  886886 Jan 16 14:16 004.014.jpg
-rw-rw-r-- 1 scott users 1237032 Jan 16 14:16 004.015.jpg
-rw-rw-r-- 1 scott users  985606 Jan 16 14:16 004.016.jpg
-rw-rw-r-- 1 scott users 1073685 Jan 16 14:16 004.017.jpg
-rw-rw-r-- 1 scott users 1625417 Jan 16 14:16 006.000.jpg
-rw-rw-r-- 1 scott users 1830414 Jan 16 14:16 006.001.jpg
-rw-rw-r-- 1 scott users 1601526 Jan 16 14:16 006.002.jpg
-rw-rw-r-- 1 scott users 2316750 Jan 16 14:16 006.003.jpg
-rw-rw-r-- 1 scott users 2246659 Jan 16 14:16 006.004.jpg
-rw-rw-r-- 1 scott users 2306421 Jan 16 14:16 006.005.jpg
-rw-rw-r-- 1 scott users 2805239 Jan 16 14:16 006.006.jpg
-rw-rw-r-- 1 scott users 1892735 Jan 16 14:16 006.007.jpg
-rw-rw-r-- 1 scott users 1432615 Jan 16 14:16 006.008.jpg
-rw-rw-r-- 1 scott users 1182167 Jan 16 14:16 006.009.jpg
-rw-rw-r-- 1 scott users 1790154 Jan 16 14:16 006.010.jpg
-rw-rw-r-- 1 scott users 1506380 Jan 16 14:16 006.011.jpg
-rw-rw-r-- 1 scott users 2212950 Jan 16 14:16 008.000.jpg
-rw-rw-r-- 1 scott users 2071867 Jan 16 14:17 008.001.jpg
-rw-rw-r-- 1 scott users 3083025 Jan 16 14:17 008.002.jpg
-rw-rw-r-- 1 scott users 2941656 Jan 16 14:17 008.003.jpg
-rw-rw-r-- 1 scott users 3479040 Jan 16 14:17 008.004.jpg
-rw-rw-r-- 1 scott users 2828767 Jan 16 14:17 008.005.jpg
-rw-rw-r-- 1 scott users 1728130 Jan 16 14:17 008.006.jpg
-rw-rw-r-- 1 scott users 2123074 Jan 16 14:17 008.007.jpg
-rw-rw-r-- 1 scott users 2064238 Jan 16 14:17 008.008.jpg
-rw-rw-r-- 1 scott users 2481279 Jan 16 14:17 009.000.jpg
-rw-rw-r-- 1 scott users 2580232 Jan 16 14:17 009.001.jpg
-rw-rw-r-- 1 scott users 3498301 Jan 16 14:17 009.002.jpg
-rw-rw-r-- 1 scott users 3375514 Jan 16 14:17 009.003.jpg
-rw-rw-r-- 1 scott users 3963933 Jan 16 14:17 009.004.jpg
-rw-rw-r-- 1 scott users 2162654 Jan 16 14:17 009.005.jpg
-rw-rw-r-- 1 scott users 1973370 Jan 16 14:17 009.006.jpg
-rw-rw-r-- 1 scott users 2509277 Jan 16 14:17 009.007.jpg
-rw-rw-r-- 1 scott users 1171806 Jan 16 14:18 012.000.jpg
-rw-rw-r-- 1 scott users 1284492 Jan 16 14:18 012.001.jpg
-rw-rw-r-- 1 scott users 1440171 Jan 16 14:18 012.002.jpg
-rw-rw-r-- 1 scott users 1495468 Jan 16 14:18 012.003.jpg
-rw-rw-r-- 1 scott users  894392 Jan 16 14:18 012.004.jpg
-rw-rw-r-- 1 scott users 1119019 Jan 16 14:18 012.005.jpg
-rw-rw-r-- 1 scott users 1457331 Jan 16 14:17 016.000.jpg
-rw-rw-r-- 1 scott users 1939453 Jan 16 14:17 016.001.jpg
-rw-rw-r-- 1 scott users 1992410 Jan 16 14:18 016.002.jpg
-rw-rw-r-- 1 scott users 1289498 Jan 16 14:18 016.003.jpg
-rw-rw-r-- 1 scott users 1048696 Jan 16 14:18 018.000.jpg
-rw-rw-r-- 1 scott users 1352544 Jan 16 14:18 018.001.jpg
-rw-rw-r-- 1 scott users 1217292 Jan 16 14:18 018.002.jpg
-rw-rw-r-- 1 scott users  935348 Jan 16 14:18 018.003.jpg
-rw-rw-r-- 1 scott users 2459543 Jan 16 14:17 024.000.jpg
-rw-rw-r-- 1 scott users 2934360 Jan 16 14:17 024.001.jpg
-rw-rw-r-- 1 scott users 2014174 Jan 16 14:17 024.002.jpg
-rw-rw-r-- 1 scott users 1152368 Jan 16 14:19 024.003.000.jpg
-rw-rw-r-- 1 scott users 2404355 Jan 16 14:19 036.000.jpg
-rw-rw-r-- 1 scott users 2156203 Jan 16 14:19 036.001.jpg
-rw-rw-r-- 1 scott users  729339 Jan 16 14:19 036.002.000.jpg
-rw-rw-r-- 1 scott users 1868165 Jan 17 00:38 072.000.jpg
-rw-rw-r-- 1 scott users    1870 Jan 17 00:38 aspects.out
-rwxrwxr-x 1 scott users    5864 Jan 16 17:43 describe.txt
-rw-rw-r-- 1 scott users     929 Jan 17 00:38 error
-rw-rw-r-- 1 scott users       0 Jan 17 00:38 files.out
-rw-rw-r-- 1 scott users      43 Nov 24 16:31 meta.ini
drwxr-xr-x 2 scott users    4096 Jan 16 12:21 orig
-rw-rw-r-- 1 scott users      22 Nov 13 16:50 title
drwxrwxr-x 2 scott users    4096 Jan 17 00:37 tmp
