total 27580
drwx--x--x  4 scott users    4096 Jan 17 19:25 .
drwx--x--x 20 scott users    4096 Jan 17 18:56 ..
-rw-rw-r--  1 scott users 1426589 Jan 17 19:24 003.000.jpg
-rw-rw-r--  1 scott users 1220777 Jan 17 19:24 003.001.jpg
-rw-rw-r--  1 scott users 1484327 Jan 17 19:24 003.002.jpg
-rw-rw-r--  1 scott users 1717127 Jan 17 19:24 003.003.jpg
-rw-rw-r--  1 scott users 1516564 Jan 17 19:24 003.004.jpg
-rw-rw-r--  1 scott users 1129272 Jan 17 19:24 003.005.jpg
-rw-rw-r--  1 scott users 2654871 Jan 17 19:25 006.000.jpg
-rw-rw-r--  1 scott users 3207640 Jan 17 19:25 006.001.jpg
-rw-rw-r--  1 scott users 2648402 Jan 17 19:25 006.002.jpg
-rw-rw-r--  1 scott users 4144516 Jan 17 19:25 009.000.jpg
-rw-rw-r--  1 scott users 4374814 Jan 17 19:25 009.001.jpg
-rw-rw-r--  1 scott users 2655358 Jan 17 19:25 018.000.jpg
-rw-rw-r--  1 scott users     320 Jan 17 19:25 aspects.out
-rw-rw-r--  1 scott users     929 Jan 17 19:25 error
-rw-rw-r--  1 scott users       0 Jan 17 19:25 files.out
-rw-rw-r--  1 scott users      35 Dec 26 22:28 meta.ini
drwxrwxr-x  3 scott users    4096 Jan 17 19:24 orig
drwxrwxr-x  2 scott users    4096 Jan 17 19:25 tmp
