072.000.jpg 20480 320 64
018.000.jpg 17280 1080 16
018.001.jpg 17280 1080 16
018.002.jpg 17280 1080 16
018.003.jpg 17280 1080 16
036.000.jpg 17280 540 32
036.001.jpg 17280 540 32
024.000.jpg 15360 720 21.3333
024.001.jpg 15360 720 21.3333
024.002.jpg 15360 720 21.3333
036.002.000.jpg 13440 1140 11.7895
012.000.jpg 11520 1080 10.6667
012.001.jpg 11520 1080 10.6667
012.002.jpg 11520 1080 10.6667
012.003.jpg 11520 1080 10.6667
012.004.jpg 11520 1080 10.6667
012.005.jpg 11520 1080 10.6667
009.000.jpg 8640 1080 8
009.001.jpg 8640 1080 8
009.002.jpg 8640 1080 8
009.003.jpg 8640 1080 8
009.004.jpg 8640 1080 8
009.005.jpg 8640 1080 8
009.006.jpg 8640 1080 8
009.007.jpg 8640 1080 8
008.000.jpg 7680 1080 7.11111
008.001.jpg 7680 1080 7.11111
008.002.jpg 7680 1080 7.11111
008.003.jpg 7680 1080 7.11111
008.004.jpg 7680 1080 7.11111
008.005.jpg 7680 1080 7.11111
008.006.jpg 7680 1080 7.11111
008.007.jpg 7680 1080 7.11111
008.008.jpg 7680 1080 7.11111
006.000.jpg 5760 1080 5.33333
006.001.jpg 5760 1080 5.33333
006.002.jpg 5760 1080 5.33333
006.003.jpg 5760 1080 5.33333
006.004.jpg 5760 1080 5.33333
006.005.jpg 5760 1080 5.33333
006.006.jpg 5760 1080 5.33333
006.007.jpg 5760 1080 5.33333
006.008.jpg 5760 1080 5.33333
006.009.jpg 5760 1080 5.33333
006.010.jpg 5760 1080 5.33333
006.011.jpg 5760 1080 5.33333
