total 119288
drwxrwxr-x  4 scott users    4096 Jan 23 10:19 .
drwxrwxr-x 13 scott users    4096 Jan 23 10:18 ..
-rw-rw-r--  1 scott users 1676166 Jan 23 10:18 006.000.jpg
-rw-rw-r--  1 scott users 1733609 Jan 23 10:18 006.001.jpg
-rw-rw-r--  1 scott users 2141317 Jan 23 10:18 006.002.jpg
-rw-rw-r--  1 scott users 2094834 Jan 23 10:18 006.003.jpg
-rw-rw-r--  1 scott users 1817735 Jan 23 10:18 006.004.jpg
-rw-rw-r--  1 scott users 1845408 Jan 23 10:18 006.005.jpg
-rw-rw-r--  1 scott users 1663740 Jan 23 10:18 006.006.jpg
-rw-rw-r--  1 scott users 1912854 Jan 23 10:18 006.007.jpg
-rw-rw-r--  1 scott users 1633670 Jan 23 10:18 006.008.jpg
-rw-rw-r--  1 scott users 1671489 Jan 23 10:18 006.009.jpg
-rw-rw-r--  1 scott users 1801513 Jan 23 10:18 006.010.jpg
-rw-rw-r--  1 scott users 1461741 Jan 23 10:18 006.011.jpg
-rw-rw-r--  1 scott users 2167586 Jan 23 10:18 008.000.jpg
-rw-rw-r--  1 scott users 2603686 Jan 23 10:18 008.001.jpg
-rw-rw-r--  1 scott users 2876726 Jan 23 10:18 008.002.jpg
-rw-rw-r--  1 scott users 2454639 Jan 23 10:18 008.003.jpg
-rw-rw-r--  1 scott users 2280274 Jan 23 10:18 008.004.jpg
-rw-rw-r--  1 scott users 2504881 Jan 23 10:18 008.005.jpg
-rw-rw-r--  1 scott users 2065205 Jan 23 10:18 008.006.jpg
-rw-rw-r--  1 scott users 2561110 Jan 23 10:18 008.007.jpg
-rw-rw-r--  1 scott users 1941672 Jan 23 10:18 008.008.jpg
-rw-rw-r--  1 scott users 2507967 Jan 23 10:18 009.000.jpg
-rw-rw-r--  1 scott users 3044238 Jan 23 10:18 009.001.jpg
-rw-rw-r--  1 scott users 3107593 Jan 23 10:18 009.002.jpg
-rw-rw-r--  1 scott users 2647755 Jan 23 10:18 009.003.jpg
-rw-rw-r--  1 scott users 2641590 Jan 23 10:18 009.004.jpg
-rw-rw-r--  1 scott users 2567345 Jan 23 10:18 009.005.jpg
-rw-rw-r--  1 scott users 2727174 Jan 23 10:18 009.006.jpg
-rw-rw-r--  1 scott users 2207039 Jan 23 10:18 009.007.jpg
-rw-rw-r--  1 scott users 3410347 Jan 23 10:18 012.000.jpg
-rw-rw-r--  1 scott users 4236678 Jan 23 10:18 012.001.jpg
-rw-rw-r--  1 scott users 3662178 Jan 23 10:19 012.002.jpg
-rw-rw-r--  1 scott users 3575540 Jan 23 10:19 012.003.jpg
-rw-rw-r--  1 scott users 3305099 Jan 23 10:19 012.004.jpg
-rw-rw-r--  1 scott users 3265420 Jan 23 10:19 012.005.jpg
-rw-rw-r--  1 scott users 5555295 Jan 23 10:19 018.000.jpg
-rw-rw-r--  1 scott users 5759120 Jan 23 10:19 018.001.jpg
-rw-rw-r--  1 scott users 5209109 Jan 23 10:19 018.002.jpg
-rw-rw-r--  1 scott users 4937677 Jan 23 10:19 018.003.jpg
-rw-rw-r--  1 scott users 2241649 Jan 23 10:19 024.000.jpg
-rw-rw-r--  1 scott users 2122265 Jan 23 10:19 024.001.jpg
-rw-rw-r--  1 scott users 1965995 Jan 23 10:19 024.002.jpg
-rw-rw-r--  1 scott users 2103680 Jan 23 10:19 036.000.jpg
-rw-rw-r--  1 scott users 1903975 Jan 23 10:19 036.001.jpg
-rw-rw-r--  1 scott users 2802073 Jan 23 10:19 036.002.000.jpg
-rw-rw-r--  1 scott users 1608480 Jan 23 10:19 072.000.jpg
-rw-rw-r--  1 scott users    1312 Jan 23 10:19 aspects.out
-rw-rw-r--  1 scott users     929 Jan 23 10:19 error
-rw-rw-r--  1 scott users       0 Jan 23 10:19 files.out
-rw-rw-r--  1 scott users      40 Nov 19 09:45 meta.ini
drwxr-xr-x  2 scott users    4096 Jan 22 21:15 orig
drwxrwxr-x  2 scott users    4096 Jan 23 10:19 tmp
