072.000.jpg 32004 320 100.013
036.000.jpg 27000 540 50
036.001.jpg 27000 540 50
024.000.jpg 24000 720 33.3333
024.001.jpg 24000 720 33.3333
024.002.jpg 24000 720 33.3333
016.000.jpg 16000 720 22.2222
016.001.jpg 16000 720 22.2222
016.002.jpg 16000 720 22.2222
016.003.jpg 16000 720 22.2222
009.000.jpg 13500 1080 12.5
009.001.jpg 13500 1080 12.5
009.002.jpg 13500 1080 12.5
009.003.jpg 13500 1080 12.5
009.004.jpg 13500 1080 12.5
009.005.jpg 13500 1080 12.5
009.006.jpg 13500 1080 12.5
009.007.jpg 13500 1080 12.5
018.000.jpg 13500 540 25
018.001.jpg 13500 540 25
018.002.jpg 13500 540 25
018.003.jpg 13500 540 25
008.000.jpg 12000 1080 11.1111
008.001.jpg 12000 1080 11.1111
008.002.jpg 12000 1080 11.1111
008.003.jpg 12000 1080 11.1111
008.004.jpg 12000 1080 11.1111
008.005.jpg 12000 1080 11.1111
008.006.jpg 12000 1080 11.1111
008.007.jpg 12000 1080 11.1111
008.008.jpg 12000 1080 11.1111
012.000.jpg 12000 720 16.6667
012.001.jpg 12000 720 16.6667
012.002.jpg 12000 720 16.6667
012.003.jpg 12000 720 16.6667
012.004.jpg 12000 720 16.6667
012.005.jpg 12000 720 16.6667
006.000.jpg 9000 1080 8.33333
006.001.jpg 9000 1080 8.33333
006.002.jpg 9000 1080 8.33333
006.003.jpg 9000 1080 8.33333
006.004.jpg 9000 1080 8.33333
006.005.jpg 9000 1080 8.33333
006.006.jpg 9000 1080 8.33333
006.007.jpg 9000 1080 8.33333
006.008.jpg 9000 1080 8.33333
006.009.jpg 9000 1080 8.33333
006.010.jpg 9000 1080 8.33333
006.011.jpg 9000 1080 8.33333
036.002.000.jpg 9000 360 25
024.003.000.jpg 8001 720 11.1125
004.000.jpg 6000 1080 5.55556
004.001.jpg 6000 1080 5.55556
004.002.jpg 6000 1080 5.55556
004.003.jpg 6000 1080 5.55556
004.004.jpg 6000 1080 5.55556
004.005.jpg 6000 1080 5.55556
004.006.jpg 6000 1080 5.55556
004.007.jpg 6000 1080 5.55556
004.008.jpg 6000 1080 5.55556
004.009.jpg 6000 1080 5.55556
004.010.jpg 6000 1080 5.55556
004.011.jpg 6000 1080 5.55556
004.012.jpg 6000 1080 5.55556
004.013.jpg 6000 1080 5.55556
004.014.jpg 6000 1080 5.55556
004.015.jpg 6000 1080 5.55556
004.016.jpg 6000 1080 5.55556
004.017.jpg 6000 1080 5.55556
