total 239032
drwxr-xr-x  4 scott users    4096 Jan 17 09:36 .
drwxrwxr-x 11 scott users    4096 Jan 17 08:58 ..
-rw-rw-r--  1 scott users 2859304 Jan 17 09:32 004.000.jpg
-rw-rw-r--  1 scott users 2873857 Jan 17 09:32 004.001.jpg
-rw-rw-r--  1 scott users 3741200 Jan 17 09:32 004.002.jpg
-rw-rw-r--  1 scott users 2965376 Jan 17 09:32 004.003.jpg
-rw-rw-r--  1 scott users 2851476 Jan 17 09:32 004.004.jpg
-rw-rw-r--  1 scott users 2371186 Jan 17 09:32 004.005.jpg
-rw-rw-r--  1 scott users 2502484 Jan 17 09:32 004.006.jpg
-rw-rw-r--  1 scott users 2023544 Jan 17 09:32 004.007.jpg
-rw-rw-r--  1 scott users 2224195 Jan 17 09:32 004.008.jpg
-rw-rw-r--  1 scott users 2252120 Jan 17 09:32 004.009.jpg
-rw-rw-r--  1 scott users 2405878 Jan 17 09:32 004.010.jpg
-rw-rw-r--  1 scott users 2992097 Jan 17 09:33 004.011.jpg
-rw-rw-r--  1 scott users 2961226 Jan 17 09:33 004.012.jpg
-rw-rw-r--  1 scott users 3265460 Jan 17 09:33 004.013.jpg
-rw-rw-r--  1 scott users 2375360 Jan 17 09:33 004.014.jpg
-rw-rw-r--  1 scott users 2786545 Jan 17 09:33 004.015.jpg
-rw-rw-r--  1 scott users 2301997 Jan 17 09:33 004.016.jpg
-rw-rw-r--  1 scott users 2510412 Jan 17 09:33 004.017.jpg
-rw-rw-r--  1 scott users 4307563 Jan 17 09:33 006.000.jpg
-rw-rw-r--  1 scott users 5175516 Jan 17 09:33 006.001.jpg
-rw-rw-r--  1 scott users 4727558 Jan 17 09:33 006.002.jpg
-rw-rw-r--  1 scott users 3465910 Jan 17 09:33 006.003.jpg
-rw-rw-r--  1 scott users 3362221 Jan 17 09:33 006.004.jpg
-rw-rw-r--  1 scott users 3390354 Jan 17 09:33 006.005.jpg
-rw-rw-r--  1 scott users 3589653 Jan 17 09:33 006.006.jpg
-rw-rw-r--  1 scott users 4063145 Jan 17 09:33 006.007.jpg
-rw-rw-r--  1 scott users 4886508 Jan 17 09:33 006.008.jpg
-rw-rw-r--  1 scott users 3713937 Jan 17 09:33 006.009.jpg
-rw-rw-r--  1 scott users 4002211 Jan 17 09:33 006.010.jpg
-rw-rw-r--  1 scott users 3602105 Jan 17 09:33 006.011.jpg
-rw-rw-r--  1 scott users 5738962 Jan 17 09:33 008.000.jpg
-rw-rw-r--  1 scott users 6714715 Jan 17 09:33 008.001.jpg
-rw-rw-r--  1 scott users 5233546 Jan 17 09:33 008.002.jpg
-rw-rw-r--  1 scott users 4528183 Jan 17 09:33 008.003.jpg
-rw-rw-r--  1 scott users 4483215 Jan 17 09:33 008.004.jpg
-rw-rw-r--  1 scott users 5399515 Jan 17 09:33 008.005.jpg
-rw-rw-r--  1 scott users 6226241 Jan 17 09:33 008.006.jpg
-rw-rw-r--  1 scott users 5163446 Jan 17 09:33 008.007.jpg
-rw-rw-r--  1 scott users 4816211 Jan 17 09:33 008.008.jpg
-rw-rw-r--  1 scott users 6554595 Jan 17 09:33 009.000.jpg
-rw-rw-r--  1 scott users 7547537 Jan 17 09:33 009.001.jpg
-rw-rw-r--  1 scott users 5202927 Jan 17 09:33 009.002.jpg
-rw-rw-r--  1 scott users 4896517 Jan 17 09:33 009.003.jpg
-rw-rw-r--  1 scott users 5328984 Jan 17 09:33 009.004.jpg
-rw-rw-r--  1 scott users 7153379 Jan 17 09:33 009.005.jpg
-rw-rw-r--  1 scott users 5631605 Jan 17 09:33 009.006.jpg
-rw-rw-r--  1 scott users 5500442 Jan 17 09:33 009.007.jpg
-rw-rw-r--  1 scott users 2214470 Jan 17 09:35 012.000.jpg
-rw-rw-r--  1 scott users 2027374 Jan 17 09:35 012.001.jpg
-rw-rw-r--  1 scott users 1678753 Jan 17 09:35 012.002.jpg
-rw-rw-r--  1 scott users 1884423 Jan 17 09:35 012.003.jpg
-rw-rw-r--  1 scott users 2159226 Jan 17 09:35 012.004.jpg
-rw-rw-r--  1 scott users 1779347 Jan 17 09:35 012.005.jpg
-rw-rw-r--  1 scott users 2981721 Jan 17 09:34 016.000.jpg
-rw-rw-r--  1 scott users 2408838 Jan 17 09:34 016.001.jpg
-rw-rw-r--  1 scott users 2417506 Jan 17 09:34 016.002.jpg
-rw-rw-r--  1 scott users 2795251 Jan 17 09:34 016.003.jpg
-rw-rw-r--  1 scott users 1861908 Jan 17 09:35 018.000.jpg
-rw-rw-r--  1 scott users 1444838 Jan 17 09:35 018.001.jpg
-rw-rw-r--  1 scott users 1792632 Jan 17 09:35 018.002.jpg
-rw-rw-r--  1 scott users 1566865 Jan 17 09:35 018.003.jpg
-rw-rw-r--  1 scott users 4242454 Jan 17 09:34 024.000.jpg
-rw-rw-r--  1 scott users 3565461 Jan 17 09:34 024.001.jpg
-rw-rw-r--  1 scott users 3940790 Jan 17 09:34 024.002.jpg
-rw-rw-r--  1 scott users 1345911 Jan 17 09:36 024.003.000.jpg
-rw-rw-r--  1 scott users 3314411 Jan 17 09:35 036.000.jpg
-rw-rw-r--  1 scott users 3367860 Jan 17 09:35 036.001.jpg
-rw-rw-r--  1 scott users  790819 Jan 17 09:35 036.002.000.jpg
-rw-rw-r--  1 scott users 2344554 Jan 17 09:36 072.000.jpg
-rw-rw-r--  1 scott users    2034 Jan 17 09:36 aspects.out
-rw-rw-r--  1 scott users     929 Jan 17 09:36 error
-rw-rw-r--  1 scott users       0 Jan 17 09:36 files.out
-rw-rw-r--  1 scott users      42 Nov 24 16:35 meta.ini
drwxr-xr-x  2 scott users    4096 Jan 17 08:55 orig
drwxrwxr-x  2 scott users    4096 Jan 17 09:36 tmp
