total 114988
drwx--x--x 4 scott users    4096 Jan 19 20:44 .
drwxrwx--x 9 scott users    4096 Jan 19 20:29 ..
-rw-rw-r-- 1 scott users 2997845 Jan 19 20:41 003.000.jpg
-rw-rw-r-- 1 scott users 3557938 Jan 19 20:41 003.001.jpg
-rw-rw-r-- 1 scott users 3702646 Jan 19 20:41 003.002.jpg
-rw-rw-r-- 1 scott users 2881927 Jan 19 20:41 003.003.jpg
-rw-rw-r-- 1 scott users 3552713 Jan 19 20:41 003.004.jpg
-rw-rw-r-- 1 scott users 2564255 Jan 19 20:41 003.005.jpg
-rw-rw-r-- 1 scott users 3456000 Jan 19 20:41 003.006.jpg
-rw-rw-r-- 1 scott users 4353839 Jan 19 20:41 003.007.jpg
-rw-rw-r-- 1 scott users 4230045 Jan 19 20:41 004.000.jpg
-rw-rw-r-- 1 scott users 5060430 Jan 19 20:42 004.001.jpg
-rw-rw-r-- 1 scott users 3861222 Jan 19 20:42 004.002.jpg
-rw-rw-r-- 1 scott users 4483762 Jan 19 20:42 004.003.jpg
-rw-rw-r-- 1 scott users 3780295 Jan 19 20:42 004.004.jpg
-rw-rw-r-- 1 scott users 5665348 Jan 19 20:42 004.005.jpg
-rw-rw-r-- 1 scott users 6570989 Jan 19 20:42 006.000.jpg
-rw-rw-r-- 1 scott users 6597817 Jan 19 20:42 006.001.jpg
-rw-rw-r-- 1 scott users 6120981 Jan 19 20:42 006.002.jpg
-rw-rw-r-- 1 scott users 7820458 Jan 19 20:42 006.003.jpg
-rw-rw-r-- 1 scott users 9314807 Jan 19 20:42 008.000.jpg
-rw-rw-r-- 1 scott users 8347268 Jan 19 20:42 008.001.jpg
-rw-rw-r-- 1 scott users 9470936 Jan 19 20:42 008.002.jpg
-rw-rw-r-- 1 scott users 1668640 Jan 19 20:44 012.000.jpg
-rw-rw-r-- 1 scott users 1773164 Jan 19 20:44 012.001.jpg
-rw-rw-r-- 1 scott users 2396391 Jan 19 20:43 012.002.jpg
-rw-rw-r-- 1 scott users 3441536 Jan 19 20:43 024.000.jpg
-rw-rw-r-- 1 scott users     671 Jan 19 20:44 aspects.out
-rw-rw-r-- 1 scott users     929 Jan 19 20:44 error
-rw-rw-r-- 1 scott users       0 Jan 19 20:44 files.out
-rw-rw-r-- 1 scott users      38 Nov 27 16:05 meta.ini
drwxrwxr-x 2 scott users    4096 Jan 19 20:18 orig
drwxrwxr-x 2 scott users    4096 Jan 19 20:43 tmp
