total 110324
drwxr-xr-x 4 scott users   12288 Jan 17 00:25 .
drwxrwxr-x 9 scott users    4096 Jan 16 21:58 ..
-rw-rw-r-- 1 scott users 1070025 Jan 16 23:18 004.000.jpg
-rw-rw-r-- 1 scott users 1027130 Jan 16 23:18 004.001.jpg
-rw-rw-r-- 1 scott users 1247107 Jan 16 23:18 004.002.jpg
-rw-rw-r-- 1 scott users 1069597 Jan 16 23:18 004.003.jpg
-rw-rw-r-- 1 scott users 1082881 Jan 16 23:18 004.004.jpg
-rw-rw-r-- 1 scott users 1210309 Jan 16 23:18 004.005.jpg
-rw-rw-r-- 1 scott users 1111503 Jan 16 23:18 004.006.jpg
-rw-rw-r-- 1 scott users 1298354 Jan 16 23:18 004.007.jpg
-rw-rw-r-- 1 scott users 1434091 Jan 16 23:18 004.008.jpg
-rw-rw-r-- 1 scott users 1280840 Jan 16 23:18 004.009.jpg
-rw-rw-r-- 1 scott users 1188231 Jan 16 23:18 004.010.jpg
-rw-rw-r-- 1 scott users 1061921 Jan 16 23:18 004.011.jpg
-rw-rw-r-- 1 scott users 1178468 Jan 16 23:18 004.012.jpg
-rw-rw-r-- 1 scott users 1222278 Jan 16 23:18 004.013.jpg
-rw-rw-r-- 1 scott users 1226303 Jan 16 23:18 004.014.jpg
-rw-rw-r-- 1 scott users 1171031 Jan 16 23:18 004.015.jpg
-rw-rw-r-- 1 scott users 1256298 Jan 16 23:18 004.016.jpg
-rw-rw-r-- 1 scott users 1174765 Jan 16 23:18 004.017.jpg
-rw-rw-r-- 1 scott users 1590328 Jan 16 23:18 006.000.jpg
-rw-rw-r-- 1 scott users 1754741 Jan 16 23:18 006.001.jpg
-rw-rw-r-- 1 scott users 1583005 Jan 16 23:18 006.002.jpg
-rw-rw-r-- 1 scott users 1782282 Jan 16 23:18 006.003.jpg
-rw-rw-r-- 1 scott users 1763050 Jan 16 23:18 006.004.jpg
-rw-rw-r-- 1 scott users 2083946 Jan 16 23:18 006.005.jpg
-rw-rw-r-- 1 scott users 1913376 Jan 16 23:18 006.006.jpg
-rw-rw-r-- 1 scott users 1616835 Jan 16 23:18 006.007.jpg
-rw-rw-r-- 1 scott users 1866116 Jan 16 23:18 006.008.jpg
-rw-rw-r-- 1 scott users 1761239 Jan 16 23:18 006.009.jpg
-rw-rw-r-- 1 scott users 1721529 Jan 16 23:19 006.010.jpg
-rw-rw-r-- 1 scott users 1879933 Jan 16 23:19 006.011.jpg
-rw-rw-r-- 1 scott users 2096111 Jan 16 23:19 008.000.jpg
-rw-rw-r-- 1 scott users 2321710 Jan 16 23:19 008.001.jpg
-rw-rw-r-- 1 scott users 2295372 Jan 16 23:19 008.002.jpg
-rw-rw-r-- 1 scott users 2410766 Jan 16 23:19 008.003.jpg
-rw-rw-r-- 1 scott users 2715598 Jan 16 23:19 008.004.jpg
-rw-rw-r-- 1 scott users 2250530 Jan 16 23:19 008.005.jpg
-rw-rw-r-- 1 scott users 2399874 Jan 16 23:19 008.006.jpg
-rw-rw-r-- 1 scott users 2401145 Jan 16 23:19 008.007.jpg
-rw-rw-r-- 1 scott users 2431748 Jan 16 23:19 008.008.jpg
-rw-rw-r-- 1 scott users 2353846 Jan 16 23:19 009.000.jpg
-rw-rw-r-- 1 scott users 2577616 Jan 16 23:19 009.001.jpg
-rw-rw-r-- 1 scott users 2673260 Jan 16 23:19 009.002.jpg
-rw-rw-r-- 1 scott users 2957895 Jan 16 23:19 009.003.jpg
-rw-rw-r-- 1 scott users 2737210 Jan 16 23:19 009.004.jpg
-rw-rw-r-- 1 scott users 2658700 Jan 16 23:19 009.005.jpg
-rw-rw-r-- 1 scott users 2706150 Jan 16 23:19 009.006.jpg
-rw-rw-r-- 1 scott users 2658558 Jan 16 23:19 009.007.jpg
-rw-rw-r-- 1 scott users  960256 Jan 16 23:20 012.000.jpg
-rw-rw-r-- 1 scott users  964905 Jan 16 23:20 012.001.jpg
-rw-rw-r-- 1 scott users 1113679 Jan 16 23:20 012.002.jpg
-rw-rw-r-- 1 scott users 1029189 Jan 16 23:20 012.003.jpg
-rw-rw-r-- 1 scott users 1046467 Jan 16 23:20 012.004.jpg
-rw-rw-r-- 1 scott users 1037652 Jan 16 23:20 012.005.jpg
-rw-rw-r-- 1 scott users 1270737 Jan 16 23:19 016.000.jpg
-rw-rw-r-- 1 scott users 1364823 Jan 16 23:20 016.001.jpg
-rw-rw-r-- 1 scott users 1432380 Jan 16 23:20 016.002.jpg
-rw-rw-r-- 1 scott users 1388567 Jan 16 23:20 016.003.jpg
-rw-rw-r-- 1 scott users  804037 Jan 16 23:20 018.000.jpg
-rw-rw-r-- 1 scott users  938106 Jan 16 23:20 018.001.jpg
-rw-rw-r-- 1 scott users  912001 Jan 16 23:20 018.002.jpg
-rw-rw-r-- 1 scott users  896611 Jan 16 23:20 018.003.jpg
-rw-rw-r-- 1 scott users 1925052 Jan 16 23:19 024.000.jpg
-rw-rw-r-- 1 scott users 2143022 Jan 16 23:19 024.001.jpg
-rw-rw-r-- 1 scott users 2083441 Jan 16 23:19 024.002.jpg
-rw-rw-r-- 1 scott users  808036 Jan 16 23:21 024.003.000.jpg
-rw-rw-r-- 1 scott users 1743962 Jan 16 23:20 036.000.jpg
-rw-rw-r-- 1 scott users 1810362 Jan 16 23:20 036.001.jpg
-rw-rw-r-- 1 scott users  490927 Jan 16 23:20 036.002.000.jpg
-rw-rw-r-- 1 scott users 1351491 Jan 17 00:25 072.000.jpg
-rw-rw-r-- 1 scott users    2002 Jan 17 00:25 aspects.out
-rw-rw-r-- 1 scott users    5865 Jan 16 23:21 describe.txt
-rw-rw-r-- 1 scott users     929 Jan 17 00:25 error
-rw-rw-r-- 1 scott users       0 Jan 17 00:25 files.out
-rw-rw-r-- 1 scott users      43 Dec 12 19:28 meta.ini
drwxr-xr-x 2 scott users    4096 Jan 16 23:16 orig
drwxrwxr-x 2 scott users    4096 Jan 17 00:25 tmp
