036.000.jpg 46080 540 85.3333
009.000.jpg 23040 1080 21.3333
009.001.jpg 23040 1080 21.3333
009.002.jpg 23040 1080 21.3333
009.003.jpg 23040 1080 21.3333
018.000.jpg 23040 540 42.6667
018.001.jpg 23040 540 42.6667
012.000.jpg 20480 720 28.4444
012.001.jpg 20480 720 28.4444
012.002.jpg 20480 720 28.4444
006.000.jpg 15360 1080 14.2222
006.001.jpg 15360 1080 14.2222
006.002.jpg 15360 1080 14.2222
006.003.jpg 15360 1080 14.2222
006.004.jpg 15360 1080 14.2222
006.005.jpg 15360 1080 14.2222
004.000.jpg 10240 1080 9.48148
004.001.jpg 10240 1080 9.48148
004.002.jpg 10240 1080 9.48148
004.003.jpg 10240 1080 9.48148
004.004.jpg 10240 1080 9.48148
004.005.jpg 10240 1080 9.48148
004.006.jpg 10240 1080 9.48148
004.007.jpg 10240 1080 9.48148
004.008.jpg 10240 1080 9.48148
018.002.000.jpg 8960 420 21.3333
