total 83760
drwxr-xr-x 4 scott users    4096 Jan 22 17:34 .
drwxrwxr-x 8 scott users    4096 Jan 22 16:50 ..
-rw-rw-r-- 1 scott users 1829885 Jan 22 17:32 004.000.jpg
-rw-rw-r-- 1 scott users 2247524 Jan 22 17:32 004.001.jpg
-rw-rw-r-- 1 scott users 2208045 Jan 22 17:32 004.002.jpg
-rw-rw-r-- 1 scott users 2362422 Jan 22 17:32 004.003.jpg
-rw-rw-r-- 1 scott users 2855570 Jan 22 17:32 004.004.jpg
-rw-rw-r-- 1 scott users 2987181 Jan 22 17:32 004.005.jpg
-rw-rw-r-- 1 scott users 3578287 Jan 22 17:32 004.006.jpg
-rw-rw-r-- 1 scott users 2841745 Jan 22 17:32 004.007.jpg
-rw-rw-r-- 1 scott users 2250742 Jan 22 17:32 004.008.jpg
-rw-rw-r-- 1 scott users 2767460 Jan 22 17:32 006.000.jpg
-rw-rw-r-- 1 scott users 3513140 Jan 22 17:32 006.001.jpg
-rw-rw-r-- 1 scott users 3643654 Jan 22 17:32 006.002.jpg
-rw-rw-r-- 1 scott users 4561611 Jan 22 17:32 006.003.jpg
-rw-rw-r-- 1 scott users 4711355 Jan 22 17:32 006.004.jpg
-rw-rw-r-- 1 scott users 3999347 Jan 22 17:33 006.005.jpg
-rw-rw-r-- 1 scott users 4738347 Jan 22 17:33 009.000.jpg
-rw-rw-r-- 1 scott users 5211118 Jan 22 17:33 009.001.jpg
-rw-rw-r-- 1 scott users 7531118 Jan 22 17:33 009.002.jpg
-rw-rw-r-- 1 scott users 5751756 Jan 22 17:33 009.003.jpg
-rw-rw-r-- 1 scott users 1896514 Jan 22 17:33 012.000.jpg
-rw-rw-r-- 1 scott users 2434766 Jan 22 17:33 012.001.jpg
-rw-rw-r-- 1 scott users 2570273 Jan 22 17:33 012.002.jpg
-rw-rw-r-- 1 scott users 1767113 Jan 22 17:34 018.000.jpg
-rw-rw-r-- 1 scott users 2442440 Jan 22 17:34 018.001.jpg
-rw-rw-r-- 1 scott users  760582 Jan 22 17:34 018.002.000.jpg
-rw-rw-r-- 1 scott users 4208290 Jan 22 17:34 036.000.jpg
-rw-rw-r-- 1 scott users     802 Jan 22 17:34 aspects.out
-rw-rw-r-- 1 scott users     929 Jan 22 17:34 error
-rw-rw-r-- 1 scott users       0 Jan 22 17:34 files.out
-rw-rw-r-- 1 scott users      39 Jan 22 16:45 meta.ini
drwxr-xr-x 2 scott users    4096 Jan 22 17:32 orig
-rw-rw-r-- 1 scott users   14091 Jan 22 16:45 out
drwxrwxr-x 2 scott users    4096 Jan 22 17:33 tmp
