072.000.jpg 32004 320 100.013
036.000.jpg 27000 540 50
036.001.jpg 27000 540 50
024.000.jpg 24000 720 33.3333
024.001.jpg 24000 720 33.3333
024.002.jpg 24000 720 33.3333
009.000.jpg 13500 1080 12.5
009.001.jpg 13500 1080 12.5
009.002.jpg 13500 1080 12.5
009.003.jpg 13500 1080 12.5
009.004.jpg 13500 1080 12.5
009.005.jpg 13500 1080 12.5
009.006.jpg 13500 1080 12.5
009.007.jpg 13500 1080 12.5
008.000.jpg 12000 1080 11.1111
008.001.jpg 12000 1080 11.1111
008.002.jpg 12000 1080 11.1111
008.003.jpg 12000 1080 11.1111
008.004.jpg 12000 1080 11.1111
008.005.jpg 12000 1080 11.1111
008.006.jpg 12000 1080 11.1111
008.007.jpg 12000 1080 11.1111
008.008.jpg 12000 1080 11.1111
012.000.jpg 12000 720 16.6667
012.001.jpg 12000 720 16.6667
012.002.jpg 12000 720 16.6667
012.003.jpg 12000 720 16.6667
012.004.jpg 12000 720 16.6667
012.005.jpg 12000 720 16.6667
006.000.jpg 9000 1080 8.33333
006.001.jpg 9000 1080 8.33333
006.002.jpg 9000 1080 8.33333
006.003.jpg 9000 1080 8.33333
006.004.jpg 9000 1080 8.33333
006.005.jpg 9000 1080 8.33333
006.006.jpg 9000 1080 8.33333
006.007.jpg 9000 1080 8.33333
006.008.jpg 9000 1080 8.33333
006.009.jpg 9000 1080 8.33333
006.010.jpg 9000 1080 8.33333
006.011.jpg 9000 1080 8.33333
420.240.gif[10] 333 240 1.3875
420.240.gif[11] 333 240 1.3875
420.240.gif[12] 333 240 1.3875
420.240.gif[13] 333 240 1.3875
420.240.gif[14] 333 240 1.3875
420.240.gif[15] 333 240 1.3875
420.240.gif[16] 333 240 1.3875
420.240.gif[17] 333 240 1.3875
420.240.gif[18] 333 240 1.3875
420.240.gif[19] 333 240 1.3875
420.240.gif[20] 333 240 1.3875
420.240.gif[21] 333 240 1.3875
420.240.gif[22] 333 240 1.3875
420.240.gif[23] 333 240 1.3875
420.240.gif[24] 333 240 1.3875
420.240.gif[25] 333 240 1.3875
420.240.gif[26] 333 240 1.3875
420.240.gif[27] 333 240 1.3875
420.240.gif[28] 333 240 1.3875
420.240.gif[29] 333 240 1.3875
420.240.gif[30] 333 240 1.3875
420.240.gif[31] 333 240 1.3875
420.240.gif[32] 333 240 1.3875
420.240.gif 333 240 1.3875
420.240.gif 333 240 1.3875
420.240.gif 333 240 1.3875
420.240.gif 333 240 1.3875
420.240.gif 333 240 1.3875
420.240.gif 333 240 1.3875
420.240.gif 333 240 1.3875
420.240.gif 333 240 1.3875
420.240.gif 333 240 1.3875
420.240.gif 333 240 1.3875
420.240.gif[33] 333 240 1.3875
420.240.gif[34] 333 240 1.3875
420.240.gif[35] 333 240 1.3875
240.240.gif[10] 240 240 1
240.240.gif[11] 240 240 1
240.240.gif[12] 240 240 1
240.240.gif[13] 240 240 1
240.240.gif[14] 240 240 1
240.240.gif[15] 240 240 1
240.240.gif[16] 240 240 1
240.240.gif[17] 240 240 1
240.240.gif[18] 240 240 1
240.240.gif[19] 240 240 1
240.240.gif[20] 240 240 1
240.240.gif[21] 240 240 1
240.240.gif[22] 240 240 1
240.240.gif[23] 240 240 1
240.240.gif 240 240 1
240.240.gif 240 240 1
240.240.gif 240 240 1
240.240.gif 240 240 1
240.240.gif 240 240 1
240.240.gif 240 240 1
240.240.gif 240 240 1
240.240.gif 240 240 1
240.240.gif 240 240 1
240.240.gif 240 240 1
240.240.gif[24] 240 240 1
240.240.gif[25] 240 240 1
240.240.gif[26] 240 240 1
240.240.gif[27] 240 240 1
240.240.gif[28] 240 240 1
240.240.gif[29] 240 240 1
240.240.gif[30] 240 240 1
240.240.gif[31] 240 240 1
240.240.gif[32] 240 240 1
240.240.gif[33] 240 240 1
240.240.gif[34] 240 240 1
240.240.gif[35] 240 240 1
