total 211256
drwxr-xr-x  4 scott users    4096 Jan 17 09:40 .
drwxrwxr-x 11 scott users    4096 Jan 17 08:58 ..
-rw-rw-r--  1 scott users 2650122 Jan 17 09:36 004.000.jpg
-rw-rw-r--  1 scott users 2556347 Jan 17 09:36 004.001.jpg
-rw-rw-r--  1 scott users 2051628 Jan 17 09:36 004.002.jpg
-rw-rw-r--  1 scott users 2371451 Jan 17 09:36 004.003.jpg
-rw-rw-r--  1 scott users 2575644 Jan 17 09:36 004.004.jpg
-rw-rw-r--  1 scott users 2125219 Jan 17 09:36 004.005.jpg
-rw-rw-r--  1 scott users 2320886 Jan 17 09:36 004.006.jpg
-rw-rw-r--  1 scott users 3012893 Jan 17 09:36 004.007.jpg
-rw-rw-r--  1 scott users 1805021 Jan 17 09:36 004.008.jpg
-rw-rw-r--  1 scott users 2157810 Jan 17 09:36 004.009.jpg
-rw-rw-r--  1 scott users 1925197 Jan 17 09:36 004.010.jpg
-rw-rw-r--  1 scott users 2492428 Jan 17 09:36 004.011.jpg
-rw-rw-r--  1 scott users 2483642 Jan 17 09:36 004.012.jpg
-rw-rw-r--  1 scott users 2746701 Jan 17 09:36 004.013.jpg
-rw-rw-r--  1 scott users 2063154 Jan 17 09:36 004.014.jpg
-rw-rw-r--  1 scott users 2247188 Jan 17 09:36 004.015.jpg
-rw-rw-r--  1 scott users 2587366 Jan 17 09:36 004.016.jpg
-rw-rw-r--  1 scott users 2454148 Jan 17 09:36 004.017.jpg
-rw-rw-r--  1 scott users 3900854 Jan 17 09:36 006.000.jpg
-rw-rw-r--  1 scott users 3360108 Jan 17 09:37 006.001.jpg
-rw-rw-r--  1 scott users 3603516 Jan 17 09:37 006.002.jpg
-rw-rw-r--  1 scott users 3470620 Jan 17 09:37 006.003.jpg
-rw-rw-r--  1 scott users 4312939 Jan 17 09:37 006.004.jpg
-rw-rw-r--  1 scott users 2832913 Jan 17 09:37 006.005.jpg
-rw-rw-r--  1 scott users 3034910 Jan 17 09:37 006.006.jpg
-rw-rw-r--  1 scott users 3538596 Jan 17 09:37 006.007.jpg
-rw-rw-r--  1 scott users 3653419 Jan 17 09:37 006.008.jpg
-rw-rw-r--  1 scott users 3649687 Jan 17 09:37 006.009.jpg
-rw-rw-r--  1 scott users 3718210 Jan 17 09:37 006.010.jpg
-rw-rw-r--  1 scott users 3572455 Jan 17 09:37 006.011.jpg
-rw-rw-r--  1 scott users 5209372 Jan 17 09:37 008.000.jpg
-rw-rw-r--  1 scott users 4425258 Jan 17 09:37 008.001.jpg
-rw-rw-r--  1 scott users 4702111 Jan 17 09:37 008.002.jpg
-rw-rw-r--  1 scott users 5350377 Jan 17 09:37 008.003.jpg
-rw-rw-r--  1 scott users 3966360 Jan 17 09:37 008.004.jpg
-rw-rw-r--  1 scott users 4421745 Jan 17 09:37 008.005.jpg
-rw-rw-r--  1 scott users 5233291 Jan 17 09:37 008.006.jpg
-rw-rw-r--  1 scott users 4313956 Jan 17 09:37 008.007.jpg
-rw-rw-r--  1 scott users 5046995 Jan 17 09:37 008.008.jpg
-rw-rw-r--  1 scott users 5641540 Jan 17 09:37 009.000.jpg
-rw-rw-r--  1 scott users 5019784 Jan 17 09:37 009.001.jpg
-rw-rw-r--  1 scott users 4992766 Jan 17 09:37 009.002.jpg
-rw-rw-r--  1 scott users 5550508 Jan 17 09:37 009.003.jpg
-rw-rw-r--  1 scott users 4649119 Jan 17 09:37 009.004.jpg
-rw-rw-r--  1 scott users 5433079 Jan 17 09:37 009.005.jpg
-rw-rw-r--  1 scott users 5234715 Jan 17 09:37 009.006.jpg
-rw-rw-r--  1 scott users 5565315 Jan 17 09:37 009.007.jpg
-rw-rw-r--  1 scott users 1785194 Jan 17 09:38 012.000.jpg
-rw-rw-r--  1 scott users 1667133 Jan 17 09:38 012.001.jpg
-rw-rw-r--  1 scott users 1669416 Jan 17 09:38 012.002.jpg
-rw-rw-r--  1 scott users 1607950 Jan 17 09:38 012.003.jpg
-rw-rw-r--  1 scott users 1822292 Jan 17 09:39 012.004.jpg
-rw-rw-r--  1 scott users 1831566 Jan 17 09:39 012.005.jpg
-rw-rw-r--  1 scott users 2329973 Jan 17 09:38 016.000.jpg
-rw-rw-r--  1 scott users 2365723 Jan 17 09:38 016.001.jpg
-rw-rw-r--  1 scott users 2028778 Jan 17 09:38 016.002.jpg
-rw-rw-r--  1 scott users 2403317 Jan 17 09:38 016.003.jpg
-rw-rw-r--  1 scott users 1501917 Jan 17 09:39 018.000.jpg
-rw-rw-r--  1 scott users 1456021 Jan 17 09:39 018.001.jpg
-rw-rw-r--  1 scott users 1455082 Jan 17 09:39 018.002.jpg
-rw-rw-r--  1 scott users 1599624 Jan 17 09:39 018.003.jpg
-rw-rw-r--  1 scott users 3452604 Jan 17 09:38 024.000.jpg
-rw-rw-r--  1 scott users 3276202 Jan 17 09:38 024.001.jpg
-rw-rw-r--  1 scott users 3652670 Jan 17 09:38 024.002.jpg
-rw-rw-r--  1 scott users 1269893 Jan 17 09:39 024.003.000.jpg
-rw-rw-r--  1 scott users 2965374 Jan 17 09:39 036.000.jpg
-rw-rw-r--  1 scott users 3058710 Jan 17 09:39 036.001.jpg
-rw-rw-r--  1 scott users  756195 Jan 17 09:39 036.002.000.jpg
-rw-rw-r--  1 scott users 2182150 Jan 17 09:40 072.000.jpg
-rw-rw-r--  1 scott users    2034 Jan 17 09:40 aspects.out
-rw-rw-r--  1 scott users     929 Jan 17 09:40 error
-rw-rw-r--  1 scott users       0 Jan 17 09:40 files.out
-rw-rw-r--  1 scott users      41 Nov 24 16:35 meta.ini
drwxr-xr-x  2 scott users    4096 Jan 17 08:55 orig
drwxrwxr-x  2 scott users    4096 Jan 17 09:39 tmp
