total 198424
drwxr-xr-x 4 scott users    4096 Jan 17 00:34 .
drwxrwxr-x 9 scott users    4096 Jan 16 19:38 ..
-rw-rw-r-- 1 scott users 1538284 Jan 16 11:25 004.000.jpg
-rw-rw-r-- 1 scott users 1580846 Jan 16 11:25 004.001.jpg
-rw-rw-r-- 1 scott users 2063841 Jan 16 11:25 004.002.jpg
-rw-rw-r-- 1 scott users 1745863 Jan 16 11:25 004.003.jpg
-rw-rw-r-- 1 scott users 1890002 Jan 16 11:25 004.004.jpg
-rw-rw-r-- 1 scott users 1573292 Jan 16 11:25 004.005.jpg
-rw-rw-r-- 1 scott users 1690743 Jan 16 11:25 004.006.jpg
-rw-rw-r-- 1 scott users 2249228 Jan 16 11:25 004.007.jpg
-rw-rw-r-- 1 scott users 2084598 Jan 16 11:25 004.008.jpg
-rw-rw-r-- 1 scott users 1520573 Jan 16 11:25 004.009.jpg
-rw-rw-r-- 1 scott users 2219135 Jan 16 11:25 004.010.jpg
-rw-rw-r-- 1 scott users 2768546 Jan 16 11:25 004.011.jpg
-rw-rw-r-- 1 scott users 1965488 Jan 16 11:25 004.012.jpg
-rw-rw-r-- 1 scott users 1887372 Jan 16 11:25 004.013.jpg
-rw-rw-r-- 1 scott users 2878192 Jan 16 11:25 004.014.jpg
-rw-rw-r-- 1 scott users 3487918 Jan 16 11:25 004.015.jpg
-rw-rw-r-- 1 scott users 3122461 Jan 16 11:25 004.016.jpg
-rw-rw-r-- 1 scott users 2395170 Jan 16 11:25 004.017.jpg
-rw-rw-r-- 1 scott users 2501525 Jan 16 11:25 006.000.jpg
-rw-rw-r-- 1 scott users 2684514 Jan 16 11:25 006.001.jpg
-rw-rw-r-- 1 scott users 2550586 Jan 16 11:25 006.002.jpg
-rw-rw-r-- 1 scott users 2664903 Jan 16 11:25 006.003.jpg
-rw-rw-r-- 1 scott users 2829640 Jan 16 11:25 006.004.jpg
-rw-rw-r-- 1 scott users 3309480 Jan 16 11:25 006.005.jpg
-rw-rw-r-- 1 scott users 2636354 Jan 16 11:25 006.006.jpg
-rw-rw-r-- 1 scott users 3957985 Jan 16 11:25 006.007.jpg
-rw-rw-r-- 1 scott users 2747354 Jan 16 11:25 006.008.jpg
-rw-rw-r-- 1 scott users 3992095 Jan 16 11:25 006.009.jpg
-rw-rw-r-- 1 scott users 4839354 Jan 16 11:25 006.010.jpg
-rw-rw-r-- 1 scott users 4175243 Jan 16 11:25 006.011.jpg
-rw-rw-r-- 1 scott users 3120735 Jan 16 11:25 008.000.jpg
-rw-rw-r-- 1 scott users 3814983 Jan 16 11:25 008.001.jpg
-rw-rw-r-- 1 scott users 3467959 Jan 16 11:25 008.002.jpg
-rw-rw-r-- 1 scott users 4008814 Jan 16 11:26 008.003.jpg
-rw-rw-r-- 1 scott users 3622750 Jan 16 11:26 008.004.jpg
-rw-rw-r-- 1 scott users 5002685 Jan 16 11:26 008.005.jpg
-rw-rw-r-- 1 scott users 3855392 Jan 16 11:26 008.006.jpg
-rw-rw-r-- 1 scott users 6369846 Jan 16 11:26 008.007.jpg
-rw-rw-r-- 1 scott users 5521506 Jan 16 11:26 008.008.jpg
-rw-rw-r-- 1 scott users 3655961 Jan 16 11:26 009.000.jpg
-rw-rw-r-- 1 scott users 4087745 Jan 16 11:26 009.001.jpg
-rw-rw-r-- 1 scott users 3939188 Jan 16 11:26 009.002.jpg
-rw-rw-r-- 1 scott users 4837309 Jan 16 11:26 009.003.jpg
-rw-rw-r-- 1 scott users 4733970 Jan 16 11:26 009.004.jpg
-rw-rw-r-- 1 scott users 4664062 Jan 16 11:26 009.005.jpg
-rw-rw-r-- 1 scott users 6703680 Jan 16 11:26 009.006.jpg
-rw-rw-r-- 1 scott users 6306539 Jan 16 11:26 009.007.jpg
-rw-rw-r-- 1 scott users 1904045 Jan 16 11:27 012.000.jpg
-rw-rw-r-- 1 scott users 1681469 Jan 16 11:27 012.001.jpg
-rw-rw-r-- 1 scott users 1710734 Jan 16 11:27 012.002.jpg
-rw-rw-r-- 1 scott users 1615770 Jan 16 11:27 012.003.jpg
-rw-rw-r-- 1 scott users 1574741 Jan 16 11:27 012.004.jpg
-rw-rw-r-- 1 scott users 1893653 Jan 16 11:27 012.005.jpg
-rw-rw-r-- 1 scott users 2486100 Jan 16 11:27 016.000.jpg
-rw-rw-r-- 1 scott users 2191723 Jan 16 11:27 016.001.jpg
-rw-rw-r-- 1 scott users 2235044 Jan 16 11:27 016.002.jpg
-rw-rw-r-- 1 scott users 2344182 Jan 16 11:27 016.003.jpg
-rw-rw-r-- 1 scott users 1705385 Jan 16 11:27 018.000.jpg
-rw-rw-r-- 1 scott users 1527780 Jan 16 11:27 018.001.jpg
-rw-rw-r-- 1 scott users 1446632 Jan 16 11:27 018.002.jpg
-rw-rw-r-- 1 scott users 1669512 Jan 16 11:27 018.003.jpg
-rw-rw-r-- 1 scott users 3588441 Jan 16 11:26 024.000.jpg
-rw-rw-r-- 1 scott users 3326660 Jan 16 11:27 024.001.jpg
-rw-rw-r-- 1 scott users 3467482 Jan 16 11:27 024.002.jpg
-rw-rw-r-- 1 scott users 1544839 Jan 16 11:28 024.003.000.jpg
-rw-rw-r-- 1 scott users 3233669 Jan 16 11:28 036.000.jpg
-rw-rw-r-- 1 scott users 3115813 Jan 16 11:28 036.001.jpg
-rw-rw-r-- 1 scott users  933821 Jan 16 11:28 036.002.000.jpg
-rw-rw-r-- 1 scott users 2564506 Jan 17 00:34 072.000.jpg
-rw-rw-r-- 1 scott users    2032 Jan 17 00:34 aspects.out
-rwxrwxr-x 1 scott users    5721 Jan 16 17:39 describe.txt
-rw-rw-r-- 1 scott users     929 Jan 17 00:34 error
-rw-rw-r-- 1 scott users       0 Jan 17 00:34 files.out
-rw-rw-r-- 1 scott users      41 Nov 24 14:27 meta.ini
drwxr-xr-x 2 scott users    4096 Jan 16 11:24 orig
drwxrwxr-x 2 scott users    4096 Jan 17 00:34 tmp
