total 28416
drwx--x--x  4 scott users    4096 Jan 17 19:17 .
drwx--x--x 20 scott users    4096 Jan 17 18:56 ..
-rw-rw-r--  1 scott users 1521849 Jan 17 19:16 003.000.jpg
-rw-rw-r--  1 scott users 1303751 Jan 17 19:16 003.001.jpg
-rw-rw-r--  1 scott users 1398733 Jan 17 19:16 003.002.jpg
-rw-rw-r--  1 scott users 1538088 Jan 17 19:16 003.003.jpg
-rw-rw-r--  1 scott users 1236286 Jan 17 19:16 003.004.jpg
-rw-rw-r--  1 scott users 1829033 Jan 17 19:16 003.005.jpg
-rw-rw-r--  1 scott users 2832333 Jan 17 19:17 006.000.jpg
-rw-rw-r--  1 scott users 2939874 Jan 17 19:17 006.001.jpg
-rw-rw-r--  1 scott users 3086982 Jan 17 19:17 006.002.jpg
-rw-rw-r--  1 scott users 4232790 Jan 17 19:17 009.000.jpg
-rw-rw-r--  1 scott users 4623956 Jan 17 19:17 009.001.jpg
-rw-rw-r--  1 scott users 2504025 Jan 17 19:17 018.000.jpg
-rw-rw-r--  1 scott users     320 Jan 17 19:17 aspects.out
-rw-rw-r--  1 scott users     929 Jan 17 19:17 error
-rw-rw-r--  1 scott users       0 Jan 17 19:17 files.out
-rw-rw-r--  1 scott users      33 Dec 26 22:23 meta.ini
drwxrwxr-x  2 scott users    4096 Jan 17 19:16 orig
drwxrwxr-x  2 scott users    4096 Jan 17 19:17 tmp
