total 29668
drwx--x--x  4 scott users    4096 Jan 19 19:27 .
drwx--x--x 10 scott users    4096 Jan 19 19:24 ..
-rw-rw-r--  1 scott users 1392266 Jan 19 19:27 003.000.jpg
-rw-rw-r--  1 scott users 1836313 Jan 19 19:27 003.001.jpg
-rw-rw-r--  1 scott users 1549288 Jan 19 19:27 003.002.jpg
-rw-rw-r--  1 scott users 1042564 Jan 19 19:27 003.003.jpg
-rw-rw-r--  1 scott users 2263565 Jan 19 19:27 003.004.jpg
-rw-rw-r--  1 scott users 1367373 Jan 19 19:27 003.005.jpg
-rw-rw-r--  1 scott users 3229311 Jan 19 19:27 006.000.jpg
-rw-rw-r--  1 scott users 2600524 Jan 19 19:27 006.001.jpg
-rw-rw-r--  1 scott users 3640088 Jan 19 19:27 006.002.jpg
-rw-rw-r--  1 scott users 4781385 Jan 19 19:27 009.000.jpg
-rw-rw-r--  1 scott users 4687993 Jan 19 19:27 009.001.jpg
-rw-rw-r--  1 scott users 1938616 Jan 19 19:27 018.000.jpg
-rw-rw-r--  1 scott users     350 Jan 19 19:27 aspects.out
-rw-rw-r--  1 scott users     929 Jan 19 19:27 error
-rw-rw-r--  1 scott users       0 Jan 19 19:27 files.out
-rw-rw-r--  1 scott users      42 Dec 27 10:00 meta.ini
drwxrwxr-x  4 scott users    4096 Jan 19 19:21 orig
drwxrwxr-x  2 scott users    4096 Jan 19 19:27 tmp
