024.000.jpg 15936 280 56.9143
024.001.jpg 15936 280 56.9143
024.002.jpg 15936 280 56.9143
072.000.jpg 15840 180 88
006.000.jpg 15360 1080 14.2222
006.001.jpg 15360 1080 14.2222
006.002.jpg 15360 1080 14.2222
006.003.jpg 15360 1080 14.2222
006.004.jpg 15360 1080 14.2222
006.005.jpg 15360 1080 14.2222
006.006.jpg 15360 1080 14.2222
006.007.jpg 15360 1080 14.2222
006.008.jpg 15360 1080 14.2222
006.009.jpg 15360 1080 14.2222
006.010.jpg 15360 1080 14.2222
006.011.jpg 15360 1080 14.2222
036.000.jpg 15120 280 54
036.001.jpg 15120 280 54
024.480.jpg 11520 280 41.1429
004.000.jpg 10240 1080 9.48148
004.001.jpg 10240 1080 9.48148
004.002.jpg 10240 1080 9.48148
004.003.jpg 10240 1080 9.48148
004.004.jpg 10240 1080 9.48148
004.005.jpg 10240 1080 9.48148
004.006.jpg 10240 1080 9.48148
004.007.jpg 10240 1080 9.48148
004.008.jpg 10240 1080 9.48148
004.009.jpg 10240 1080 9.48148
004.010.jpg 10240 1080 9.48148
004.011.jpg 10240 1080 9.48148
004.012.jpg 10240 1080 9.48148
004.013.jpg 10240 1080 9.48148
004.014.jpg 10240 1080 9.48148
004.015.jpg 10240 1080 9.48148
004.016.jpg 10240 1080 9.48148
004.017.jpg 10240 1080 9.48148
018.000.jpg 8820 280 31.5
018.001.jpg 8820 280 31.5
018.002.jpg 8820 280 31.5
018.003.jpg 8820 280 31.5
003.000.jpg 7680 1080 7.11111
003.001.jpg 7680 1080 7.11111
003.002.jpg 7680 1080 7.11111
003.003.jpg 7680 1080 7.11111
003.004.jpg 7680 1080 7.11111
003.005.jpg 7680 1080 7.11111
003.006.jpg 7680 1080 7.11111
003.007.jpg 7680 1080 7.11111
003.008.jpg 7680 1080 7.11111
003.009.jpg 7680 1080 7.11111
003.010.jpg 7680 1080 7.11111
003.011.jpg 7680 1080 7.11111
003.012.jpg 7680 1080 7.11111
003.013.jpg 7680 1080 7.11111
003.014.jpg 7680 1080 7.11111
003.015.jpg 7680 1080 7.11111
003.016.jpg 7680 1080 7.11111
003.017.jpg 7680 1080 7.11111
003.018.jpg 7680 1080 7.11111
003.019.jpg 7680 1080 7.11111
003.020.jpg 7680 1080 7.11111
003.021.jpg 7680 1080 7.11111
003.022.jpg 7680 1080 7.11111
003.023.jpg 7680 1080 7.11111
