total 91648
drwxr-xr-x 4 scott users    4096 Jan 22 17:17 .
drwxrwxr-x 8 scott users    4096 Jan 22 16:50 ..
-rw-rw-r-- 1 scott users 2550557 Jan 22 17:15 004.000.jpg
-rw-rw-r-- 1 scott users 1974301 Jan 22 17:15 004.001.jpg
-rw-rw-r-- 1 scott users 3332162 Jan 22 17:15 004.002.jpg
-rw-rw-r-- 1 scott users 1695206 Jan 22 17:15 004.003.jpg
-rw-rw-r-- 1 scott users 2433708 Jan 22 17:15 004.004.jpg
-rw-rw-r-- 1 scott users 4132385 Jan 22 17:15 004.005.jpg
-rw-rw-r-- 1 scott users 3249250 Jan 22 17:15 004.006.jpg
-rw-rw-r-- 1 scott users 2545071 Jan 22 17:15 004.007.jpg
-rw-rw-r-- 1 scott users 3541946 Jan 22 17:15 004.008.jpg
-rw-rw-r-- 1 scott users 3629493 Jan 22 17:16 006.000.jpg
-rw-rw-r-- 1 scott users 4242278 Jan 22 17:16 006.001.jpg
-rw-rw-r-- 1 scott users 3000839 Jan 22 17:16 006.002.jpg
-rw-rw-r-- 1 scott users 5280360 Jan 22 17:16 006.003.jpg
-rw-rw-r-- 1 scott users 4650637 Jan 22 17:16 006.004.jpg
-rw-rw-r-- 1 scott users 4688337 Jan 22 17:16 006.005.jpg
-rw-rw-r-- 1 scott users 5253365 Jan 22 17:16 009.000.jpg
-rw-rw-r-- 1 scott users 5644653 Jan 22 17:16 009.001.jpg
-rw-rw-r-- 1 scott users 8037256 Jan 22 17:16 009.002.jpg
-rw-rw-r-- 1 scott users 6584844 Jan 22 17:16 009.003.jpg
-rw-rw-r-- 1 scott users 2417448 Jan 22 17:17 012.000.jpg
-rw-rw-r-- 1 scott users 2526496 Jan 22 17:17 012.001.jpg
-rw-rw-r-- 1 scott users 2845541 Jan 22 17:17 012.002.jpg
-rw-rw-r-- 1 scott users 2060787 Jan 22 17:17 018.000.jpg
-rw-rw-r-- 1 scott users 2688685 Jan 22 17:17 018.001.jpg
-rw-rw-r-- 1 scott users 4750009 Jan 22 17:17 036.000.jpg
-rw-rw-r-- 1 scott users    1949 Jan 22 16:43 aspect.out
-rw-rw-r-- 1 scott users     769 Jan 22 17:17 aspects.out
-rw-rw-r-- 1 scott users     929 Jan 22 17:17 error
-rw-rw-r-- 1 scott users       0 Jan 22 17:17 files.out
-rw-rw-r-- 1 scott users      38 Jan 22 16:43 meta.ini
drwxr-xr-x 3 scott users    4096 Jan 22 16:44 orig
-rw-rw-r-- 1 scott users    3690 Jan 22 16:43 out
drwxrwxr-x 2 scott users    4096 Jan 22 17:16 tmp
