009.000.jpg 17280 1080 16
009.001.jpg 17280 1080 16
009.002.jpg 17280 1080 16
009.003.jpg 17280 1080 16
006.000.jpg 11520 1080 10.6667
006.001.jpg 11520 1080 10.6667
006.002.jpg 11520 1080 10.6667
006.003.jpg 11520 1080 10.6667
006.004.jpg 11520 1080 10.6667
006.005.jpg 11520 1080 10.6667
012.000.jpg 11520 1080 10.6667
012.001.jpg 11520 1080 10.6667
012.002.jpg 11520 1080 10.6667
012.003.jpg 11520 1080 10.6667
012.004.jpg 11520 1080 10.6667
012.005.jpg 11520 1080 10.6667
018.000.jpg 11520 1080 10.6667
018.001.jpg 11520 1080 10.6667
018.002.jpg 11520 1080 10.6667
018.003.jpg 11520 1080 10.6667
018.004.jpg 11520 1080 10.6667
018.005.jpg 11520 1080 10.6667
004.000.jpg 7680 1080 7.11111
004.001.jpg 7680 1080 7.11111
004.002.jpg 7680 1080 7.11111
004.003.jpg 7680 1080 7.11111
004.004.jpg 7680 1080 7.11111
004.005.jpg 7680 1080 7.11111
004.006.jpg 7680 1080 7.11111
004.007.jpg 7680 1080 7.11111
004.008.jpg 7680 1080 7.11111
008.000.jpg 7680 1080 7.11111
008.001.jpg 7680 1080 7.11111
008.002.jpg 7680 1080 7.11111
008.003.jpg 7680 1080 7.11111
008.004.jpg 7680 1080 7.11111
008.005.jpg 7680 1080 7.11111
008.006.jpg 7680 1080 7.11111
008.007.jpg 7680 1080 7.11111
008.008.jpg 7680 1080 7.11111
420.240.gif[10] 420 240 1.75
420.240.gif[11] 420 240 1.75
420.240.gif[12] 420 240 1.75
420.240.gif[13] 420 240 1.75
420.240.gif[14] 420 240 1.75
420.240.gif[15] 420 240 1.75
420.240.gif[16] 420 240 1.75
420.240.gif[17] 420 240 1.75
420.240.gif 420 240 1.75
420.240.gif 420 240 1.75
420.240.gif 420 240 1.75
420.240.gif 420 240 1.75
420.240.gif 420 240 1.75
420.240.gif 420 240 1.75
420.240.gif 420 240 1.75
420.240.gif 420 240 1.75
420.240.gif 420 240 1.75
420.240.gif 420 240 1.75
240.240.gif[10] 240 240 1
240.240.gif[11] 240 240 1
240.240.gif[12] 240 240 1
240.240.gif[13] 240 240 1
240.240.gif[14] 240 240 1
240.240.gif[15] 240 240 1
240.240.gif[16] 240 240 1
240.240.gif[17] 240 240 1
240.240.gif 240 240 1
240.240.gif 240 240 1
240.240.gif 240 240 1
240.240.gif 240 240 1
240.240.gif 240 240 1
240.240.gif 240 240 1
240.240.gif 240 240 1
240.240.gif 240 240 1
240.240.gif 240 240 1
240.240.gif 240 240 1
