total 52300
drwx--x--x  4 scott users    4096 Jan 18 20:18 .
drwxrwx--x 17 scott users    4096 Jan 18 19:11 ..
-rw-rw-r--  1 scott users 1856207 Jan 18 20:17 004.000.jpg
-rw-rw-r--  1 scott users 1720428 Jan 18 20:17 004.001.jpg
-rw-rw-r--  1 scott users 1398628 Jan 18 20:17 004.002.jpg
-rw-rw-r--  1 scott users 1758363 Jan 18 20:17 004.003.jpg
-rw-rw-r--  1 scott users 1454473 Jan 18 20:17 004.004.jpg
-rw-rw-r--  1 scott users 1742780 Jan 18 20:17 004.005.jpg
-rw-rw-r--  1 scott users 1501522 Jan 18 20:17 004.006.jpg
-rw-rw-r--  1 scott users 1519058 Jan 18 20:17 004.007.jpg
-rw-rw-r--  1 scott users 1417382 Jan 18 20:17 004.008.jpg
-rw-rw-r--  1 scott users 2745295 Jan 18 20:17 006.000.jpg
-rw-rw-r--  1 scott users 2235049 Jan 18 20:17 006.001.jpg
-rw-rw-r--  1 scott users 2572651 Jan 18 20:17 006.002.jpg
-rw-rw-r--  1 scott users 2386138 Jan 18 20:17 006.003.jpg
-rw-rw-r--  1 scott users 2179444 Jan 18 20:17 006.004.jpg
-rw-rw-r--  1 scott users 2259135 Jan 18 20:17 006.005.jpg
-rw-rw-r--  1 scott users 3983602 Jan 18 20:17 009.000.jpg
-rw-rw-r--  1 scott users 3569113 Jan 18 20:17 009.001.jpg
-rw-rw-r--  1 scott users 3381495 Jan 18 20:17 009.002.jpg
-rw-rw-r--  1 scott users 3443711 Jan 18 20:17 009.003.jpg
-rw-rw-r--  1 scott users 1590410 Jan 18 20:17 012.000.jpg
-rw-rw-r--  1 scott users 1569194 Jan 18 20:17 012.001.jpg
-rw-rw-r--  1 scott users 1464969 Jan 18 20:17 012.002.jpg
-rw-rw-r--  1 scott users 1477621 Jan 18 20:18 018.000.jpg
-rw-rw-r--  1 scott users 1381340 Jan 18 20:18 018.001.jpg
-rw-rw-r--  1 scott users 2857864 Jan 18 20:18 036.000.jpg
-rw-rw-r--  1 scott users     725 Jan 18 20:18 aspects.out
-rw-rw-r--  1 scott users     929 Jan 18 20:18 error
-rw-rw-r--  1 scott users       0 Jan 18 20:18 files.out
-rw-rw-r--  1 scott users      32 Nov 24 00:09 meta.ini
drwxrwxr-x  2 scott users    4096 Jan 18 20:16 orig
drwxrwxr-x  2 scott users    4096 Jan 18 20:17 tmp
