total 132944
drwx--x--x 4 scott users     4096 Jan 19 20:41 .
drwxrwx--x 9 scott users     4096 Jan 19 20:29 ..
-rw-rw-r-- 1 scott users  4108630 Jan 19 20:39 003.000.jpg
-rw-rw-r-- 1 scott users  4028126 Jan 19 20:39 003.001.jpg
-rw-rw-r-- 1 scott users  3988818 Jan 19 20:39 003.002.jpg
-rw-rw-r-- 1 scott users  2464683 Jan 19 20:39 003.003.jpg
-rw-rw-r-- 1 scott users  3711913 Jan 19 20:39 003.004.jpg
-rw-rw-r-- 1 scott users  5150143 Jan 19 20:39 003.005.jpg
-rw-rw-r-- 1 scott users  3562469 Jan 19 20:39 003.006.jpg
-rw-rw-r-- 1 scott users  4114502 Jan 19 20:39 003.007.jpg
-rw-rw-r-- 1 scott users  5218327 Jan 19 20:39 004.000.jpg
-rw-rw-r-- 1 scott users  5900370 Jan 19 20:39 004.001.jpg
-rw-rw-r-- 1 scott users  3459506 Jan 19 20:39 004.002.jpg
-rw-rw-r-- 1 scott users  5294766 Jan 19 20:39 004.003.jpg
-rw-rw-r-- 1 scott users  5476719 Jan 19 20:39 004.004.jpg
-rw-rw-r-- 1 scott users  5779313 Jan 19 20:39 004.005.jpg
-rw-rw-r-- 1 scott users  8136237 Jan 19 20:39 006.000.jpg
-rw-rw-r-- 1 scott users  6464994 Jan 19 20:39 006.001.jpg
-rw-rw-r-- 1 scott users  8888302 Jan 19 20:40 006.002.jpg
-rw-rw-r-- 1 scott users  7681037 Jan 19 20:40 006.003.jpg
-rw-rw-r-- 1 scott users 11144193 Jan 19 20:40 008.000.jpg
-rw-rw-r-- 1 scott users  8781868 Jan 19 20:40 008.001.jpg
-rw-rw-r-- 1 scott users 11276425 Jan 19 20:40 008.002.jpg
-rw-rw-r-- 1 scott users  1708174 Jan 19 20:41 012.000.jpg
-rw-rw-r-- 1 scott users  1867080 Jan 19 20:41 012.001.jpg
-rw-rw-r-- 1 scott users  4269985 Jan 19 20:41 012.002.jpg
-rw-rw-r-- 1 scott users  3575259 Jan 19 20:41 024.000.jpg
-rw-rw-r-- 1 scott users      671 Jan 19 20:41 aspects.out
-rw-rw-r-- 1 scott users      929 Jan 19 20:41 error
-rw-rw-r-- 1 scott users        0 Jan 19 20:41 files.out
-rw-rw-r-- 1 scott users       44 Nov 24 00:29 meta.ini
drwxrwxr-x 2 scott users     4096 Jan 19 20:18 orig
drwxrwxr-x 2 scott users     4096 Jan 19 20:41 tmp
