total 250756
drwxr-xr-x  4 scott users    4096 Jan 17 15:11 .
drwxrwxr-x 27 scott users    4096 Jan 16 21:35 ..
-rw-rw-r--  1 scott users 1882186 Jan 17 13:15 004.000.jpg
-rw-rw-r--  1 scott users 2388801 Jan 17 13:15 004.001.jpg
-rw-rw-r--  1 scott users 2302173 Jan 17 13:15 004.002.jpg
-rw-rw-r--  1 scott users 3087700 Jan 17 13:15 004.003.jpg
-rw-rw-r--  1 scott users 3380054 Jan 17 13:15 004.004.jpg
-rw-rw-r--  1 scott users 3219165 Jan 17 13:15 004.005.jpg
-rw-rw-r--  1 scott users 3407205 Jan 17 13:15 004.006.jpg
-rw-rw-r--  1 scott users 3705381 Jan 17 13:15 004.007.jpg
-rw-rw-r--  1 scott users 3584546 Jan 17 13:15 004.008.jpg
-rw-rw-r--  1 scott users 3843164 Jan 17 13:15 004.009.jpg
-rw-rw-r--  1 scott users 4120371 Jan 17 13:15 004.010.jpg
-rw-rw-r--  1 scott users 3541546 Jan 17 13:15 004.011.jpg
-rw-rw-r--  1 scott users 3968853 Jan 17 13:15 004.012.jpg
-rw-rw-r--  1 scott users 1528639 Jan 17 13:15 004.013.jpg
-rw-rw-r--  1 scott users 1607780 Jan 17 13:15 004.014.jpg
-rw-rw-r--  1 scott users 1464615 Jan 17 13:15 004.015.jpg
-rw-rw-r--  1 scott users 1645436 Jan 17 13:15 004.016.jpg
-rw-rw-r--  1 scott users 1750434 Jan 17 13:15 004.017.jpg
-rw-rw-r--  1 scott users 3099999 Jan 17 13:15 006.000.jpg
-rw-rw-r--  1 scott users 3486591 Jan 17 13:15 006.001.jpg
-rw-rw-r--  1 scott users 4717464 Jan 17 13:15 006.002.jpg
-rw-rw-r--  1 scott users 4970182 Jan 17 13:15 006.003.jpg
-rw-rw-r--  1 scott users 5217986 Jan 17 13:15 006.004.jpg
-rw-rw-r--  1 scott users 5481534 Jan 17 13:15 006.005.jpg
-rw-rw-r--  1 scott users 5911964 Jan 17 13:15 006.006.jpg
-rw-rw-r--  1 scott users 5600991 Jan 17 13:15 006.007.jpg
-rw-rw-r--  1 scott users 4754629 Jan 17 13:15 006.008.jpg
-rw-rw-r--  1 scott users 2360371 Jan 17 13:15 006.009.jpg
-rw-rw-r--  1 scott users 2258448 Jan 17 13:16 006.010.jpg
-rw-rw-r--  1 scott users 2606993 Jan 17 13:16 006.011.jpg
-rw-rw-r--  1 scott users 4278146 Jan 17 13:16 008.000.jpg
-rw-rw-r--  1 scott users 5402792 Jan 17 13:16 008.001.jpg
-rw-rw-r--  1 scott users 6600009 Jan 17 13:16 008.002.jpg
-rw-rw-r--  1 scott users 7114935 Jan 17 13:16 008.003.jpg
-rw-rw-r--  1 scott users 7430665 Jan 17 13:16 008.004.jpg
-rw-rw-r--  1 scott users 7668825 Jan 17 13:16 008.005.jpg
-rw-rw-r--  1 scott users 5528575 Jan 17 13:16 008.006.jpg
-rw-rw-r--  1 scott users 3078860 Jan 17 13:16 008.007.jpg
-rw-rw-r--  1 scott users 3410029 Jan 17 13:16 008.008.jpg
-rw-rw-r--  1 scott users 4785862 Jan 17 13:16 009.000.jpg
-rw-rw-r--  1 scott users 6539239 Jan 17 13:16 009.001.jpg
-rw-rw-r--  1 scott users 7542333 Jan 17 13:16 009.002.jpg
-rw-rw-r--  1 scott users 8137373 Jan 17 13:16 009.003.jpg
-rw-rw-r--  1 scott users 8378723 Jan 17 13:16 009.004.jpg
-rw-rw-r--  1 scott users 7911792 Jan 17 13:16 009.005.jpg
-rw-rw-r--  1 scott users 3600184 Jan 17 13:16 009.006.jpg
-rw-rw-r--  1 scott users 3643966 Jan 17 13:16 009.007.jpg
-rw-rw-r--  1 scott users 1387577 Jan 17 13:17 012.000.jpg
-rw-rw-r--  1 scott users 2283541 Jan 17 13:17 012.001.jpg
-rw-rw-r--  1 scott users 2566213 Jan 17 13:17 012.002.jpg
-rw-rw-r--  1 scott users 2929703 Jan 17 13:17 012.003.jpg
-rw-rw-r--  1 scott users 1633674 Jan 17 13:17 012.004.jpg
-rw-rw-r--  1 scott users 1077758 Jan 17 13:17 012.005.jpg
-rw-rw-r--  1 scott users 2117320 Jan 17 13:17 016.000.jpg
-rw-rw-r--  1 scott users 3287284 Jan 17 13:17 016.001.jpg
-rw-rw-r--  1 scott users 3769237 Jan 17 13:17 016.002.jpg
-rw-rw-r--  1 scott users 1975698 Jan 17 13:17 016.003.jpg
-rw-rw-r--  1 scott users 1501369 Jan 17 13:18 018.000.jpg
-rw-rw-r--  1 scott users 2261700 Jan 17 13:18 018.001.jpg
-rw-rw-r--  1 scott users 2420500 Jan 17 13:18 018.002.jpg
-rw-rw-r--  1 scott users  993609 Jan 17 13:18 018.003.jpg
-rw-rw-r--  1 scott users 3681589 Jan 17 13:17 024.000.jpg
-rw-rw-r--  1 scott users 5497750 Jan 17 13:17 024.001.jpg
-rw-rw-r--  1 scott users 2717380 Jan 17 13:17 024.002.jpg
-rw-rw-r--  1 scott users 1624367 Jan 17 13:19 024.003.000.jpg
-rw-rw-r--  1 scott users 3765444 Jan 17 13:18 036.000.jpg
-rw-rw-r--  1 scott users 3427228 Jan 17 13:18 036.001.jpg
-rw-rw-r--  1 scott users  963432 Jan 17 13:18 036.002.000.jpg
-rw-rw-r--  1 scott users 2764500 Jan 17 15:11 072.000.jpg
-rw-rw-r--  1 scott users    2032 Jan 17 15:11 aspects.out
-rwxrwxr-x  1 scott users    5720 Jan 17 13:19 describe.txt
-rw-rw-r--  1 scott users     929 Jan 17 15:11 error
-rw-rw-r--  1 scott users       0 Jan 17 15:11 files.out
-rw-rw-r--  1 scott users      40 Nov 24 14:42 meta.ini
drwxr-xr-x  3 scott users    4096 Nov  6 14:01 orig
-rw-rw-r--  1 scott users      22 Nov 13 16:28 title
drwxrwxr-x  2 scott users    4096 Jan 17 15:10 tmp
