total 79532
drwxr-xr-x 4 scott users    4096 Jan 22 17:27 .
drwxrwxr-x 8 scott users    4096 Jan 22 16:50 ..
-rw-rw-r-- 1 scott users 2544688 Jan 22 17:25 004.000.jpg
-rw-rw-r-- 1 scott users 2572348 Jan 22 17:25 004.001.jpg
-rw-rw-r-- 1 scott users 2684817 Jan 22 17:25 004.002.jpg
-rw-rw-r-- 1 scott users 2488288 Jan 22 17:25 004.003.jpg
-rw-rw-r-- 1 scott users 2607981 Jan 22 17:25 004.004.jpg
-rw-rw-r-- 1 scott users 2466018 Jan 22 17:25 004.005.jpg
-rw-rw-r-- 1 scott users 2486392 Jan 22 17:25 004.006.jpg
-rw-rw-r-- 1 scott users 2469536 Jan 22 17:25 004.007.jpg
-rw-rw-r-- 1 scott users 1770943 Jan 22 17:25 004.008.jpg
-rw-rw-r-- 1 scott users 4058448 Jan 22 17:25 006.000.jpg
-rw-rw-r-- 1 scott users 3739495 Jan 22 17:25 006.001.jpg
-rw-rw-r-- 1 scott users 3775308 Jan 22 17:25 006.002.jpg
-rw-rw-r-- 1 scott users 3789740 Jan 22 17:25 006.003.jpg
-rw-rw-r-- 1 scott users 3458454 Jan 22 17:25 006.004.jpg
-rw-rw-r-- 1 scott users 3292228 Jan 22 17:25 006.005.jpg
-rw-rw-r-- 1 scott users 5535854 Jan 22 17:25 009.000.jpg
-rw-rw-r-- 1 scott users 6052651 Jan 22 17:25 009.001.jpg
-rw-rw-r-- 1 scott users 5576270 Jan 22 17:25 009.002.jpg
-rw-rw-r-- 1 scott users 4964088 Jan 22 17:25 009.003.jpg
-rw-rw-r-- 1 scott users 2211702 Jan 22 17:26 012.000.jpg
-rw-rw-r-- 1 scott users 2240347 Jan 22 17:26 012.001.jpg
-rw-rw-r-- 1 scott users 1988593 Jan 22 17:26 012.002.jpg
-rw-rw-r-- 1 scott users 2078794 Jan 22 17:26 018.000.jpg
-rw-rw-r-- 1 scott users 1836549 Jan 22 17:26 018.001.jpg
-rw-rw-r-- 1 scott users  737344 Jan 22 17:26 018.002.000.jpg
-rw-rw-r-- 1 scott users 3916062 Jan 22 17:27 036.000.jpg
-rw-rw-r-- 1 scott users     802 Jan 22 17:27 aspects.out
-rw-rw-r-- 1 scott users     929 Jan 22 17:27 error
-rw-rw-r-- 1 scott users       0 Jan 22 17:27 files.out
-rw-rw-r-- 1 scott users      39 Nov 24 15:01 meta.ini
drwxr-xr-x 3 scott users    4096 Jan 22 17:24 orig
-rw-rw-r-- 1 scott users   14091 Nov 16 23:13 out
drwxrwxr-x 2 scott users    4096 Jan 22 17:26 tmp
