total 25544
drwx--x--x  4 scott users    4096 Jan 19 19:27 .
drwx--x--x 10 scott users    4096 Jan 19 19:24 ..
-rw-rw-r--  1 scott users 1431477 Jan 19 19:27 003.000.jpg
-rw-rw-r--  1 scott users 1695804 Jan 19 19:27 003.001.jpg
-rw-rw-r--  1 scott users 1258119 Jan 19 19:27 003.002.jpg
-rw-rw-r--  1 scott users 1172130 Jan 19 19:27 003.003.jpg
-rw-rw-r--  1 scott users 1035549 Jan 19 19:27 003.004.jpg
-rw-rw-r--  1 scott users 1324112 Jan 19 19:27 003.005.jpg
-rw-rw-r--  1 scott users 3129123 Jan 19 19:27 006.000.jpg
-rw-rw-r--  1 scott users 2430581 Jan 19 19:27 006.001.jpg
-rw-rw-r--  1 scott users 2397878 Jan 19 19:27 006.002.jpg
-rw-rw-r--  1 scott users 4437674 Jan 19 19:27 009.000.jpg
-rw-rw-r--  1 scott users 3602278 Jan 19 19:27 009.001.jpg
-rw-rw-r--  1 scott users 2185345 Jan 19 19:27 018.000.jpg
-rw-rw-r--  1 scott users     320 Jan 19 19:27 aspects.out
-rw-rw-r--  1 scott users     929 Jan 19 19:27 error
-rw-rw-r--  1 scott users       0 Jan 19 19:27 files.out
-rw-rw-r--  1 scott users      42 Dec 27 09:24 meta.ini
drwxrwxr-x  3 scott users    4096 Jan 19 19:21 orig
drwxrwxr-x  2 scott users    4096 Jan 19 19:27 tmp
