total 116856
drwxr-xr-x 4 scott users    4096 Jan 31 09:28 .
drwxrwxr-x 9 scott users    4096 Jan 27 00:42 ..
-rw-rw-r-- 1 scott users  826565 Jan 31 09:26 004.000.jpg
-rw-rw-r-- 1 scott users 1398352 Jan 31 09:26 004.001.jpg
-rw-rw-r-- 1 scott users 1089717 Jan 31 09:26 004.002.jpg
-rw-rw-r-- 1 scott users 1156344 Jan 31 09:26 004.003.jpg
-rw-rw-r-- 1 scott users 1191707 Jan 31 09:26 004.004.jpg
-rw-rw-r-- 1 scott users 1290037 Jan 31 09:26 004.005.jpg
-rw-rw-r-- 1 scott users 1095212 Jan 31 09:27 004.006.jpg
-rw-rw-r-- 1 scott users  966045 Jan 31 09:27 004.007.jpg
-rw-rw-r-- 1 scott users 1433668 Jan 31 09:27 004.008.jpg
-rw-rw-r-- 1 scott users 1041088 Jan 31 09:27 004.009.jpg
-rw-rw-r-- 1 scott users 1392221 Jan 31 09:27 004.010.jpg
-rw-rw-r-- 1 scott users 1522428 Jan 31 09:27 004.011.jpg
-rw-rw-r-- 1 scott users 1528683 Jan 31 09:27 004.012.jpg
-rw-rw-r-- 1 scott users  816568 Jan 31 09:27 004.013.jpg
-rw-rw-r-- 1 scott users 1474019 Jan 31 09:27 004.014.jpg
-rw-rw-r-- 1 scott users 1282546 Jan 31 09:27 004.015.jpg
-rw-rw-r-- 1 scott users  992568 Jan 31 09:27 004.016.jpg
-rw-rw-r-- 1 scott users 1152721 Jan 31 09:27 004.017.jpg
-rw-rw-r-- 1 scott users 1509734 Jan 31 09:27 006.000.jpg
-rw-rw-r-- 1 scott users 1828624 Jan 31 09:27 006.001.jpg
-rw-rw-r-- 1 scott users 1551899 Jan 31 09:27 006.002.jpg
-rw-rw-r-- 1 scott users 2081972 Jan 31 09:27 006.003.jpg
-rw-rw-r-- 1 scott users 1562347 Jan 31 09:27 006.004.jpg
-rw-rw-r-- 1 scott users 1942551 Jan 31 09:27 006.005.jpg
-rw-rw-r-- 1 scott users 1745930 Jan 31 09:27 006.006.jpg
-rw-rw-r-- 1 scott users 2214517 Jan 31 09:27 006.007.jpg
-rw-rw-r-- 1 scott users 1897798 Jan 31 09:27 006.008.jpg
-rw-rw-r-- 1 scott users 1954521 Jan 31 09:27 006.009.jpg
-rw-rw-r-- 1 scott users 1837727 Jan 31 09:27 006.010.jpg
-rw-rw-r-- 1 scott users 1601584 Jan 31 09:27 006.011.jpg
-rw-rw-r-- 1 scott users 2250271 Jan 31 09:27 008.000.jpg
-rw-rw-r-- 1 scott users 2245421 Jan 31 09:27 008.001.jpg
-rw-rw-r-- 1 scott users 2487600 Jan 31 09:27 008.002.jpg
-rw-rw-r-- 1 scott users 2060829 Jan 31 09:27 008.003.jpg
-rw-rw-r-- 1 scott users 2486661 Jan 31 09:27 008.004.jpg
-rw-rw-r-- 1 scott users 2914433 Jan 31 09:27 008.005.jpg
-rw-rw-r-- 1 scott users 2359664 Jan 31 09:27 008.006.jpg
-rw-rw-r-- 1 scott users 2766726 Jan 31 09:27 008.007.jpg
-rw-rw-r-- 1 scott users 2161765 Jan 31 09:27 008.008.jpg
-rw-rw-r-- 1 scott users 2640209 Jan 31 09:27 009.000.jpg
-rw-rw-r-- 1 scott users 2251704 Jan 31 09:27 009.001.jpg
-rw-rw-r-- 1 scott users 2933754 Jan 31 09:27 009.002.jpg
-rw-rw-r-- 1 scott users 2660227 Jan 31 09:27 009.003.jpg
-rw-rw-r-- 1 scott users 2766136 Jan 31 09:27 009.004.jpg
-rw-rw-r-- 1 scott users 3106568 Jan 31 09:27 009.005.jpg
-rw-rw-r-- 1 scott users 2971379 Jan 31 09:27 009.006.jpg
-rw-rw-r-- 1 scott users 2441815 Jan 31 09:27 009.007.jpg
-rw-rw-r-- 1 scott users 1052622 Jan 31 09:28 012.000.jpg
-rw-rw-r-- 1 scott users 1093336 Jan 31 09:28 012.001.jpg
-rw-rw-r-- 1 scott users 1077751 Jan 31 09:28 012.002.jpg
-rw-rw-r-- 1 scott users 1205024 Jan 31 09:28 012.003.jpg
-rw-rw-r-- 1 scott users 1175040 Jan 31 09:28 012.004.jpg
-rw-rw-r-- 1 scott users 1043296 Jan 31 09:28 012.005.jpg
-rw-rw-r-- 1 scott users 1408535 Jan 31 09:28 016.000.jpg
-rw-rw-r-- 1 scott users 1359741 Jan 31 09:28 016.001.jpg
-rw-rw-r-- 1 scott users 1659498 Jan 31 09:28 016.002.jpg
-rw-rw-r-- 1 scott users 1551054 Jan 31 09:28 016.003.jpg
-rw-rw-r-- 1 scott users  926999 Jan 31 09:29 018.000.jpg
-rw-rw-r-- 1 scott users 1036261 Jan 31 09:29 018.001.jpg
-rw-rw-r-- 1 scott users 1080248 Jan 31 09:29 018.002.jpg
-rw-rw-r-- 1 scott users  998533 Jan 31 09:29 018.003.jpg
-rw-rw-r-- 1 scott users 2147116 Jan 31 09:28 024.000.jpg
-rw-rw-r-- 1 scott users 2284845 Jan 31 09:28 024.001.jpg
-rw-rw-r-- 1 scott users 2218174 Jan 31 09:28 024.002.jpg
-rw-rw-r-- 1 scott users 1012391 Jan 31 09:29 024.003.000.jpg
-rw-rw-r-- 1 scott users 1963119 Jan 31 09:29 036.000.jpg
-rw-rw-r-- 1 scott users 2078460 Jan 31 09:29 036.001.jpg
-rw-rw-r-- 1 scott users  635520 Jan 31 09:29 036.002.000.jpg
-rw-rw-r-- 1 scott users 1654160 Jan 31 09:29 072.000.jpg
-rw-rw-r-- 1 scott users  838270 Jan 31 09:26 240.240.gif
-rw-rw-r-- 1 scott users 1076882 Jan 31 09:26 420.240.gif
-rw-rw-r-- 1 scott users    2860 Jan 31 09:29 aspects.out
-rw-rw-r-- 1 scott users    5570 Jan 17 10:18 describe.txt
-rw-rw-r-- 1 scott users    5318 Jan 31 01:11 div.out
-rw-rw-r-- 1 scott users     744 Jan 31 09:29 error
-rw-rw-r-- 1 scott users       0 Jan 31 09:29 files.out
-rw-rw-r-- 1 scott users      32 Nov 24 10:32 meta.ini
drwxr-xr-x 2 scott users    4096 Jan 17 09:57 orig
-rw-rw-r-- 1 scott users      22 Nov 13 16:49 title
drwxrwxr-x 2 scott users    4096 Jan 31 09:29 tmp
